Numbers: 500, pid: 9048 Space Used : 1000 Time Stamp : 1533540127371
Time(microseconds): 244.000000
Stats[(nil), 0]:         427006
Stats[(nil), 1]:         425574
Stats[(nil), 2]:              0
Stats[(nil), 3]:              0
Stats[(nil), 4]:              1
Stats[(nil), 5]:              1
Stats[(nil), 6]:              0
Stats[(nil), 7]:         465597
Stats[(nil), 8]:         438714
Stats[(nil), 9]:           -nan
Stats[(nil), 10]:            131
Stats[(nil), 11]:          64701
Stats[(nil), 12]:              0
Stats[(nil), 13]:              0
Stats[(nil), 14]:              0
Stats[(nil), 15]:              0
Stats[(nil), 16]:              0
Stats[(nil), 17]:              0
Stats[(nil), 18]:              0
Stats[(nil), 19]:              0
Stats[(nil), 20]:              0
Stats[(nil), 21]:              0
Stats[(nil), 22]:              0
Stats[(nil), 23]:              0
Stats[(nil), 24]:              0
Stats[(nil), 25]:              0
Stats[(nil), 26]:              0
Stats[(nil), 27]:              0
Stats[(nil), 28]:              0
Stats[(nil), 29]:              0
Stats[(nil), 30]:              0
Stats[(nil), 31]:    0.000988273
