Numbers: 1000, pid: 9060 Space Used : 2000 Time Stamp : 1533540127389
Time(microseconds): 409.000000
Stats[(nil), 0]:         574001
Stats[(nil), 1]:         572552
Stats[(nil), 2]:              0
Stats[(nil), 3]:              0
Stats[(nil), 4]:              1
Stats[(nil), 5]:              1
Stats[(nil), 6]:              0
Stats[(nil), 7]:           -nan
Stats[(nil), 8]:         900789
Stats[(nil), 9]:           1451
Stats[(nil), 10]:            139
Stats[(nil), 11]:         128164
Stats[(nil), 12]:              0
Stats[(nil), 13]:              0
Stats[(nil), 14]:              0
Stats[(nil), 15]:              0
Stats[(nil), 16]:              0
Stats[(nil), 17]:              0
Stats[(nil), 18]:              0
Stats[(nil), 19]:              0
Stats[(nil), 20]:              0
Stats[(nil), 21]:              0
Stats[(nil), 22]:              0
Stats[(nil), 23]:              0
Stats[(nil), 24]:              0
Stats[(nil), 25]:              0
Stats[(nil), 26]:              0
Stats[(nil), 27]:              0
Stats[(nil), 28]:              0
Stats[(nil), 29]:              0
Stats[(nil), 30]:              0
Stats[(nil), 31]:    0.001296689
