Numbers: 1500, pid: 9072 Space Used : 3000 Time Stamp : 1533540127408
Time(microseconds): 541.000000
Stats[(nil), 0]:         666172
Stats[(nil), 1]:         665026
Stats[(nil), 2]:              0
Stats[(nil), 3]:              0
Stats[(nil), 4]:              2
Stats[(nil), 5]:           -nan
Stats[(nil), 6]:              0
Stats[(nil), 7]:        1074790
Stats[(nil), 8]:        1390909
Stats[(nil), 9]:           1127
Stats[(nil), 10]:            165
Stats[(nil), 11]:         194580
Stats[(nil), 12]:              0
Stats[(nil), 13]:              0
Stats[(nil), 14]:              0
Stats[(nil), 15]:              0
Stats[(nil), 16]:              0
Stats[(nil), 17]:              0
Stats[(nil), 18]:              0
Stats[(nil), 19]:              0
Stats[(nil), 20]:              0
Stats[(nil), 21]:              0
Stats[(nil), 22]:              0
Stats[(nil), 23]:              0
Stats[(nil), 24]:              0
Stats[(nil), 25]:              0
Stats[(nil), 26]:              0
Stats[(nil), 27]:              0
Stats[(nil), 28]:              0
Stats[(nil), 29]:              0
Stats[(nil), 30]:              0
Stats[(nil), 31]:    0.001300144
