Numbers: 2000, pid: 9076 Space Used : 4000 Time Stamp : 1533540127416
Time(microseconds): 876.000000
Stats[(nil), 0]:        1024642
Stats[(nil), 1]:        1023570
Stats[(nil), 2]:              0
Stats[(nil), 3]:              0
Stats[(nil), 4]:              2
Stats[(nil), 5]:           -nan
Stats[(nil), 6]:              0
Stats[(nil), 7]:        1749478
Stats[(nil), 8]:        1880586
Stats[(nil), 9]:            566
Stats[(nil), 10]:             73
Stats[(nil), 11]:         260025
Stats[(nil), 12]:              0
Stats[(nil), 13]:              0
Stats[(nil), 14]:              0
Stats[(nil), 15]:              0
Stats[(nil), 16]:              0
Stats[(nil), 17]:              0
Stats[(nil), 18]:              0
Stats[(nil), 19]:              0
Stats[(nil), 20]:              0
Stats[(nil), 21]:              0
Stats[(nil), 22]:              0
Stats[(nil), 23]:              0
Stats[(nil), 24]:              0
Stats[(nil), 25]:              0
Stats[(nil), 26]:              0
Stats[(nil), 27]:              0
Stats[(nil), 28]:              0
Stats[(nil), 29]:              0
Stats[(nil), 30]:              0
Stats[(nil), 31]:    0.001893071
