Numbers: 2500, pid: 9086 Space Used : 5000 Time Stamp : 1533540127435
Time(microseconds): 903.000000
Stats[(nil), 0]:        1021359
Stats[(nil), 1]:        1021100
Stats[(nil), 2]:              0
Stats[(nil), 3]:           -nan
Stats[(nil), 4]:              3
Stats[(nil), 5]:              3
Stats[(nil), 6]:              0
Stats[(nil), 7]:        1792847
Stats[(nil), 8]:        2400017
Stats[(nil), 9]:           1580
Stats[(nil), 10]:            225
Stats[(nil), 11]:         329469
Stats[(nil), 12]:              0
Stats[(nil), 13]:              0
Stats[(nil), 14]:              0
Stats[(nil), 15]:              0
Stats[(nil), 16]:              0
Stats[(nil), 17]:              0
Stats[(nil), 18]:              0
Stats[(nil), 19]:              0
Stats[(nil), 20]:              0
Stats[(nil), 21]:              0
Stats[(nil), 22]:              0
Stats[(nil), 23]:              0
Stats[(nil), 24]:              0
Stats[(nil), 25]:              0
Stats[(nil), 26]:              0
Stats[(nil), 27]:              0
Stats[(nil), 28]:              0
Stats[(nil), 29]:              0
Stats[(nil), 30]:              0
Stats[(nil), 31]:    0.001753414
