Numbers: 2500, pid: 9088 Space Used : 5000 Time Stamp : 1533540127439
Time(microseconds): 870.000000
Stats[(nil), 0]:         999639
Stats[(nil), 1]:         998465
Stats[(nil), 2]:              0
Stats[(nil), 3]:           -nan
Stats[(nil), 4]:              3
Stats[(nil), 5]:              3
Stats[(nil), 6]:              0
Stats[(nil), 7]:        1739158
Stats[(nil), 8]:        2396372
Stats[(nil), 9]:            845
Stats[(nil), 10]:            178
Stats[(nil), 11]:         328827
Stats[(nil), 12]:              0
Stats[(nil), 13]:              0
Stats[(nil), 14]:              0
Stats[(nil), 15]:              0
Stats[(nil), 16]:              0
Stats[(nil), 17]:              0
Stats[(nil), 18]:              0
Stats[(nil), 19]:              0
Stats[(nil), 20]:              0
Stats[(nil), 21]:              0
Stats[(nil), 22]:              0
Stats[(nil), 23]:              0
Stats[(nil), 24]:              0
Stats[(nil), 25]:              0
Stats[(nil), 26]:              0
Stats[(nil), 27]:              0
Stats[(nil), 28]:              0
Stats[(nil), 29]:              0
Stats[(nil), 30]:              0
Stats[(nil), 31]:    0.001808474
