Numbers: 3000, pid: 9094 Space Used : 6000 Time Stamp : 1533540127452
Time(microseconds): 1337.000000
Stats[(nil), 0]:        1487608
Stats[(nil), 1]:        1486364
Stats[(nil), 2]:              0
Stats[(nil), 3]:           -nan
Stats[(nil), 4]:              3
Stats[(nil), 5]:              3
Stats[(nil), 6]:              0
Stats[(nil), 7]:        2128266
Stats[(nil), 8]:        2911083
Stats[(nil), 9]:           1083
Stats[(nil), 10]:            256
Stats[(nil), 11]:         396906
Stats[(nil), 12]:              0
Stats[(nil), 13]:              0
Stats[(nil), 14]:              0
Stats[(nil), 15]:              0
Stats[(nil), 16]:              0
Stats[(nil), 17]:              0
Stats[(nil), 18]:              0
Stats[(nil), 19]:              0
Stats[(nil), 20]:              0
Stats[(nil), 21]:              0
Stats[(nil), 22]:              0
Stats[(nil), 23]:              0
Stats[(nil), 24]:              0
Stats[(nil), 25]:              0
Stats[(nil), 26]:              0
Stats[(nil), 27]:              0
Stats[(nil), 28]:              0
Stats[(nil), 29]:              0
Stats[(nil), 30]:              0
Stats[(nil), 31]:    0.002486178
