Numbers: 3000, pid: 9098 Space Used : 6000 Time Stamp : 1533540127461
Time(microseconds): 1309.000000
Stats[(nil), 0]:        1427383
Stats[(nil), 1]:        1426288
Stats[(nil), 2]:              5
Stats[(nil), 3]:           -nan
Stats[(nil), 4]:              3
Stats[(nil), 5]:              3
Stats[(nil), 6]:              0
Stats[(nil), 7]:         820876
Stats[(nil), 8]:        2946939
Stats[(nil), 9]:           1655
Stats[(nil), 10]:            314
Stats[(nil), 11]:         404052
Stats[(nil), 12]:          15115
Stats[(nil), 13]:              0
Stats[(nil), 14]:              0
Stats[(nil), 15]:              0
Stats[(nil), 16]:              0
Stats[(nil), 17]:              0
Stats[(nil), 18]:              0
Stats[(nil), 19]:              0
Stats[(nil), 20]:              0
Stats[(nil), 21]:              0
Stats[(nil), 22]:              0
Stats[(nil), 23]:              0
Stats[(nil), 24]:              0
Stats[(nil), 25]:              0
Stats[(nil), 26]:              0
Stats[(nil), 27]:              0
Stats[(nil), 28]:              0
Stats[(nil), 29]:              0
Stats[(nil), 30]:              0
Stats[(nil), 31]:    0.002456226
