Numbers: 3000, pid: 9100 Space Used : 6000 Time Stamp : 1533540127466
Time(microseconds): 1242.000000
Stats[(nil), 0]:        1443363
Stats[(nil), 1]:        1442212
Stats[(nil), 2]:              1
Stats[(nil), 3]:           -nan
Stats[(nil), 4]:              3
Stats[(nil), 5]:              3
Stats[(nil), 6]:              0
Stats[(nil), 7]:          39063
Stats[(nil), 8]:        2930282
Stats[(nil), 9]:           1871
Stats[(nil), 10]:            299
Stats[(nil), 11]:         400519
Stats[(nil), 12]:          23666
Stats[(nil), 13]:              0
Stats[(nil), 14]:              0
Stats[(nil), 15]:              0
Stats[(nil), 16]:              0
Stats[(nil), 17]:              0
Stats[(nil), 18]:              0
Stats[(nil), 19]:              0
Stats[(nil), 20]:              0
Stats[(nil), 21]:              0
Stats[(nil), 22]:              0
Stats[(nil), 23]:              0
Stats[(nil), 24]:              0
Stats[(nil), 25]:              0
Stats[(nil), 26]:              0
Stats[(nil), 27]:              0
Stats[(nil), 28]:              0
Stats[(nil), 29]:              0
Stats[(nil), 30]:              0
Stats[(nil), 31]:    0.002478795
