Numbers: 3500, pid: 9104 Space Used : 7000 Time Stamp : 1533540127476
Time(microseconds): 1444.000000
Stats[(nil), 0]:        1592391
Stats[(nil), 1]:        1590957
Stats[(nil), 2]:              0
Stats[(nil), 3]:           -nan
Stats[(nil), 4]:              4
Stats[(nil), 5]:              4
Stats[(nil), 6]:              0
Stats[(nil), 7]:        2500384
Stats[(nil), 8]:        3428306
Stats[(nil), 9]:            926
Stats[(nil), 10]:            336
Stats[(nil), 11]:         465011
Stats[(nil), 12]:              0
Stats[(nil), 13]:              0
Stats[(nil), 14]:              0
Stats[(nil), 15]:              0
Stats[(nil), 16]:              0
Stats[(nil), 17]:              0
Stats[(nil), 18]:              0
Stats[(nil), 19]:              0
Stats[(nil), 20]:              0
Stats[(nil), 21]:              0
Stats[(nil), 22]:              0
Stats[(nil), 23]:              0
Stats[(nil), 24]:              0
Stats[(nil), 25]:              0
Stats[(nil), 26]:              0
Stats[(nil), 27]:              0
Stats[(nil), 28]:              0
Stats[(nil), 29]:              0
Stats[(nil), 30]:              0
Stats[(nil), 31]:    0.002645333
