Numbers: 3500, pid: 9106 Space Used : 7000 Time Stamp : 1533540127480
Time(microseconds): 1437.000000
Stats[(nil), 0]:        1583430
Stats[(nil), 1]:        1582173
Stats[(nil), 2]:              0
Stats[(nil), 3]:           -nan
Stats[(nil), 4]:              4
Stats[(nil), 5]:              4
Stats[(nil), 6]:              0
Stats[(nil), 7]:        2488158
Stats[(nil), 8]:        3428402
Stats[(nil), 9]:            767
Stats[(nil), 10]:            233
Stats[(nil), 11]:         465043
Stats[(nil), 12]:              0
Stats[(nil), 13]:              0
Stats[(nil), 14]:              0
Stats[(nil), 15]:              0
Stats[(nil), 16]:              0
Stats[(nil), 17]:              0
Stats[(nil), 18]:              0
Stats[(nil), 19]:              0
Stats[(nil), 20]:              0
Stats[(nil), 21]:              0
Stats[(nil), 22]:              0
Stats[(nil), 23]:              0
Stats[(nil), 24]:              0
Stats[(nil), 25]:              0
Stats[(nil), 26]:              0
Stats[(nil), 27]:              0
Stats[(nil), 28]:              0
Stats[(nil), 29]:              0
Stats[(nil), 30]:              0
Stats[(nil), 31]:    0.002636795
