Numbers: 4000, pid: 9114 Space Used : 8000 Time Stamp : 1533540127499
Time(microseconds): 1514.000000
Stats[(nil), 0]:        1647424
Stats[(nil), 1]:        1646563
Stats[(nil), 2]:              0
Stats[(nil), 3]:           -nan
Stats[(nil), 4]:              4
Stats[(nil), 5]:              4
Stats[(nil), 6]:              0
Stats[(nil), 7]:        2819185
Stats[(nil), 8]:        3948439
Stats[(nil), 9]:           1120
Stats[(nil), 10]:            164
Stats[(nil), 11]:         533028
Stats[(nil), 12]:              0
Stats[(nil), 13]:              0
Stats[(nil), 14]:              0
Stats[(nil), 15]:              0
Stats[(nil), 16]:              0
Stats[(nil), 17]:              0
Stats[(nil), 18]:              0
Stats[(nil), 19]:              0
Stats[(nil), 20]:              0
Stats[(nil), 21]:              0
Stats[(nil), 22]:              0
Stats[(nil), 23]:              0
Stats[(nil), 24]:              0
Stats[(nil), 25]:              0
Stats[(nil), 26]:              0
Stats[(nil), 27]:              0
Stats[(nil), 28]:              0
Stats[(nil), 29]:              0
Stats[(nil), 30]:              0
Stats[(nil), 31]:    0.002688535
