Numbers: 4000, pid: 9120 Space Used : 8000 Time Stamp : 1533540127513
Time(microseconds): 1525.000000
Stats[(nil), 0]:        1644983
Stats[(nil), 1]:        1644434
Stats[(nil), 2]:              0
Stats[(nil), 3]:           -nan
Stats[(nil), 4]:              4
Stats[(nil), 5]:              4
Stats[(nil), 6]:              0
Stats[(nil), 7]:        1828725
Stats[(nil), 8]:        3961072
Stats[(nil), 9]:           1949
Stats[(nil), 10]:            330
Stats[(nil), 11]:         535242
Stats[(nil), 12]:          11374
Stats[(nil), 13]:              0
Stats[(nil), 14]:              0
Stats[(nil), 15]:              0
Stats[(nil), 16]:              0
Stats[(nil), 17]:              0
Stats[(nil), 18]:              0
Stats[(nil), 19]:              0
Stats[(nil), 20]:              0
Stats[(nil), 21]:              0
Stats[(nil), 22]:              0
Stats[(nil), 23]:              0
Stats[(nil), 24]:              0
Stats[(nil), 25]:              0
Stats[(nil), 26]:              0
Stats[(nil), 27]:              0
Stats[(nil), 28]:              0
Stats[(nil), 29]:              0
Stats[(nil), 30]:              0
Stats[(nil), 31]:    0.002684138
