Numbers: 4500, pid: 9124 Space Used : 9000 Time Stamp : 1533540127524
Time(microseconds): 2063.000000
Stats[(nil), 0]:        2211382
Stats[(nil), 1]:           -nan
Stats[(nil), 2]:              0
Stats[(nil), 3]:              0
Stats[(nil), 4]:              5
Stats[(nil), 5]:              5
Stats[(nil), 6]:              0
Stats[(nil), 7]:        3832402
Stats[(nil), 8]:        4495404
Stats[(nil), 9]:           2663
Stats[(nil), 10]:            483
Stats[(nil), 11]:         605297
Stats[(nil), 12]:              0
Stats[(nil), 13]:              0
Stats[(nil), 14]:              0
Stats[(nil), 15]:              0
Stats[(nil), 16]:              0
Stats[(nil), 17]:              0
Stats[(nil), 18]:              0
Stats[(nil), 19]:              0
Stats[(nil), 20]:              0
Stats[(nil), 21]:              0
Stats[(nil), 22]:              0
Stats[(nil), 23]:              0
Stats[(nil), 24]:              0
Stats[(nil), 25]:              0
Stats[(nil), 26]:              0
Stats[(nil), 27]:              0
Stats[(nil), 28]:              0
Stats[(nil), 29]:              0
Stats[(nil), 30]:              0
Stats[(nil), 31]:    0.004000374
