Numbers: 4500, pid: 9130 Space Used : 9000 Time Stamp : 1533540127539
Time(microseconds): 1606.000000
Stats[(nil), 0]:        1760550
Stats[(nil), 1]:           -nan
Stats[(nil), 2]:              0
Stats[(nil), 3]:              0
Stats[(nil), 4]:              5
Stats[(nil), 5]:              5
Stats[(nil), 6]:              0
Stats[(nil), 7]:        3218006
Stats[(nil), 8]:        4491324
Stats[(nil), 9]:           1394
Stats[(nil), 10]:            190
Stats[(nil), 11]:         604593
Stats[(nil), 12]:              0
Stats[(nil), 13]:              0
Stats[(nil), 14]:              0
Stats[(nil), 15]:              0
Stats[(nil), 16]:              0
Stats[(nil), 17]:              0
Stats[(nil), 18]:              0
Stats[(nil), 19]:              0
Stats[(nil), 20]:              0
Stats[(nil), 21]:              0
Stats[(nil), 22]:              0
Stats[(nil), 23]:              0
Stats[(nil), 24]:              0
Stats[(nil), 25]:              0
Stats[(nil), 26]:              0
Stats[(nil), 27]:              0
Stats[(nil), 28]:              0
Stats[(nil), 29]:              0
Stats[(nil), 30]:              0
Stats[(nil), 31]:    0.002912393
