Numbers: 5000, pid: 9140 Space Used : 10000 Time Stamp : 1533540127566
Time(microseconds): 2035.000000
Stats[(nil), 0]:        2183620
Stats[(nil), 1]:           -nan
Stats[(nil), 2]:              0
Stats[(nil), 3]:              0
Stats[(nil), 4]:              5
Stats[(nil), 5]:              5
Stats[(nil), 6]:              0
Stats[(nil), 7]:        1493530
Stats[(nil), 8]:        5038970
Stats[(nil), 9]:           1669
Stats[(nil), 10]:            388
Stats[(nil), 11]:         676154
Stats[(nil), 12]:          23949
Stats[(nil), 13]:              0
Stats[(nil), 14]:              0
Stats[(nil), 15]:              0
Stats[(nil), 16]:              0
Stats[(nil), 17]:              0
Stats[(nil), 18]:              0
Stats[(nil), 19]:              0
Stats[(nil), 20]:              0
Stats[(nil), 21]:              0
Stats[(nil), 22]:              0
Stats[(nil), 23]:              0
Stats[(nil), 24]:              0
Stats[(nil), 25]:              0
Stats[(nil), 26]:              0
Stats[(nil), 27]:              0
Stats[(nil), 28]:              0
Stats[(nil), 29]:              0
Stats[(nil), 30]:              0
Stats[(nil), 31]:    0.003486157
