Numbers: 5500, pid: 9146 Space Used : 11000 Time Stamp : 1533540127583
Time(microseconds): 2180.000000
Stats[(nil), 0]:        2317102
Stats[(nil), 1]:           -nan
Stats[(nil), 2]:              0
Stats[(nil), 3]:              0
Stats[(nil), 4]:              6
Stats[(nil), 5]:              6
Stats[(nil), 6]:              0
Stats[(nil), 7]:         264055
Stats[(nil), 8]:        5582251
Stats[(nil), 9]:           1684
Stats[(nil), 10]:            565
Stats[(nil), 11]:         747051
Stats[(nil), 12]:          42165
Stats[(nil), 13]:              0
Stats[(nil), 14]:              0
Stats[(nil), 15]:              0
Stats[(nil), 16]:              0
Stats[(nil), 17]:              0
Stats[(nil), 18]:              0
Stats[(nil), 19]:              0
Stats[(nil), 20]:              0
Stats[(nil), 21]:              0
Stats[(nil), 22]:              0
Stats[(nil), 23]:              0
Stats[(nil), 24]:              0
Stats[(nil), 25]:              0
Stats[(nil), 26]:              0
Stats[(nil), 27]:              0
Stats[(nil), 28]:              0
Stats[(nil), 29]:              0
Stats[(nil), 30]:              0
Stats[(nil), 31]:    0.003646318
