Numbers: 5500, pid: 9148 Space Used : 11000 Time Stamp : 1533540127589
Time(microseconds): 2447.000000
Stats[(nil), 0]:        2595263
Stats[(nil), 1]:           -nan
Stats[(nil), 2]:              0
Stats[(nil), 3]:              0
Stats[(nil), 4]:              6
Stats[(nil), 5]:              6
Stats[(nil), 6]:              0
Stats[(nil), 7]:        4115235
Stats[(nil), 8]:        5579375
Stats[(nil), 9]:           1922
Stats[(nil), 10]:            123
Stats[(nil), 11]:         746526
Stats[(nil), 12]:           8132
Stats[(nil), 13]:              0
Stats[(nil), 14]:              0
Stats[(nil), 15]:              0
Stats[(nil), 16]:              0
Stats[(nil), 17]:              0
Stats[(nil), 18]:              0
Stats[(nil), 19]:              0
Stats[(nil), 20]:              0
Stats[(nil), 21]:              0
Stats[(nil), 22]:              0
Stats[(nil), 23]:              0
Stats[(nil), 24]:              0
Stats[(nil), 25]:              0
Stats[(nil), 26]:              0
Stats[(nil), 27]:              0
Stats[(nil), 28]:              0
Stats[(nil), 29]:              0
Stats[(nil), 30]:              0
Stats[(nil), 31]:    0.004418244
