Numbers: 5500, pid: 9150 Space Used : 11000 Time Stamp : 1533540127596
Time(microseconds): 2877.000000
Stats[(nil), 0]:        3075415
Stats[(nil), 1]:           -nan
Stats[(nil), 2]:              2
Stats[(nil), 3]:              0
Stats[(nil), 4]:              6
Stats[(nil), 5]:              6
Stats[(nil), 6]:              0
Stats[(nil), 7]:          26942
Stats[(nil), 8]:        5589859
Stats[(nil), 9]:           2609
Stats[(nil), 10]:            649
Stats[(nil), 11]:         748563
Stats[(nil), 12]:          45295
Stats[(nil), 13]:              0
Stats[(nil), 14]:              0
Stats[(nil), 15]:              0
Stats[(nil), 16]:              0
Stats[(nil), 17]:              0
Stats[(nil), 18]:              0
Stats[(nil), 19]:              0
Stats[(nil), 20]:              0
Stats[(nil), 21]:              0
Stats[(nil), 22]:              0
Stats[(nil), 23]:              0
Stats[(nil), 24]:              0
Stats[(nil), 25]:              0
Stats[(nil), 26]:              0
Stats[(nil), 27]:              0
Stats[(nil), 28]:              0
Stats[(nil), 29]:              0
Stats[(nil), 30]:              0
Stats[(nil), 31]:    0.004703738
