Numbers: 5500, pid: 9152 Space Used : 11000 Time Stamp : 1533540127601
Time(microseconds): 2092.000000
Stats[(nil), 0]:        2206767
Stats[(nil), 1]:           -nan
Stats[(nil), 2]:              2
Stats[(nil), 3]:              0
Stats[(nil), 4]:              6
Stats[(nil), 5]:              6
Stats[(nil), 6]:              0
Stats[(nil), 7]:        2985206
Stats[(nil), 8]:        5614972
Stats[(nil), 9]:           2660
Stats[(nil), 10]:            766
Stats[(nil), 11]:         753411
Stats[(nil), 12]:          12139
Stats[(nil), 13]:              0
Stats[(nil), 14]:              0
Stats[(nil), 15]:              0
Stats[(nil), 16]:              0
Stats[(nil), 17]:              0
Stats[(nil), 18]:              0
Stats[(nil), 19]:              0
Stats[(nil), 20]:              0
Stats[(nil), 21]:              0
Stats[(nil), 22]:              0
Stats[(nil), 23]:              0
Stats[(nil), 24]:              0
Stats[(nil), 25]:              0
Stats[(nil), 26]:              0
Stats[(nil), 27]:              0
Stats[(nil), 28]:              0
Stats[(nil), 29]:              0
Stats[(nil), 30]:              0
Stats[(nil), 31]:    0.003519023
