Numbers: 6000, pid: 9156 Space Used : 12000 Time Stamp : 1533540127613
Time(microseconds): 2335.000000
Stats[(nil), 0]:        2470137
Stats[(nil), 1]:           -nan
Stats[(nil), 2]:              0
Stats[(nil), 3]:              0
Stats[(nil), 4]:              6
Stats[(nil), 5]:              6
Stats[(nil), 6]:              0
Stats[(nil), 7]:        3141551
Stats[(nil), 8]:        6123735
Stats[(nil), 9]:           2189
Stats[(nil), 10]:            487
Stats[(nil), 11]:         817240
Stats[(nil), 12]:          14596
Stats[(nil), 13]:              0
Stats[(nil), 14]:              0
Stats[(nil), 15]:              0
Stats[(nil), 16]:              0
Stats[(nil), 17]:              0
Stats[(nil), 18]:              0
Stats[(nil), 19]:              0
Stats[(nil), 20]:              0
Stats[(nil), 21]:              0
Stats[(nil), 22]:              0
Stats[(nil), 23]:              0
Stats[(nil), 24]:              0
Stats[(nil), 25]:              0
Stats[(nil), 26]:              0
Stats[(nil), 27]:              0
Stats[(nil), 28]:              0
Stats[(nil), 29]:              0
Stats[(nil), 30]:              0
Stats[(nil), 31]:    0.003884590
