Numbers: 6000, pid: 9162 Space Used : 12000 Time Stamp : 1533540127631
Time(microseconds): 2393.000000
Stats[(nil), 0]:        2538750
Stats[(nil), 1]:           -nan
Stats[(nil), 2]:              1
Stats[(nil), 3]:              0
Stats[(nil), 4]:              6
Stats[(nil), 5]:              6
Stats[(nil), 6]:              0
Stats[(nil), 7]:         936154
Stats[(nil), 8]:        6136529
Stats[(nil), 9]:           2572
Stats[(nil), 10]:            683
Stats[(nil), 11]:         819728
Stats[(nil), 12]:          39692
Stats[(nil), 13]:              0
Stats[(nil), 14]:              0
Stats[(nil), 15]:              0
Stats[(nil), 16]:              0
Stats[(nil), 17]:              0
Stats[(nil), 18]:              0
Stats[(nil), 19]:              0
Stats[(nil), 20]:              0
Stats[(nil), 21]:              0
Stats[(nil), 22]:              0
Stats[(nil), 23]:              0
Stats[(nil), 24]:              0
Stats[(nil), 25]:              0
Stats[(nil), 26]:              0
Stats[(nil), 27]:              0
Stats[(nil), 28]:              0
Stats[(nil), 29]:              0
Stats[(nil), 30]:              0
Stats[(nil), 31]:    0.003995018
