Numbers: 6500, pid: 9164 Space Used : 13000 Time Stamp : 1533540127637
Time(microseconds): 2632.000000
Stats[(nil), 0]:        2761243
Stats[(nil), 1]:           -nan
Stats[(nil), 2]:              1
Stats[(nil), 3]:              0
Stats[(nil), 4]:              7
Stats[(nil), 5]:              7
Stats[(nil), 6]:              0
Stats[(nil), 7]:        4243532
Stats[(nil), 8]:        6672125
Stats[(nil), 9]:           2213
Stats[(nil), 10]:            471
Stats[(nil), 11]:         888799
Stats[(nil), 12]:           7380
Stats[(nil), 13]:              0
Stats[(nil), 14]:              0
Stats[(nil), 15]:              0
Stats[(nil), 16]:              0
Stats[(nil), 17]:              0
Stats[(nil), 18]:              0
Stats[(nil), 19]:              0
Stats[(nil), 20]:              0
Stats[(nil), 21]:              0
Stats[(nil), 22]:              0
Stats[(nil), 23]:              0
Stats[(nil), 24]:              0
Stats[(nil), 25]:              0
Stats[(nil), 26]:              0
Stats[(nil), 27]:              0
Stats[(nil), 28]:              0
Stats[(nil), 29]:              0
Stats[(nil), 30]:              0
Stats[(nil), 31]:    0.004275317
