Numbers: 7000, pid: 9176 Space Used : 14000 Time Stamp : 1533540127675
Time(microseconds): 2963.000000
Stats[(nil), 0]:        3098416
Stats[(nil), 1]:           -nan
Stats[(nil), 2]:              1
Stats[(nil), 3]:              0
Stats[(nil), 4]:              7
Stats[(nil), 5]:              7
Stats[(nil), 6]:              0
Stats[(nil), 7]:         774687
Stats[(nil), 8]:        7220769
Stats[(nil), 9]:           3773
Stats[(nil), 10]:            832
Stats[(nil), 11]:         959876
Stats[(nil), 12]:          51820
Stats[(nil), 13]:              0
Stats[(nil), 14]:              0
Stats[(nil), 15]:              0
Stats[(nil), 16]:              0
Stats[(nil), 17]:              0
Stats[(nil), 18]:              0
Stats[(nil), 19]:              0
Stats[(nil), 20]:              0
Stats[(nil), 21]:              0
Stats[(nil), 22]:              0
Stats[(nil), 23]:              0
Stats[(nil), 24]:              0
Stats[(nil), 25]:              0
Stats[(nil), 26]:              0
Stats[(nil), 27]:              0
Stats[(nil), 28]:              0
Stats[(nil), 29]:              0
Stats[(nil), 30]:              0
Stats[(nil), 31]:    0.004884125
