Numbers: 7000, pid: 9180 Space Used : 14000 Time Stamp : 1533540127689
Time(microseconds): 2438.000000
Stats[(nil), 0]:        2543935
Stats[(nil), 1]:           -nan
Stats[(nil), 2]:              0
Stats[(nil), 3]:              0
Stats[(nil), 4]:              7
Stats[(nil), 5]:              7
Stats[(nil), 6]:              0
Stats[(nil), 7]:        4616052
Stats[(nil), 8]:        7207880
Stats[(nil), 9]:           2404
Stats[(nil), 10]:            537
Stats[(nil), 11]:         957321
Stats[(nil), 12]:           8337
Stats[(nil), 13]:              0
Stats[(nil), 14]:              0
Stats[(nil), 15]:              0
Stats[(nil), 16]:              0
Stats[(nil), 17]:              0
Stats[(nil), 18]:              0
Stats[(nil), 19]:              0
Stats[(nil), 20]:              0
Stats[(nil), 21]:              0
Stats[(nil), 22]:              0
Stats[(nil), 23]:              0
Stats[(nil), 24]:              0
Stats[(nil), 25]:              0
Stats[(nil), 26]:              0
Stats[(nil), 27]:              0
Stats[(nil), 28]:              0
Stats[(nil), 29]:              0
Stats[(nil), 30]:              0
Stats[(nil), 31]:    0.003958504
