Numbers: 7500, pid: 9186 Space Used : 15000 Time Stamp : 1533540127706
Time(microseconds): 2424.000000
Stats[(nil), 0]:        2527501
Stats[(nil), 1]:           -nan
Stats[(nil), 2]:              1
Stats[(nil), 3]:              0
Stats[(nil), 4]:              8
Stats[(nil), 5]:              8
Stats[(nil), 6]:              0
Stats[(nil), 7]:        2046319
Stats[(nil), 8]:        7789204
Stats[(nil), 9]:           3052
Stats[(nil), 10]:            875
Stats[(nil), 11]:        1034551
Stats[(nil), 12]:          40734
Stats[(nil), 13]:              0
Stats[(nil), 14]:              0
Stats[(nil), 15]:              0
Stats[(nil), 16]:              0
Stats[(nil), 17]:              0
Stats[(nil), 18]:              0
Stats[(nil), 19]:              0
Stats[(nil), 20]:              0
Stats[(nil), 21]:              0
Stats[(nil), 22]:              0
Stats[(nil), 23]:              0
Stats[(nil), 24]:              0
Stats[(nil), 25]:              0
Stats[(nil), 26]:              0
Stats[(nil), 27]:              0
Stats[(nil), 28]:              0
Stats[(nil), 29]:              0
Stats[(nil), 30]:              0
Stats[(nil), 31]:    0.003908914
