Numbers: 8500, pid: 9206 Space Used : 17000 Time Stamp : 1533540127778
Time(microseconds): 3725.000000
Stats[(nil), 0]:        3870833
Stats[(nil), 1]:        3867930
Stats[(nil), 2]:              1
Stats[(nil), 3]:              0
Stats[(nil), 4]:              8
Stats[(nil), 5]:              8
Stats[(nil), 6]:              0
Stats[(nil), 7]:        3484015
Stats[(nil), 8]:        8872467
Stats[(nil), 9]:           2758
Stats[(nil), 10]:            916
Stats[(nil), 11]:        1173473
Stats[(nil), 12]:          31710
Stats[(nil), 13]:              0
Stats[(nil), 14]:              0
Stats[(nil), 15]:              0
Stats[(nil), 16]:              0
Stats[(nil), 17]:              0
Stats[(nil), 18]:              0
Stats[(nil), 19]:              0
Stats[(nil), 20]:              0
Stats[(nil), 21]:              0
Stats[(nil), 22]:              0
Stats[(nil), 23]:              0
Stats[(nil), 24]:              0
Stats[(nil), 25]:              0
Stats[(nil), 26]:              0
Stats[(nil), 27]:              0
Stats[(nil), 28]:              0
Stats[(nil), 29]:              0
Stats[(nil), 30]:              0
Stats[(nil), 31]:    0.006063356
