Numbers: 9000, pid: 9218 Space Used : 18000 Time Stamp : 1533540127825
Time(microseconds): 4498.000000
Stats[(nil), 0]:        4662082
Stats[(nil), 1]:        4661268
Stats[(nil), 2]:              1
Stats[(nil), 3]:              0
Stats[(nil), 4]:              8
Stats[(nil), 5]:              8
Stats[(nil), 6]:              0
Stats[(nil), 7]:        5855360
Stats[(nil), 8]:        9447551
Stats[(nil), 9]:           6065
Stats[(nil), 10]:           1207
Stats[(nil), 11]:        1247729
Stats[(nil), 12]:          16828
Stats[(nil), 13]:              0
Stats[(nil), 14]:              0
Stats[(nil), 15]:              0
Stats[(nil), 16]:              0
Stats[(nil), 17]:              0
Stats[(nil), 18]:              0
Stats[(nil), 19]:              0
Stats[(nil), 20]:              0
Stats[(nil), 21]:              0
Stats[(nil), 22]:              0
Stats[(nil), 23]:              0
Stats[(nil), 24]:              0
Stats[(nil), 25]:              0
Stats[(nil), 26]:              0
Stats[(nil), 27]:              0
Stats[(nil), 28]:              0
Stats[(nil), 29]:              0
Stats[(nil), 30]:              0
Stats[(nil), 31]:    0.007314265
