Numbers: 9000, pid: 9222 Space Used : 18000 Time Stamp : 1533540127842
Time(microseconds): 3876.000000
Stats[(nil), 0]:        4042962
Stats[(nil), 1]:        4041806
Stats[(nil), 2]:              1
Stats[(nil), 3]:              0
Stats[(nil), 4]:              8
Stats[(nil), 5]:              8
Stats[(nil), 6]:              0
Stats[(nil), 7]:        4307630
Stats[(nil), 8]:        9435021
Stats[(nil), 9]:           3042
Stats[(nil), 10]:            556
Stats[(nil), 11]:        1245443
Stats[(nil), 12]:          29324
Stats[(nil), 13]:              0
Stats[(nil), 14]:              0
Stats[(nil), 15]:              0
Stats[(nil), 16]:              0
Stats[(nil), 17]:              0
Stats[(nil), 18]:              0
Stats[(nil), 19]:              0
Stats[(nil), 20]:              0
Stats[(nil), 21]:              0
Stats[(nil), 22]:              0
Stats[(nil), 23]:              0
Stats[(nil), 24]:              0
Stats[(nil), 25]:              0
Stats[(nil), 26]:              0
Stats[(nil), 27]:              0
Stats[(nil), 28]:              0
Stats[(nil), 29]:              0
Stats[(nil), 30]:              0
Stats[(nil), 31]:    0.006366881
