Numbers: 9500, pid: 9224 Space Used : 19000 Time Stamp : 1533540127850
Time(microseconds): 3636.000000
Stats[(nil), 0]:        3758499
Stats[(nil), 1]:        3757576
Stats[(nil), 2]:              1
Stats[(nil), 3]:              0
Stats[(nil), 4]:              9
Stats[(nil), 5]:              9
Stats[(nil), 6]:              0
Stats[(nil), 7]:        4979928
Stats[(nil), 8]:       10002183
Stats[(nil), 9]:           2915
Stats[(nil), 10]:            594
Stats[(nil), 11]:        1318156
Stats[(nil), 12]:          25524
Stats[(nil), 13]:              0
Stats[(nil), 14]:              0
Stats[(nil), 15]:              0
Stats[(nil), 16]:              0
Stats[(nil), 17]:              0
Stats[(nil), 18]:              0
Stats[(nil), 19]:              0
Stats[(nil), 20]:              0
Stats[(nil), 21]:              0
Stats[(nil), 22]:              0
Stats[(nil), 23]:              0
Stats[(nil), 24]:              0
Stats[(nil), 25]:              0
Stats[(nil), 26]:              0
Stats[(nil), 27]:              0
Stats[(nil), 28]:              0
Stats[(nil), 29]:              0
Stats[(nil), 30]:              0
Stats[(nil), 31]:    0.005761290
