Numbers: 9500, pid: 9226 Space Used : 19000 Time Stamp : 1533540127859
Time(microseconds): 4562.000000
Stats[(nil), 0]:        4718550
Stats[(nil), 1]:        4717231
Stats[(nil), 2]:              0
Stats[(nil), 3]:              0
Stats[(nil), 4]:              9
Stats[(nil), 5]:              9
Stats[(nil), 6]:              0
Stats[(nil), 7]:        3682357
Stats[(nil), 8]:        9997358
Stats[(nil), 9]:           2709
Stats[(nil), 10]:            879
Stats[(nil), 11]:        1317023
Stats[(nil), 12]:          39455
Stats[(nil), 13]:              0
Stats[(nil), 14]:              0
Stats[(nil), 15]:              0
Stats[(nil), 16]:              0
Stats[(nil), 17]:              0
Stats[(nil), 18]:              0
Stats[(nil), 19]:              0
Stats[(nil), 20]:              0
Stats[(nil), 21]:              0
Stats[(nil), 22]:              0
Stats[(nil), 23]:              0
Stats[(nil), 24]:              0
Stats[(nil), 25]:              0
Stats[(nil), 26]:              0
Stats[(nil), 27]:              0
Stats[(nil), 28]:              0
Stats[(nil), 29]:              0
Stats[(nil), 30]:              0
Stats[(nil), 31]:    0.007153641
