Numbers: 9500, pid: 9230 Space Used : 19000 Time Stamp : 1533540127875
Time(microseconds): 3948.000000
Stats[(nil), 0]:        4046345
Stats[(nil), 1]:        4045652
Stats[(nil), 2]:              1
Stats[(nil), 3]:              0
Stats[(nil), 4]:              9
Stats[(nil), 5]:              9
Stats[(nil), 6]:              0
Stats[(nil), 7]:        3921674
Stats[(nil), 8]:       10017781
Stats[(nil), 9]:           4475
Stats[(nil), 10]:            849
Stats[(nil), 11]:        1320932
Stats[(nil), 12]:          41560
Stats[(nil), 13]:              0
Stats[(nil), 14]:              0
Stats[(nil), 15]:              0
Stats[(nil), 16]:              0
Stats[(nil), 17]:              0
Stats[(nil), 18]:              0
Stats[(nil), 19]:              0
Stats[(nil), 20]:              0
Stats[(nil), 21]:              0
Stats[(nil), 22]:              0
Stats[(nil), 23]:              0
Stats[(nil), 24]:              0
Stats[(nil), 25]:              0
Stats[(nil), 26]:              0
Stats[(nil), 27]:              0
Stats[(nil), 28]:              0
Stats[(nil), 29]:              0
Stats[(nil), 30]:              0
Stats[(nil), 31]:    0.005879107
