Numbers: 10000, pid: 9234 Space Used : 20000 Time Stamp : 1533540127892
Time(microseconds): 3153.000000
Stats[(nil), 0]:        3265712
Stats[(nil), 1]:        3264462
Stats[(nil), 2]:              0
Stats[(nil), 3]:              0
Stats[(nil), 4]:              9
Stats[(nil), 5]:              9
Stats[(nil), 6]:              0
Stats[(nil), 7]:        7553513
Stats[(nil), 8]:       10554634
Stats[(nil), 9]:           1328
Stats[(nil), 10]:            460
Stats[(nil), 11]:        1387782
Stats[(nil), 12]:              0
Stats[(nil), 13]:              0
Stats[(nil), 14]:              0
Stats[(nil), 15]:              0
Stats[(nil), 16]:              0
Stats[(nil), 17]:              0
Stats[(nil), 18]:              0
Stats[(nil), 19]:              0
Stats[(nil), 20]:              0
Stats[(nil), 21]:              0
Stats[(nil), 22]:              0
Stats[(nil), 23]:              0
Stats[(nil), 24]:              0
Stats[(nil), 25]:              0
Stats[(nil), 26]:              0
Stats[(nil), 27]:              0
Stats[(nil), 28]:              0
Stats[(nil), 29]:              0
Stats[(nil), 30]:              0
Stats[(nil), 31]:    0.005376221
