Numbers: 10000, pid: 9240 Space Used : 20000 Time Stamp : 1533540127918
Time(microseconds): 4872.000000
Stats[(nil), 0]:        5035223
Stats[(nil), 1]:        5033161
Stats[(nil), 2]:              0
Stats[(nil), 3]:              0
Stats[(nil), 4]:              9
Stats[(nil), 5]:              9
Stats[(nil), 6]:              0
Stats[(nil), 7]:        5337897
Stats[(nil), 8]:       10560275
Stats[(nil), 9]:           1844
Stats[(nil), 10]:            642
Stats[(nil), 11]:        1388800
Stats[(nil), 12]:          27051
Stats[(nil), 13]:              0
Stats[(nil), 14]:              0
Stats[(nil), 15]:              0
Stats[(nil), 16]:              0
Stats[(nil), 17]:              0
Stats[(nil), 18]:              0
Stats[(nil), 19]:              0
Stats[(nil), 20]:              0
Stats[(nil), 21]:              0
Stats[(nil), 22]:              0
Stats[(nil), 23]:              0
Stats[(nil), 24]:              0
Stats[(nil), 25]:              0
Stats[(nil), 26]:              0
Stats[(nil), 27]:              0
Stats[(nil), 28]:              0
Stats[(nil), 29]:              0
Stats[(nil), 30]:              0
Stats[(nil), 31]:    0.007687357
