Numbers: 10000, pid: 9242 Space Used : 20000 Time Stamp : 1533540127926
Time(microseconds): 3864.000000
Stats[(nil), 0]:        3956344
Stats[(nil), 1]:        3955809
Stats[(nil), 2]:              1
Stats[(nil), 3]:              0
Stats[(nil), 4]:              9
Stats[(nil), 5]:              9
Stats[(nil), 6]:              0
Stats[(nil), 7]:        5151598
Stats[(nil), 8]:       10574034
Stats[(nil), 9]:           4412
Stats[(nil), 10]:            793
Stats[(nil), 11]:        1392224
Stats[(nil), 12]:          29881
Stats[(nil), 13]:              0
Stats[(nil), 14]:              0
Stats[(nil), 15]:              0
Stats[(nil), 16]:              0
Stats[(nil), 17]:              0
Stats[(nil), 18]:              0
Stats[(nil), 19]:              0
Stats[(nil), 20]:              0
Stats[(nil), 21]:              0
Stats[(nil), 22]:              0
Stats[(nil), 23]:              0
Stats[(nil), 24]:              0
Stats[(nil), 25]:              0
Stats[(nil), 26]:              0
Stats[(nil), 27]:              0
Stats[(nil), 28]:              0
Stats[(nil), 29]:              0
Stats[(nil), 30]:              0
Stats[(nil), 31]:    0.005850797
