Numbers: 10500, pid: 9248 Space Used : 21000 Time Stamp : 1533540127953
Time(microseconds): 4429.000000
Stats[(nil), 0]:        4577442
Stats[(nil), 1]:        4576127
Stats[(nil), 2]:              1
Stats[(nil), 3]:              0
Stats[(nil), 4]:             10
Stats[(nil), 5]:             10
Stats[(nil), 6]:              0
Stats[(nil), 7]:        6276606
Stats[(nil), 8]:       11144200
Stats[(nil), 9]:           3895
Stats[(nil), 10]:            626
Stats[(nil), 11]:        1464732
Stats[(nil), 12]:          20735
Stats[(nil), 13]:              0
Stats[(nil), 14]:              0
Stats[(nil), 15]:              0
Stats[(nil), 16]:              0
Stats[(nil), 17]:              0
Stats[(nil), 18]:              0
Stats[(nil), 19]:              0
Stats[(nil), 20]:              0
Stats[(nil), 21]:              0
Stats[(nil), 22]:              0
Stats[(nil), 23]:              0
Stats[(nil), 24]:              0
Stats[(nil), 25]:              0
Stats[(nil), 26]:              0
Stats[(nil), 27]:              0
Stats[(nil), 28]:              0
Stats[(nil), 29]:              0
Stats[(nil), 30]:              0
Stats[(nil), 31]:    0.007004959
