Numbers: 10500, pid: 9252 Space Used : 21000 Time Stamp : 1533540127971
Time(microseconds): 4755.000000
Stats[(nil), 0]:        4930800
Stats[(nil), 1]:        4929050
Stats[(nil), 2]:              1
Stats[(nil), 3]:              0
Stats[(nil), 4]:             10
Stats[(nil), 5]:             10
Stats[(nil), 6]:              0
Stats[(nil), 7]:        4027451
Stats[(nil), 8]:       11135901
Stats[(nil), 9]:           2476
Stats[(nil), 10]:            695
Stats[(nil), 11]:        1463268
Stats[(nil), 12]:          44628
Stats[(nil), 13]:              0
Stats[(nil), 14]:              0
Stats[(nil), 15]:              0
Stats[(nil), 16]:              0
Stats[(nil), 17]:              0
Stats[(nil), 18]:              0
Stats[(nil), 19]:              0
Stats[(nil), 20]:              0
Stats[(nil), 21]:              0
Stats[(nil), 22]:              0
Stats[(nil), 23]:              0
Stats[(nil), 24]:              0
Stats[(nil), 25]:              0
Stats[(nil), 26]:              0
Stats[(nil), 27]:              0
Stats[(nil), 28]:              0
Stats[(nil), 29]:              0
Stats[(nil), 30]:              0
Stats[(nil), 31]:    0.007280217
