Numbers: 11000, pid: 9260 Space Used : 22000 Time Stamp : 1533540128005
Time(microseconds): 3657.000000
Stats[(nil), 0]:        3750034
Stats[(nil), 1]:        3749727
Stats[(nil), 2]:              1
Stats[(nil), 3]:              0
Stats[(nil), 4]:             10
Stats[(nil), 5]:             10
Stats[(nil), 6]:              0
Stats[(nil), 7]:        7500734
Stats[(nil), 8]:       11705828
Stats[(nil), 9]:           2852
Stats[(nil), 10]:            406
Stats[(nil), 11]:        1536286
Stats[(nil), 12]:          11098
Stats[(nil), 13]:              0
Stats[(nil), 14]:              0
Stats[(nil), 15]:              0
Stats[(nil), 16]:              0
Stats[(nil), 17]:              0
Stats[(nil), 18]:              0
Stats[(nil), 19]:              0
Stats[(nil), 20]:              0
Stats[(nil), 21]:              0
Stats[(nil), 22]:              0
Stats[(nil), 23]:              0
Stats[(nil), 24]:              0
Stats[(nil), 25]:              0
Stats[(nil), 26]:              0
Stats[(nil), 27]:              0
Stats[(nil), 28]:              0
Stats[(nil), 29]:              0
Stats[(nil), 30]:              0
Stats[(nil), 31]:    0.005697455
