Numbers: 11500, pid: 9264 Space Used : 23000 Time Stamp : 1533540128025
Time(microseconds): 5096.000000
Stats[(nil), 0]:        5186377
Stats[(nil), 1]:        5185696
Stats[(nil), 2]:              1
Stats[(nil), 3]:              0
Stats[(nil), 4]:             11
Stats[(nil), 5]:             11
Stats[(nil), 6]:              0
Stats[(nil), 7]:        2636628
Stats[(nil), 8]:       12273397
Stats[(nil), 9]:           4100
Stats[(nil), 10]:            579
Stats[(nil), 11]:        1612080
Stats[(nil), 12]:          71316
Stats[(nil), 13]:              0
Stats[(nil), 14]:              0
Stats[(nil), 15]:              0
Stats[(nil), 16]:              0
Stats[(nil), 17]:              0
Stats[(nil), 18]:              0
Stats[(nil), 19]:              0
Stats[(nil), 20]:              0
Stats[(nil), 21]:              0
Stats[(nil), 22]:              0
Stats[(nil), 23]:              0
Stats[(nil), 24]:              0
Stats[(nil), 25]:              0
Stats[(nil), 26]:              0
Stats[(nil), 27]:              0
Stats[(nil), 28]:              0
Stats[(nil), 29]:              0
Stats[(nil), 30]:              0
Stats[(nil), 31]:    0.007249667
