Numbers: 11500, pid: 9266 Space Used : 23000 Time Stamp : 1533540128035
Time(microseconds): 5018.000000
Stats[(nil), 0]:        5181690
Stats[(nil), 1]:        5179172
Stats[(nil), 2]:              1
Stats[(nil), 3]:              0
Stats[(nil), 4]:             11
Stats[(nil), 5]:             11
Stats[(nil), 6]:              0
Stats[(nil), 7]:        4663372
Stats[(nil), 8]:       12278163
Stats[(nil), 9]:           2504
Stats[(nil), 10]:            834
Stats[(nil), 11]:        1609358
Stats[(nil), 12]:          46784
Stats[(nil), 13]:              0
Stats[(nil), 14]:              0
Stats[(nil), 15]:              0
Stats[(nil), 16]:              0
Stats[(nil), 17]:              0
Stats[(nil), 18]:              0
Stats[(nil), 19]:              0
Stats[(nil), 20]:              0
Stats[(nil), 21]:              0
Stats[(nil), 22]:              0
Stats[(nil), 23]:              0
Stats[(nil), 24]:              0
Stats[(nil), 25]:              0
Stats[(nil), 26]:              0
Stats[(nil), 27]:              0
Stats[(nil), 28]:              0
Stats[(nil), 29]:              0
Stats[(nil), 30]:              0
Stats[(nil), 31]:    0.008116785
