Numbers: 11500, pid: 9268 Space Used : 23000 Time Stamp : 1533540128044
Time(microseconds): 4938.000000
Stats[(nil), 0]:        5056853
Stats[(nil), 1]:        5055861
Stats[(nil), 2]:              2
Stats[(nil), 3]:              0
Stats[(nil), 4]:             11
Stats[(nil), 5]:             11
Stats[(nil), 6]:              0
Stats[(nil), 7]:        2374789
Stats[(nil), 8]:       12285418
Stats[(nil), 9]:           5084
Stats[(nil), 10]:           1054
Stats[(nil), 11]:        1610774
Stats[(nil), 12]:          73704
Stats[(nil), 13]:              0
Stats[(nil), 14]:              0
Stats[(nil), 15]:              0
Stats[(nil), 16]:              0
Stats[(nil), 17]:              0
Stats[(nil), 18]:              0
Stats[(nil), 19]:              0
Stats[(nil), 20]:              0
Stats[(nil), 21]:              0
Stats[(nil), 22]:              0
Stats[(nil), 23]:              0
Stats[(nil), 24]:              0
Stats[(nil), 25]:              0
Stats[(nil), 26]:              0
Stats[(nil), 27]:              0
Stats[(nil), 28]:              0
Stats[(nil), 29]:              0
Stats[(nil), 30]:              0
Stats[(nil), 31]:    0.007467665
