Numbers: 11500, pid: 9272 Space Used : 23000 Time Stamp : 1533540128059
Time(microseconds): 3341.000000
Stats[(nil), 0]:        3420770
Stats[(nil), 1]:        3420524
Stats[(nil), 2]:              1
Stats[(nil), 3]:              0
Stats[(nil), 4]:             11
Stats[(nil), 5]:             11
Stats[(nil), 6]:              0
Stats[(nil), 7]:        1772143
Stats[(nil), 8]:       12289719
Stats[(nil), 9]:           4659
Stats[(nil), 10]:           1106
Stats[(nil), 11]:        1611339
Stats[(nil), 12]:          81944
Stats[(nil), 13]:              0
Stats[(nil), 14]:              0
Stats[(nil), 15]:              0
Stats[(nil), 16]:              0
Stats[(nil), 17]:              0
Stats[(nil), 18]:              0
Stats[(nil), 19]:              0
Stats[(nil), 20]:              0
Stats[(nil), 21]:              0
Stats[(nil), 22]:              0
Stats[(nil), 23]:              0
Stats[(nil), 24]:              0
Stats[(nil), 25]:              0
Stats[(nil), 26]:              0
Stats[(nil), 27]:              0
Stats[(nil), 28]:              0
Stats[(nil), 29]:              0
Stats[(nil), 30]:              0
Stats[(nil), 31]:    0.005206866
