Numbers: 12000, pid: 9276 Space Used : 24000 Time Stamp : 1533540128079
Time(microseconds): 4747.000000
Stats[(nil), 0]:        4844640
Stats[(nil), 1]:        4843380
Stats[(nil), 2]:              0
Stats[(nil), 3]:              0
Stats[(nil), 4]:             11
Stats[(nil), 5]:             11
Stats[(nil), 6]:              0
Stats[(nil), 7]:        6537917
Stats[(nil), 8]:       12841462
Stats[(nil), 9]:           4491
Stats[(nil), 10]:           1233
Stats[(nil), 11]:        1680757
Stats[(nil), 12]:          33061
Stats[(nil), 13]:              0
Stats[(nil), 14]:              0
Stats[(nil), 15]:              0
Stats[(nil), 16]:              0
Stats[(nil), 17]:              0
Stats[(nil), 18]:              0
Stats[(nil), 19]:              0
Stats[(nil), 20]:              0
Stats[(nil), 21]:              0
Stats[(nil), 22]:              0
Stats[(nil), 23]:              0
Stats[(nil), 24]:              0
Stats[(nil), 25]:              0
Stats[(nil), 26]:              0
Stats[(nil), 27]:              0
Stats[(nil), 28]:              0
Stats[(nil), 29]:              0
Stats[(nil), 30]:              0
Stats[(nil), 31]:    0.007126551
