Numbers: 12000, pid: 9280 Space Used : 24000 Time Stamp : 1533540128098
Time(microseconds): 4281.000000
Stats[(nil), 0]:        4420125
Stats[(nil), 1]:        4418443
Stats[(nil), 2]:              1
Stats[(nil), 3]:              0
Stats[(nil), 4]:             11
Stats[(nil), 5]:             11
Stats[(nil), 6]:              0
Stats[(nil), 7]:          10849
Stats[(nil), 8]:        6778799
Stats[(nil), 9]:           2895
Stats[(nil), 10]:            762
Stats[(nil), 11]:        1682329
Stats[(nil), 12]:         103857
Stats[(nil), 13]:              0
Stats[(nil), 14]:              0
Stats[(nil), 15]:              0
Stats[(nil), 16]:              0
Stats[(nil), 17]:              0
Stats[(nil), 18]:              0
Stats[(nil), 19]:              0
Stats[(nil), 20]:              0
Stats[(nil), 21]:              0
Stats[(nil), 22]:              0
Stats[(nil), 23]:              0
Stats[(nil), 24]:              0
Stats[(nil), 25]:              0
Stats[(nil), 26]:              0
Stats[(nil), 27]:              0
Stats[(nil), 28]:              0
Stats[(nil), 29]:              0
Stats[(nil), 30]:              0
Stats[(nil), 31]:    0.006826607
