Numbers: 12000, pid: 9282 Space Used : 24000 Time Stamp : 1533540128106
Time(microseconds): 3935.000000
Stats[(nil), 0]:        4034621
Stats[(nil), 1]:        4034029
Stats[(nil), 2]:              0
Stats[(nil), 3]:              0
Stats[(nil), 4]:             11
Stats[(nil), 5]:             11
Stats[(nil), 6]:              0
Stats[(nil), 7]:          10505
Stats[(nil), 8]:        7428679
Stats[(nil), 9]:           3773
Stats[(nil), 10]:            936
Stats[(nil), 11]:        1684531
Stats[(nil), 12]:         104185
Stats[(nil), 13]:              0
Stats[(nil), 14]:              0
Stats[(nil), 15]:              0
Stats[(nil), 16]:              0
Stats[(nil), 17]:              0
Stats[(nil), 18]:              0
Stats[(nil), 19]:              0
Stats[(nil), 20]:              0
Stats[(nil), 21]:              0
Stats[(nil), 22]:              0
Stats[(nil), 23]:              0
Stats[(nil), 24]:              0
Stats[(nil), 25]:              0
Stats[(nil), 26]:              0
Stats[(nil), 27]:              0
Stats[(nil), 28]:              0
Stats[(nil), 29]:              0
Stats[(nil), 30]:              0
Stats[(nil), 31]:    0.006119599
