Numbers: 12500, pid: 9288 Space Used : 25000 Time Stamp : 1533540128137
Time(microseconds): 5516.000000
Stats[(nil), 0]:        5601457
Stats[(nil), 1]:        5600693
Stats[(nil), 2]:              1
Stats[(nil), 3]:              0
Stats[(nil), 4]:             12
Stats[(nil), 5]:             12
Stats[(nil), 6]:              0
Stats[(nil), 7]:        3736713
Stats[(nil), 8]:       13175022
Stats[(nil), 9]:           5629
Stats[(nil), 10]:            916
Stats[(nil), 11]:        1757264
Stats[(nil), 12]:          68512
Stats[(nil), 13]:              0
Stats[(nil), 14]:              0
Stats[(nil), 15]:              0
Stats[(nil), 16]:              0
Stats[(nil), 17]:              0
Stats[(nil), 18]:              0
Stats[(nil), 19]:              0
Stats[(nil), 20]:              0
Stats[(nil), 21]:              0
Stats[(nil), 22]:              0
Stats[(nil), 23]:              0
Stats[(nil), 24]:              0
Stats[(nil), 25]:              0
Stats[(nil), 26]:              0
Stats[(nil), 27]:              0
Stats[(nil), 28]:              0
Stats[(nil), 29]:              0
Stats[(nil), 30]:              0
Stats[(nil), 31]:    0.007487474
