Numbers: 12500, pid: 9290 Space Used : 25000 Time Stamp : 1533540128147
Time(microseconds): 5564.000000
Stats[(nil), 0]:        5665856
Stats[(nil), 1]:        5665346
Stats[(nil), 2]:              1
Stats[(nil), 3]:              0
Stats[(nil), 4]:             12
Stats[(nil), 5]:             12
Stats[(nil), 6]:              0
Stats[(nil), 7]:        6105943
Stats[(nil), 8]:       13423380
Stats[(nil), 9]:           4380
Stats[(nil), 10]:           1242
Stats[(nil), 11]:        1755706
Stats[(nil), 12]:          43118
Stats[(nil), 13]:              0
Stats[(nil), 14]:              0
Stats[(nil), 15]:              0
Stats[(nil), 16]:              0
Stats[(nil), 17]:              0
Stats[(nil), 18]:              0
Stats[(nil), 19]:              0
Stats[(nil), 20]:              0
Stats[(nil), 21]:              0
Stats[(nil), 22]:              0
Stats[(nil), 23]:              0
Stats[(nil), 24]:              0
Stats[(nil), 25]:              0
Stats[(nil), 26]:              0
Stats[(nil), 27]:              0
Stats[(nil), 28]:              0
Stats[(nil), 29]:              0
Stats[(nil), 30]:              0
Stats[(nil), 31]:    0.007865973
