Numbers: 12500, pid: 9292 Space Used : 25000 Time Stamp : 1533540128156
Time(microseconds): 4288.000000
Stats[(nil), 0]:        4398887
Stats[(nil), 1]:        4397818
Stats[(nil), 2]:              0
Stats[(nil), 3]:              0
Stats[(nil), 4]:             12
Stats[(nil), 5]:             12
Stats[(nil), 6]:              0
Stats[(nil), 7]:        1960626
Stats[(nil), 8]:       13413657
Stats[(nil), 9]:           2439
Stats[(nil), 10]:            838
Stats[(nil), 11]:        1753846
Stats[(nil), 12]:          87907
Stats[(nil), 13]:              0
Stats[(nil), 14]:              0
Stats[(nil), 15]:              0
Stats[(nil), 16]:              0
Stats[(nil), 17]:              0
Stats[(nil), 18]:              0
Stats[(nil), 19]:              0
Stats[(nil), 20]:              0
Stats[(nil), 21]:              0
Stats[(nil), 22]:              0
Stats[(nil), 23]:              0
Stats[(nil), 24]:              0
Stats[(nil), 25]:              0
Stats[(nil), 26]:              0
Stats[(nil), 27]:              0
Stats[(nil), 28]:              0
Stats[(nil), 29]:              0
Stats[(nil), 30]:              0
Stats[(nil), 31]:    0.006568060
