Numbers: 13000, pid: 9296 Space Used : 26000 Time Stamp : 1533540128174
Time(microseconds): 4241.000000
Stats[(nil), 0]:        4346154
Stats[(nil), 1]:        4344251
Stats[(nil), 2]:              1
Stats[(nil), 3]:              0
Stats[(nil), 4]:             12
Stats[(nil), 5]:             12
Stats[(nil), 6]:              0
Stats[(nil), 7]:        5881937
Stats[(nil), 8]:       13983911
Stats[(nil), 9]:           2830
Stats[(nil), 10]:            874
Stats[(nil), 11]:        1826731
Stats[(nil), 12]:          48616
Stats[(nil), 13]:              0
Stats[(nil), 14]:              0
Stats[(nil), 15]:              0
Stats[(nil), 16]:              0
Stats[(nil), 17]:              0
Stats[(nil), 18]:              0
Stats[(nil), 19]:              0
Stats[(nil), 20]:              0
Stats[(nil), 21]:              0
Stats[(nil), 22]:              0
Stats[(nil), 23]:              0
Stats[(nil), 24]:              0
Stats[(nil), 25]:              0
Stats[(nil), 26]:              0
Stats[(nil), 27]:              0
Stats[(nil), 28]:              0
Stats[(nil), 29]:              0
Stats[(nil), 30]:              0
Stats[(nil), 31]:    0.006589703
