Numbers: 13000, pid: 9298 Space Used : 26000 Time Stamp : 1533540128184
Time(microseconds): 5197.000000
Stats[(nil), 0]:        5296246
Stats[(nil), 1]:        5294800
Stats[(nil), 2]:              1
Stats[(nil), 3]:              0
Stats[(nil), 4]:             12
Stats[(nil), 5]:             12
Stats[(nil), 6]:              0
Stats[(nil), 7]:        4695793
Stats[(nil), 8]:       13985727
Stats[(nil), 9]:           2843
Stats[(nil), 10]:            922
Stats[(nil), 11]:        1827019
Stats[(nil), 12]:          64367
Stats[(nil), 13]:              0
Stats[(nil), 14]:              0
Stats[(nil), 15]:              0
Stats[(nil), 16]:              0
Stats[(nil), 17]:              0
Stats[(nil), 18]:              0
Stats[(nil), 19]:              0
Stats[(nil), 20]:              0
Stats[(nil), 21]:              0
Stats[(nil), 22]:              0
Stats[(nil), 23]:              0
Stats[(nil), 24]:              0
Stats[(nil), 25]:              0
Stats[(nil), 26]:              0
Stats[(nil), 27]:              0
Stats[(nil), 28]:              0
Stats[(nil), 29]:              0
Stats[(nil), 30]:              0
Stats[(nil), 31]:    0.007796386
