Numbers: 13000, pid: 9300 Space Used : 26000 Time Stamp : 1533540128194
Time(microseconds): 5371.000000
Stats[(nil), 0]:        5521177
Stats[(nil), 1]:        5519672
Stats[(nil), 2]:              0
Stats[(nil), 3]:              0
Stats[(nil), 4]:             12
Stats[(nil), 5]:             12
Stats[(nil), 6]:              0
Stats[(nil), 7]:        6752145
Stats[(nil), 8]:       13991026
Stats[(nil), 9]:           4428
Stats[(nil), 10]:           1509
Stats[(nil), 11]:        1827795
Stats[(nil), 12]:          41606
Stats[(nil), 13]:              0
Stats[(nil), 14]:              0
Stats[(nil), 15]:              0
Stats[(nil), 16]:              0
Stats[(nil), 17]:              0
Stats[(nil), 18]:              0
Stats[(nil), 19]:              0
Stats[(nil), 20]:              0
Stats[(nil), 21]:              0
Stats[(nil), 22]:              0
Stats[(nil), 23]:              0
Stats[(nil), 24]:              0
Stats[(nil), 25]:              0
Stats[(nil), 26]:              0
Stats[(nil), 27]:              0
Stats[(nil), 28]:              0
Stats[(nil), 29]:              0
Stats[(nil), 30]:              0
Stats[(nil), 31]:    0.008350466
