Numbers: 13000, pid: 9302 Space Used : 26000 Time Stamp : 1533540128203
Time(microseconds): 4475.000000
Stats[(nil), 0]:        4586603
Stats[(nil), 1]:        4585246
Stats[(nil), 2]:              1
Stats[(nil), 3]:              0
Stats[(nil), 4]:             12
Stats[(nil), 5]:             12
Stats[(nil), 6]:              0
Stats[(nil), 7]:        4190481
Stats[(nil), 8]:       13986886
Stats[(nil), 9]:           2670
Stats[(nil), 10]:            830
Stats[(nil), 11]:        1827266
Stats[(nil), 12]:          68534
Stats[(nil), 13]:              0
Stats[(nil), 14]:              0
Stats[(nil), 15]:              0
Stats[(nil), 16]:              0
Stats[(nil), 17]:              0
Stats[(nil), 18]:              0
Stats[(nil), 19]:              0
Stats[(nil), 20]:              0
Stats[(nil), 21]:              0
Stats[(nil), 22]:              0
Stats[(nil), 23]:              0
Stats[(nil), 24]:              0
Stats[(nil), 25]:              0
Stats[(nil), 26]:              0
Stats[(nil), 27]:              0
Stats[(nil), 28]:              0
Stats[(nil), 29]:              0
Stats[(nil), 30]:              0
Stats[(nil), 31]:    0.006963837
