Numbers: 13500, pid: 9308 Space Used : 27000 Time Stamp : 1533540128235
Time(microseconds): 5690.000000
Stats[(nil), 0]:        5852712
Stats[(nil), 1]:        5849982
Stats[(nil), 2]:              1
Stats[(nil), 3]:              0
Stats[(nil), 4]:             13
Stats[(nil), 5]:             13
Stats[(nil), 6]:              0
Stats[(nil), 7]:        5511700
Stats[(nil), 8]:       14562839
Stats[(nil), 9]:           3910
Stats[(nil), 10]:           1234
Stats[(nil), 11]:        1901309
Stats[(nil), 12]:          59244
Stats[(nil), 13]:              0
Stats[(nil), 14]:              0
Stats[(nil), 15]:              0
Stats[(nil), 16]:              0
Stats[(nil), 17]:              0
Stats[(nil), 18]:              0
Stats[(nil), 19]:              0
Stats[(nil), 20]:              0
Stats[(nil), 21]:              0
Stats[(nil), 22]:              0
Stats[(nil), 23]:              0
Stats[(nil), 24]:              0
Stats[(nil), 25]:              0
Stats[(nil), 26]:              0
Stats[(nil), 27]:              0
Stats[(nil), 28]:              0
Stats[(nil), 29]:              0
Stats[(nil), 30]:              0
Stats[(nil), 31]:    0.008702939
