Numbers: 13500, pid: 9310 Space Used : 27000 Time Stamp : 1533540128249
Time(microseconds): 7918.000000
Stats[(nil), 0]:        8076450
Stats[(nil), 1]:        8074866
Stats[(nil), 2]:              1
Stats[(nil), 3]:              0
Stats[(nil), 4]:             13
Stats[(nil), 5]:             13
Stats[(nil), 6]:              0
Stats[(nil), 7]:        5452068
Stats[(nil), 8]:       14255218
Stats[(nil), 9]:           5514
Stats[(nil), 10]:           1097
Stats[(nil), 11]:        1901608
Stats[(nil), 12]:          64260
Stats[(nil), 13]:              0
Stats[(nil), 14]:              0
Stats[(nil), 15]:              0
Stats[(nil), 16]:              0
Stats[(nil), 17]:              0
Stats[(nil), 18]:              0
Stats[(nil), 19]:              0
Stats[(nil), 20]:              0
Stats[(nil), 21]:              0
Stats[(nil), 22]:              0
Stats[(nil), 23]:              0
Stats[(nil), 24]:              0
Stats[(nil), 25]:              0
Stats[(nil), 26]:              0
Stats[(nil), 27]:              0
Stats[(nil), 28]:              0
Stats[(nil), 29]:              0
Stats[(nil), 30]:              0
Stats[(nil), 31]:    0.011057221
