Numbers: 13500, pid: 9312 Space Used : 27000 Time Stamp : 1533540128256
Time(microseconds): 3742.000000
Stats[(nil), 0]:        3855076
Stats[(nil), 1]:        3854011
Stats[(nil), 2]:              0
Stats[(nil), 3]:              0
Stats[(nil), 4]:             13
Stats[(nil), 5]:             13
Stats[(nil), 6]:              0
Stats[(nil), 7]:          34582
Stats[(nil), 8]:       14550677
Stats[(nil), 9]:           2230
Stats[(nil), 10]:            893
Stats[(nil), 11]:        1898592
Stats[(nil), 12]:         120502
Stats[(nil), 13]:              0
Stats[(nil), 14]:              0
Stats[(nil), 15]:              0
Stats[(nil), 16]:              0
Stats[(nil), 17]:              0
Stats[(nil), 18]:              0
Stats[(nil), 19]:              0
Stats[(nil), 20]:              0
Stats[(nil), 21]:              0
Stats[(nil), 22]:              0
Stats[(nil), 23]:              0
Stats[(nil), 24]:              0
Stats[(nil), 25]:              0
Stats[(nil), 26]:              0
Stats[(nil), 27]:              0
Stats[(nil), 28]:              0
Stats[(nil), 29]:              0
Stats[(nil), 30]:              0
Stats[(nil), 31]:    0.005748375
