Numbers: 14000, pid: 9314 Space Used : 28000 Time Stamp : 1533540128267
Time(microseconds): 6489.000000
Stats[(nil), 0]:        6592712
Stats[(nil), 1]:        6592182
Stats[(nil), 2]:              0
Stats[(nil), 3]:              0
Stats[(nil), 4]:             14
Stats[(nil), 5]:             14
Stats[(nil), 6]:              0
Stats[(nil), 7]:         298598
Stats[(nil), 8]:       10878951
Stats[(nil), 9]:           4761
Stats[(nil), 10]:           1212
Stats[(nil), 11]:        1972271
Stats[(nil), 12]:         123611
Stats[(nil), 13]:              0
Stats[(nil), 14]:              0
Stats[(nil), 15]:              0
Stats[(nil), 16]:              0
Stats[(nil), 17]:              0
Stats[(nil), 18]:              0
Stats[(nil), 19]:              0
Stats[(nil), 20]:              0
Stats[(nil), 21]:              0
Stats[(nil), 22]:              0
Stats[(nil), 23]:              0
Stats[(nil), 24]:              0
Stats[(nil), 25]:              0
Stats[(nil), 26]:              0
Stats[(nil), 27]:              0
Stats[(nil), 28]:              0
Stats[(nil), 29]:              0
Stats[(nil), 30]:              0
Stats[(nil), 31]:    0.009046224
