Numbers: 14000, pid: 9316 Space Used : 28000 Time Stamp : 1533540128276
Time(microseconds): 4593.000000
Stats[(nil), 0]:        4693341
Stats[(nil), 1]:        4692432
Stats[(nil), 2]:              1
Stats[(nil), 3]:              0
Stats[(nil), 4]:             14
Stats[(nil), 5]:             14
Stats[(nil), 6]:              0
Stats[(nil), 7]:        2783129
Stats[(nil), 8]:       15132201
Stats[(nil), 9]:           3062
Stats[(nil), 10]:            897
Stats[(nil), 11]:        1973174
Stats[(nil), 12]:          94412
Stats[(nil), 13]:              0
Stats[(nil), 14]:              0
Stats[(nil), 15]:              0
Stats[(nil), 16]:              0
Stats[(nil), 17]:              0
Stats[(nil), 18]:              0
Stats[(nil), 19]:              0
Stats[(nil), 20]:              0
Stats[(nil), 21]:              0
Stats[(nil), 22]:              0
Stats[(nil), 23]:              0
Stats[(nil), 24]:              0
Stats[(nil), 25]:              0
Stats[(nil), 26]:              0
Stats[(nil), 27]:              0
Stats[(nil), 28]:              0
Stats[(nil), 29]:              0
Stats[(nil), 30]:              0
Stats[(nil), 31]:    0.007015660
