Numbers: 14000, pid: 9322 Space Used : 28000 Time Stamp : 1533540128312
Time(microseconds): 5711.000000
Stats[(nil), 0]:        5835583
Stats[(nil), 1]:        5834527
Stats[(nil), 2]:              0
Stats[(nil), 3]:              0
Stats[(nil), 4]:             14
Stats[(nil), 5]:             14
Stats[(nil), 6]:              0
Stats[(nil), 7]:        5144239
Stats[(nil), 8]:       15122638
Stats[(nil), 9]:           3000
Stats[(nil), 10]:           1146
Stats[(nil), 11]:        1971177
Stats[(nil), 12]:          67636
Stats[(nil), 13]:              0
Stats[(nil), 14]:              0
Stats[(nil), 15]:              0
Stats[(nil), 16]:              0
Stats[(nil), 17]:              0
Stats[(nil), 18]:              0
Stats[(nil), 19]:              0
Stats[(nil), 20]:              0
Stats[(nil), 21]:              0
Stats[(nil), 22]:              0
Stats[(nil), 23]:              0
Stats[(nil), 24]:              0
Stats[(nil), 25]:              0
Stats[(nil), 26]:              0
Stats[(nil), 27]:              0
Stats[(nil), 28]:              0
Stats[(nil), 29]:              0
Stats[(nil), 30]:              0
Stats[(nil), 31]:    0.008626777
