Numbers: 14500, pid: 9328 Space Used : 29000 Time Stamp : 1533540128346
Time(microseconds): 6906.000000
Stats[(nil), 0]:        7012860
Stats[(nil), 1]:        7011054
Stats[(nil), 2]:              2
Stats[(nil), 3]:              0
Stats[(nil), 4]:             14
Stats[(nil), 5]:             14
Stats[(nil), 6]:              0
Stats[(nil), 7]:        3887342
Stats[(nil), 8]:       12997445
Stats[(nil), 9]:           7468
Stats[(nil), 10]:           1473
Stats[(nil), 11]:        2050099
Stats[(nil), 12]:          88615
Stats[(nil), 13]:              0
Stats[(nil), 14]:              0
Stats[(nil), 15]:              0
Stats[(nil), 16]:              0
Stats[(nil), 17]:              0
Stats[(nil), 18]:              0
Stats[(nil), 19]:              0
Stats[(nil), 20]:              0
Stats[(nil), 21]:              0
Stats[(nil), 22]:              0
Stats[(nil), 23]:              0
Stats[(nil), 24]:              0
Stats[(nil), 25]:              0
Stats[(nil), 26]:              0
Stats[(nil), 27]:              0
Stats[(nil), 28]:              0
Stats[(nil), 29]:              0
Stats[(nil), 30]:              0
Stats[(nil), 31]:    0.010205020
