Numbers: 14500, pid: 9330 Space Used : 29000 Time Stamp : 1533540128358
Time(microseconds): 7164.000000
Stats[(nil), 0]:        7261515
Stats[(nil), 1]:        7260972
Stats[(nil), 2]:              0
Stats[(nil), 3]:              0
Stats[(nil), 4]:             14
Stats[(nil), 5]:             14
Stats[(nil), 6]:              0
Stats[(nil), 7]:        4517263
Stats[(nil), 8]:       13811541
Stats[(nil), 9]:           3895
Stats[(nil), 10]:           1024
Stats[(nil), 11]:        2046002
Stats[(nil), 12]:          78178
Stats[(nil), 13]:              0
Stats[(nil), 14]:              0
Stats[(nil), 15]:              0
Stats[(nil), 16]:              0
Stats[(nil), 17]:              0
Stats[(nil), 18]:              0
Stats[(nil), 19]:              0
Stats[(nil), 20]:              0
Stats[(nil), 21]:              0
Stats[(nil), 22]:              0
Stats[(nil), 23]:              0
Stats[(nil), 24]:              0
Stats[(nil), 25]:              0
Stats[(nil), 26]:              0
Stats[(nil), 27]:              0
Stats[(nil), 28]:              0
Stats[(nil), 29]:              0
Stats[(nil), 30]:              0
Stats[(nil), 31]:    0.010005057
