Numbers: 15000, pid: 9334 Space Used : 30000 Time Stamp : 1533540128377
Time(microseconds): 5199.000000
Stats[(nil), 0]:        5300290
Stats[(nil), 1]:        5299188
Stats[(nil), 2]:              1
Stats[(nil), 3]:              0
Stats[(nil), 4]:             16
Stats[(nil), 5]:             16
Stats[(nil), 6]:              0
Stats[(nil), 7]:         699008
Stats[(nil), 8]:       13539285
Stats[(nil), 9]:           4336
Stats[(nil), 10]:            882
Stats[(nil), 11]:        2120055
Stats[(nil), 12]:         124345
Stats[(nil), 13]:              0
Stats[(nil), 14]:              0
Stats[(nil), 15]:              0
Stats[(nil), 16]:              0
Stats[(nil), 17]:              0
Stats[(nil), 18]:              0
Stats[(nil), 19]:              0
Stats[(nil), 20]:              0
Stats[(nil), 21]:              0
Stats[(nil), 22]:              0
Stats[(nil), 23]:              0
Stats[(nil), 24]:              0
Stats[(nil), 25]:              0
Stats[(nil), 26]:              0
Stats[(nil), 27]:              0
Stats[(nil), 28]:              0
Stats[(nil), 29]:              0
Stats[(nil), 30]:              0
Stats[(nil), 31]:    0.008024384
