Numbers: 15000, pid: 9336 Space Used : 30000 Time Stamp : 1533540128392
Time(microseconds): 8008.000000
Stats[(nil), 0]:        8183852
Stats[(nil), 1]:        8181874
Stats[(nil), 2]:              0
Stats[(nil), 3]:              0
Stats[(nil), 4]:             16
Stats[(nil), 5]:             16
Stats[(nil), 6]:              0
Stats[(nil), 7]:         466381
Stats[(nil), 8]:        8801243
Stats[(nil), 9]:           3271
Stats[(nil), 10]:            983
Stats[(nil), 11]:        2117323
Stats[(nil), 12]:         126668
Stats[(nil), 13]:              0
Stats[(nil), 14]:              0
Stats[(nil), 15]:              0
Stats[(nil), 16]:              0
Stats[(nil), 17]:              0
Stats[(nil), 18]:              0
Stats[(nil), 19]:              0
Stats[(nil), 20]:              0
Stats[(nil), 21]:              0
Stats[(nil), 22]:              0
Stats[(nil), 23]:              0
Stats[(nil), 24]:              0
Stats[(nil), 25]:              0
Stats[(nil), 26]:              0
Stats[(nil), 27]:              0
Stats[(nil), 28]:              0
Stats[(nil), 29]:              0
Stats[(nil), 30]:              0
Stats[(nil), 31]:    0.012438769
