Numbers: 15000, pid: 9338 Space Used : 30000 Time Stamp : 1533540128402
Time(microseconds): 4244.000000
Stats[(nil), 0]:        4349554
Stats[(nil), 1]:        4346050
Stats[(nil), 2]:              1
Stats[(nil), 3]:              0
Stats[(nil), 4]:             16
Stats[(nil), 5]:             16
Stats[(nil), 6]:              0
Stats[(nil), 7]:          14591
Stats[(nil), 8]:       11171621
Stats[(nil), 9]:           3397
Stats[(nil), 10]:           1392
Stats[(nil), 11]:        2117901
Stats[(nil), 12]:         131546
Stats[(nil), 13]:              0
Stats[(nil), 14]:              0
Stats[(nil), 15]:              0
Stats[(nil), 16]:              0
Stats[(nil), 17]:              0
Stats[(nil), 18]:              0
Stats[(nil), 19]:              0
Stats[(nil), 20]:              0
Stats[(nil), 21]:              0
Stats[(nil), 22]:              0
Stats[(nil), 23]:              0
Stats[(nil), 24]:              0
Stats[(nil), 25]:              0
Stats[(nil), 26]:              0
Stats[(nil), 27]:              0
Stats[(nil), 28]:              0
Stats[(nil), 29]:              0
Stats[(nil), 30]:              0
Stats[(nil), 31]:    0.007243934
