Numbers: 15000, pid: 9340 Space Used : 30000 Time Stamp : 1533540128412
Time(microseconds): 5628.000000
Stats[(nil), 0]:        5698436
Stats[(nil), 1]:        5698308
Stats[(nil), 2]:              2
Stats[(nil), 3]:              0
Stats[(nil), 4]:             16
Stats[(nil), 5]:             16
Stats[(nil), 6]:              0
Stats[(nil), 7]:        6257569
Stats[(nil), 8]:       16282627
Stats[(nil), 9]:           6462
Stats[(nil), 10]:           1474
Stats[(nil), 11]:        2119677
Stats[(nil), 12]:          63896
Stats[(nil), 13]:              0
Stats[(nil), 14]:              0
Stats[(nil), 15]:              0
Stats[(nil), 16]:              0
Stats[(nil), 17]:              0
Stats[(nil), 18]:              0
Stats[(nil), 19]:              0
Stats[(nil), 20]:              0
Stats[(nil), 21]:              0
Stats[(nil), 22]:              0
Stats[(nil), 23]:              0
Stats[(nil), 24]:              0
Stats[(nil), 25]:              0
Stats[(nil), 26]:              0
Stats[(nil), 27]:              0
Stats[(nil), 28]:              0
Stats[(nil), 29]:              0
Stats[(nil), 30]:              0
Stats[(nil), 31]:    0.008047227
