Numbers: 15000, pid: 9342 Space Used : 30000 Time Stamp : 1533540128422
Time(microseconds): 5488.000000
Stats[(nil), 0]:        5570437
Stats[(nil), 1]:        5569901
Stats[(nil), 2]:              1
Stats[(nil), 3]:              0
Stats[(nil), 4]:             16
Stats[(nil), 5]:             16
Stats[(nil), 6]:              0
Stats[(nil), 7]:        1264899
Stats[(nil), 8]:       13682978
Stats[(nil), 9]:           3990
Stats[(nil), 10]:           1132
Stats[(nil), 11]:        2119570
Stats[(nil), 12]:         118173
Stats[(nil), 13]:              0
Stats[(nil), 14]:              0
Stats[(nil), 15]:              0
Stats[(nil), 16]:              0
Stats[(nil), 17]:              0
Stats[(nil), 18]:              0
Stats[(nil), 19]:              0
Stats[(nil), 20]:              0
Stats[(nil), 21]:              0
Stats[(nil), 22]:              0
Stats[(nil), 23]:              0
Stats[(nil), 24]:              0
Stats[(nil), 25]:              0
Stats[(nil), 26]:              0
Stats[(nil), 27]:              0
Stats[(nil), 28]:              0
Stats[(nil), 29]:              0
Stats[(nil), 30]:              0
Stats[(nil), 31]:    0.007878061
