Numbers: 15500, pid: 9348 Space Used : 31000 Time Stamp : 1533540128457
Time(microseconds): 5846.000000
Stats[(nil), 0]:        5942942
Stats[(nil), 1]:        5942796
Stats[(nil), 2]:              0
Stats[(nil), 3]:              0
Stats[(nil), 4]:             16
Stats[(nil), 5]:             16
Stats[(nil), 6]:              0
Stats[(nil), 7]:        3732582
Stats[(nil), 8]:       16617951
Stats[(nil), 9]:           4284
Stats[(nil), 10]:           1087
Stats[(nil), 11]:        2190963
Stats[(nil), 12]:         103523
Stats[(nil), 13]:              0
Stats[(nil), 14]:              0
Stats[(nil), 15]:           -nan
Stats[(nil), 16]:              0
Stats[(nil), 17]:           -nan
Stats[(nil), 18]:              0
Stats[(nil), 19]:              0
Stats[(nil), 20]:              0
Stats[(nil), 21]:              0
Stats[(nil), 22]:              0
Stats[(nil), 23]:              0
Stats[(nil), 24]:              0
Stats[(nil), 25]:              0
Stats[(nil), 26]:              0
Stats[(nil), 27]:              0
Stats[(nil), 28]:              0
Stats[(nil), 29]:              0
Stats[(nil), 30]:              0
Stats[(nil), 31]:    0.008816527
