Numbers: 15500, pid: 9352 Space Used : 31000 Time Stamp : 1533540128480
Time(microseconds): 6893.000000
Stats[(nil), 0]:        7022698
Stats[(nil), 1]:        7021836
Stats[(nil), 2]:              0
Stats[(nil), 3]:              0
Stats[(nil), 4]:             16
Stats[(nil), 5]:             16
Stats[(nil), 6]:              0
Stats[(nil), 7]:        6462245
Stats[(nil), 8]:       16841404
Stats[(nil), 9]:           3295
Stats[(nil), 10]:            919
Stats[(nil), 11]:        2189346
Stats[(nil), 12]:          65100
Stats[(nil), 13]:              0
Stats[(nil), 14]:              0
Stats[(nil), 15]:           -nan
Stats[(nil), 16]:              0
Stats[(nil), 17]:           -nan
Stats[(nil), 18]:              0
Stats[(nil), 19]:              0
Stats[(nil), 20]:              0
Stats[(nil), 21]:              0
Stats[(nil), 22]:              0
Stats[(nil), 23]:              0
Stats[(nil), 24]:              0
Stats[(nil), 25]:              0
Stats[(nil), 26]:              0
Stats[(nil), 27]:              0
Stats[(nil), 28]:              0
Stats[(nil), 29]:              0
Stats[(nil), 30]:              0
Stats[(nil), 31]:    0.009967362
