Numbers: 16000, pid: 9354 Space Used : 32000 Time Stamp : 1533540128490
Time(microseconds): 5178.000000
Stats[(nil), 0]:        5298824
Stats[(nil), 1]:        5297990
Stats[(nil), 2]:              0
Stats[(nil), 3]:              0
Stats[(nil), 4]:             16
Stats[(nil), 5]:             16
Stats[(nil), 6]:              0
Stats[(nil), 7]:        9296005
Stats[(nil), 8]:       17412283
Stats[(nil), 9]:           3401
Stats[(nil), 10]:            545
Stats[(nil), 11]:        2261394
Stats[(nil), 12]:          34559
Stats[(nil), 13]:              0
Stats[(nil), 14]:              0
Stats[(nil), 15]:           -nan
Stats[(nil), 16]:              0
Stats[(nil), 17]:           -nan
Stats[(nil), 18]:              0
Stats[(nil), 19]:              0
Stats[(nil), 20]:              0
Stats[(nil), 21]:              0
Stats[(nil), 22]:              0
Stats[(nil), 23]:              0
Stats[(nil), 24]:              0
Stats[(nil), 25]:              0
Stats[(nil), 26]:              0
Stats[(nil), 27]:              0
Stats[(nil), 28]:              0
Stats[(nil), 29]:              0
Stats[(nil), 30]:              0
Stats[(nil), 31]:    0.007859070
