Numbers: 16000, pid: 9356 Space Used : 32000 Time Stamp : 1533540128504
Time(microseconds): 7398.000000
Stats[(nil), 0]:        7625076
Stats[(nil), 1]:        7620575
Stats[(nil), 2]:              2
Stats[(nil), 3]:              0
Stats[(nil), 4]:             16
Stats[(nil), 5]:             16
Stats[(nil), 6]:              0
Stats[(nil), 7]:         386011
Stats[(nil), 8]:        9863147
Stats[(nil), 9]:           5489
Stats[(nil), 10]:           2235
Stats[(nil), 11]:        2266553
Stats[(nil), 12]:         133271
Stats[(nil), 13]:              0
Stats[(nil), 14]:              0
Stats[(nil), 15]:           -nan
Stats[(nil), 16]:              0
Stats[(nil), 17]:           -nan
Stats[(nil), 18]:              0
Stats[(nil), 19]:              0
Stats[(nil), 20]:              0
Stats[(nil), 21]:              0
Stats[(nil), 22]:              0
Stats[(nil), 23]:              0
Stats[(nil), 24]:              0
Stats[(nil), 25]:              0
Stats[(nil), 26]:              0
Stats[(nil), 27]:              0
Stats[(nil), 28]:              0
Stats[(nil), 29]:              0
Stats[(nil), 30]:              0
Stats[(nil), 31]:    0.011362734
