Numbers: 16000, pid: 9358 Space Used : 32000 Time Stamp : 1533540128518
Time(microseconds): 7412.000000
Stats[(nil), 0]:        7561147
Stats[(nil), 1]:        7559581
Stats[(nil), 2]:              0
Stats[(nil), 3]:              0
Stats[(nil), 4]:             16
Stats[(nil), 5]:             16
Stats[(nil), 6]:              0
Stats[(nil), 7]:        4529054
Stats[(nil), 8]:       15245533
Stats[(nil), 9]:           5547
Stats[(nil), 10]:           1897
Stats[(nil), 11]:        2263564
Stats[(nil), 12]:          88752
Stats[(nil), 13]:              0
Stats[(nil), 14]:              0
Stats[(nil), 15]:           -nan
Stats[(nil), 16]:              0
Stats[(nil), 17]:           -nan
Stats[(nil), 18]:              0
Stats[(nil), 19]:              0
Stats[(nil), 20]:              0
Stats[(nil), 21]:              0
Stats[(nil), 22]:              0
Stats[(nil), 23]:              0
Stats[(nil), 24]:              0
Stats[(nil), 25]:              0
Stats[(nil), 26]:              0
Stats[(nil), 27]:              0
Stats[(nil), 28]:              0
Stats[(nil), 29]:              0
Stats[(nil), 30]:              0
Stats[(nil), 31]:    0.011649465
