Numbers: 16000, pid: 9360 Space Used : 32000 Time Stamp : 1533540128529
Time(microseconds): 6506.000000
Stats[(nil), 0]:        6614906
Stats[(nil), 1]:        6614113
Stats[(nil), 2]:              1
Stats[(nil), 3]:              0
Stats[(nil), 4]:             16
Stats[(nil), 5]:             16
Stats[(nil), 6]:              0
Stats[(nil), 7]:        4375449
Stats[(nil), 8]:       16245219
Stats[(nil), 9]:           5152
Stats[(nil), 10]:           1193
Stats[(nil), 11]:        2263955
Stats[(nil), 12]:          88541
Stats[(nil), 13]:              0
Stats[(nil), 14]:              0
Stats[(nil), 15]:           -nan
Stats[(nil), 16]:              0
Stats[(nil), 17]:           -nan
Stats[(nil), 18]:              0
Stats[(nil), 19]:              0
Stats[(nil), 20]:              0
Stats[(nil), 21]:              0
Stats[(nil), 22]:              0
Stats[(nil), 23]:              0
Stats[(nil), 24]:              0
Stats[(nil), 25]:              0
Stats[(nil), 26]:              0
Stats[(nil), 27]:              0
Stats[(nil), 28]:              0
Stats[(nil), 29]:              0
Stats[(nil), 30]:              0
Stats[(nil), 31]:    0.009484497
