Numbers: 16000, pid: 9362 Space Used : 32000 Time Stamp : 1533540128542
Time(microseconds): 7381.000000
Stats[(nil), 0]:        7520289
Stats[(nil), 1]:        7519674
Stats[(nil), 2]:              0
Stats[(nil), 3]:              0
Stats[(nil), 4]:             16
Stats[(nil), 5]:             16
Stats[(nil), 6]:              0
Stats[(nil), 7]:        3804130
Stats[(nil), 8]:       15204956
Stats[(nil), 9]:           4115
Stats[(nil), 10]:            949
Stats[(nil), 11]:        2262962
Stats[(nil), 12]:          95249
Stats[(nil), 13]:              0
Stats[(nil), 14]:              0
Stats[(nil), 15]:           -nan
Stats[(nil), 16]:              0
Stats[(nil), 17]:           -nan
Stats[(nil), 18]:              0
Stats[(nil), 19]:              0
Stats[(nil), 20]:              0
Stats[(nil), 21]:              0
Stats[(nil), 22]:              0
Stats[(nil), 23]:              0
Stats[(nil), 24]:              0
Stats[(nil), 25]:              0
Stats[(nil), 26]:              0
Stats[(nil), 27]:              0
Stats[(nil), 28]:              0
Stats[(nil), 29]:              0
Stats[(nil), 30]:              0
Stats[(nil), 31]:    0.010876487
