Numbers: 16500, pid: 9366 Space Used : 33000 Time Stamp : 1533540128564
Time(microseconds): 6078.000000
Stats[(nil), 0]:        6180850
Stats[(nil), 1]:        6179740
Stats[(nil), 2]:              1
Stats[(nil), 3]:              0
Stats[(nil), 4]:             16
Stats[(nil), 5]:             16
Stats[(nil), 6]:              0
Stats[(nil), 7]:        6423866
Stats[(nil), 8]:       17995434
Stats[(nil), 9]:           5090
Stats[(nil), 10]:           1344
Stats[(nil), 11]:        2335500
Stats[(nil), 12]:          69406
Stats[(nil), 13]:              0
Stats[(nil), 14]:              0
Stats[(nil), 15]:           -nan
Stats[(nil), 16]:              0
Stats[(nil), 17]:           -nan
Stats[(nil), 18]:              0
Stats[(nil), 19]:              0
Stats[(nil), 20]:              0
Stats[(nil), 21]:              0
Stats[(nil), 22]:              0
Stats[(nil), 23]:              0
Stats[(nil), 24]:              0
Stats[(nil), 25]:              0
Stats[(nil), 26]:              0
Stats[(nil), 27]:              0
Stats[(nil), 28]:              0
Stats[(nil), 29]:              0
Stats[(nil), 30]:              0
Stats[(nil), 31]:    0.009099859
