Numbers: 16500, pid: 9370 Space Used : 33000 Time Stamp : 1533540128591
Time(microseconds): 8186.000000
Stats[(nil), 0]:        8393583
Stats[(nil), 1]:        8390596
Stats[(nil), 2]:              1
Stats[(nil), 3]:              0
Stats[(nil), 4]:             16
Stats[(nil), 5]:             16
Stats[(nil), 6]:              0
Stats[(nil), 7]:        2827707
Stats[(nil), 8]:       11523476
Stats[(nil), 9]:           4391
Stats[(nil), 10]:           1303
Stats[(nil), 11]:        2337147
Stats[(nil), 12]:         108705
Stats[(nil), 13]:              0
Stats[(nil), 14]:              0
Stats[(nil), 15]:           -nan
Stats[(nil), 16]:              0
Stats[(nil), 17]:           -nan
Stats[(nil), 18]:              0
Stats[(nil), 19]:              0
Stats[(nil), 20]:              0
Stats[(nil), 21]:              0
Stats[(nil), 22]:              0
Stats[(nil), 23]:              0
Stats[(nil), 24]:              0
Stats[(nil), 25]:              0
Stats[(nil), 26]:              0
Stats[(nil), 27]:              0
Stats[(nil), 28]:              0
Stats[(nil), 29]:              0
Stats[(nil), 30]:              0
Stats[(nil), 31]:    0.012542324
