Numbers: 16500, pid: 9372 Space Used : 33000 Time Stamp : 1533540128601
Time(microseconds): 5413.000000
Stats[(nil), 0]:        5521140
Stats[(nil), 1]:        5519921
Stats[(nil), 2]:              1
Stats[(nil), 3]:              0
Stats[(nil), 4]:             16
Stats[(nil), 5]:             16
Stats[(nil), 6]:              0
Stats[(nil), 7]:        2995630
Stats[(nil), 8]:       17678797
Stats[(nil), 9]:           4940
Stats[(nil), 10]:           1572
Stats[(nil), 11]:        2336198
Stats[(nil), 12]:         106064
Stats[(nil), 13]:              0
Stats[(nil), 14]:              0
Stats[(nil), 15]:           -nan
Stats[(nil), 16]:              0
Stats[(nil), 17]:           -nan
Stats[(nil), 18]:              0
Stats[(nil), 19]:              0
Stats[(nil), 20]:              0
Stats[(nil), 21]:              0
Stats[(nil), 22]:              0
Stats[(nil), 23]:              0
Stats[(nil), 24]:              0
Stats[(nil), 25]:              0
Stats[(nil), 26]:              0
Stats[(nil), 27]:              0
Stats[(nil), 28]:              0
Stats[(nil), 29]:              0
Stats[(nil), 30]:              0
Stats[(nil), 31]:    0.008187839
