Numbers: 17000, pid: 9374 Space Used : 34000 Time Stamp : 1533540128610
Time(microseconds): 4756.000000
Stats[(nil), 0]:        4848343
Stats[(nil), 1]:        4847346
Stats[(nil), 2]:              1
Stats[(nil), 3]:              0
Stats[(nil), 4]:             17
Stats[(nil), 5]:             17
Stats[(nil), 6]:              0
Stats[(nil), 7]:        8939521
Stats[(nil), 8]:       18611583
Stats[(nil), 9]:           3889
Stats[(nil), 10]:           1161
Stats[(nil), 11]:        2416179
Stats[(nil), 12]:          48756
Stats[(nil), 13]:              0
Stats[(nil), 14]:              0
Stats[(nil), 15]:           -nan
Stats[(nil), 16]:              0
Stats[(nil), 17]:           -nan
Stats[(nil), 18]:              0
Stats[(nil), 19]:              0
Stats[(nil), 20]:              0
Stats[(nil), 21]:              0
Stats[(nil), 22]:              0
Stats[(nil), 23]:              0
Stats[(nil), 24]:              0
Stats[(nil), 25]:              0
Stats[(nil), 26]:              0
Stats[(nil), 27]:              0
Stats[(nil), 28]:              0
Stats[(nil), 29]:              0
Stats[(nil), 30]:              0
Stats[(nil), 31]:    0.007313602
