Numbers: 17000, pid: 9376 Space Used : 34000 Time Stamp : 1533540128624
Time(microseconds): 8718.000000
Stats[(nil), 0]:        8855127
Stats[(nil), 1]:        8853842
Stats[(nil), 2]:              0
Stats[(nil), 3]:              0
Stats[(nil), 4]:             17
Stats[(nil), 5]:             17
Stats[(nil), 6]:              0
Stats[(nil), 7]:        2966999
Stats[(nil), 8]:       12387483
Stats[(nil), 9]:           4833
Stats[(nil), 10]:           1693
Stats[(nil), 11]:        2419831
Stats[(nil), 12]:         114270
Stats[(nil), 13]:              0
Stats[(nil), 14]:              0
Stats[(nil), 15]:           -nan
Stats[(nil), 16]:              0
Stats[(nil), 17]:           -nan
Stats[(nil), 18]:              0
Stats[(nil), 19]:              0
Stats[(nil), 20]:              0
Stats[(nil), 21]:              0
Stats[(nil), 22]:              0
Stats[(nil), 23]:              0
Stats[(nil), 24]:              0
Stats[(nil), 25]:              0
Stats[(nil), 26]:              0
Stats[(nil), 27]:              0
Stats[(nil), 28]:              0
Stats[(nil), 29]:              0
Stats[(nil), 30]:              0
Stats[(nil), 31]:    0.012231683
