Numbers: 17000, pid: 9378 Space Used : 34000 Time Stamp : 1533540128636
Time(microseconds): 7592.000000
Stats[(nil), 0]:        7673706
Stats[(nil), 1]:        7672752
Stats[(nil), 2]:              3
Stats[(nil), 3]:              0
Stats[(nil), 4]:             17
Stats[(nil), 5]:             17
Stats[(nil), 6]:              0
Stats[(nil), 7]:        6492236
Stats[(nil), 8]:       18620206
Stats[(nil), 9]:           7316
Stats[(nil), 10]:           1641
Stats[(nil), 11]:        2417904
Stats[(nil), 12]:          84917
Stats[(nil), 13]:              0
Stats[(nil), 14]:              0
Stats[(nil), 15]:           -nan
Stats[(nil), 16]:              0
Stats[(nil), 17]:           -nan
Stats[(nil), 18]:              0
Stats[(nil), 19]:              0
Stats[(nil), 20]:              0
Stats[(nil), 21]:              0
Stats[(nil), 22]:              0
Stats[(nil), 23]:              0
Stats[(nil), 24]:              0
Stats[(nil), 25]:              0
Stats[(nil), 26]:              0
Stats[(nil), 27]:              0
Stats[(nil), 28]:              0
Stats[(nil), 29]:              0
Stats[(nil), 30]:              0
Stats[(nil), 31]:    0.010353926
