Numbers: 17000, pid: 9380 Space Used : 34000 Time Stamp : 1533540128650
Time(microseconds): 7618.000000
Stats[(nil), 0]:        7739322
Stats[(nil), 1]:        7738563
Stats[(nil), 2]:              0
Stats[(nil), 3]:              0
Stats[(nil), 4]:             17
Stats[(nil), 5]:             17
Stats[(nil), 6]:              0
Stats[(nil), 7]:        3582641
Stats[(nil), 8]:       14445873
Stats[(nil), 9]:           5902
Stats[(nil), 10]:           1566
Stats[(nil), 11]:        2415900
Stats[(nil), 12]:         108651
Stats[(nil), 13]:              0
Stats[(nil), 14]:              0
Stats[(nil), 15]:           -nan
Stats[(nil), 16]:              0
Stats[(nil), 17]:           -nan
Stats[(nil), 18]:              0
Stats[(nil), 19]:              0
Stats[(nil), 20]:              0
Stats[(nil), 21]:              0
Stats[(nil), 22]:              0
Stats[(nil), 23]:              0
Stats[(nil), 24]:              0
Stats[(nil), 25]:              0
Stats[(nil), 26]:              0
Stats[(nil), 27]:              0
Stats[(nil), 28]:              0
Stats[(nil), 29]:              0
Stats[(nil), 30]:              0
Stats[(nil), 31]:    0.011299013
