Numbers: 17500, pid: 9390 Space Used : 35000 Time Stamp : 1533540128711
Time(microseconds): 6184.000000
Stats[(nil), 0]:        6285647
Stats[(nil), 1]:        6287692
Stats[(nil), 2]:              1
Stats[(nil), 3]:              0
Stats[(nil), 4]:             17
Stats[(nil), 5]:             17
Stats[(nil), 6]:              0
Stats[(nil), 7]:        8453439
Stats[(nil), 8]:       19198408
Stats[(nil), 9]:           4796
Stats[(nil), 10]:           1367
Stats[(nil), 11]:        2490314
Stats[(nil), 12]:          59464
Stats[(nil), 13]:              0
Stats[(nil), 14]:              0
Stats[(nil), 15]:           -nan
Stats[(nil), 16]:              0
Stats[(nil), 17]:           -nan
Stats[(nil), 18]:              0
Stats[(nil), 19]:              0
Stats[(nil), 20]:              0
Stats[(nil), 21]:              0
Stats[(nil), 22]:              0
Stats[(nil), 23]:              0
Stats[(nil), 24]:              0
Stats[(nil), 25]:              0
Stats[(nil), 26]:              0
Stats[(nil), 27]:              0
Stats[(nil), 28]:              0
Stats[(nil), 29]:              0
Stats[(nil), 30]:              0
Stats[(nil), 31]:    0.010300802
