Numbers: 18000, pid: 9394 Space Used : 36000 Time Stamp : 1533540128735
Time(microseconds): 7356.000000
Stats[(nil), 0]:        7451584
Stats[(nil), 1]:        7451211
Stats[(nil), 2]:              1
Stats[(nil), 3]:              0
Stats[(nil), 4]:             18
Stats[(nil), 5]:             18
Stats[(nil), 6]:              0
Stats[(nil), 7]:        1804079
Stats[(nil), 8]:       13271130
Stats[(nil), 9]:           6659
Stats[(nil), 10]:           1686
Stats[(nil), 11]:        2567401
Stats[(nil), 12]:         139962
Stats[(nil), 13]:              0
Stats[(nil), 14]:              0
Stats[(nil), 15]:           -nan
Stats[(nil), 16]:              0
Stats[(nil), 17]:           -nan
Stats[(nil), 18]:              0
Stats[(nil), 19]:              0
Stats[(nil), 20]:              0
Stats[(nil), 21]:              0
Stats[(nil), 22]:              0
Stats[(nil), 23]:              0
Stats[(nil), 24]:              0
Stats[(nil), 25]:              0
Stats[(nil), 26]:              0
Stats[(nil), 27]:              0
Stats[(nil), 28]:              0
Stats[(nil), 29]:              0
Stats[(nil), 30]:              0
Stats[(nil), 31]:    0.010445944
