Numbers: 18000, pid: 9396 Space Used : 36000 Time Stamp : 1533540128749
Time(microseconds): 7798.000000
Stats[(nil), 0]:        7916741
Stats[(nil), 1]:        7915848
Stats[(nil), 2]:              1
Stats[(nil), 3]:              0
Stats[(nil), 4]:             18
Stats[(nil), 5]:             18
Stats[(nil), 6]:              0
Stats[(nil), 7]:        5040834
Stats[(nil), 8]:       18021254
Stats[(nil), 9]:           5351
Stats[(nil), 10]:           1275
Stats[(nil), 11]:        2567187
Stats[(nil), 12]:         104068
Stats[(nil), 13]:              0
Stats[(nil), 14]:              0
Stats[(nil), 15]:           -nan
Stats[(nil), 16]:              0
Stats[(nil), 17]:           -nan
Stats[(nil), 18]:              0
Stats[(nil), 19]:              0
Stats[(nil), 20]:              0
Stats[(nil), 21]:              0
Stats[(nil), 22]:              0
Stats[(nil), 23]:              0
Stats[(nil), 24]:              0
Stats[(nil), 25]:              0
Stats[(nil), 26]:              0
Stats[(nil), 27]:              0
Stats[(nil), 28]:              0
Stats[(nil), 29]:              0
Stats[(nil), 30]:              0
Stats[(nil), 31]:    0.011580777
