Numbers: 18000, pid: 9400 Space Used : 36000 Time Stamp : 1533540128776
Time(microseconds): 7088.000000
Stats[(nil), 0]:        7193129
Stats[(nil), 1]:        7192978
Stats[(nil), 2]:              0
Stats[(nil), 3]:              0
Stats[(nil), 4]:             18
Stats[(nil), 5]:             18
Stats[(nil), 6]:              0
Stats[(nil), 7]:        8193716
Stats[(nil), 8]:       19786649
Stats[(nil), 9]:           3825
Stats[(nil), 10]:           1180
Stats[(nil), 11]:        2564178
Stats[(nil), 12]:          67173
Stats[(nil), 13]:              0
Stats[(nil), 14]:              0
Stats[(nil), 15]:           -nan
Stats[(nil), 16]:              0
Stats[(nil), 17]:           -nan
Stats[(nil), 18]:              0
Stats[(nil), 19]:              0
Stats[(nil), 20]:              0
Stats[(nil), 21]:              0
Stats[(nil), 22]:              0
Stats[(nil), 23]:              0
Stats[(nil), 24]:              0
Stats[(nil), 25]:              0
Stats[(nil), 26]:              0
Stats[(nil), 27]:              0
Stats[(nil), 28]:              0
Stats[(nil), 29]:              0
Stats[(nil), 30]:              0
Stats[(nil), 31]:    0.010502452
