Numbers: 18500, pid: 9404 Space Used : 37000 Time Stamp : 1533540128803
Time(microseconds): 9007.000000
Stats[(nil), 0]:        9101638
Stats[(nil), 1]:        9102639
Stats[(nil), 2]:              0
Stats[(nil), 3]:              0
Stats[(nil), 4]:             18
Stats[(nil), 5]:             18
Stats[(nil), 6]:              0
Stats[(nil), 7]:        4482676
Stats[(nil), 8]:       14504524
Stats[(nil), 9]:           5397
Stats[(nil), 10]:           2029
Stats[(nil), 11]:        2645134
Stats[(nil), 12]:         114285
Stats[(nil), 13]:              0
Stats[(nil), 14]:              0
Stats[(nil), 15]:           -nan
Stats[(nil), 16]:              0
Stats[(nil), 17]:           -nan
Stats[(nil), 18]:              0
Stats[(nil), 19]:              0
Stats[(nil), 20]:              0
Stats[(nil), 21]:              0
Stats[(nil), 22]:              0
Stats[(nil), 23]:              0
Stats[(nil), 24]:              0
Stats[(nil), 25]:              0
Stats[(nil), 26]:              0
Stats[(nil), 27]:              0
Stats[(nil), 28]:              0
Stats[(nil), 29]:              0
Stats[(nil), 30]:              0
Stats[(nil), 31]:    0.012569121
