Numbers: 18500, pid: 9406 Space Used : 37000 Time Stamp : 1533540128815
Time(microseconds): 6386.000000
Stats[(nil), 0]:        6452227
Stats[(nil), 1]:        6452174
Stats[(nil), 2]:              2
Stats[(nil), 3]:              0
Stats[(nil), 4]:             18
Stats[(nil), 5]:             18
Stats[(nil), 6]:              0
Stats[(nil), 7]:       10469352
Stats[(nil), 8]:       20397599
Stats[(nil), 9]:           6047
Stats[(nil), 10]:           1696
Stats[(nil), 11]:        2642627
Stats[(nil), 12]:          48048
Stats[(nil), 13]:              0
Stats[(nil), 14]:              0
Stats[(nil), 15]:           -nan
Stats[(nil), 16]:              0
Stats[(nil), 17]:           -nan
Stats[(nil), 18]:              0
Stats[(nil), 19]:              0
Stats[(nil), 20]:              0
Stats[(nil), 21]:              0
Stats[(nil), 22]:              0
Stats[(nil), 23]:              0
Stats[(nil), 24]:              0
Stats[(nil), 25]:              0
Stats[(nil), 26]:              0
Stats[(nil), 27]:              0
Stats[(nil), 28]:              0
Stats[(nil), 29]:              0
Stats[(nil), 30]:              0
Stats[(nil), 31]:    0.009239153
