Numbers: 18500, pid: 9408 Space Used : 37000 Time Stamp : 1533540128828
Time(microseconds): 6800.000000
Stats[(nil), 0]:        6890524
Stats[(nil), 1]:        6890107
Stats[(nil), 2]:              0
Stats[(nil), 3]:              0
Stats[(nil), 4]:             18
Stats[(nil), 5]:             18
Stats[(nil), 6]:              0
Stats[(nil), 7]:        8481680
Stats[(nil), 8]:       20396422
Stats[(nil), 9]:           5137
Stats[(nil), 10]:           1432
Stats[(nil), 11]:        2642015
Stats[(nil), 12]:          69143
Stats[(nil), 13]:              0
Stats[(nil), 14]:              0
Stats[(nil), 15]:           -nan
Stats[(nil), 16]:              0
Stats[(nil), 17]:           -nan
Stats[(nil), 18]:              0
Stats[(nil), 19]:              0
Stats[(nil), 20]:              0
Stats[(nil), 21]:              0
Stats[(nil), 22]:              0
Stats[(nil), 23]:              0
Stats[(nil), 24]:              0
Stats[(nil), 25]:              0
Stats[(nil), 26]:              0
Stats[(nil), 27]:              0
Stats[(nil), 28]:              0
Stats[(nil), 29]:              0
Stats[(nil), 30]:              0
Stats[(nil), 31]:    0.009992349
