Numbers: 19000, pid: 9414 Space Used : 38000 Time Stamp : 1533540128863
Time(microseconds): 7299.000000
Stats[(nil), 0]:        7388988
Stats[(nil), 1]:        7388734
Stats[(nil), 2]:              1
Stats[(nil), 3]:              0
Stats[(nil), 4]:             19
Stats[(nil), 5]:             19
Stats[(nil), 6]:              0
Stats[(nil), 7]:        1105467
Stats[(nil), 8]:       14807509
Stats[(nil), 9]:           5475
Stats[(nil), 10]:           1724
Stats[(nil), 11]:        2717435
Stats[(nil), 12]:         157563
Stats[(nil), 13]:              0
Stats[(nil), 14]:              0
Stats[(nil), 15]:           -nan
Stats[(nil), 16]:              0
Stats[(nil), 17]:           -nan
Stats[(nil), 18]:              0
Stats[(nil), 19]:              0
Stats[(nil), 20]:              0
Stats[(nil), 21]:              0
Stats[(nil), 22]:              0
Stats[(nil), 23]:              0
Stats[(nil), 24]:              0
Stats[(nil), 25]:              0
Stats[(nil), 26]:              0
Stats[(nil), 27]:              0
Stats[(nil), 28]:              0
Stats[(nil), 29]:              0
Stats[(nil), 30]:              0
Stats[(nil), 31]:    0.010535057
