Numbers: 19000, pid: 9416 Space Used : 38000 Time Stamp : 1533540128878
Time(microseconds): 7604.000000
Stats[(nil), 0]:        7729181
Stats[(nil), 1]:        7728162
Stats[(nil), 2]:              1
Stats[(nil), 3]:              0
Stats[(nil), 4]:             19
Stats[(nil), 5]:             19
Stats[(nil), 6]:              0
Stats[(nil), 7]:        4737173
Stats[(nil), 8]:       17732736
Stats[(nil), 9]:           4976
Stats[(nil), 10]:           1051
Stats[(nil), 11]:        2716838
Stats[(nil), 12]:         117265
Stats[(nil), 13]:              0
Stats[(nil), 14]:              0
Stats[(nil), 15]:           -nan
Stats[(nil), 16]:              0
Stats[(nil), 17]:           -nan
Stats[(nil), 18]:              0
Stats[(nil), 19]:              0
Stats[(nil), 20]:              0
Stats[(nil), 21]:              0
Stats[(nil), 22]:              0
Stats[(nil), 23]:              0
Stats[(nil), 24]:              0
Stats[(nil), 25]:              0
Stats[(nil), 26]:              0
Stats[(nil), 27]:              0
Stats[(nil), 28]:              0
Stats[(nil), 29]:              0
Stats[(nil), 30]:              0
Stats[(nil), 31]:    0.011915591
