Numbers: 19000, pid: 9418 Space Used : 38000 Time Stamp : 1533540128894
Time(microseconds): 9925.000000
Stats[(nil), 0]:       10057479
Stats[(nil), 1]:       10054668
Stats[(nil), 2]:              2
Stats[(nil), 3]:              0
Stats[(nil), 4]:             19
Stats[(nil), 5]:             19
Stats[(nil), 6]:              0
Stats[(nil), 7]:         408227
Stats[(nil), 8]:        7885795
Stats[(nil), 9]:           2863
Stats[(nil), 10]:           1656
Stats[(nil), 11]:        2720347
Stats[(nil), 12]:         170945
Stats[(nil), 13]:              0
Stats[(nil), 14]:          10392
Stats[(nil), 15]:           -nan
Stats[(nil), 16]:              0
Stats[(nil), 17]:           -nan
Stats[(nil), 18]:              0
Stats[(nil), 19]:              0
Stats[(nil), 20]:              0
Stats[(nil), 21]:              0
Stats[(nil), 22]:              0
Stats[(nil), 23]:              0
Stats[(nil), 24]:              0
Stats[(nil), 25]:              0
Stats[(nil), 26]:              0
Stats[(nil), 27]:              0
Stats[(nil), 28]:              0
Stats[(nil), 29]:              0
Stats[(nil), 30]:              0
Stats[(nil), 31]:    0.014082149
