Numbers: 19000, pid: 9420 Space Used : 38000 Time Stamp : 1533540128905
Time(microseconds): 5661.000000
Stats[(nil), 0]:        5739224
Stats[(nil), 1]:        5738442
Stats[(nil), 2]:              1
Stats[(nil), 3]:              0
Stats[(nil), 4]:             19
Stats[(nil), 5]:             19
Stats[(nil), 6]:              0
Stats[(nil), 7]:        3783748
Stats[(nil), 8]:       20447782
Stats[(nil), 9]:           7712
Stats[(nil), 10]:           1670
Stats[(nil), 11]:        2718762
Stats[(nil), 12]:         128274
Stats[(nil), 13]:              0
Stats[(nil), 14]:              0
Stats[(nil), 15]:           -nan
Stats[(nil), 16]:              0
Stats[(nil), 17]:           -nan
Stats[(nil), 18]:              0
Stats[(nil), 19]:              0
Stats[(nil), 20]:              0
Stats[(nil), 21]:              0
Stats[(nil), 22]:              0
Stats[(nil), 23]:              0
Stats[(nil), 24]:              0
Stats[(nil), 25]:              0
Stats[(nil), 26]:              0
Stats[(nil), 27]:              0
Stats[(nil), 28]:              0
Stats[(nil), 29]:              0
Stats[(nil), 30]:              0
Stats[(nil), 31]:    0.008558111
