Numbers: 19000, pid: 9422 Space Used : 38000 Time Stamp : 1533540128920
Time(microseconds): 8806.000000
Stats[(nil), 0]:        9011551
Stats[(nil), 1]:        9009200
Stats[(nil), 2]:              1
Stats[(nil), 3]:              0
Stats[(nil), 4]:             19
Stats[(nil), 5]:             19
Stats[(nil), 6]:              0
Stats[(nil), 7]:        1324931
Stats[(nil), 8]:        9356482
Stats[(nil), 9]:           4301
Stats[(nil), 10]:           1447
Stats[(nil), 11]:        2718181
Stats[(nil), 12]:         155394
Stats[(nil), 13]:              0
Stats[(nil), 14]:              0
Stats[(nil), 15]:           -nan
Stats[(nil), 16]:              0
Stats[(nil), 17]:           -nan
Stats[(nil), 18]:              0
Stats[(nil), 19]:              0
Stats[(nil), 20]:              0
Stats[(nil), 21]:              0
Stats[(nil), 22]:              0
Stats[(nil), 23]:              0
Stats[(nil), 24]:              0
Stats[(nil), 25]:              0
Stats[(nil), 26]:              0
Stats[(nil), 27]:              0
Stats[(nil), 28]:              0
Stats[(nil), 29]:              0
Stats[(nil), 30]:              0
Stats[(nil), 31]:    0.012814034
