Numbers: 19500, pid: 9424 Space Used : 39000 Time Stamp : 1533540128936
Time(microseconds): 9717.000000
Stats[(nil), 0]:        9813033
Stats[(nil), 1]:        9813004
Stats[(nil), 2]:              0
Stats[(nil), 3]:              0
Stats[(nil), 4]:             19
Stats[(nil), 5]:             19
Stats[(nil), 6]:              0
Stats[(nil), 7]:        4771342
Stats[(nil), 8]:       14710115
Stats[(nil), 9]:           6036
Stats[(nil), 10]:           1733
Stats[(nil), 11]:        2790869
Stats[(nil), 12]:         122865
Stats[(nil), 13]:              0
Stats[(nil), 14]:              0
Stats[(nil), 15]:           -nan
Stats[(nil), 16]:              0
Stats[(nil), 17]:           -nan
Stats[(nil), 18]:              0
Stats[(nil), 19]:              0
Stats[(nil), 20]:              0
Stats[(nil), 21]:              0
Stats[(nil), 22]:              0
Stats[(nil), 23]:              0
Stats[(nil), 24]:              0
Stats[(nil), 25]:              0
Stats[(nil), 26]:              0
Stats[(nil), 27]:              0
Stats[(nil), 28]:              0
Stats[(nil), 29]:              0
Stats[(nil), 30]:              0
Stats[(nil), 31]:    0.013269753
