Numbers: 19500, pid: 9426 Space Used : 39000 Time Stamp : 1533540128947
Time(microseconds): 6042.000000
Stats[(nil), 0]:        6105078
Stats[(nil), 1]:        6105792
Stats[(nil), 2]:              0
Stats[(nil), 3]:              0
Stats[(nil), 4]:             19
Stats[(nil), 5]:             19
Stats[(nil), 6]:              0
Stats[(nil), 7]:        8676130
Stats[(nil), 8]:       21569524
Stats[(nil), 9]:           4894
Stats[(nil), 10]:           1421
Stats[(nil), 11]:        2789402
Stats[(nil), 12]:          77442
Stats[(nil), 13]:              0
Stats[(nil), 14]:              0
Stats[(nil), 15]:           -nan
Stats[(nil), 16]:              0
Stats[(nil), 17]:           -nan
Stats[(nil), 18]:              0
Stats[(nil), 19]:              0
Stats[(nil), 20]:              0
Stats[(nil), 21]:              0
Stats[(nil), 22]:              0
Stats[(nil), 23]:              0
Stats[(nil), 24]:              0
Stats[(nil), 25]:              0
Stats[(nil), 26]:              0
Stats[(nil), 27]:              0
Stats[(nil), 28]:              0
Stats[(nil), 29]:              0
Stats[(nil), 30]:              0
Stats[(nil), 31]:    0.009007396
