Numbers: 19500, pid: 9428 Space Used : 39000 Time Stamp : 1533540128963
Time(microseconds): 8051.000000
Stats[(nil), 0]:        8155495
Stats[(nil), 1]:        8155450
Stats[(nil), 2]:              0
Stats[(nil), 3]:              0
Stats[(nil), 4]:             19
Stats[(nil), 5]:             19
Stats[(nil), 6]:              0
Stats[(nil), 7]:        3852469
Stats[(nil), 8]:       16941574
Stats[(nil), 9]:           6386
Stats[(nil), 10]:           1448
Stats[(nil), 11]:        2792791
Stats[(nil), 12]:         132697
Stats[(nil), 13]:              0
Stats[(nil), 14]:              0
Stats[(nil), 15]:           -nan
Stats[(nil), 16]:              0
Stats[(nil), 17]:           -nan
Stats[(nil), 18]:              0
Stats[(nil), 19]:              0
Stats[(nil), 20]:              0
Stats[(nil), 21]:              0
Stats[(nil), 22]:              0
Stats[(nil), 23]:              0
Stats[(nil), 24]:              0
Stats[(nil), 25]:              0
Stats[(nil), 26]:              0
Stats[(nil), 27]:              0
Stats[(nil), 28]:              0
Stats[(nil), 29]:              0
Stats[(nil), 30]:              0
Stats[(nil), 31]:    0.012245073
