Numbers: 20000, pid: 9434 Space Used : 40000 Time Stamp : 1533540129002
Time(microseconds): 5889.000000
Stats[(nil), 0]:        5975329
Stats[(nil), 1]:        5974479
Stats[(nil), 2]:              1
Stats[(nil), 3]:              0
Stats[(nil), 4]:             20
Stats[(nil), 5]:             20
Stats[(nil), 6]:              0
Stats[(nil), 7]:        1628054
Stats[(nil), 8]:       18051689
Stats[(nil), 9]:           4852
Stats[(nil), 10]:            739
Stats[(nil), 11]:        2866497
Stats[(nil), 12]:         160935
Stats[(nil), 13]:              0
Stats[(nil), 14]:              0
Stats[(nil), 15]:           -nan
Stats[(nil), 16]:              0
Stats[(nil), 17]:           -nan
Stats[(nil), 18]:              0
Stats[(nil), 19]:              0
Stats[(nil), 20]:              0
Stats[(nil), 21]:              0
Stats[(nil), 22]:              0
Stats[(nil), 23]:              0
Stats[(nil), 24]:              0
Stats[(nil), 25]:              0
Stats[(nil), 26]:              0
Stats[(nil), 27]:              0
Stats[(nil), 28]:              0
Stats[(nil), 29]:              0
Stats[(nil), 30]:              0
Stats[(nil), 31]:    0.008774766
