Numbers: 20000, pid: 9438 Space Used : 40000 Time Stamp : 1533540129030
Time(microseconds): 7408.000000
Stats[(nil), 0]:        7530963
Stats[(nil), 1]:        7528942
Stats[(nil), 2]:              1
Stats[(nil), 3]:              0
Stats[(nil), 4]:             20
Stats[(nil), 5]:             20
Stats[(nil), 6]:              0
Stats[(nil), 7]:        5083617
Stats[(nil), 8]:       18902835
Stats[(nil), 9]:           5587
Stats[(nil), 10]:           1589
Stats[(nil), 11]:        2866533
Stats[(nil), 12]:         122281
Stats[(nil), 13]:              0
Stats[(nil), 14]:              0
Stats[(nil), 15]:           -nan
Stats[(nil), 16]:              0
Stats[(nil), 17]:           -nan
Stats[(nil), 18]:              0
Stats[(nil), 19]:              0
Stats[(nil), 20]:              0
Stats[(nil), 21]:              0
Stats[(nil), 22]:              0
Stats[(nil), 23]:              0
Stats[(nil), 24]:              0
Stats[(nil), 25]:              0
Stats[(nil), 26]:              0
Stats[(nil), 27]:              0
Stats[(nil), 28]:              0
Stats[(nil), 29]:              0
Stats[(nil), 30]:              0
Stats[(nil), 31]:    0.010982854
