Numbers: 20000, pid: 9440 Space Used : 40000 Time Stamp : 1533540129044
Time(microseconds): 8404.000000
Stats[(nil), 0]:        8518502
Stats[(nil), 1]:        8517169
Stats[(nil), 2]:              1
Stats[(nil), 3]:              0
Stats[(nil), 4]:             20
Stats[(nil), 5]:             20
Stats[(nil), 6]:              0
Stats[(nil), 7]:        1341671
Stats[(nil), 8]:       11450768
Stats[(nil), 9]:           6323
Stats[(nil), 10]:           1596
Stats[(nil), 11]:        2871291
Stats[(nil), 12]:         163891
Stats[(nil), 13]:              0
Stats[(nil), 14]:              0
Stats[(nil), 15]:           -nan
Stats[(nil), 16]:              0
Stats[(nil), 17]:           -nan
Stats[(nil), 18]:              0
Stats[(nil), 19]:              0
Stats[(nil), 20]:              0
Stats[(nil), 21]:              0
Stats[(nil), 22]:              0
Stats[(nil), 23]:              0
Stats[(nil), 24]:              0
Stats[(nil), 25]:              0
Stats[(nil), 26]:              0
Stats[(nil), 27]:              0
Stats[(nil), 28]:              0
Stats[(nil), 29]:              0
Stats[(nil), 30]:              0
Stats[(nil), 31]:    0.012204115
