Numbers: 20500, pid: 9444 Space Used : 41000 Time Stamp : 1533540129073
Time(microseconds): 8826.000000
Stats[(nil), 0]:        8851393
Stats[(nil), 1]:        8851847
Stats[(nil), 2]:              0
Stats[(nil), 3]:              0
Stats[(nil), 4]:             20
Stats[(nil), 5]:             20
Stats[(nil), 6]:              0
Stats[(nil), 7]:        1828303
Stats[(nil), 8]:       15880931
Stats[(nil), 9]:           5454
Stats[(nil), 10]:           1816
Stats[(nil), 11]:        2942035
Stats[(nil), 12]:         160374
Stats[(nil), 13]:              0
Stats[(nil), 14]:            267
Stats[(nil), 15]:           -nan
Stats[(nil), 16]:              0
Stats[(nil), 17]:           -nan
Stats[(nil), 18]:              0
Stats[(nil), 19]:              0
Stats[(nil), 20]:              0
Stats[(nil), 21]:              0
Stats[(nil), 22]:              0
Stats[(nil), 23]:              0
Stats[(nil), 24]:              0
Stats[(nil), 25]:              0
Stats[(nil), 26]:              0
Stats[(nil), 27]:              0
Stats[(nil), 28]:              0
Stats[(nil), 29]:              0
Stats[(nil), 30]:              0
Stats[(nil), 31]:    0.012377364
