Numbers: 20500, pid: 9448 Space Used : 41000 Time Stamp : 1533540129101
Time(microseconds): 9876.000000
Stats[(nil), 0]:       10010278
Stats[(nil), 1]:       10008608
Stats[(nil), 2]:              2
Stats[(nil), 3]:              0
Stats[(nil), 4]:             20
Stats[(nil), 5]:             20
Stats[(nil), 6]:              0
Stats[(nil), 7]:        3083332
Stats[(nil), 8]:       13579057
Stats[(nil), 9]:           7019
Stats[(nil), 10]:           2012
Stats[(nil), 11]:        2952100
Stats[(nil), 12]:         149799
Stats[(nil), 13]:              0
Stats[(nil), 14]:           3088
Stats[(nil), 15]:           -nan
Stats[(nil), 16]:              0
Stats[(nil), 17]:           -nan
Stats[(nil), 18]:              0
Stats[(nil), 19]:              0
Stats[(nil), 20]:              0
Stats[(nil), 21]:              0
Stats[(nil), 22]:              0
Stats[(nil), 23]:              0
Stats[(nil), 24]:              0
Stats[(nil), 25]:              0
Stats[(nil), 26]:              0
Stats[(nil), 27]:              0
Stats[(nil), 28]:              0
Stats[(nil), 29]:              0
Stats[(nil), 30]:              0
Stats[(nil), 31]:    0.014000039
