Numbers: 20500, pid: 9452 Space Used : 41000 Time Stamp : 1533540129129
Time(microseconds): 10110.000000
Stats[(nil), 0]:       10197676
Stats[(nil), 1]:       10196398
Stats[(nil), 2]:              1
Stats[(nil), 3]:              0
Stats[(nil), 4]:             20
Stats[(nil), 5]:             20
Stats[(nil), 6]:              0
Stats[(nil), 7]:        4267709
Stats[(nil), 8]:       13579631
Stats[(nil), 9]:           3175
Stats[(nil), 10]:           1407
Stats[(nil), 11]:        2943785
Stats[(nil), 12]:         133455
Stats[(nil), 13]:              0
Stats[(nil), 14]:           8686
Stats[(nil), 15]:           -nan
Stats[(nil), 16]:              0
Stats[(nil), 17]:           -nan
Stats[(nil), 18]:              0
Stats[(nil), 19]:              0
Stats[(nil), 20]:              0
Stats[(nil), 21]:              0
Stats[(nil), 22]:              0
Stats[(nil), 23]:              0
Stats[(nil), 24]:              0
Stats[(nil), 25]:              0
Stats[(nil), 26]:              0
Stats[(nil), 27]:              0
Stats[(nil), 28]:              0
Stats[(nil), 29]:              0
Stats[(nil), 30]:              0
Stats[(nil), 31]:    0.013176920
