Numbers: 21000, pid: 9454 Space Used : 42000 Time Stamp : 1533540129142
Time(microseconds): 7915.000000
Stats[(nil), 0]:        7971644
Stats[(nil), 1]:        7973132
Stats[(nil), 2]:              0
Stats[(nil), 3]:              0
Stats[(nil), 4]:             21
Stats[(nil), 5]:             21
Stats[(nil), 6]:              0
Stats[(nil), 7]:        7700008
Stats[(nil), 8]:       21553075
Stats[(nil), 9]:           7410
Stats[(nil), 10]:           2047
Stats[(nil), 11]:        3015307
Stats[(nil), 12]:         104409
Stats[(nil), 13]:              0
Stats[(nil), 14]:              0
Stats[(nil), 15]:              0
Stats[(nil), 16]:              0
Stats[(nil), 17]:              0
Stats[(nil), 18]:              0
Stats[(nil), 19]:              0
Stats[(nil), 20]:              0
Stats[(nil), 21]:              0
Stats[(nil), 22]:              0
Stats[(nil), 23]:              0
Stats[(nil), 24]:              0
Stats[(nil), 25]:              0
Stats[(nil), 26]:              0
Stats[(nil), 27]:              0
Stats[(nil), 28]:              0
Stats[(nil), 29]:              0
Stats[(nil), 30]:              0
Stats[(nil), 31]:    0.011120053
