Numbers: 21000, pid: 9456 Space Used : 42000 Time Stamp : 1533540129157
Time(microseconds): 8286.000000
Stats[(nil), 0]:        8417885
Stats[(nil), 1]:        8416332
Stats[(nil), 2]:              0
Stats[(nil), 3]:              0
Stats[(nil), 4]:             21
Stats[(nil), 5]:             21
Stats[(nil), 6]:              0
Stats[(nil), 7]:        8851586
Stats[(nil), 8]:       22640434
Stats[(nil), 9]:           6929
Stats[(nil), 10]:           1912
Stats[(nil), 11]:        3015412
Stats[(nil), 12]:          91013
Stats[(nil), 13]:              0
Stats[(nil), 14]:              0
Stats[(nil), 15]:              0
Stats[(nil), 16]:              0
Stats[(nil), 17]:              0
Stats[(nil), 18]:              0
Stats[(nil), 19]:              0
Stats[(nil), 20]:              0
Stats[(nil), 21]:              0
Stats[(nil), 22]:              0
Stats[(nil), 23]:              0
Stats[(nil), 24]:              0
Stats[(nil), 25]:              0
Stats[(nil), 26]:              0
Stats[(nil), 27]:              0
Stats[(nil), 28]:              0
Stats[(nil), 29]:              0
Stats[(nil), 30]:              0
Stats[(nil), 31]:    0.012577361
