Numbers: 21000, pid: 9458 Space Used : 42000 Time Stamp : 1533540129173
Time(microseconds): 10054.000000
Stats[(nil), 0]:       10181116
Stats[(nil), 1]:       10179789
Stats[(nil), 2]:              2
Stats[(nil), 3]:              0
Stats[(nil), 4]:             21
Stats[(nil), 5]:             21
Stats[(nil), 6]:              0
Stats[(nil), 7]:        2270618
Stats[(nil), 8]:       11608426
Stats[(nil), 9]:           6194
Stats[(nil), 10]:           2027
Stats[(nil), 11]:        3028211
Stats[(nil), 12]:         168148
Stats[(nil), 13]:              0
Stats[(nil), 14]:          10255
Stats[(nil), 15]:              0
Stats[(nil), 16]:              0
Stats[(nil), 17]:              0
Stats[(nil), 18]:              0
Stats[(nil), 19]:              0
Stats[(nil), 20]:              0
Stats[(nil), 21]:              0
Stats[(nil), 22]:              0
Stats[(nil), 23]:              0
Stats[(nil), 24]:              0
Stats[(nil), 25]:              0
Stats[(nil), 26]:              0
Stats[(nil), 27]:              0
Stats[(nil), 28]:              0
Stats[(nil), 29]:              0
Stats[(nil), 30]:              0
Stats[(nil), 31]:    0.014155045
