Numbers: 21000, pid: 9460 Space Used : 42000 Time Stamp : 1533540129189
Time(microseconds): 10945.000000
Stats[(nil), 0]:       11130782
Stats[(nil), 1]:       11128132
Stats[(nil), 2]:              1
Stats[(nil), 3]:              0
Stats[(nil), 4]:             21
Stats[(nil), 5]:             21
Stats[(nil), 6]:              0
Stats[(nil), 7]:        2986273
Stats[(nil), 8]:       12247205
Stats[(nil), 9]:           4050
Stats[(nil), 10]:           1501
Stats[(nil), 11]:        3019928
Stats[(nil), 12]:         156631
Stats[(nil), 13]:              0
Stats[(nil), 14]:          10222
Stats[(nil), 15]:              0
Stats[(nil), 16]:              0
Stats[(nil), 17]:              0
Stats[(nil), 18]:              0
Stats[(nil), 19]:              0
Stats[(nil), 20]:              0
Stats[(nil), 21]:              0
Stats[(nil), 22]:              0
Stats[(nil), 23]:              0
Stats[(nil), 24]:              0
Stats[(nil), 25]:              0
Stats[(nil), 26]:              0
Stats[(nil), 27]:              0
Stats[(nil), 28]:              0
Stats[(nil), 29]:              0
Stats[(nil), 30]:              0
Stats[(nil), 31]:    0.014301359
