Numbers: 21500, pid: 9464 Space Used : 43000 Time Stamp : 1533540129215
Time(microseconds): 8088.000000
Stats[(nil), 0]:        8203664
Stats[(nil), 1]:        8203509
Stats[(nil), 2]:              1
Stats[(nil), 3]:              0
Stats[(nil), 4]:             21
Stats[(nil), 5]:             21
Stats[(nil), 6]:              0
Stats[(nil), 7]:        3837120
Stats[(nil), 8]:       17872951
Stats[(nil), 9]:           7001
Stats[(nil), 10]:           2430
Stats[(nil), 11]:        3095298
Stats[(nil), 12]:         153432
Stats[(nil), 13]:              0
Stats[(nil), 14]:              0
Stats[(nil), 15]:              0
Stats[(nil), 16]:              0
Stats[(nil), 17]:              0
Stats[(nil), 18]:              0
Stats[(nil), 19]:              0
Stats[(nil), 20]:              0
Stats[(nil), 21]:              0
Stats[(nil), 22]:              0
Stats[(nil), 23]:              0
Stats[(nil), 24]:              0
Stats[(nil), 25]:              0
Stats[(nil), 26]:              0
Stats[(nil), 27]:              0
Stats[(nil), 28]:              0
Stats[(nil), 29]:              0
Stats[(nil), 30]:              0
Stats[(nil), 31]:    0.012614248
