Numbers: 21500, pid: 9466 Space Used : 43000 Time Stamp : 1533540129230
Time(microseconds): 9079.000000
Stats[(nil), 0]:        9174811
Stats[(nil), 1]:        9174036
Stats[(nil), 2]:              1
Stats[(nil), 3]:              0
Stats[(nil), 4]:             21
Stats[(nil), 5]:             21
Stats[(nil), 6]:              0
Stats[(nil), 7]:          50477
Stats[(nil), 8]:       11168814
Stats[(nil), 9]:           4625
Stats[(nil), 10]:           1746
Stats[(nil), 11]:        3093645
Stats[(nil), 12]:         193795
Stats[(nil), 13]:              0
Stats[(nil), 14]:          10333
Stats[(nil), 15]:              0
Stats[(nil), 16]:              0
Stats[(nil), 17]:              0
Stats[(nil), 18]:              0
Stats[(nil), 19]:              0
Stats[(nil), 20]:              0
Stats[(nil), 21]:              0
Stats[(nil), 22]:              0
Stats[(nil), 23]:              0
Stats[(nil), 24]:              0
Stats[(nil), 25]:              0
Stats[(nil), 26]:              0
Stats[(nil), 27]:              0
Stats[(nil), 28]:              0
Stats[(nil), 29]:              0
Stats[(nil), 30]:              0
Stats[(nil), 31]:    0.012815521
