Numbers: 21500, pid: 9468 Space Used : 43000 Time Stamp : 1533540129245
Time(microseconds): 9285.000000
Stats[(nil), 0]:        9390047
Stats[(nil), 1]:        9389151
Stats[(nil), 2]:              1
Stats[(nil), 3]:              0
Stats[(nil), 4]:             21
Stats[(nil), 5]:             21
Stats[(nil), 6]:              0
Stats[(nil), 7]:        1016868
Stats[(nil), 8]:       11690331
Stats[(nil), 9]:           3843
Stats[(nil), 10]:           1533
Stats[(nil), 11]:        3092732
Stats[(nil), 12]:         183465
Stats[(nil), 13]:              0
Stats[(nil), 14]:           9628
Stats[(nil), 15]:              0
Stats[(nil), 16]:              0
Stats[(nil), 17]:              0
Stats[(nil), 18]:              0
Stats[(nil), 19]:              0
Stats[(nil), 20]:              0
Stats[(nil), 21]:              0
Stats[(nil), 22]:              0
Stats[(nil), 23]:              0
Stats[(nil), 24]:              0
Stats[(nil), 25]:              0
Stats[(nil), 26]:              0
Stats[(nil), 27]:              0
Stats[(nil), 28]:              0
Stats[(nil), 29]:              0
Stats[(nil), 30]:              0
Stats[(nil), 31]:    0.013336931
