Numbers: 21500, pid: 9470 Space Used : 43000 Time Stamp : 1533540129257
Time(microseconds): 6376.000000
Stats[(nil), 0]:        6457446
Stats[(nil), 1]:        6456821
Stats[(nil), 2]:              1
Stats[(nil), 3]:              0
Stats[(nil), 4]:             21
Stats[(nil), 5]:             21
Stats[(nil), 6]:              0
Stats[(nil), 7]:        4487449
Stats[(nil), 8]:       21930834
Stats[(nil), 9]:           5508
Stats[(nil), 10]:           1459
Stats[(nil), 11]:        3092452
Stats[(nil), 12]:         144302
Stats[(nil), 13]:              0
Stats[(nil), 14]:              0
Stats[(nil), 15]:              0
Stats[(nil), 16]:              0
Stats[(nil), 17]:              0
Stats[(nil), 18]:              0
Stats[(nil), 19]:              0
Stats[(nil), 20]:              0
Stats[(nil), 21]:              0
Stats[(nil), 22]:              0
Stats[(nil), 23]:              0
Stats[(nil), 24]:              0
Stats[(nil), 25]:              0
Stats[(nil), 26]:              0
Stats[(nil), 27]:              0
Stats[(nil), 28]:              0
Stats[(nil), 29]:              0
Stats[(nil), 30]:              0
Stats[(nil), 31]:    0.009525093
