Numbers: 21500, pid: 9472 Space Used : 43000 Time Stamp : 1533540129271
Time(microseconds): 8038.000000
Stats[(nil), 0]:        8146360
Stats[(nil), 1]:        8145974
Stats[(nil), 2]:              1
Stats[(nil), 3]:              0
Stats[(nil), 4]:             21
Stats[(nil), 5]:             21
Stats[(nil), 6]:              0
Stats[(nil), 7]:        3981824
Stats[(nil), 8]:       18161779
Stats[(nil), 9]:           5508
Stats[(nil), 10]:           1343
Stats[(nil), 11]:        3091869
Stats[(nil), 12]:         149383
Stats[(nil), 13]:              0
Stats[(nil), 14]:              0
Stats[(nil), 15]:              0
Stats[(nil), 16]:              0
Stats[(nil), 17]:              0
Stats[(nil), 18]:              0
Stats[(nil), 19]:              0
Stats[(nil), 20]:              0
Stats[(nil), 21]:              0
Stats[(nil), 22]:              0
Stats[(nil), 23]:              0
Stats[(nil), 24]:              0
Stats[(nil), 25]:              0
Stats[(nil), 26]:              0
Stats[(nil), 27]:              0
Stats[(nil), 28]:              0
Stats[(nil), 29]:              0
Stats[(nil), 30]:              0
Stats[(nil), 31]:    0.011820641
