Numbers: 22000, pid: 9476 Space Used : 44000 Time Stamp : 1533540129303
Time(microseconds): 9804.000000
Stats[(nil), 0]:        9917356
Stats[(nil), 1]:        9916979
Stats[(nil), 2]:              1
Stats[(nil), 3]:              0
Stats[(nil), 4]:             22
Stats[(nil), 5]:             22
Stats[(nil), 6]:              0
Stats[(nil), 7]:        7197430
Stats[(nil), 8]:       19547127
Stats[(nil), 9]:           7753
Stats[(nil), 10]:           1958
Stats[(nil), 11]:        3167188
Stats[(nil), 12]:         119170
Stats[(nil), 13]:              0
Stats[(nil), 14]:              0
Stats[(nil), 15]:              0
Stats[(nil), 16]:              0
Stats[(nil), 17]:              0
Stats[(nil), 18]:              0
Stats[(nil), 19]:              0
Stats[(nil), 20]:              0
Stats[(nil), 21]:              0
Stats[(nil), 22]:              0
Stats[(nil), 23]:              0
Stats[(nil), 24]:              0
Stats[(nil), 25]:              0
Stats[(nil), 26]:              0
Stats[(nil), 27]:              0
Stats[(nil), 28]:              0
Stats[(nil), 29]:              0
Stats[(nil), 30]:              0
Stats[(nil), 31]:    0.014176694
