Numbers: 22000, pid: 9480 Space Used : 44000 Time Stamp : 1533540129334
Time(microseconds): 8649.000000
Stats[(nil), 0]:        8764972
Stats[(nil), 1]:        8763503
Stats[(nil), 2]:              1
Stats[(nil), 3]:              0
Stats[(nil), 4]:             22
Stats[(nil), 5]:             22
Stats[(nil), 6]:              0
Stats[(nil), 7]:        6350900
Stats[(nil), 8]:       18530098
Stats[(nil), 9]:           6209
Stats[(nil), 10]:           2036
Stats[(nil), 11]:        3166850
Stats[(nil), 12]:         129405
Stats[(nil), 13]:              0
Stats[(nil), 14]:              0
Stats[(nil), 15]:              0
Stats[(nil), 16]:              0
Stats[(nil), 17]:              0
Stats[(nil), 18]:              0
Stats[(nil), 19]:              0
Stats[(nil), 20]:              0
Stats[(nil), 21]:              0
Stats[(nil), 22]:              0
Stats[(nil), 23]:              0
Stats[(nil), 24]:              0
Stats[(nil), 25]:              0
Stats[(nil), 26]:              0
Stats[(nil), 27]:              0
Stats[(nil), 28]:              0
Stats[(nil), 29]:              0
Stats[(nil), 30]:              0
Stats[(nil), 31]:    0.012782766
