Numbers: 22500, pid: 9486 Space Used : 45000 Time Stamp : 1533540129377
Time(microseconds): 7727.000000
Stats[(nil), 0]:        7826998
Stats[(nil), 1]:        7825325
Stats[(nil), 2]:              1
Stats[(nil), 3]:              0
Stats[(nil), 4]:             22
Stats[(nil), 5]:             22
Stats[(nil), 6]:              0
Stats[(nil), 7]:        8039049
Stats[(nil), 8]:       24126224
Stats[(nil), 9]:           5579
Stats[(nil), 10]:           2250
Stats[(nil), 11]:        3242119
Stats[(nil), 12]:         114822
Stats[(nil), 13]:              0
Stats[(nil), 14]:              0
Stats[(nil), 15]:              0
Stats[(nil), 16]:              0
Stats[(nil), 17]:              0
Stats[(nil), 18]:              0
Stats[(nil), 19]:              0
Stats[(nil), 20]:              0
Stats[(nil), 21]:              0
Stats[(nil), 22]:              0
Stats[(nil), 23]:              0
Stats[(nil), 24]:              0
Stats[(nil), 25]:              0
Stats[(nil), 26]:              0
Stats[(nil), 27]:              0
Stats[(nil), 28]:              0
Stats[(nil), 29]:              0
Stats[(nil), 30]:              0
Stats[(nil), 31]:    0.011526350
