Numbers: 22500, pid: 9492 Space Used : 45000 Time Stamp : 1533540129424
Time(microseconds): 7917.000000
Stats[(nil), 0]:        8000853
Stats[(nil), 1]:        7999529
Stats[(nil), 2]:              0
Stats[(nil), 3]:              0
Stats[(nil), 4]:             22
Stats[(nil), 5]:             22
Stats[(nil), 6]:              0
Stats[(nil), 7]:         659319
Stats[(nil), 8]:       16557853
Stats[(nil), 9]:           4999
Stats[(nil), 10]:           2049
Stats[(nil), 11]:        3240022
Stats[(nil), 12]:         194926
Stats[(nil), 13]:              0
Stats[(nil), 14]:              0
Stats[(nil), 15]:              0
Stats[(nil), 16]:              0
Stats[(nil), 17]:              0
Stats[(nil), 18]:              0
Stats[(nil), 19]:              0
Stats[(nil), 20]:              0
Stats[(nil), 21]:              0
Stats[(nil), 22]:              0
Stats[(nil), 23]:              0
Stats[(nil), 24]:              0
Stats[(nil), 25]:              0
Stats[(nil), 26]:              0
Stats[(nil), 27]:              0
Stats[(nil), 28]:              0
Stats[(nil), 29]:              0
Stats[(nil), 30]:              0
Stats[(nil), 31]:    0.011373791
