Numbers: 23000, pid: 9494 Space Used : 46000 Time Stamp : 1533540129438
Time(microseconds): 7982.000000
Stats[(nil), 0]:        8074680
Stats[(nil), 1]:        8074052
Stats[(nil), 2]:              1
Stats[(nil), 3]:              0
Stats[(nil), 4]:             23
Stats[(nil), 5]:             23
Stats[(nil), 6]:              0
Stats[(nil), 7]:        6197692
Stats[(nil), 8]:       21782807
Stats[(nil), 9]:           5788
Stats[(nil), 10]:           1885
Stats[(nil), 11]:        3317731
Stats[(nil), 12]:         141776
Stats[(nil), 13]:              0
Stats[(nil), 14]:              0
Stats[(nil), 15]:              0
Stats[(nil), 16]:              0
Stats[(nil), 17]:              0
Stats[(nil), 18]:              0
Stats[(nil), 19]:              0
Stats[(nil), 20]:              0
Stats[(nil), 21]:              0
Stats[(nil), 22]:              0
Stats[(nil), 23]:              0
Stats[(nil), 24]:              0
Stats[(nil), 25]:              0
Stats[(nil), 26]:              0
Stats[(nil), 27]:              0
Stats[(nil), 28]:              0
Stats[(nil), 29]:              0
Stats[(nil), 30]:              0
Stats[(nil), 31]:    0.011643143
