Numbers: 23000, pid: 9500 Space Used : 46000 Time Stamp : 1533540129486
Time(microseconds): 8908.000000
Stats[(nil), 0]:        8986790
Stats[(nil), 1]:        8986023
Stats[(nil), 2]:              1
Stats[(nil), 3]:              0
Stats[(nil), 4]:             23
Stats[(nil), 5]:             23
Stats[(nil), 6]:              0
Stats[(nil), 7]:        8240217
Stats[(nil), 8]:       22404376
Stats[(nil), 9]:           5918
Stats[(nil), 10]:           1573
Stats[(nil), 11]:        3316601
Stats[(nil), 12]:         117016
Stats[(nil), 13]:              0
Stats[(nil), 14]:              0
Stats[(nil), 15]:              0
Stats[(nil), 16]:              0
Stats[(nil), 17]:              0
Stats[(nil), 18]:              0
Stats[(nil), 19]:              0
Stats[(nil), 20]:              0
Stats[(nil), 21]:              0
Stats[(nil), 22]:              0
Stats[(nil), 23]:              0
Stats[(nil), 24]:              0
Stats[(nil), 25]:              0
Stats[(nil), 26]:              0
Stats[(nil), 27]:              0
Stats[(nil), 28]:              0
Stats[(nil), 29]:              0
Stats[(nil), 30]:              0
Stats[(nil), 31]:    0.012259031
