Numbers: 23000, pid: 9502 Space Used : 46000 Time Stamp : 1533540129502
Time(microseconds): 10316.000000
Stats[(nil), 0]:       10441197
Stats[(nil), 1]:       10440108
Stats[(nil), 2]:              1
Stats[(nil), 3]:              0
Stats[(nil), 4]:             23
Stats[(nil), 5]:             23
Stats[(nil), 6]:              0
Stats[(nil), 7]:        1767710
Stats[(nil), 8]:        9159692
Stats[(nil), 9]:           4461
Stats[(nil), 10]:           1672
Stats[(nil), 11]:        3318792
Stats[(nil), 12]:         189794
Stats[(nil), 13]:              0
Stats[(nil), 14]:          11009
Stats[(nil), 15]:              0
Stats[(nil), 16]:              0
Stats[(nil), 17]:              0
Stats[(nil), 18]:              0
Stats[(nil), 19]:              0
Stats[(nil), 20]:              0
Stats[(nil), 21]:              0
Stats[(nil), 22]:              0
Stats[(nil), 23]:              0
Stats[(nil), 24]:              0
Stats[(nil), 25]:              0
Stats[(nil), 26]:              0
Stats[(nil), 27]:              0
Stats[(nil), 28]:              0
Stats[(nil), 29]:              0
Stats[(nil), 30]:              0
Stats[(nil), 31]:    0.014557204
