Numbers: 23500, pid: 9506 Space Used : 47000 Time Stamp : 1533540129533
Time(microseconds): 8091.000000
Stats[(nil), 0]:        8171404
Stats[(nil), 1]:        8171290
Stats[(nil), 2]:              1
Stats[(nil), 3]:              0
Stats[(nil), 4]:             23
Stats[(nil), 5]:             23
Stats[(nil), 6]:              0
Stats[(nil), 7]:        9705463
Stats[(nil), 8]:       24781161
Stats[(nil), 9]:           7344
Stats[(nil), 10]:           2022
Stats[(nil), 11]:        3391652
Stats[(nil), 12]:         109214
Stats[(nil), 13]:              0
Stats[(nil), 14]:              0
Stats[(nil), 15]:              0
Stats[(nil), 16]:              0
Stats[(nil), 17]:              0
Stats[(nil), 18]:              0
Stats[(nil), 19]:              0
Stats[(nil), 20]:              0
Stats[(nil), 21]:              0
Stats[(nil), 22]:              0
Stats[(nil), 23]:              0
Stats[(nil), 24]:              0
Stats[(nil), 25]:              0
Stats[(nil), 26]:              0
Stats[(nil), 27]:              0
Stats[(nil), 28]:              0
Stats[(nil), 29]:              0
Stats[(nil), 30]:              0
Stats[(nil), 31]:    0.011492041
