Numbers: 23500, pid: 9508 Space Used : 47000 Time Stamp : 1533540129550
Time(microseconds): 9859.000000
Stats[(nil), 0]:        9974304
Stats[(nil), 1]:        9973121
Stats[(nil), 2]:              2
Stats[(nil), 3]:              0
Stats[(nil), 4]:             23
Stats[(nil), 5]:             23
Stats[(nil), 6]:              0
Stats[(nil), 7]:        1088372
Stats[(nil), 8]:       12201698
Stats[(nil), 9]:           5880
Stats[(nil), 10]:           1790
Stats[(nil), 11]:        3396265
Stats[(nil), 12]:         204709
Stats[(nil), 13]:              0
Stats[(nil), 14]:          11428
Stats[(nil), 15]:              0
Stats[(nil), 16]:              0
Stats[(nil), 17]:              0
Stats[(nil), 18]:              0
Stats[(nil), 19]:              0
Stats[(nil), 20]:              0
Stats[(nil), 21]:              0
Stats[(nil), 22]:              0
Stats[(nil), 23]:              0
Stats[(nil), 24]:              0
Stats[(nil), 25]:              0
Stats[(nil), 26]:              0
Stats[(nil), 27]:              0
Stats[(nil), 28]:              0
Stats[(nil), 29]:              0
Stats[(nil), 30]:              0
Stats[(nil), 31]:    0.014319001
