Numbers: 23500, pid: 9510 Space Used : 47000 Time Stamp : 1533540129567
Time(microseconds): 10940.000000
Stats[(nil), 0]:       11050827
Stats[(nil), 1]:       11049449
Stats[(nil), 2]:              1
Stats[(nil), 3]:              0
Stats[(nil), 4]:             23
Stats[(nil), 5]:             23
Stats[(nil), 6]:              0
Stats[(nil), 7]:        1139494
Stats[(nil), 8]:        9995870
Stats[(nil), 9]:           3961
Stats[(nil), 10]:           1475
Stats[(nil), 11]:        3392377
Stats[(nil), 12]:         203228
Stats[(nil), 13]:              0
Stats[(nil), 14]:          13372
Stats[(nil), 15]:              0
Stats[(nil), 16]:              0
Stats[(nil), 17]:              0
Stats[(nil), 18]:              0
Stats[(nil), 19]:              0
Stats[(nil), 20]:              0
Stats[(nil), 21]:              0
Stats[(nil), 22]:              0
Stats[(nil), 23]:              0
Stats[(nil), 24]:              0
Stats[(nil), 25]:              0
Stats[(nil), 26]:              0
Stats[(nil), 27]:              0
Stats[(nil), 28]:              0
Stats[(nil), 29]:              0
Stats[(nil), 30]:              0
Stats[(nil), 31]:    0.015063366
