Numbers: 23500, pid: 9512 Space Used : 47000 Time Stamp : 1533540129583
Time(microseconds): 9086.000000
Stats[(nil), 0]:        9167740
Stats[(nil), 1]:        9167301
Stats[(nil), 2]:              0
Stats[(nil), 3]:              0
Stats[(nil), 4]:             23
Stats[(nil), 5]:             23
Stats[(nil), 6]:              0
Stats[(nil), 7]:        8436806
Stats[(nil), 8]:       21565747
Stats[(nil), 9]:           5178
Stats[(nil), 10]:           1488
Stats[(nil), 11]:        3389791
Stats[(nil), 12]:         119346
Stats[(nil), 13]:              0
Stats[(nil), 14]:              0
Stats[(nil), 15]:              0
Stats[(nil), 16]:              0
Stats[(nil), 17]:              0
Stats[(nil), 18]:              0
Stats[(nil), 19]:              0
Stats[(nil), 20]:              0
Stats[(nil), 21]:              0
Stats[(nil), 22]:              0
Stats[(nil), 23]:              0
Stats[(nil), 24]:              0
Stats[(nil), 25]:              0
Stats[(nil), 26]:              0
Stats[(nil), 27]:              0
Stats[(nil), 28]:              0
Stats[(nil), 29]:              0
Stats[(nil), 30]:              0
Stats[(nil), 31]:    0.014256868
