Numbers: 24000, pid: 9514 Space Used : 48000 Time Stamp : 1533540129597
Time(microseconds): 9517.000000
Stats[(nil), 0]:        9591490
Stats[(nil), 1]:        9591320
Stats[(nil), 2]:              1
Stats[(nil), 3]:              0
Stats[(nil), 4]:             24
Stats[(nil), 5]:             24
Stats[(nil), 6]:              0
Stats[(nil), 7]:        2588834
Stats[(nil), 8]:       16058833
Stats[(nil), 9]:           4916
Stats[(nil), 10]:           1941
Stats[(nil), 11]:        3467773
Stats[(nil), 12]:         190301
Stats[(nil), 13]:              0
Stats[(nil), 14]:           5870
Stats[(nil), 15]:              0
Stats[(nil), 16]:              0
Stats[(nil), 17]:              0
Stats[(nil), 18]:              0
Stats[(nil), 19]:              0
Stats[(nil), 20]:              0
Stats[(nil), 21]:              0
Stats[(nil), 22]:              0
Stats[(nil), 23]:              0
Stats[(nil), 24]:              0
Stats[(nil), 25]:              0
Stats[(nil), 26]:              0
Stats[(nil), 27]:              0
Stats[(nil), 28]:              0
Stats[(nil), 29]:              0
Stats[(nil), 30]:              0
Stats[(nil), 31]:    0.013010654
