Numbers: 24000, pid: 9516 Space Used : 48000 Time Stamp : 1533540129616
Time(microseconds): 10062.000000
Stats[(nil), 0]:       10187057
Stats[(nil), 1]:       10186311
Stats[(nil), 2]:              0
Stats[(nil), 3]:              0
Stats[(nil), 4]:             24
Stats[(nil), 5]:             24
Stats[(nil), 6]:              0
Stats[(nil), 7]:        6233015
Stats[(nil), 8]:       19172554
Stats[(nil), 9]:           9269
Stats[(nil), 10]:           2179
Stats[(nil), 11]:        3465812
Stats[(nil), 12]:         149103
Stats[(nil), 13]:              0
Stats[(nil), 14]:              0
Stats[(nil), 15]:              0
Stats[(nil), 16]:              0
Stats[(nil), 17]:              0
Stats[(nil), 18]:              0
Stats[(nil), 19]:              0
Stats[(nil), 20]:              0
Stats[(nil), 21]:              0
Stats[(nil), 22]:              0
Stats[(nil), 23]:              0
Stats[(nil), 24]:              0
Stats[(nil), 25]:              0
Stats[(nil), 26]:              0
Stats[(nil), 27]:              0
Stats[(nil), 28]:              0
Stats[(nil), 29]:              0
Stats[(nil), 30]:              0
Stats[(nil), 31]:    0.015504023
