Numbers: 24000, pid: 9520 Space Used : 48000 Time Stamp : 1533540129649
Time(microseconds): 9356.000000
Stats[(nil), 0]:        9459941
Stats[(nil), 1]:        9458605
Stats[(nil), 2]:              1
Stats[(nil), 3]:              0
Stats[(nil), 4]:             24
Stats[(nil), 5]:             24
Stats[(nil), 6]:              0
Stats[(nil), 7]:        2239971
Stats[(nil), 8]:       12680098
Stats[(nil), 9]:           4749
Stats[(nil), 10]:           1775
Stats[(nil), 11]:        3467742
Stats[(nil), 12]:         194684
Stats[(nil), 13]:              0
Stats[(nil), 14]:           6462
Stats[(nil), 15]:              0
Stats[(nil), 16]:              0
Stats[(nil), 17]:              0
Stats[(nil), 18]:              0
Stats[(nil), 19]:              0
Stats[(nil), 20]:              0
Stats[(nil), 21]:              0
Stats[(nil), 22]:              0
Stats[(nil), 23]:              0
Stats[(nil), 24]:              0
Stats[(nil), 25]:              0
Stats[(nil), 26]:              0
Stats[(nil), 27]:              0
Stats[(nil), 28]:              0
Stats[(nil), 29]:              0
Stats[(nil), 30]:              0
Stats[(nil), 31]:    0.013271560
