Numbers: 24500, pid: 9524 Space Used : 49000 Time Stamp : 1533540129679
Time(microseconds): 7839.000000
Stats[(nil), 0]:        7917177
Stats[(nil), 1]:        7917492
Stats[(nil), 2]:              1
Stats[(nil), 3]:              0
Stats[(nil), 4]:             24
Stats[(nil), 5]:             24
Stats[(nil), 6]:              0
Stats[(nil), 7]:        5238170
Stats[(nil), 8]:       22989568
Stats[(nil), 9]:           7109
Stats[(nil), 10]:           1838
Stats[(nil), 11]:        3541017
Stats[(nil), 12]:         163681
Stats[(nil), 13]:              0
Stats[(nil), 14]:              0
Stats[(nil), 15]:              0
Stats[(nil), 16]:              0
Stats[(nil), 17]:              0
Stats[(nil), 18]:              0
Stats[(nil), 19]:              0
Stats[(nil), 20]:              0
Stats[(nil), 21]:              0
Stats[(nil), 22]:              0
Stats[(nil), 23]:              0
Stats[(nil), 24]:              0
Stats[(nil), 25]:              0
Stats[(nil), 26]:              0
Stats[(nil), 27]:              0
Stats[(nil), 28]:              0
Stats[(nil), 29]:              0
Stats[(nil), 30]:              0
Stats[(nil), 31]:    0.011467851
