Numbers: 24500, pid: 9528 Space Used : 49000 Time Stamp : 1533540129712
Time(microseconds): 8240.000000
Stats[(nil), 0]:        8351576
Stats[(nil), 1]:        8350113
Stats[(nil), 2]:              0
Stats[(nil), 3]:              0
Stats[(nil), 4]:             24
Stats[(nil), 5]:             24
Stats[(nil), 6]:              0
Stats[(nil), 7]:          11612
Stats[(nil), 8]:        1907323
Stats[(nil), 9]:           2933
Stats[(nil), 10]:           1618
Stats[(nil), 11]:        3538945
Stats[(nil), 12]:         220865
Stats[(nil), 13]:              0
Stats[(nil), 14]:          13997
Stats[(nil), 15]:              0
Stats[(nil), 16]:              0
Stats[(nil), 17]:              0
Stats[(nil), 18]:              0
Stats[(nil), 19]:              0
Stats[(nil), 20]:              0
Stats[(nil), 21]:              0
Stats[(nil), 22]:              0
Stats[(nil), 23]:              0
Stats[(nil), 24]:              0
Stats[(nil), 25]:              0
Stats[(nil), 26]:              0
Stats[(nil), 27]:              0
Stats[(nil), 28]:              0
Stats[(nil), 29]:              0
Stats[(nil), 30]:              0
Stats[(nil), 31]:    0.012412258
