Numbers: 24500, pid: 9532 Space Used : 49000 Time Stamp : 1533540129744
Time(microseconds): 9620.000000
Stats[(nil), 0]:        9757183
Stats[(nil), 1]:        9756030
Stats[(nil), 2]:              1
Stats[(nil), 3]:              0
Stats[(nil), 4]:             24
Stats[(nil), 5]:             24
Stats[(nil), 6]:              0
Stats[(nil), 7]:        4747381
Stats[(nil), 8]:       18512719
Stats[(nil), 9]:           5549
Stats[(nil), 10]:           1584
Stats[(nil), 11]:        3540255
Stats[(nil), 12]:         168652
Stats[(nil), 13]:              0
Stats[(nil), 14]:              0
Stats[(nil), 15]:              0
Stats[(nil), 16]:              0
Stats[(nil), 17]:              0
Stats[(nil), 18]:              0
Stats[(nil), 19]:              0
Stats[(nil), 20]:              0
Stats[(nil), 21]:              0
Stats[(nil), 22]:              0
Stats[(nil), 23]:              0
Stats[(nil), 24]:              0
Stats[(nil), 25]:              0
Stats[(nil), 26]:              0
Stats[(nil), 27]:              0
Stats[(nil), 28]:              0
Stats[(nil), 29]:              0
Stats[(nil), 30]:              0
Stats[(nil), 31]:    0.014427386
