Numbers: 25000, pid: 9536 Space Used : 50000 Time Stamp : 1533540129782
Time(microseconds): 11286.000000
Stats[(nil), 0]:       11448349
Stats[(nil), 1]:       11446141
Stats[(nil), 2]:              2
Stats[(nil), 3]:              0
Stats[(nil), 4]:             25
Stats[(nil), 5]:             25
Stats[(nil), 6]:              0
Stats[(nil), 7]:        4848580
Stats[(nil), 8]:       15464951
Stats[(nil), 9]:           7582
Stats[(nil), 10]:           2546
Stats[(nil), 11]:        3621370
Stats[(nil), 12]:         182537
Stats[(nil), 13]:              0
Stats[(nil), 14]:          12174
Stats[(nil), 15]:              0
Stats[(nil), 16]:              0
Stats[(nil), 17]:              0
Stats[(nil), 18]:              0
Stats[(nil), 19]:              0
Stats[(nil), 20]:              0
Stats[(nil), 21]:              0
Stats[(nil), 22]:              0
Stats[(nil), 23]:              0
Stats[(nil), 24]:              0
Stats[(nil), 25]:              0
Stats[(nil), 26]:              0
Stats[(nil), 27]:              0
Stats[(nil), 28]:              0
Stats[(nil), 29]:              0
Stats[(nil), 30]:              0
Stats[(nil), 31]:    0.016991080
