Numbers: 25000, pid: 9538 Space Used : 50000 Time Stamp : 1533540129794
Time(microseconds): 7517.000000
Stats[(nil), 0]:        7607907
Stats[(nil), 1]:        7606743
Stats[(nil), 2]:              1
Stats[(nil), 3]:              0
Stats[(nil), 4]:             25
Stats[(nil), 5]:             25
Stats[(nil), 6]:              0
Stats[(nil), 7]:          12151
Stats[(nil), 8]:        6424419
Stats[(nil), 9]:           3111
Stats[(nil), 10]:           1643
Stats[(nil), 11]:        3616699
Stats[(nil), 12]:         229504
Stats[(nil), 13]:              0
Stats[(nil), 14]:          12500
Stats[(nil), 15]:              0
Stats[(nil), 16]:              0
Stats[(nil), 17]:              0
Stats[(nil), 18]:              0
Stats[(nil), 19]:              0
Stats[(nil), 20]:              0
Stats[(nil), 21]:              0
Stats[(nil), 22]:              0
Stats[(nil), 23]:              0
Stats[(nil), 24]:              0
Stats[(nil), 25]:              0
Stats[(nil), 26]:              0
Stats[(nil), 27]:              0
Stats[(nil), 28]:              0
Stats[(nil), 29]:              0
Stats[(nil), 30]:              0
Stats[(nil), 31]:    0.011140509
