Numbers: 25000, pid: 9540 Space Used : 50000 Time Stamp : 1533540129809
Time(microseconds): 8476.000000
Stats[(nil), 0]:        8583574
Stats[(nil), 1]:        8582337
Stats[(nil), 2]:              1
Stats[(nil), 3]:              0
Stats[(nil), 4]:             25
Stats[(nil), 5]:             25
Stats[(nil), 6]:              0
Stats[(nil), 7]:        8772274
Stats[(nil), 8]:       25732496
Stats[(nil), 9]:           6232
Stats[(nil), 10]:           1397
Stats[(nil), 11]:        3619863
Stats[(nil), 12]:         130242
Stats[(nil), 13]:              0
Stats[(nil), 14]:              0
Stats[(nil), 15]:              0
Stats[(nil), 16]:              0
Stats[(nil), 17]:              0
Stats[(nil), 18]:              0
Stats[(nil), 19]:              0
Stats[(nil), 20]:              0
Stats[(nil), 21]:              0
Stats[(nil), 22]:              0
Stats[(nil), 23]:              0
Stats[(nil), 24]:              0
Stats[(nil), 25]:              0
Stats[(nil), 26]:              0
Stats[(nil), 27]:              0
Stats[(nil), 28]:              0
Stats[(nil), 29]:              0
Stats[(nil), 30]:              0
Stats[(nil), 31]:    0.012611859
