Numbers: 25000, pid: 9542 Space Used : 50000 Time Stamp : 1533540129827
Time(microseconds): 11700.000000
Stats[(nil), 0]:       11790541
Stats[(nil), 1]:       11789977
Stats[(nil), 2]:              1
Stats[(nil), 3]:              0
Stats[(nil), 4]:             25
Stats[(nil), 5]:             25
Stats[(nil), 6]:              0
Stats[(nil), 7]:        2464966
Stats[(nil), 8]:       10211000
Stats[(nil), 9]:           8109
Stats[(nil), 10]:           2302
Stats[(nil), 11]:        3618031
Stats[(nil), 12]:         203018
Stats[(nil), 13]:              0
Stats[(nil), 14]:          15502
Stats[(nil), 15]:              0
Stats[(nil), 16]:              0
Stats[(nil), 17]:              0
Stats[(nil), 18]:              0
Stats[(nil), 19]:              0
Stats[(nil), 20]:              0
Stats[(nil), 21]:              0
Stats[(nil), 22]:              0
Stats[(nil), 23]:              0
Stats[(nil), 24]:              0
Stats[(nil), 25]:              0
Stats[(nil), 26]:              0
Stats[(nil), 27]:              0
Stats[(nil), 28]:              0
Stats[(nil), 29]:              0
Stats[(nil), 30]:              0
Stats[(nil), 31]:    0.015810003
