Numbers: 25500, pid: 9544 Space Used : 51000 Time Stamp : 1533540129843
Time(microseconds): 8812.000000
Stats[(nil), 0]:        8913055
Stats[(nil), 1]:        8912807
Stats[(nil), 2]:              0
Stats[(nil), 3]:              0
Stats[(nil), 4]:             25
Stats[(nil), 5]:             25
Stats[(nil), 6]:              0
Stats[(nil), 7]:        6530432
Stats[(nil), 8]:       22047238
Stats[(nil), 9]:           6749
Stats[(nil), 10]:           1809
Stats[(nil), 11]:        3690126
Stats[(nil), 12]:         163630
Stats[(nil), 13]:              0
Stats[(nil), 14]:              0
Stats[(nil), 15]:              0
Stats[(nil), 16]:              0
Stats[(nil), 17]:              0
Stats[(nil), 18]:              0
Stats[(nil), 19]:              0
Stats[(nil), 20]:              0
Stats[(nil), 21]:              0
Stats[(nil), 22]:              0
Stats[(nil), 23]:              0
Stats[(nil), 24]:              0
Stats[(nil), 25]:              0
Stats[(nil), 26]:              0
Stats[(nil), 27]:              0
Stats[(nil), 28]:              0
Stats[(nil), 29]:              0
Stats[(nil), 30]:              0
Stats[(nil), 31]:    0.013091743
