Numbers: 25500, pid: 9548 Space Used : 51000 Time Stamp : 1533540129874
Time(microseconds): 8713.000000
Stats[(nil), 0]:        8818149
Stats[(nil), 1]:        8817359
Stats[(nil), 2]:              0
Stats[(nil), 3]:              0
Stats[(nil), 4]:             25
Stats[(nil), 5]:             25
Stats[(nil), 6]:              0
Stats[(nil), 7]:        7291721
Stats[(nil), 8]:       23377609
Stats[(nil), 9]:           5696
Stats[(nil), 10]:           1832
Stats[(nil), 11]:        3689371
Stats[(nil), 12]:         155038
Stats[(nil), 13]:              0
Stats[(nil), 14]:              0
Stats[(nil), 15]:              0
Stats[(nil), 16]:              0
Stats[(nil), 17]:              0
Stats[(nil), 18]:              0
Stats[(nil), 19]:              0
Stats[(nil), 20]:              0
Stats[(nil), 21]:              0
Stats[(nil), 22]:              0
Stats[(nil), 23]:              0
Stats[(nil), 24]:              0
Stats[(nil), 25]:              0
Stats[(nil), 26]:              0
Stats[(nil), 27]:              0
Stats[(nil), 28]:              0
Stats[(nil), 29]:              0
Stats[(nil), 30]:              0
Stats[(nil), 31]:    0.013177348
