Numbers: 25500, pid: 9550 Space Used : 51000 Time Stamp : 1533540129894
Time(microseconds): 11539.000000
Stats[(nil), 0]:       11697621
Stats[(nil), 1]:       11695394
Stats[(nil), 2]:              1
Stats[(nil), 3]:              0
Stats[(nil), 4]:             25
Stats[(nil), 5]:             25
Stats[(nil), 6]:              0
Stats[(nil), 7]:        4266642
Stats[(nil), 8]:       15506657
Stats[(nil), 9]:           3735
Stats[(nil), 10]:           1722
Stats[(nil), 11]:        3696963
Stats[(nil), 12]:         190930
Stats[(nil), 13]:              0
Stats[(nil), 14]:          12498
Stats[(nil), 15]:              0
Stats[(nil), 16]:              0
Stats[(nil), 17]:              0
Stats[(nil), 18]:              0
Stats[(nil), 19]:              0
Stats[(nil), 20]:              0
Stats[(nil), 21]:              0
Stats[(nil), 22]:              0
Stats[(nil), 23]:              0
Stats[(nil), 24]:              0
Stats[(nil), 25]:              0
Stats[(nil), 26]:              0
Stats[(nil), 27]:              0
Stats[(nil), 28]:              0
Stats[(nil), 29]:              0
Stats[(nil), 30]:              0
Stats[(nil), 31]:    0.017154558
