Numbers: 25500, pid: 9552 Space Used : 51000 Time Stamp : 1533540129907
Time(microseconds): 7910.000000
Stats[(nil), 0]:        7995669
Stats[(nil), 1]:        7994529
Stats[(nil), 2]:              1
Stats[(nil), 3]:              0
Stats[(nil), 4]:             25
Stats[(nil), 5]:             25
Stats[(nil), 6]:              0
Stats[(nil), 7]:        4602168
Stats[(nil), 8]:       21912595
Stats[(nil), 9]:           5471
Stats[(nil), 10]:           1808
Stats[(nil), 11]:        3691772
Stats[(nil), 12]:         186238
Stats[(nil), 13]:              0
Stats[(nil), 14]:              0
Stats[(nil), 15]:              0
Stats[(nil), 16]:              0
Stats[(nil), 17]:              0
Stats[(nil), 18]:              0
Stats[(nil), 19]:              0
Stats[(nil), 20]:              0
Stats[(nil), 21]:              0
Stats[(nil), 22]:              0
Stats[(nil), 23]:              0
Stats[(nil), 24]:              0
Stats[(nil), 25]:              0
Stats[(nil), 26]:              0
Stats[(nil), 27]:              0
Stats[(nil), 28]:              0
Stats[(nil), 29]:              0
Stats[(nil), 30]:              0
Stats[(nil), 31]:    0.011570774
