Numbers: 26000, pid: 9554 Space Used : 52000 Time Stamp : 1533540129926
Time(microseconds): 11787.000000
Stats[(nil), 0]:       11901882
Stats[(nil), 1]:       11900978
Stats[(nil), 2]:              2
Stats[(nil), 3]:              0
Stats[(nil), 4]:             26
Stats[(nil), 5]:             26
Stats[(nil), 6]:              0
Stats[(nil), 7]:        6073941
Stats[(nil), 8]:       17199748
Stats[(nil), 9]:           7475
Stats[(nil), 10]:           3057
Stats[(nil), 11]:        3774729
Stats[(nil), 12]:         175978
Stats[(nil), 13]:              0
Stats[(nil), 14]:          14409
Stats[(nil), 15]:              0
Stats[(nil), 16]:              0
Stats[(nil), 17]:              0
Stats[(nil), 18]:              0
Stats[(nil), 19]:              0
Stats[(nil), 20]:              0
Stats[(nil), 21]:              0
Stats[(nil), 22]:              0
Stats[(nil), 23]:              0
Stats[(nil), 24]:              0
Stats[(nil), 25]:              0
Stats[(nil), 26]:              0
Stats[(nil), 27]:              0
Stats[(nil), 28]:              0
Stats[(nil), 29]:              0
Stats[(nil), 30]:              0
Stats[(nil), 31]:    0.016301755
