Numbers: 26000, pid: 9556 Space Used : 52000 Time Stamp : 1533540129942
Time(microseconds): 9277.000000
Stats[(nil), 0]:        9360750
Stats[(nil), 1]:        9358126
Stats[(nil), 2]:              3
Stats[(nil), 3]:              0
Stats[(nil), 4]:             26
Stats[(nil), 5]:             26
Stats[(nil), 6]:              0
Stats[(nil), 7]:         889831
Stats[(nil), 8]:       12000180
Stats[(nil), 9]:           7742
Stats[(nil), 10]:           2415
Stats[(nil), 11]:        3769090
Stats[(nil), 12]:         234614
Stats[(nil), 13]:              0
Stats[(nil), 14]:          12410
Stats[(nil), 15]:              0
Stats[(nil), 16]:              0
Stats[(nil), 17]:              0
Stats[(nil), 18]:              0
Stats[(nil), 19]:              0
Stats[(nil), 20]:              0
Stats[(nil), 21]:              0
Stats[(nil), 22]:              0
Stats[(nil), 23]:              0
Stats[(nil), 24]:              0
Stats[(nil), 25]:              0
Stats[(nil), 26]:              0
Stats[(nil), 27]:              0
Stats[(nil), 28]:              0
Stats[(nil), 29]:              0
Stats[(nil), 30]:              0
Stats[(nil), 31]:    0.013133443
