Numbers: 26000, pid: 9558 Space Used : 52000 Time Stamp : 1533540129959
Time(microseconds): 12376.000000
Stats[(nil), 0]:       12449136
Stats[(nil), 1]:       12448868
Stats[(nil), 2]:              2
Stats[(nil), 3]:              0
Stats[(nil), 4]:             26
Stats[(nil), 5]:             26
Stats[(nil), 6]:              0
Stats[(nil), 7]:        3470249
Stats[(nil), 8]:       13287226
Stats[(nil), 9]:           8924
Stats[(nil), 10]:           2401
Stats[(nil), 11]:        3774718
Stats[(nil), 12]:         207378
Stats[(nil), 13]:              0
Stats[(nil), 14]:          12866
Stats[(nil), 15]:              0
Stats[(nil), 16]:              0
Stats[(nil), 17]:              0
Stats[(nil), 18]:              0
Stats[(nil), 19]:              0
Stats[(nil), 20]:              0
Stats[(nil), 21]:              0
Stats[(nil), 22]:              0
Stats[(nil), 23]:              0
Stats[(nil), 24]:              0
Stats[(nil), 25]:              0
Stats[(nil), 26]:              0
Stats[(nil), 27]:              0
Stats[(nil), 28]:              0
Stats[(nil), 29]:              0
Stats[(nil), 30]:              0
Stats[(nil), 31]:    0.016193814
