Numbers: 26000, pid: 9560 Space Used : 52000 Time Stamp : 1533540129977
Time(microseconds): 11500.000000
Stats[(nil), 0]:       11590915
Stats[(nil), 1]:       11589444
Stats[(nil), 2]:              1
Stats[(nil), 3]:              0
Stats[(nil), 4]:             26
Stats[(nil), 5]:             26
Stats[(nil), 6]:              0
Stats[(nil), 7]:        9258443
Stats[(nil), 8]:       21061545
Stats[(nil), 9]:           5530
Stats[(nil), 10]:           1822
Stats[(nil), 11]:        3768765
Stats[(nil), 12]:         137997
Stats[(nil), 13]:              0
Stats[(nil), 14]:           1486
Stats[(nil), 15]:              0
Stats[(nil), 16]:              0
Stats[(nil), 17]:              0
Stats[(nil), 18]:              0
Stats[(nil), 19]:              0
Stats[(nil), 20]:              0
Stats[(nil), 21]:              0
Stats[(nil), 22]:              0
Stats[(nil), 23]:              0
Stats[(nil), 24]:              0
Stats[(nil), 25]:              0
Stats[(nil), 26]:              0
Stats[(nil), 27]:              0
Stats[(nil), 28]:              0
Stats[(nil), 29]:              0
Stats[(nil), 30]:              0
Stats[(nil), 31]:    0.015306999
