Numbers: 26000, pid: 9562 Space Used : 52000 Time Stamp : 1533540129991
Time(microseconds): 8911.000000
Stats[(nil), 0]:        8986622
Stats[(nil), 1]:        8986475
Stats[(nil), 2]:              0
Stats[(nil), 3]:              0
Stats[(nil), 4]:             26
Stats[(nil), 5]:             26
Stats[(nil), 6]:              0
Stats[(nil), 7]:        5930962
Stats[(nil), 8]:       23846220
Stats[(nil), 9]:           5249
Stats[(nil), 10]:           1690
Stats[(nil), 11]:        3764679
Stats[(nil), 12]:         175537
Stats[(nil), 13]:              0
Stats[(nil), 14]:              0
Stats[(nil), 15]:              0
Stats[(nil), 16]:              0
Stats[(nil), 17]:              0
Stats[(nil), 18]:              0
Stats[(nil), 19]:              0
Stats[(nil), 20]:              0
Stats[(nil), 21]:              0
Stats[(nil), 22]:              0
Stats[(nil), 23]:              0
Stats[(nil), 24]:              0
Stats[(nil), 25]:              0
Stats[(nil), 26]:              0
Stats[(nil), 27]:              0
Stats[(nil), 28]:              0
Stats[(nil), 29]:              0
Stats[(nil), 30]:              0
Stats[(nil), 31]:    0.012623642
