Numbers: 26500, pid: 9566 Space Used : 53000 Time Stamp : 1533540130025
Time(microseconds): 11255.000000
Stats[(nil), 0]:       11377373
Stats[(nil), 1]:       11376165
Stats[(nil), 2]:              1
Stats[(nil), 3]:              0
Stats[(nil), 4]:             26
Stats[(nil), 5]:             26
Stats[(nil), 6]:              0
Stats[(nil), 7]:        6299285
Stats[(nil), 8]:       19064089
Stats[(nil), 9]:           6414
Stats[(nil), 10]:           2425
Stats[(nil), 11]:        3844725
Stats[(nil), 12]:         177165
Stats[(nil), 13]:              0
Stats[(nil), 14]:            852
Stats[(nil), 15]:              0
Stats[(nil), 16]:              0
Stats[(nil), 17]:              0
Stats[(nil), 18]:              0
Stats[(nil), 19]:              0
Stats[(nil), 20]:              0
Stats[(nil), 21]:              0
Stats[(nil), 22]:              0
Stats[(nil), 23]:              0
Stats[(nil), 24]:              0
Stats[(nil), 25]:              0
Stats[(nil), 26]:              0
Stats[(nil), 27]:              0
Stats[(nil), 28]:              0
Stats[(nil), 29]:              0
Stats[(nil), 30]:              0
Stats[(nil), 31]:    0.016061759
