Numbers: 26500, pid: 9568 Space Used : 53000 Time Stamp : 1533540130043
Time(microseconds): 11469.000000
Stats[(nil), 0]:       11614135
Stats[(nil), 1]:       11611950
Stats[(nil), 2]:              2
Stats[(nil), 3]:              0
Stats[(nil), 4]:             26
Stats[(nil), 5]:             26
Stats[(nil), 6]:              0
Stats[(nil), 7]:        1849654
Stats[(nil), 8]:       13105224
Stats[(nil), 9]:           7487
Stats[(nil), 10]:           2590
Stats[(nil), 11]:        3849638
Stats[(nil), 12]:         231963
Stats[(nil), 13]:              0
Stats[(nil), 14]:          13116
Stats[(nil), 15]:              0
Stats[(nil), 16]:              0
Stats[(nil), 17]:              0
Stats[(nil), 18]:              0
Stats[(nil), 19]:              0
Stats[(nil), 20]:              0
Stats[(nil), 21]:              0
Stats[(nil), 22]:              0
Stats[(nil), 23]:              0
Stats[(nil), 24]:              0
Stats[(nil), 25]:              0
Stats[(nil), 26]:              0
Stats[(nil), 27]:              0
Stats[(nil), 28]:              0
Stats[(nil), 29]:              0
Stats[(nil), 30]:              0
Stats[(nil), 31]:    0.016372170
