Numbers: 26500, pid: 9570 Space Used : 53000 Time Stamp : 1533540130062
Time(microseconds): 12767.000000
Stats[(nil), 0]:       12933883
Stats[(nil), 1]:       12932285
Stats[(nil), 2]:              1
Stats[(nil), 3]:              0
Stats[(nil), 4]:             26
Stats[(nil), 5]:             26
Stats[(nil), 6]:              0
Stats[(nil), 7]:        5614722
Stats[(nil), 8]:       16660169
Stats[(nil), 9]:           3352
Stats[(nil), 10]:           1748
Stats[(nil), 11]:        3842989
Stats[(nil), 12]:         183651
Stats[(nil), 13]:              0
Stats[(nil), 14]:          12918
Stats[(nil), 15]:              0
Stats[(nil), 16]:              0
Stats[(nil), 17]:              0
Stats[(nil), 18]:              0
Stats[(nil), 19]:              0
Stats[(nil), 20]:              0
Stats[(nil), 21]:              0
Stats[(nil), 22]:              0
Stats[(nil), 23]:              0
Stats[(nil), 24]:              0
Stats[(nil), 25]:              0
Stats[(nil), 26]:              0
Stats[(nil), 27]:              0
Stats[(nil), 28]:              0
Stats[(nil), 29]:              0
Stats[(nil), 30]:              0
Stats[(nil), 31]:    0.016722684
