Numbers: 26500, pid: 9572 Space Used : 53000 Time Stamp : 1533540130075
Time(microseconds): 8118.000000
Stats[(nil), 0]:        8204550
Stats[(nil), 1]:        8203745
Stats[(nil), 2]:              1
Stats[(nil), 3]:              0
Stats[(nil), 4]:             26
Stats[(nil), 5]:             26
Stats[(nil), 6]:              0
Stats[(nil), 7]:          10999
Stats[(nil), 8]:        5822372
Stats[(nil), 9]:           3221
Stats[(nil), 10]:           1073
Stats[(nil), 11]:        3840436
Stats[(nil), 12]:         247148
Stats[(nil), 13]:              0
Stats[(nil), 14]:          13355
Stats[(nil), 15]:              0
Stats[(nil), 16]:              0
Stats[(nil), 17]:              0
Stats[(nil), 18]:              0
Stats[(nil), 19]:              0
Stats[(nil), 20]:              0
Stats[(nil), 21]:              0
Stats[(nil), 22]:              0
Stats[(nil), 23]:              0
Stats[(nil), 24]:              0
Stats[(nil), 25]:              0
Stats[(nil), 26]:              0
Stats[(nil), 27]:              0
Stats[(nil), 28]:              0
Stats[(nil), 29]:              0
Stats[(nil), 30]:              0
Stats[(nil), 31]:    0.011779077
