Numbers: 27000, pid: 9574 Space Used : 54000 Time Stamp : 1533540130091
Time(microseconds): 9360.000000
Stats[(nil), 0]:        9457911
Stats[(nil), 1]:        9457331
Stats[(nil), 2]:              1
Stats[(nil), 3]:              0
Stats[(nil), 4]:             27
Stats[(nil), 5]:             27
Stats[(nil), 6]:              0
Stats[(nil), 7]:        6709463
Stats[(nil), 8]:       22191000
Stats[(nil), 9]:           6939
Stats[(nil), 10]:           1590
Stats[(nil), 11]:        3915802
Stats[(nil), 12]:         176711
Stats[(nil), 13]:              0
Stats[(nil), 14]:              0
Stats[(nil), 15]:              0
Stats[(nil), 16]:              0
Stats[(nil), 17]:              0
Stats[(nil), 18]:              0
Stats[(nil), 19]:              0
Stats[(nil), 20]:              0
Stats[(nil), 21]:              0
Stats[(nil), 22]:              0
Stats[(nil), 23]:              0
Stats[(nil), 24]:              0
Stats[(nil), 25]:              0
Stats[(nil), 26]:              0
Stats[(nil), 27]:              0
Stats[(nil), 28]:              0
Stats[(nil), 29]:              0
Stats[(nil), 30]:              0
Stats[(nil), 31]:    0.013715898
