Numbers: 27000, pid: 9576 Space Used : 54000 Time Stamp : 1533540130108
Time(microseconds): 10510.000000
Stats[(nil), 0]:       10629751
Stats[(nil), 1]:       10628522
Stats[(nil), 2]:              2
Stats[(nil), 3]:              0
Stats[(nil), 4]:             27
Stats[(nil), 5]:             27
Stats[(nil), 6]:              0
Stats[(nil), 7]:        5835086
Stats[(nil), 8]:       16675860
Stats[(nil), 9]:           8982
Stats[(nil), 10]:           2779
Stats[(nil), 11]:        3919950
Stats[(nil), 12]:         187808
Stats[(nil), 13]:              0
Stats[(nil), 14]:              0
Stats[(nil), 15]:              0
Stats[(nil), 16]:              0
Stats[(nil), 17]:              0
Stats[(nil), 18]:              0
Stats[(nil), 19]:              0
Stats[(nil), 20]:              0
Stats[(nil), 21]:              0
Stats[(nil), 22]:              0
Stats[(nil), 23]:              0
Stats[(nil), 24]:              0
Stats[(nil), 25]:              0
Stats[(nil), 26]:              0
Stats[(nil), 27]:              0
Stats[(nil), 28]:              0
Stats[(nil), 29]:              0
Stats[(nil), 30]:              0
Stats[(nil), 31]:    0.015029217
