Numbers: 27000, pid: 9578 Space Used : 54000 Time Stamp : 1533540130126
Time(microseconds): 11678.000000
Stats[(nil), 0]:       11761330
Stats[(nil), 1]:       11760781
Stats[(nil), 2]:              2
Stats[(nil), 3]:              0
Stats[(nil), 4]:             27
Stats[(nil), 5]:             27
Stats[(nil), 6]:              0
Stats[(nil), 7]:        5605207
Stats[(nil), 8]:       17261037
Stats[(nil), 9]:           5265
Stats[(nil), 10]:           2187
Stats[(nil), 11]:        3919174
Stats[(nil), 12]:         190277
Stats[(nil), 13]:              0
Stats[(nil), 14]:          13139
Stats[(nil), 15]:              0
Stats[(nil), 16]:              0
Stats[(nil), 17]:              0
Stats[(nil), 18]:              0
Stats[(nil), 19]:              0
Stats[(nil), 20]:              0
Stats[(nil), 21]:              0
Stats[(nil), 22]:              0
Stats[(nil), 23]:              0
Stats[(nil), 24]:              0
Stats[(nil), 25]:              0
Stats[(nil), 26]:              0
Stats[(nil), 27]:              0
Stats[(nil), 28]:              0
Stats[(nil), 29]:              0
Stats[(nil), 30]:              0
Stats[(nil), 31]:    0.015476174
