Numbers: 27000, pid: 9582 Space Used : 54000 Time Stamp : 1533540130166
Time(microseconds): 10052.000000
Stats[(nil), 0]:       10181324
Stats[(nil), 1]:       10179747
Stats[(nil), 2]:              1
Stats[(nil), 3]:              0
Stats[(nil), 4]:             27
Stats[(nil), 5]:             27
Stats[(nil), 6]:              0
Stats[(nil), 7]:        1328282
Stats[(nil), 8]:       13030042
Stats[(nil), 9]:           4043
Stats[(nil), 10]:           1838
Stats[(nil), 11]:        3917496
Stats[(nil), 12]:         238466
Stats[(nil), 13]:              0
Stats[(nil), 14]:          13389
Stats[(nil), 15]:              0
Stats[(nil), 16]:              0
Stats[(nil), 17]:              0
Stats[(nil), 18]:              0
Stats[(nil), 19]:              0
Stats[(nil), 20]:              0
Stats[(nil), 21]:              0
Stats[(nil), 22]:              0
Stats[(nil), 23]:              0
Stats[(nil), 24]:              0
Stats[(nil), 25]:              0
Stats[(nil), 26]:              0
Stats[(nil), 27]:              0
Stats[(nil), 28]:              0
Stats[(nil), 29]:              0
Stats[(nil), 30]:              0
Stats[(nil), 31]:    0.015216915
