Numbers: 27500, pid: 9584 Space Used : 55000 Time Stamp : 1533540130185
Time(microseconds): 12679.000000
Stats[(nil), 0]:       12777285
Stats[(nil), 1]:       12776464
Stats[(nil), 2]:              2
Stats[(nil), 3]:              0
Stats[(nil), 4]:             27
Stats[(nil), 5]:             27
Stats[(nil), 6]:              0
Stats[(nil), 7]:         352641
Stats[(nil), 8]:       11314361
Stats[(nil), 9]:           5282
Stats[(nil), 10]:           1062
Stats[(nil), 11]:        3995066
Stats[(nil), 12]:         255759
Stats[(nil), 13]:              0
Stats[(nil), 14]:          16310
Stats[(nil), 15]:         147966
Stats[(nil), 16]:              0
Stats[(nil), 17]:              0
Stats[(nil), 18]:              0
Stats[(nil), 19]:              0
Stats[(nil), 20]:              0
Stats[(nil), 21]:              0
Stats[(nil), 22]:              0
Stats[(nil), 23]:              0
Stats[(nil), 24]:              0
Stats[(nil), 25]:              0
Stats[(nil), 26]:              0
Stats[(nil), 27]:              0
Stats[(nil), 28]:              0
Stats[(nil), 29]:              0
Stats[(nil), 30]:              0
Stats[(nil), 31]:    0.017063144
