Numbers: 27500, pid: 9586 Space Used : 55000 Time Stamp : 1533540130204
Time(microseconds): 11125.000000
Stats[(nil), 0]:       11218797
Stats[(nil), 1]:       11216909
Stats[(nil), 2]:              1
Stats[(nil), 3]:              0
Stats[(nil), 4]:             27
Stats[(nil), 5]:             27
Stats[(nil), 6]:              0
Stats[(nil), 7]:        4786832
Stats[(nil), 8]:       19398808
Stats[(nil), 9]:           8492
Stats[(nil), 10]:           2420
Stats[(nil), 11]:        3990905
Stats[(nil), 12]:         205617
Stats[(nil), 13]:              0
Stats[(nil), 14]:              0
Stats[(nil), 15]:              0
Stats[(nil), 16]:              0
Stats[(nil), 17]:              0
Stats[(nil), 18]:              0
Stats[(nil), 19]:              0
Stats[(nil), 20]:              0
Stats[(nil), 21]:              0
Stats[(nil), 22]:              0
Stats[(nil), 23]:              0
Stats[(nil), 24]:              0
Stats[(nil), 25]:              0
Stats[(nil), 26]:              0
Stats[(nil), 27]:              0
Stats[(nil), 28]:              0
Stats[(nil), 29]:              0
Stats[(nil), 30]:              0
Stats[(nil), 31]:    0.016614069
