Numbers: 27500, pid: 9588 Space Used : 55000 Time Stamp : 1533540130222
Time(microseconds): 11240.000000
Stats[(nil), 0]:       11351885
Stats[(nil), 1]:       11350523
Stats[(nil), 2]:              1
Stats[(nil), 3]:              0
Stats[(nil), 4]:             27
Stats[(nil), 5]:             27
Stats[(nil), 6]:              0
Stats[(nil), 7]:        3113037
Stats[(nil), 8]:       15792429
Stats[(nil), 9]:           4647
Stats[(nil), 10]:           1783
Stats[(nil), 11]:        3992297
Stats[(nil), 12]:         225888
Stats[(nil), 13]:              0
Stats[(nil), 14]:          13940
Stats[(nil), 15]:              0
Stats[(nil), 16]:              0
Stats[(nil), 17]:              0
Stats[(nil), 18]:              0
Stats[(nil), 19]:              0
Stats[(nil), 20]:              0
Stats[(nil), 21]:              0
Stats[(nil), 22]:              0
Stats[(nil), 23]:              0
Stats[(nil), 24]:              0
Stats[(nil), 25]:              0
Stats[(nil), 26]:              0
Stats[(nil), 27]:              0
Stats[(nil), 28]:              0
Stats[(nil), 29]:              0
Stats[(nil), 30]:              0
Stats[(nil), 31]:    0.015764903
