Numbers: 27500, pid: 9590 Space Used : 55000 Time Stamp : 1533540130239
Time(microseconds): 11170.000000
Stats[(nil), 0]:       11253280
Stats[(nil), 1]:       11252073
Stats[(nil), 2]:              1
Stats[(nil), 3]:              0
Stats[(nil), 4]:             27
Stats[(nil), 5]:             27
Stats[(nil), 6]:              0
Stats[(nil), 7]:        2002697
Stats[(nil), 8]:       14804575
Stats[(nil), 9]:           4039
Stats[(nil), 10]:           2421
Stats[(nil), 11]:        3992455
Stats[(nil), 12]:         236504
Stats[(nil), 13]:              0
Stats[(nil), 14]:          13963
Stats[(nil), 15]:              0
Stats[(nil), 16]:              0
Stats[(nil), 17]:              0
Stats[(nil), 18]:              0
Stats[(nil), 19]:              0
Stats[(nil), 20]:              0
Stats[(nil), 21]:              0
Stats[(nil), 22]:              0
Stats[(nil), 23]:              0
Stats[(nil), 24]:              0
Stats[(nil), 25]:              0
Stats[(nil), 26]:              0
Stats[(nil), 27]:              0
Stats[(nil), 28]:              0
Stats[(nil), 29]:              0
Stats[(nil), 30]:              0
Stats[(nil), 31]:    0.015089447
