Numbers: 27500, pid: 9592 Space Used : 55000 Time Stamp : 1533540130255
Time(microseconds): 10641.000000
Stats[(nil), 0]:       10722730
Stats[(nil), 1]:       10722237
Stats[(nil), 2]:              0
Stats[(nil), 3]:              0
Stats[(nil), 4]:             27
Stats[(nil), 5]:             27
Stats[(nil), 6]:              0
Stats[(nil), 7]:       10629534
Stats[(nil), 8]:       24505917
Stats[(nil), 9]:           5250
Stats[(nil), 10]:           1770
Stats[(nil), 11]:        3988969
Stats[(nil), 12]:         136575
Stats[(nil), 13]:              0
Stats[(nil), 14]:              0
Stats[(nil), 15]:              0
Stats[(nil), 16]:              0
Stats[(nil), 17]:              0
Stats[(nil), 18]:              0
Stats[(nil), 19]:              0
Stats[(nil), 20]:              0
Stats[(nil), 21]:              0
Stats[(nil), 22]:              0
Stats[(nil), 23]:              0
Stats[(nil), 24]:              0
Stats[(nil), 25]:              0
Stats[(nil), 26]:              0
Stats[(nil), 27]:              0
Stats[(nil), 28]:              0
Stats[(nil), 29]:              0
Stats[(nil), 30]:              0
Stats[(nil), 31]:    0.014613658
