Numbers: 28000, pid: 9594 Space Used : 56000 Time Stamp : 1533540130273
Time(microseconds): 11866.000000
Stats[(nil), 0]:       11951572
Stats[(nil), 1]:       11950975
Stats[(nil), 2]:              1
Stats[(nil), 3]:              0
Stats[(nil), 4]:             28
Stats[(nil), 5]:             28
Stats[(nil), 6]:              0
Stats[(nil), 7]:        9781334
Stats[(nil), 8]:       22151645
Stats[(nil), 9]:           6917
Stats[(nil), 10]:           2224
Stats[(nil), 11]:        4070802
Stats[(nil), 12]:         152944
Stats[(nil), 13]:              0
Stats[(nil), 14]:           3276
Stats[(nil), 15]:              0
Stats[(nil), 16]:              0
Stats[(nil), 17]:              0
Stats[(nil), 18]:              0
Stats[(nil), 19]:              0
Stats[(nil), 20]:              0
Stats[(nil), 21]:              0
Stats[(nil), 22]:              0
Stats[(nil), 23]:              0
Stats[(nil), 24]:              0
Stats[(nil), 25]:              0
Stats[(nil), 26]:              0
Stats[(nil), 27]:              0
Stats[(nil), 28]:              0
Stats[(nil), 29]:              0
Stats[(nil), 30]:              0
Stats[(nil), 31]:    0.015792311
