Numbers: 28000, pid: 9596 Space Used : 56000 Time Stamp : 1533540130289
Time(microseconds): 9209.000000
Stats[(nil), 0]:        9278468
Stats[(nil), 1]:        9278227
Stats[(nil), 2]:              3
Stats[(nil), 3]:              0
Stats[(nil), 4]:             28
Stats[(nil), 5]:             28
Stats[(nil), 6]:              0
Stats[(nil), 7]:        2959406
Stats[(nil), 8]:       19623876
Stats[(nil), 9]:           7815
Stats[(nil), 10]:           2537
Stats[(nil), 11]:        4068797
Stats[(nil), 12]:         230846
Stats[(nil), 13]:              0
Stats[(nil), 14]:           1952
Stats[(nil), 15]:              0
Stats[(nil), 16]:              0
Stats[(nil), 17]:              0
Stats[(nil), 18]:              0
Stats[(nil), 19]:              0
Stats[(nil), 20]:              0
Stats[(nil), 21]:              0
Stats[(nil), 22]:              0
Stats[(nil), 23]:              0
Stats[(nil), 24]:              0
Stats[(nil), 25]:              0
Stats[(nil), 26]:              0
Stats[(nil), 27]:              0
Stats[(nil), 28]:              0
Stats[(nil), 29]:              0
Stats[(nil), 30]:              0
Stats[(nil), 31]:    0.013224517
