Numbers: 28000, pid: 9598 Space Used : 56000 Time Stamp : 1533540130307
Time(microseconds): 11847.000000
Stats[(nil), 0]:       11946583
Stats[(nil), 1]:       11946096
Stats[(nil), 2]:              1
Stats[(nil), 3]:              0
Stats[(nil), 4]:             28
Stats[(nil), 5]:             28
Stats[(nil), 6]:              0
Stats[(nil), 7]:        2164769
Stats[(nil), 8]:       13443376
Stats[(nil), 9]:           4698
Stats[(nil), 10]:           2096
Stats[(nil), 11]:        4065809
Stats[(nil), 12]:         239901
Stats[(nil), 13]:              0
Stats[(nil), 14]:          14196
Stats[(nil), 15]:              0
Stats[(nil), 16]:              0
Stats[(nil), 17]:              0
Stats[(nil), 18]:              0
Stats[(nil), 19]:              0
Stats[(nil), 20]:              0
Stats[(nil), 21]:              0
Stats[(nil), 22]:              0
Stats[(nil), 23]:              0
Stats[(nil), 24]:              0
Stats[(nil), 25]:              0
Stats[(nil), 26]:              0
Stats[(nil), 27]:              0
Stats[(nil), 28]:              0
Stats[(nil), 29]:              0
Stats[(nil), 30]:              0
Stats[(nil), 31]:    0.016686195
