Numbers: 28000, pid: 9600 Space Used : 56000 Time Stamp : 1533540130324
Time(microseconds): 10515.000000
Stats[(nil), 0]:       10600580
Stats[(nil), 1]:       10599265
Stats[(nil), 2]:              1
Stats[(nil), 3]:              0
Stats[(nil), 4]:             28
Stats[(nil), 5]:             28
Stats[(nil), 6]:              0
Stats[(nil), 7]:        9203098
Stats[(nil), 8]:       19892853
Stats[(nil), 9]:           7170
Stats[(nil), 10]:           2085
Stats[(nil), 11]:        4069615
Stats[(nil), 12]:         162185
Stats[(nil), 13]:              0
Stats[(nil), 14]:              0
Stats[(nil), 15]:              0
Stats[(nil), 16]:              0
Stats[(nil), 17]:              0
Stats[(nil), 18]:              0
Stats[(nil), 19]:              0
Stats[(nil), 20]:              0
Stats[(nil), 21]:              0
Stats[(nil), 22]:              0
Stats[(nil), 23]:              0
Stats[(nil), 24]:              0
Stats[(nil), 25]:              0
Stats[(nil), 26]:              0
Stats[(nil), 27]:              0
Stats[(nil), 28]:              0
Stats[(nil), 29]:              0
Stats[(nil), 30]:              0
Stats[(nil), 31]:    0.014417591
