Numbers: 28000, pid: 9602 Space Used : 56000 Time Stamp : 1533540130342
Time(microseconds): 11709.000000
Stats[(nil), 0]:       11780291
Stats[(nil), 1]:       11780257
Stats[(nil), 2]:              1
Stats[(nil), 3]:              0
Stats[(nil), 4]:             28
Stats[(nil), 5]:             28
Stats[(nil), 6]:              0
Stats[(nil), 7]:        6492256
Stats[(nil), 8]:       18090651
Stats[(nil), 9]:          10098
Stats[(nil), 10]:           2693
Stats[(nil), 11]:        4069864
Stats[(nil), 12]:         192057
Stats[(nil), 13]:              0
Stats[(nil), 14]:          13472
Stats[(nil), 15]:              0
Stats[(nil), 16]:              0
Stats[(nil), 17]:              0
Stats[(nil), 18]:              0
Stats[(nil), 19]:              0
Stats[(nil), 20]:              0
Stats[(nil), 21]:              0
Stats[(nil), 22]:              0
Stats[(nil), 23]:              0
Stats[(nil), 24]:              0
Stats[(nil), 25]:              0
Stats[(nil), 26]:              0
Stats[(nil), 27]:              0
Stats[(nil), 28]:              0
Stats[(nil), 29]:              0
Stats[(nil), 30]:              0
Stats[(nil), 31]:    0.015685401
