Numbers: 28500, pid: 9606 Space Used : 57000 Time Stamp : 1533540130379
Time(microseconds): 11953.000000
Stats[(nil), 0]:       12051296
Stats[(nil), 1]:       12050339
Stats[(nil), 2]:              2
Stats[(nil), 3]:              0
Stats[(nil), 4]:             28
Stats[(nil), 5]:             28
Stats[(nil), 6]:              0
Stats[(nil), 7]:        2975750
Stats[(nil), 8]:       12787139
Stats[(nil), 9]:           6894
Stats[(nil), 10]:           2424
Stats[(nil), 11]:        4141994
Stats[(nil), 12]:         233432
Stats[(nil), 13]:              0
Stats[(nil), 14]:          16434
Stats[(nil), 15]:              0
Stats[(nil), 16]:              0
Stats[(nil), 17]:              0
Stats[(nil), 18]:              0
Stats[(nil), 19]:              0
Stats[(nil), 20]:              0
Stats[(nil), 21]:              0
Stats[(nil), 22]:              0
Stats[(nil), 23]:              0
Stats[(nil), 24]:              0
Stats[(nil), 25]:              0
Stats[(nil), 26]:              0
Stats[(nil), 27]:              0
Stats[(nil), 28]:              0
Stats[(nil), 29]:              0
Stats[(nil), 30]:              0
Stats[(nil), 31]:    0.016630523
