Numbers: 28500, pid: 9608 Space Used : 57000 Time Stamp : 1533540130394
Time(microseconds): 9235.000000
Stats[(nil), 0]:        9325997
Stats[(nil), 1]:        9325107
Stats[(nil), 2]:              1
Stats[(nil), 3]:              0
Stats[(nil), 4]:             28
Stats[(nil), 5]:             28
Stats[(nil), 6]:              0
Stats[(nil), 7]:        9327343
Stats[(nil), 8]:       26129297
Stats[(nil), 9]:           6487
Stats[(nil), 10]:           1940
Stats[(nil), 11]:        4139812
Stats[(nil), 12]:         160853
Stats[(nil), 13]:              0
Stats[(nil), 14]:              0
Stats[(nil), 15]:              0
Stats[(nil), 16]:              0
Stats[(nil), 17]:              0
Stats[(nil), 18]:              0
Stats[(nil), 19]:              0
Stats[(nil), 20]:              0
Stats[(nil), 21]:              0
Stats[(nil), 22]:              0
Stats[(nil), 23]:              0
Stats[(nil), 24]:              0
Stats[(nil), 25]:              0
Stats[(nil), 26]:              0
Stats[(nil), 27]:              0
Stats[(nil), 28]:              0
Stats[(nil), 29]:              0
Stats[(nil), 30]:              0
Stats[(nil), 31]:    0.013273753
