Numbers: 29000, pid: 9614 Space Used : 58000 Time Stamp : 1533540130451
Time(microseconds): 11794.000000
Stats[(nil), 0]:       11956804
Stats[(nil), 1]:       11954009
Stats[(nil), 2]:              1
Stats[(nil), 3]:              0
Stats[(nil), 4]:             29
Stats[(nil), 5]:             29
Stats[(nil), 6]:              0
Stats[(nil), 7]:        3749208
Stats[(nil), 8]:       15288200
Stats[(nil), 9]:           7952
Stats[(nil), 10]:           2792
Stats[(nil), 11]:        4215334
Stats[(nil), 12]:         231966
Stats[(nil), 13]:              0
Stats[(nil), 14]:          14045
Stats[(nil), 15]:              0
Stats[(nil), 16]:              0
Stats[(nil), 17]:              0
Stats[(nil), 18]:              0
Stats[(nil), 19]:              0
Stats[(nil), 20]:              0
Stats[(nil), 21]:              0
Stats[(nil), 22]:              0
Stats[(nil), 23]:              0
Stats[(nil), 24]:              0
Stats[(nil), 25]:              0
Stats[(nil), 26]:              0
Stats[(nil), 27]:              0
Stats[(nil), 28]:              0
Stats[(nil), 29]:              0
Stats[(nil), 30]:              0
Stats[(nil), 31]:    0.017874504
