Numbers: 29000, pid: 9616 Space Used : 58000 Time Stamp : 1533540130470
Time(microseconds): 12195.000000
Stats[(nil), 0]:       12290500
Stats[(nil), 1]:       12288232
Stats[(nil), 2]:              1
Stats[(nil), 3]:              0
Stats[(nil), 4]:             29
Stats[(nil), 5]:             29
Stats[(nil), 6]:              0
Stats[(nil), 7]:        3861280
Stats[(nil), 8]:       12346992
Stats[(nil), 9]:           5642
Stats[(nil), 10]:           2657
Stats[(nil), 11]:        4219154
Stats[(nil), 12]:         231342
Stats[(nil), 13]:              0
Stats[(nil), 14]:          15308
Stats[(nil), 15]:              0
Stats[(nil), 16]:              0
Stats[(nil), 17]:              0
Stats[(nil), 18]:              0
Stats[(nil), 19]:              0
Stats[(nil), 20]:              0
Stats[(nil), 21]:              0
Stats[(nil), 22]:              0
Stats[(nil), 23]:              0
Stats[(nil), 24]:              0
Stats[(nil), 25]:              0
Stats[(nil), 26]:              0
Stats[(nil), 27]:              0
Stats[(nil), 28]:              0
Stats[(nil), 29]:              0
Stats[(nil), 30]:              0
Stats[(nil), 31]:    0.017206497
