Numbers: 29000, pid: 9618 Space Used : 58000 Time Stamp : 1533540130488
Time(microseconds): 11840.000000
Stats[(nil), 0]:       11923390
Stats[(nil), 1]:       11922607
Stats[(nil), 2]:              2
Stats[(nil), 3]:              0
Stats[(nil), 4]:             29
Stats[(nil), 5]:             29
Stats[(nil), 6]:              0
Stats[(nil), 7]:        1147367
Stats[(nil), 8]:       11919706
Stats[(nil), 9]:           4535
Stats[(nil), 10]:           2000
Stats[(nil), 11]:        4216677
Stats[(nil), 12]:         257637
Stats[(nil), 13]:              0
Stats[(nil), 14]:          17088
Stats[(nil), 15]:              0
Stats[(nil), 16]:              0
Stats[(nil), 17]:              0
Stats[(nil), 18]:              0
Stats[(nil), 19]:              0
Stats[(nil), 20]:              0
Stats[(nil), 21]:              0
Stats[(nil), 22]:              0
Stats[(nil), 23]:              0
Stats[(nil), 24]:              0
Stats[(nil), 25]:              0
Stats[(nil), 26]:              0
Stats[(nil), 27]:              0
Stats[(nil), 28]:              0
Stats[(nil), 29]:              0
Stats[(nil), 30]:              0
Stats[(nil), 31]:    0.015950277
