Numbers: 29500, pid: 9624 Space Used : 59000 Time Stamp : 1533540130540
Time(microseconds): 12658.000000
Stats[(nil), 0]:       12734051
Stats[(nil), 1]:       12733275
Stats[(nil), 2]:              2
Stats[(nil), 3]:              0
Stats[(nil), 4]:             29
Stats[(nil), 5]:             29
Stats[(nil), 6]:              0
Stats[(nil), 7]:        2845524
Stats[(nil), 8]:       11673769
Stats[(nil), 9]:           6172
Stats[(nil), 10]:           3549
Stats[(nil), 11]:        4294877
Stats[(nil), 12]:         243874
Stats[(nil), 13]:              0
Stats[(nil), 14]:          20651
Stats[(nil), 15]:              0
Stats[(nil), 16]:              0
Stats[(nil), 17]:              0
Stats[(nil), 18]:              0
Stats[(nil), 19]:              0
Stats[(nil), 20]:              0
Stats[(nil), 21]:              0
Stats[(nil), 22]:              0
Stats[(nil), 23]:              0
Stats[(nil), 24]:              0
Stats[(nil), 25]:              0
Stats[(nil), 26]:              0
Stats[(nil), 27]:              0
Stats[(nil), 28]:              0
Stats[(nil), 29]:              0
Stats[(nil), 30]:              0
Stats[(nil), 31]:    0.016965232
