Numbers: 29500, pid: 9626 Space Used : 59000 Time Stamp : 1533540130560
Time(microseconds): 11970.000000
Stats[(nil), 0]:       12103260
Stats[(nil), 1]:       12100524
Stats[(nil), 2]:             11
Stats[(nil), 3]:              0
Stats[(nil), 4]:             29
Stats[(nil), 5]:             29
Stats[(nil), 6]:              0
Stats[(nil), 7]:         663995
Stats[(nil), 8]:       11831984
Stats[(nil), 9]:           8278
Stats[(nil), 10]:           2654
Stats[(nil), 11]:        4301670
Stats[(nil), 12]:         268262
Stats[(nil), 13]:              0
Stats[(nil), 14]:          17666
Stats[(nil), 15]:              0
Stats[(nil), 16]:              0
Stats[(nil), 17]:              0
Stats[(nil), 18]:              0
Stats[(nil), 19]:              0
Stats[(nil), 20]:              0
Stats[(nil), 21]:              0
Stats[(nil), 22]:              0
Stats[(nil), 23]:              0
Stats[(nil), 24]:              0
Stats[(nil), 25]:              0
Stats[(nil), 26]:              0
Stats[(nil), 27]:              0
Stats[(nil), 28]:              0
Stats[(nil), 29]:              0
Stats[(nil), 30]:              0
Stats[(nil), 31]:    0.017283497
