Numbers: 29500, pid: 9628 Space Used : 59000 Time Stamp : 1533540130576
Time(microseconds): 9206.000000
Stats[(nil), 0]:        9296381
Stats[(nil), 1]:        9295028
Stats[(nil), 2]:              1
Stats[(nil), 3]:              0
Stats[(nil), 4]:             29
Stats[(nil), 5]:             29
Stats[(nil), 6]:              0
Stats[(nil), 7]:          11238
Stats[(nil), 8]:        7176391
Stats[(nil), 9]:           3998
Stats[(nil), 10]:           1376
Stats[(nil), 11]:        4291978
Stats[(nil), 12]:         275837
Stats[(nil), 13]:              0
Stats[(nil), 14]:          17394
Stats[(nil), 15]:              0
Stats[(nil), 16]:              0
Stats[(nil), 17]:              0
Stats[(nil), 18]:              0
Stats[(nil), 19]:              0
Stats[(nil), 20]:              0
Stats[(nil), 21]:              0
Stats[(nil), 22]:              0
Stats[(nil), 23]:              0
Stats[(nil), 24]:              0
Stats[(nil), 25]:              0
Stats[(nil), 26]:              0
Stats[(nil), 27]:              0
Stats[(nil), 28]:              0
Stats[(nil), 29]:              0
Stats[(nil), 30]:              0
Stats[(nil), 31]:    0.013296030
