Numbers: 29500, pid: 9630 Space Used : 59000 Time Stamp : 1533540130595
Time(microseconds): 12336.000000
Stats[(nil), 0]:       12439759
Stats[(nil), 1]:       12438893
Stats[(nil), 2]:              1
Stats[(nil), 3]:              0
Stats[(nil), 4]:             29
Stats[(nil), 5]:             29
Stats[(nil), 6]:              0
Stats[(nil), 7]:        4500376
Stats[(nil), 8]:       15742844
Stats[(nil), 9]:           4293
Stats[(nil), 10]:           2073
Stats[(nil), 11]:        4293346
Stats[(nil), 12]:         223928
Stats[(nil), 13]:              0
Stats[(nil), 14]:          15067
Stats[(nil), 15]:              0
Stats[(nil), 16]:              0
Stats[(nil), 17]:              0
Stats[(nil), 18]:              0
Stats[(nil), 19]:              0
Stats[(nil), 20]:              0
Stats[(nil), 21]:              0
Stats[(nil), 22]:              0
Stats[(nil), 23]:              0
Stats[(nil), 24]:              0
Stats[(nil), 25]:              0
Stats[(nil), 26]:              0
Stats[(nil), 27]:              0
Stats[(nil), 28]:              0
Stats[(nil), 29]:              0
Stats[(nil), 30]:              0
Stats[(nil), 31]:    0.017047933
