Numbers: 29500, pid: 9632 Space Used : 59000 Time Stamp : 1533540130611
Time(microseconds): 10169.000000
Stats[(nil), 0]:       10249707
Stats[(nil), 1]:       10249114
Stats[(nil), 2]:              1
Stats[(nil), 3]:              0
Stats[(nil), 4]:             29
Stats[(nil), 5]:             29
Stats[(nil), 6]:              0
Stats[(nil), 7]:       10668973
Stats[(nil), 8]:       26737658
Stats[(nil), 9]:           6131
Stats[(nil), 10]:           1890
Stats[(nil), 11]:        4289079
Stats[(nil), 12]:         154005
Stats[(nil), 13]:              0
Stats[(nil), 14]:              0
Stats[(nil), 15]:              0
Stats[(nil), 16]:              0
Stats[(nil), 17]:              0
Stats[(nil), 18]:              0
Stats[(nil), 19]:              0
Stats[(nil), 20]:              0
Stats[(nil), 21]:              0
Stats[(nil), 22]:              0
Stats[(nil), 23]:              0
Stats[(nil), 24]:              0
Stats[(nil), 25]:              0
Stats[(nil), 26]:              0
Stats[(nil), 27]:              0
Stats[(nil), 28]:              0
Stats[(nil), 29]:              0
Stats[(nil), 30]:              0
Stats[(nil), 31]:    0.014266130
