Numbers: 30000, pid: 9636 Space Used : 60000 Time Stamp : 1533540130650
Time(microseconds): 11049.000000
Stats[(nil), 0]:       11142556
Stats[(nil), 1]:       11140605
Stats[(nil), 2]:              1
Stats[(nil), 3]:              0
Stats[(nil), 4]:             30
Stats[(nil), 5]:             30
Stats[(nil), 6]:              0
Stats[(nil), 7]:        5518528
Stats[(nil), 8]:       19246900
Stats[(nil), 9]:           4606
Stats[(nil), 10]:           2999
Stats[(nil), 11]:        4365603
Stats[(nil), 12]:         216875
Stats[(nil), 13]:              0
Stats[(nil), 14]:          14263
Stats[(nil), 15]:              0
Stats[(nil), 16]:              0
Stats[(nil), 17]:              0
Stats[(nil), 18]:              0
Stats[(nil), 19]:              0
Stats[(nil), 20]:              0
Stats[(nil), 21]:              0
Stats[(nil), 22]:              0
Stats[(nil), 23]:              0
Stats[(nil), 24]:              0
Stats[(nil), 25]:              0
Stats[(nil), 26]:              0
Stats[(nil), 27]:              0
Stats[(nil), 28]:              0
Stats[(nil), 29]:              0
Stats[(nil), 30]:              0
Stats[(nil), 31]:    0.017219493
