Numbers: 30000, pid: 9638 Space Used : 60000 Time Stamp : 1533540130672
Time(microseconds): 13024.000000
Stats[(nil), 0]:       13194605
Stats[(nil), 1]:       13192150
Stats[(nil), 2]:              1
Stats[(nil), 3]:              0
Stats[(nil), 4]:             30
Stats[(nil), 5]:             30
Stats[(nil), 6]:              0
Stats[(nil), 7]:        2479506
Stats[(nil), 8]:       12358757
Stats[(nil), 9]:           4319
Stats[(nil), 10]:           2315
Stats[(nil), 11]:        4367564
Stats[(nil), 12]:         249974
Stats[(nil), 13]:              0
Stats[(nil), 14]:          18011
Stats[(nil), 15]:              0
Stats[(nil), 16]:              0
Stats[(nil), 17]:              0
Stats[(nil), 18]:              0
Stats[(nil), 19]:              0
Stats[(nil), 20]:              0
Stats[(nil), 21]:              0
Stats[(nil), 22]:              0
Stats[(nil), 23]:              0
Stats[(nil), 24]:              0
Stats[(nil), 25]:              0
Stats[(nil), 26]:              0
Stats[(nil), 27]:              0
Stats[(nil), 28]:              0
Stats[(nil), 29]:              0
Stats[(nil), 30]:              0
Stats[(nil), 31]:    0.019989064
