Numbers: 30000, pid: 9640 Space Used : 60000 Time Stamp : 1533540130691
Time(microseconds): 12157.000000
Stats[(nil), 0]:       12250024
Stats[(nil), 1]:       12248733
Stats[(nil), 2]:              1
Stats[(nil), 3]:              0
Stats[(nil), 4]:             30
Stats[(nil), 5]:             30
Stats[(nil), 6]:              0
Stats[(nil), 7]:        5812016
Stats[(nil), 8]:       17732983
Stats[(nil), 9]:           3817
Stats[(nil), 10]:           1956
Stats[(nil), 11]:        4369070
Stats[(nil), 12]:         213126
Stats[(nil), 13]:              0
Stats[(nil), 14]:          15485
Stats[(nil), 15]:              0
Stats[(nil), 16]:              0
Stats[(nil), 17]:              0
Stats[(nil), 18]:              0
Stats[(nil), 19]:              0
Stats[(nil), 20]:              0
Stats[(nil), 21]:              0
Stats[(nil), 22]:              0
Stats[(nil), 23]:              0
Stats[(nil), 24]:              0
Stats[(nil), 25]:              0
Stats[(nil), 26]:              0
Stats[(nil), 27]:              0
Stats[(nil), 28]:              0
Stats[(nil), 29]:              0
Stats[(nil), 30]:              0
Stats[(nil), 31]:    0.016267562
