Numbers: 30000, pid: 9642 Space Used : 60000 Time Stamp : 1533540130709
Time(microseconds): 13172.000000
Stats[(nil), 0]:       13267576
Stats[(nil), 1]:       13266401
Stats[(nil), 2]:              1
Stats[(nil), 3]:              0
Stats[(nil), 4]:             30
Stats[(nil), 5]:             30
Stats[(nil), 6]:              0
Stats[(nil), 7]:        1141104
Stats[(nil), 8]:        8961353
Stats[(nil), 9]:           3951
Stats[(nil), 10]:            866
Stats[(nil), 11]:        4369718
Stats[(nil), 12]:         266437
Stats[(nil), 13]:              0
Stats[(nil), 14]:          18965
Stats[(nil), 15]:         266611
Stats[(nil), 16]:              0
Stats[(nil), 17]:              0
Stats[(nil), 18]:              0
Stats[(nil), 19]:              0
Stats[(nil), 20]:              0
Stats[(nil), 21]:              0
Stats[(nil), 22]:              0
Stats[(nil), 23]:              0
Stats[(nil), 24]:              0
Stats[(nil), 25]:              0
Stats[(nil), 26]:              0
Stats[(nil), 27]:              0
Stats[(nil), 28]:              0
Stats[(nil), 29]:              0
Stats[(nil), 30]:              0
Stats[(nil), 31]:    0.017289693
