Numbers: 30500, pid: 9644 Space Used : 61000 Time Stamp : 1533540130728
Time(microseconds): 12759.000000
Stats[(nil), 0]:       12839819
Stats[(nil), 1]:       12839264
Stats[(nil), 2]:              1
Stats[(nil), 3]:              0
Stats[(nil), 4]:             30
Stats[(nil), 5]:             30
Stats[(nil), 6]:              0
Stats[(nil), 7]:        2461740
Stats[(nil), 8]:       12736823
Stats[(nil), 9]:           5749
Stats[(nil), 10]:           2215
Stats[(nil), 11]:        4439935
Stats[(nil), 12]:         253812
Stats[(nil), 13]:              0
Stats[(nil), 14]:          18523
Stats[(nil), 15]:              0
Stats[(nil), 16]:              0
Stats[(nil), 17]:              0
Stats[(nil), 18]:              0
Stats[(nil), 19]:              0
Stats[(nil), 20]:              0
Stats[(nil), 21]:              0
Stats[(nil), 22]:              0
Stats[(nil), 23]:              0
Stats[(nil), 24]:              0
Stats[(nil), 25]:              0
Stats[(nil), 26]:              0
Stats[(nil), 27]:              0
Stats[(nil), 28]:              0
Stats[(nil), 29]:              0
Stats[(nil), 30]:              0
Stats[(nil), 31]:    0.016992654
