Numbers: 30500, pid: 9646 Space Used : 61000 Time Stamp : 1533540130747
Time(microseconds): 12692.000000
Stats[(nil), 0]:       12777786
Stats[(nil), 1]:       12777474
Stats[(nil), 2]:              2
Stats[(nil), 3]:              0
Stats[(nil), 4]:             30
Stats[(nil), 5]:             30
Stats[(nil), 6]:              0
Stats[(nil), 7]:        5842211
Stats[(nil), 8]:       16005022
Stats[(nil), 9]:          11605
Stats[(nil), 10]:           3687
Stats[(nil), 11]:        4444301
Stats[(nil), 12]:         218337
Stats[(nil), 13]:              0
Stats[(nil), 14]:          18998
Stats[(nil), 15]:              0
Stats[(nil), 16]:              0
Stats[(nil), 17]:              0
Stats[(nil), 18]:              0
Stats[(nil), 19]:              0
Stats[(nil), 20]:              0
Stats[(nil), 21]:              0
Stats[(nil), 22]:              0
Stats[(nil), 23]:              0
Stats[(nil), 24]:              0
Stats[(nil), 25]:              0
Stats[(nil), 26]:              0
Stats[(nil), 27]:              0
Stats[(nil), 28]:              0
Stats[(nil), 29]:              0
Stats[(nil), 30]:              0
Stats[(nil), 31]:    0.017036249
