Numbers: 30500, pid: 9648 Space Used : 61000 Time Stamp : 1533540130769
Time(microseconds): 12932.000000
Stats[(nil), 0]:       13114368
Stats[(nil), 1]:       13111395
Stats[(nil), 2]:              3
Stats[(nil), 3]:              0
Stats[(nil), 4]:             30
Stats[(nil), 5]:             30
Stats[(nil), 6]:              0
Stats[(nil), 7]:        1519605
Stats[(nil), 8]:       10931227
Stats[(nil), 9]:           4430
Stats[(nil), 10]:           2279
Stats[(nil), 11]:        4443823
Stats[(nil), 12]:         265689
Stats[(nil), 13]:              0
Stats[(nil), 14]:          19197
Stats[(nil), 15]:           6753
Stats[(nil), 16]:              0
Stats[(nil), 17]:              0
Stats[(nil), 18]:              0
Stats[(nil), 19]:              0
Stats[(nil), 20]:              0
Stats[(nil), 21]:              0
Stats[(nil), 22]:              0
Stats[(nil), 23]:              0
Stats[(nil), 24]:              0
Stats[(nil), 25]:              0
Stats[(nil), 26]:              0
Stats[(nil), 27]:              0
Stats[(nil), 28]:              0
Stats[(nil), 29]:              0
Stats[(nil), 30]:              0
Stats[(nil), 31]:    0.019410042
