Numbers: 30500, pid: 9650 Space Used : 61000 Time Stamp : 1533540130787
Time(microseconds): 12417.000000
Stats[(nil), 0]:       12502529
Stats[(nil), 1]:       12501373
Stats[(nil), 2]:              1
Stats[(nil), 3]:              0
Stats[(nil), 4]:             30
Stats[(nil), 5]:             30
Stats[(nil), 6]:              0
Stats[(nil), 7]:        4673329
Stats[(nil), 8]:       16253898
Stats[(nil), 9]:           4046
Stats[(nil), 10]:           1958
Stats[(nil), 11]:        4439708
Stats[(nil), 12]:         227215
Stats[(nil), 13]:              0
Stats[(nil), 14]:          15727
Stats[(nil), 15]:              0
Stats[(nil), 16]:              0
Stats[(nil), 17]:              0
Stats[(nil), 18]:              0
Stats[(nil), 19]:              0
Stats[(nil), 20]:              0
Stats[(nil), 21]:              0
Stats[(nil), 22]:              0
Stats[(nil), 23]:              0
Stats[(nil), 24]:              0
Stats[(nil), 25]:              0
Stats[(nil), 26]:              0
Stats[(nil), 27]:              0
Stats[(nil), 28]:              0
Stats[(nil), 29]:              0
Stats[(nil), 30]:              0
Stats[(nil), 31]:    0.016625966
