Numbers: 31000, pid: 9658 Space Used : 62000 Time Stamp : 1533540130862
Time(microseconds): 12853.000000
Stats[(nil), 0]:       13028152
Stats[(nil), 1]:       13026459
Stats[(nil), 2]:              1
Stats[(nil), 3]:              0
Stats[(nil), 4]:             31
Stats[(nil), 5]:             31
Stats[(nil), 6]:              0
Stats[(nil), 7]:        6056437
Stats[(nil), 8]:       20008785
Stats[(nil), 9]:           4832
Stats[(nil), 10]:           2414
Stats[(nil), 11]:        4513710
Stats[(nil), 12]:         220572
Stats[(nil), 13]:              0
Stats[(nil), 14]:          14532
Stats[(nil), 15]:              0
Stats[(nil), 16]:              0
Stats[(nil), 17]:              0
Stats[(nil), 18]:              0
Stats[(nil), 19]:              0
Stats[(nil), 20]:              0
Stats[(nil), 21]:              0
Stats[(nil), 22]:              0
Stats[(nil), 23]:              0
Stats[(nil), 24]:              0
Stats[(nil), 25]:              0
Stats[(nil), 26]:              0
Stats[(nil), 27]:              0
Stats[(nil), 28]:              0
Stats[(nil), 29]:              0
Stats[(nil), 30]:              0
Stats[(nil), 31]:    0.018514529
