Numbers: 31000, pid: 9660 Space Used : 62000 Time Stamp : 1533540130879
Time(microseconds): 11320.000000
Stats[(nil), 0]:       11395906
Stats[(nil), 1]:       11394975
Stats[(nil), 2]:              4
Stats[(nil), 3]:              0
Stats[(nil), 4]:             31
Stats[(nil), 5]:             31
Stats[(nil), 6]:              0
Stats[(nil), 7]:        1958345
Stats[(nil), 8]:       18397357
Stats[(nil), 9]:           3446
Stats[(nil), 10]:           2120
Stats[(nil), 11]:        4517808
Stats[(nil), 12]:         262320
Stats[(nil), 13]:              0
Stats[(nil), 14]:          17267
Stats[(nil), 15]:              0
Stats[(nil), 16]:              0
Stats[(nil), 17]:              0
Stats[(nil), 18]:              0
Stats[(nil), 19]:              0
Stats[(nil), 20]:              0
Stats[(nil), 21]:              0
Stats[(nil), 22]:              0
Stats[(nil), 23]:              0
Stats[(nil), 24]:              0
Stats[(nil), 25]:              0
Stats[(nil), 26]:              0
Stats[(nil), 27]:              0
Stats[(nil), 28]:              0
Stats[(nil), 29]:              0
Stats[(nil), 30]:              0
Stats[(nil), 31]:    0.015608854
