Numbers: 31000, pid: 9662 Space Used : 62000 Time Stamp : 1533540130895
Time(microseconds): 10184.000000
Stats[(nil), 0]:       10269194
Stats[(nil), 1]:       10268661
Stats[(nil), 2]:              1
Stats[(nil), 3]:              0
Stats[(nil), 4]:             31
Stats[(nil), 5]:             31
Stats[(nil), 6]:              0
Stats[(nil), 7]:        9647792
Stats[(nil), 8]:       26888436
Stats[(nil), 9]:           6363
Stats[(nil), 10]:            744
Stats[(nil), 11]:        4512436
Stats[(nil), 12]:         176153
Stats[(nil), 13]:              0
Stats[(nil), 14]:              0
Stats[(nil), 15]:              0
Stats[(nil), 16]:              0
Stats[(nil), 17]:              0
Stats[(nil), 18]:              0
Stats[(nil), 19]:              0
Stats[(nil), 20]:              0
Stats[(nil), 21]:              0
Stats[(nil), 22]:              0
Stats[(nil), 23]:              0
Stats[(nil), 24]:              0
Stats[(nil), 25]:              0
Stats[(nil), 26]:              0
Stats[(nil), 27]:              0
Stats[(nil), 28]:              0
Stats[(nil), 29]:              0
Stats[(nil), 30]:              0
Stats[(nil), 31]:    0.014411471
