Numbers: 31500, pid: 9664 Space Used : 63000 Time Stamp : 1533540130914
Time(microseconds): 11297.000000
Stats[(nil), 0]:       11433928
Stats[(nil), 1]:       11432307
Stats[(nil), 2]:              1
Stats[(nil), 3]:              0
Stats[(nil), 4]:             31
Stats[(nil), 5]:             31
Stats[(nil), 6]:              0
Stats[(nil), 7]:        2814523
Stats[(nil), 8]:       13765031
Stats[(nil), 9]:           5175
Stats[(nil), 10]:           2360
Stats[(nil), 11]:        4586806
Stats[(nil), 12]:         253523
Stats[(nil), 13]:              0
Stats[(nil), 14]:          15823
Stats[(nil), 15]:              0
Stats[(nil), 16]:              0
Stats[(nil), 17]:              0
Stats[(nil), 18]:              0
Stats[(nil), 19]:              0
Stats[(nil), 20]:              0
Stats[(nil), 21]:              0
Stats[(nil), 22]:              0
Stats[(nil), 23]:              0
Stats[(nil), 24]:              0
Stats[(nil), 25]:              0
Stats[(nil), 26]:              0
Stats[(nil), 27]:              0
Stats[(nil), 28]:              0
Stats[(nil), 29]:              0
Stats[(nil), 30]:              0
Stats[(nil), 31]:    0.016723673
