Numbers: 31500, pid: 9666 Space Used : 63000 Time Stamp : 1533540130935
Time(microseconds): 13016.000000
Stats[(nil), 0]:       13179359
Stats[(nil), 1]:       13177474
Stats[(nil), 2]:              1
Stats[(nil), 3]:              0
Stats[(nil), 4]:             31
Stats[(nil), 5]:             31
Stats[(nil), 6]:              0
Stats[(nil), 7]:        4565393
Stats[(nil), 8]:       16936769
Stats[(nil), 9]:           7428
Stats[(nil), 10]:           2793
Stats[(nil), 11]:        4587268
Stats[(nil), 12]:         243486
Stats[(nil), 13]:              0
Stats[(nil), 14]:          15627
Stats[(nil), 15]:              0
Stats[(nil), 16]:              0
Stats[(nil), 17]:              0
Stats[(nil), 18]:              0
Stats[(nil), 19]:              0
Stats[(nil), 20]:              0
Stats[(nil), 21]:              0
Stats[(nil), 22]:              0
Stats[(nil), 23]:              0
Stats[(nil), 24]:              0
Stats[(nil), 25]:              0
Stats[(nil), 26]:              0
Stats[(nil), 27]:              0
Stats[(nil), 28]:              0
Stats[(nil), 29]:              0
Stats[(nil), 30]:              0
Stats[(nil), 31]:    0.017938521
