Numbers: 31500, pid: 9672 Space Used : 63000 Time Stamp : 1533540131011
Time(microseconds): 10743.000000
Stats[(nil), 0]:       10842267
Stats[(nil), 1]:       10841312
Stats[(nil), 2]:              1
Stats[(nil), 3]:              0
Stats[(nil), 4]:             31
Stats[(nil), 5]:             31
Stats[(nil), 6]:              0
Stats[(nil), 7]:          10422
Stats[(nil), 8]:        1817909
Stats[(nil), 9]:           3039
Stats[(nil), 10]:            410
Stats[(nil), 11]:        4586988
Stats[(nil), 12]:         285229
Stats[(nil), 13]:              0
Stats[(nil), 14]:          27027
Stats[(nil), 15]:         811563
Stats[(nil), 16]:              0
Stats[(nil), 17]:              0
Stats[(nil), 18]:              0
Stats[(nil), 19]:              0
Stats[(nil), 20]:              0
Stats[(nil), 21]:              0
Stats[(nil), 22]:              0
Stats[(nil), 23]:              0
Stats[(nil), 24]:              0
Stats[(nil), 25]:              0
Stats[(nil), 26]:              0
Stats[(nil), 27]:              0
Stats[(nil), 28]:              0
Stats[(nil), 29]:              0
Stats[(nil), 30]:              0
Stats[(nil), 31]:    0.015751651
