Numbers: 32000, pid: 9674 Space Used : 64000 Time Stamp : 1533540131031
Time(microseconds): 12983.000000
Stats[(nil), 0]:       13069225
Stats[(nil), 1]:       13068370
Stats[(nil), 2]:              1
Stats[(nil), 3]:              0
Stats[(nil), 4]:             32
Stats[(nil), 5]:             32
Stats[(nil), 6]:              0
Stats[(nil), 7]:        7860203
Stats[(nil), 8]:       21999414
Stats[(nil), 9]:           3752
Stats[(nil), 10]:           2134
Stats[(nil), 11]:        4665517
Stats[(nil), 12]:         200853
Stats[(nil), 13]:              0
Stats[(nil), 14]:          16315
Stats[(nil), 15]:              0
Stats[(nil), 16]:              0
Stats[(nil), 17]:              0
Stats[(nil), 18]:              0
Stats[(nil), 19]:              0
Stats[(nil), 20]:              0
Stats[(nil), 21]:              0
Stats[(nil), 22]:              0
Stats[(nil), 23]:              0
Stats[(nil), 24]:              0
Stats[(nil), 25]:              0
Stats[(nil), 26]:              0
Stats[(nil), 27]:              0
Stats[(nil), 28]:              0
Stats[(nil), 29]:              0
Stats[(nil), 30]:              0
Stats[(nil), 31]:    0.017424716
