Numbers: 32000, pid: 9676 Space Used : 64000 Time Stamp : 1533540131051
Time(microseconds): 13441.000000
Stats[(nil), 0]:       13544261
Stats[(nil), 1]:       13543424
Stats[(nil), 2]:              1
Stats[(nil), 3]:              0
Stats[(nil), 4]:             32
Stats[(nil), 5]:             32
Stats[(nil), 6]:              0
Stats[(nil), 7]:        8229146
Stats[(nil), 8]:       20157419
Stats[(nil), 9]:           9129
Stats[(nil), 10]:           4456
Stats[(nil), 11]:        4663371
Stats[(nil), 12]:         206289
Stats[(nil), 13]:              0
Stats[(nil), 14]:          20597
Stats[(nil), 15]:              0
Stats[(nil), 16]:              0
Stats[(nil), 17]:              0
Stats[(nil), 18]:              0
Stats[(nil), 19]:              0
Stats[(nil), 20]:              0
Stats[(nil), 21]:              0
Stats[(nil), 22]:              0
Stats[(nil), 23]:              0
Stats[(nil), 24]:              0
Stats[(nil), 25]:              0
Stats[(nil), 26]:              0
Stats[(nil), 27]:              0
Stats[(nil), 28]:              0
Stats[(nil), 29]:              0
Stats[(nil), 30]:              0
Stats[(nil), 31]:    0.018161905
