Numbers: 32000, pid: 9678 Space Used : 64000 Time Stamp : 1533540131071
Time(microseconds): 11599.000000
Stats[(nil), 0]:       11716712
Stats[(nil), 1]:       11714108
Stats[(nil), 2]:              1
Stats[(nil), 3]:              0
Stats[(nil), 4]:             32
Stats[(nil), 5]:             32
Stats[(nil), 6]:              0
Stats[(nil), 7]:        3219175
Stats[(nil), 8]:       17011445
Stats[(nil), 9]:           4045
Stats[(nil), 10]:           3318
Stats[(nil), 11]:        4662092
Stats[(nil), 12]:         252166
Stats[(nil), 13]:              0
Stats[(nil), 14]:          17985
Stats[(nil), 15]:              0
Stats[(nil), 16]:              0
Stats[(nil), 17]:              0
Stats[(nil), 18]:              0
Stats[(nil), 19]:              0
Stats[(nil), 20]:              0
Stats[(nil), 21]:              0
Stats[(nil), 22]:              0
Stats[(nil), 23]:              0
Stats[(nil), 24]:              0
Stats[(nil), 25]:              0
Stats[(nil), 26]:              0
Stats[(nil), 27]:              0
Stats[(nil), 28]:              0
Stats[(nil), 29]:              0
Stats[(nil), 30]:              0
Stats[(nil), 31]:    0.016444779
