Numbers: 32000, pid: 9680 Space Used : 64000 Time Stamp : 1533540131087
Time(microseconds): 9416.000000
Stats[(nil), 0]:        9501797
Stats[(nil), 1]:        9500039
Stats[(nil), 2]:              3
Stats[(nil), 3]:              0
Stats[(nil), 4]:             32
Stats[(nil), 5]:             32
Stats[(nil), 6]:              0
Stats[(nil), 7]:        7429645
Stats[(nil), 8]:       25855809
Stats[(nil), 9]:           7455
Stats[(nil), 10]:           3393
Stats[(nil), 11]:        4667358
Stats[(nil), 12]:         205413
Stats[(nil), 13]:              0
Stats[(nil), 14]:              0
Stats[(nil), 15]:              0
Stats[(nil), 16]:              0
Stats[(nil), 17]:              0
Stats[(nil), 18]:              0
Stats[(nil), 19]:              0
Stats[(nil), 20]:              0
Stats[(nil), 21]:              0
Stats[(nil), 22]:              0
Stats[(nil), 23]:              0
Stats[(nil), 24]:              0
Stats[(nil), 25]:              0
Stats[(nil), 26]:              0
Stats[(nil), 27]:              0
Stats[(nil), 28]:              0
Stats[(nil), 29]:              0
Stats[(nil), 30]:              0
Stats[(nil), 31]:    0.013890279
