Numbers: 32000, pid: 9682 Space Used : 64000 Time Stamp : 1533540131104
Time(microseconds): 10549.000000
Stats[(nil), 0]:       10625465
Stats[(nil), 1]:       10625115
Stats[(nil), 2]:              2
Stats[(nil), 3]:              0
Stats[(nil), 4]:             32
Stats[(nil), 5]:             32
Stats[(nil), 6]:              0
Stats[(nil), 7]:        8133462
Stats[(nil), 8]:       24321978
Stats[(nil), 9]:          13641
Stats[(nil), 10]:           3737
Stats[(nil), 11]:        4664939
Stats[(nil), 12]:         198505
Stats[(nil), 13]:              0
Stats[(nil), 14]:              0
Stats[(nil), 15]:              0
Stats[(nil), 16]:              0
Stats[(nil), 17]:              0
Stats[(nil), 18]:              0
Stats[(nil), 19]:              0
Stats[(nil), 20]:              0
Stats[(nil), 21]:              0
Stats[(nil), 22]:              0
Stats[(nil), 23]:              0
Stats[(nil), 24]:              0
Stats[(nil), 25]:              0
Stats[(nil), 26]:              0
Stats[(nil), 27]:              0
Stats[(nil), 28]:              0
Stats[(nil), 29]:              0
Stats[(nil), 30]:              0
Stats[(nil), 31]:    0.015002377
