Numbers: 32500, pid: 9684 Space Used : 65000 Time Stamp : 1533540131125
Time(microseconds): 12309.000000
Stats[(nil), 0]:       12447245
Stats[(nil), 1]:       12445462
Stats[(nil), 2]:              1
Stats[(nil), 3]:              0
Stats[(nil), 4]:             32
Stats[(nil), 5]:             32
Stats[(nil), 6]:              0
Stats[(nil), 7]:         448582
Stats[(nil), 8]:       11395735
Stats[(nil), 9]:           4757
Stats[(nil), 10]:           2712
Stats[(nil), 11]:        4737210
Stats[(nil), 12]:         281087
Stats[(nil), 13]:              0
Stats[(nil), 14]:          22929
Stats[(nil), 15]:          14348
Stats[(nil), 16]:              0
Stats[(nil), 17]:              0
Stats[(nil), 18]:              0
Stats[(nil), 19]:              0
Stats[(nil), 20]:              0
Stats[(nil), 21]:              0
Stats[(nil), 22]:              0
Stats[(nil), 23]:              0
Stats[(nil), 24]:              0
Stats[(nil), 25]:              0
Stats[(nil), 26]:              0
Stats[(nil), 27]:              0
Stats[(nil), 28]:              0
Stats[(nil), 29]:              0
Stats[(nil), 30]:              0
Stats[(nil), 31]:    0.018330257
