Numbers: 32500, pid: 9686 Space Used : 65000 Time Stamp : 1533540131146
Time(microseconds): 12816.000000
Stats[(nil), 0]:       12994728
Stats[(nil), 1]:       12991774
Stats[(nil), 2]:              1
Stats[(nil), 3]:              0
Stats[(nil), 4]:             32
Stats[(nil), 5]:             32
Stats[(nil), 6]:              0
Stats[(nil), 7]:        5862141
Stats[(nil), 8]:       17250154
Stats[(nil), 9]:           5363
Stats[(nil), 10]:           2524
Stats[(nil), 11]:        4735918
Stats[(nil), 12]:         223806
Stats[(nil), 13]:              0
Stats[(nil), 14]:          15557
Stats[(nil), 15]:              0
Stats[(nil), 16]:              0
Stats[(nil), 17]:              0
Stats[(nil), 18]:              0
Stats[(nil), 19]:              0
Stats[(nil), 20]:              0
Stats[(nil), 21]:              0
Stats[(nil), 22]:              0
Stats[(nil), 23]:              0
Stats[(nil), 24]:              0
Stats[(nil), 25]:              0
Stats[(nil), 26]:              0
Stats[(nil), 27]:              0
Stats[(nil), 28]:              0
Stats[(nil), 29]:              0
Stats[(nil), 30]:              0
Stats[(nil), 31]:    0.018716921
