Numbers: 32500, pid: 9688 Space Used : 65000 Time Stamp : 1533540131167
Time(microseconds): 14116.000000
Stats[(nil), 0]:       14328929
Stats[(nil), 1]:       14325138
Stats[(nil), 2]:              1
Stats[(nil), 3]:              0
Stats[(nil), 4]:             32
Stats[(nil), 5]:             32
Stats[(nil), 6]:              0
Stats[(nil), 7]:        6042895
Stats[(nil), 8]:       16618642
Stats[(nil), 9]:           8566
Stats[(nil), 10]:           2991
Stats[(nil), 11]:        4741602
Stats[(nil), 12]:         240867
Stats[(nil), 13]:              0
Stats[(nil), 14]:          16884
Stats[(nil), 15]:              0
Stats[(nil), 16]:              0
Stats[(nil), 17]:              0
Stats[(nil), 18]:              0
Stats[(nil), 19]:              0
Stats[(nil), 20]:              0
Stats[(nil), 21]:              0
Stats[(nil), 22]:              0
Stats[(nil), 23]:              0
Stats[(nil), 24]:              0
Stats[(nil), 25]:              0
Stats[(nil), 26]:              0
Stats[(nil), 27]:              0
Stats[(nil), 28]:              0
Stats[(nil), 29]:              0
Stats[(nil), 30]:              0
Stats[(nil), 31]:    0.019913678
