Numbers: 32500, pid: 9690 Space Used : 65000 Time Stamp : 1533540131185
Time(microseconds): 10565.000000
Stats[(nil), 0]:       10649470
Stats[(nil), 1]:       10648577
Stats[(nil), 2]:              1
Stats[(nil), 3]:              0
Stats[(nil), 4]:             32
Stats[(nil), 5]:             32
Stats[(nil), 6]:              0
Stats[(nil), 7]:        7330621
Stats[(nil), 8]:       23950779
Stats[(nil), 9]:           6635
Stats[(nil), 10]:           1550
Stats[(nil), 11]:        4738908
Stats[(nil), 12]:         206536
Stats[(nil), 13]:              0
Stats[(nil), 14]:              0
Stats[(nil), 15]:              0
Stats[(nil), 16]:              0
Stats[(nil), 17]:              0
Stats[(nil), 18]:              0
Stats[(nil), 19]:              0
Stats[(nil), 20]:              0
Stats[(nil), 21]:              0
Stats[(nil), 22]:              0
Stats[(nil), 23]:              0
Stats[(nil), 24]:              0
Stats[(nil), 25]:              0
Stats[(nil), 26]:              0
Stats[(nil), 27]:              0
Stats[(nil), 28]:              0
Stats[(nil), 29]:              0
Stats[(nil), 30]:              0
Stats[(nil), 31]:    0.015039721
