Numbers: 32500, pid: 9692 Space Used : 65000 Time Stamp : 1533540131206
Time(microseconds): 13136.000000
Stats[(nil), 0]:       13285876
Stats[(nil), 1]:       13284677
Stats[(nil), 2]:              2
Stats[(nil), 3]:              0
Stats[(nil), 4]:             32
Stats[(nil), 5]:             32
Stats[(nil), 6]:              0
Stats[(nil), 7]:          34139
Stats[(nil), 8]:       11927150
Stats[(nil), 9]:           3983
Stats[(nil), 10]:           1071
Stats[(nil), 11]:        4743965
Stats[(nil), 12]:         286116
Stats[(nil), 13]:              0
Stats[(nil), 14]:          20100
Stats[(nil), 15]:         415448
Stats[(nil), 16]:              0
Stats[(nil), 17]:              0
Stats[(nil), 18]:              0
Stats[(nil), 19]:              0
Stats[(nil), 20]:              0
Stats[(nil), 21]:              0
Stats[(nil), 22]:              0
Stats[(nil), 23]:              0
Stats[(nil), 24]:              0
Stats[(nil), 25]:              0
Stats[(nil), 26]:              0
Stats[(nil), 27]:              0
Stats[(nil), 28]:              0
Stats[(nil), 29]:              0
Stats[(nil), 30]:              0
Stats[(nil), 31]:    0.018794754
