Numbers: 33000, pid: 9694 Space Used : 66000 Time Stamp : 1533540131225
Time(microseconds): 12523.000000
Stats[(nil), 0]:       12610117
Stats[(nil), 1]:       12609909
Stats[(nil), 2]:              1
Stats[(nil), 3]:              0
Stats[(nil), 4]:             32
Stats[(nil), 5]:             32
Stats[(nil), 6]:              0
Stats[(nil), 7]:       10504867
Stats[(nil), 8]:       25774461
Stats[(nil), 9]:           4408
Stats[(nil), 10]:           3087
Stats[(nil), 11]:        4814930
Stats[(nil), 12]:         177023
Stats[(nil), 13]:              0
Stats[(nil), 14]:          11112
Stats[(nil), 15]:           -nan
Stats[(nil), 16]:              0
Stats[(nil), 17]:           -nan
Stats[(nil), 18]:              0
Stats[(nil), 19]:              0
Stats[(nil), 20]:              0
Stats[(nil), 21]:              0
Stats[(nil), 22]:              0
Stats[(nil), 23]:              0
Stats[(nil), 24]:              0
Stats[(nil), 25]:              0
Stats[(nil), 26]:              0
Stats[(nil), 27]:              0
Stats[(nil), 28]:              0
Stats[(nil), 29]:              0
Stats[(nil), 30]:              0
Stats[(nil), 31]:    0.017116783
