Numbers: 33000, pid: 9696 Space Used : 66000 Time Stamp : 1533540131246
Time(microseconds): 13279.000000
Stats[(nil), 0]:       13326753
Stats[(nil), 1]:       13326555
Stats[(nil), 2]:             11
Stats[(nil), 3]:              0
Stats[(nil), 4]:             32
Stats[(nil), 5]:             32
Stats[(nil), 6]:              0
Stats[(nil), 7]:        1061517
Stats[(nil), 8]:       13006014
Stats[(nil), 9]:           9770
Stats[(nil), 10]:           1689
Stats[(nil), 11]:        4826204
Stats[(nil), 12]:         279700
Stats[(nil), 13]:              0
Stats[(nil), 14]:          23392
Stats[(nil), 15]:           -nan
Stats[(nil), 16]:              0
Stats[(nil), 17]:           -nan
Stats[(nil), 18]:              0
Stats[(nil), 19]:              0
Stats[(nil), 20]:              0
Stats[(nil), 21]:              0
Stats[(nil), 22]:              0
Stats[(nil), 23]:              0
Stats[(nil), 24]:              0
Stats[(nil), 25]:              0
Stats[(nil), 26]:              0
Stats[(nil), 27]:              0
Stats[(nil), 28]:              0
Stats[(nil), 29]:              0
Stats[(nil), 30]:              0
Stats[(nil), 31]:    0.018005588
