Numbers: 33000, pid: 9698 Space Used : 66000 Time Stamp : 1533540131265
Time(microseconds): 13524.000000
Stats[(nil), 0]:       13603708
Stats[(nil), 1]:       13603021
Stats[(nil), 2]:              2
Stats[(nil), 3]:              0
Stats[(nil), 4]:             32
Stats[(nil), 5]:             32
Stats[(nil), 6]:              0
Stats[(nil), 7]:        1777877
Stats[(nil), 8]:       13868285
Stats[(nil), 9]:           5443
Stats[(nil), 10]:           1791
Stats[(nil), 11]:        4817031
Stats[(nil), 12]:         271003
Stats[(nil), 13]:              0
Stats[(nil), 14]:          20386
Stats[(nil), 15]:           -nan
Stats[(nil), 16]:              0
Stats[(nil), 17]:           -nan
Stats[(nil), 18]:              0
Stats[(nil), 19]:              0
Stats[(nil), 20]:              0
Stats[(nil), 21]:              0
Stats[(nil), 22]:              0
Stats[(nil), 23]:              0
Stats[(nil), 24]:              0
Stats[(nil), 25]:              0
Stats[(nil), 26]:              0
Stats[(nil), 27]:              0
Stats[(nil), 28]:              0
Stats[(nil), 29]:              0
Stats[(nil), 30]:              0
Stats[(nil), 31]:    0.018100313
