Numbers: 33000, pid: 9700 Space Used : 66000 Time Stamp : 1533540131283
Time(microseconds): 11141.000000
Stats[(nil), 0]:       11219264
Stats[(nil), 1]:       11219124
Stats[(nil), 2]:              1
Stats[(nil), 3]:              0
Stats[(nil), 4]:             32
Stats[(nil), 5]:             32
Stats[(nil), 6]:              0
Stats[(nil), 7]:        2003698
Stats[(nil), 8]:       18617387
Stats[(nil), 9]:           3584
Stats[(nil), 10]:           2137
Stats[(nil), 11]:        4812104
Stats[(nil), 12]:         268385
Stats[(nil), 13]:              0
Stats[(nil), 14]:          16259
Stats[(nil), 15]:           -nan
Stats[(nil), 16]:              0
Stats[(nil), 17]:           -nan
Stats[(nil), 18]:              0
Stats[(nil), 19]:              0
Stats[(nil), 20]:              0
Stats[(nil), 21]:              0
Stats[(nil), 22]:              0
Stats[(nil), 23]:              0
Stats[(nil), 24]:              0
Stats[(nil), 25]:              0
Stats[(nil), 26]:              0
Stats[(nil), 27]:              0
Stats[(nil), 28]:              0
Stats[(nil), 29]:              0
Stats[(nil), 30]:              0
Stats[(nil), 31]:    0.015730117
