Numbers: 33000, pid: 9702 Space Used : 66000 Time Stamp : 1533540131304
Time(microseconds): 12679.000000
Stats[(nil), 0]:       12795730
Stats[(nil), 1]:       12794899
Stats[(nil), 2]:              2
Stats[(nil), 3]:              0
Stats[(nil), 4]:             32
Stats[(nil), 5]:             32
Stats[(nil), 6]:              0
Stats[(nil), 7]:        2102867
Stats[(nil), 8]:       14978533
Stats[(nil), 9]:           4301
Stats[(nil), 10]:           2093
Stats[(nil), 11]:        4813216
Stats[(nil), 12]:         266758
Stats[(nil), 13]:              0
Stats[(nil), 14]:          17051
Stats[(nil), 15]:           -nan
Stats[(nil), 16]:              0
Stats[(nil), 17]:           -nan
Stats[(nil), 18]:              0
Stats[(nil), 19]:              0
Stats[(nil), 20]:              0
Stats[(nil), 21]:              0
Stats[(nil), 22]:              0
Stats[(nil), 23]:              0
Stats[(nil), 24]:              0
Stats[(nil), 25]:              0
Stats[(nil), 26]:              0
Stats[(nil), 27]:              0
Stats[(nil), 28]:              0
Stats[(nil), 29]:              0
Stats[(nil), 30]:              0
Stats[(nil), 31]:    0.018811319
