Numbers: 33500, pid: 9704 Space Used : 67000 Time Stamp : 1533540131325
Time(microseconds): 13235.000000
Stats[(nil), 0]:       13310782
Stats[(nil), 1]:       13309656
Stats[(nil), 2]:              3
Stats[(nil), 3]:              0
Stats[(nil), 4]:             32
Stats[(nil), 5]:             32
Stats[(nil), 6]:              0
Stats[(nil), 7]:        2456626
Stats[(nil), 8]:       17200411
Stats[(nil), 9]:           5842
Stats[(nil), 10]:           2922
Stats[(nil), 11]:        4899438
Stats[(nil), 12]:         272895
Stats[(nil), 13]:              0
Stats[(nil), 14]:          19676
Stats[(nil), 15]:           -nan
Stats[(nil), 16]:              0
Stats[(nil), 17]:           -nan
Stats[(nil), 18]:              0
Stats[(nil), 19]:              0
Stats[(nil), 20]:              0
Stats[(nil), 21]:              0
Stats[(nil), 22]:              0
Stats[(nil), 23]:              0
Stats[(nil), 24]:              0
Stats[(nil), 25]:              0
Stats[(nil), 26]:              0
Stats[(nil), 27]:              0
Stats[(nil), 28]:              0
Stats[(nil), 29]:              0
Stats[(nil), 30]:              0
Stats[(nil), 31]:    0.017881593
