Numbers: 33500, pid: 9706 Space Used : 67000 Time Stamp : 1533540131345
Time(microseconds): 12155.000000
Stats[(nil), 0]:       12291300
Stats[(nil), 1]:       12288967
Stats[(nil), 2]:              4
Stats[(nil), 3]:              0
Stats[(nil), 4]:             32
Stats[(nil), 5]:             32
Stats[(nil), 6]:              0
Stats[(nil), 7]:          56346
Stats[(nil), 8]:       15655869
Stats[(nil), 9]:           5157
Stats[(nil), 10]:           2696
Stats[(nil), 11]:        4900300
Stats[(nil), 12]:         298943
Stats[(nil), 13]:              0
Stats[(nil), 14]:          22442
Stats[(nil), 15]:           -nan
Stats[(nil), 16]:              0
Stats[(nil), 17]:           -nan
Stats[(nil), 18]:              0
Stats[(nil), 19]:              0
Stats[(nil), 20]:              0
Stats[(nil), 21]:              0
Stats[(nil), 22]:              0
Stats[(nil), 23]:              0
Stats[(nil), 24]:              0
Stats[(nil), 25]:              0
Stats[(nil), 26]:              0
Stats[(nil), 27]:              0
Stats[(nil), 28]:              0
Stats[(nil), 29]:              0
Stats[(nil), 30]:              0
Stats[(nil), 31]:    0.017171412
