Numbers: 33500, pid: 9708 Space Used : 67000 Time Stamp : 1533540131366
Time(microseconds): 13980.000000
Stats[(nil), 0]:       14063136
Stats[(nil), 1]:       14061808
Stats[(nil), 2]:              1
Stats[(nil), 3]:              0
Stats[(nil), 4]:             32
Stats[(nil), 5]:             32
Stats[(nil), 6]:              0
Stats[(nil), 7]:        2772815
Stats[(nil), 8]:       12770962
Stats[(nil), 9]:          11605
Stats[(nil), 10]:           1971
Stats[(nil), 11]:        4901543
Stats[(nil), 12]:         270811
Stats[(nil), 13]:              0
Stats[(nil), 14]:          22973
Stats[(nil), 15]:           -nan
Stats[(nil), 16]:              0
Stats[(nil), 17]:           -nan
Stats[(nil), 18]:              0
Stats[(nil), 19]:              0
Stats[(nil), 20]:              0
Stats[(nil), 21]:              0
Stats[(nil), 22]:              0
Stats[(nil), 23]:              0
Stats[(nil), 24]:              0
Stats[(nil), 25]:              0
Stats[(nil), 26]:              0
Stats[(nil), 27]:              0
Stats[(nil), 28]:              0
Stats[(nil), 29]:              0
Stats[(nil), 30]:              0
Stats[(nil), 31]:    0.018624465
