Numbers: 33500, pid: 9710 Space Used : 67000 Time Stamp : 1533540131386
Time(microseconds): 13730.000000
Stats[(nil), 0]:       13817490
Stats[(nil), 1]:       13816432
Stats[(nil), 2]:              1
Stats[(nil), 3]:              0
Stats[(nil), 4]:             32
Stats[(nil), 5]:             32
Stats[(nil), 6]:              0
Stats[(nil), 7]:        1791834
Stats[(nil), 8]:       10829072
Stats[(nil), 9]:           3330
Stats[(nil), 10]:           1046
Stats[(nil), 11]:        4897020
Stats[(nil), 12]:         279016
Stats[(nil), 13]:              0
Stats[(nil), 14]:          21657
Stats[(nil), 15]:           -nan
Stats[(nil), 16]:              0
Stats[(nil), 17]:           -nan
Stats[(nil), 18]:              0
Stats[(nil), 19]:              0
Stats[(nil), 20]:              0
Stats[(nil), 21]:              0
Stats[(nil), 22]:              0
Stats[(nil), 23]:              0
Stats[(nil), 24]:              0
Stats[(nil), 25]:              0
Stats[(nil), 26]:              0
Stats[(nil), 27]:              0
Stats[(nil), 28]:              0
Stats[(nil), 29]:              0
Stats[(nil), 30]:              0
Stats[(nil), 31]:    0.018351051
