Numbers: 33500, pid: 9712 Space Used : 67000 Time Stamp : 1533540131407
Time(microseconds): 14104.000000
Stats[(nil), 0]:       14299271
Stats[(nil), 1]:       14298146
Stats[(nil), 2]:              1
Stats[(nil), 3]:              0
Stats[(nil), 4]:             32
Stats[(nil), 5]:             32
Stats[(nil), 6]:              0
Stats[(nil), 7]:        5008726
Stats[(nil), 8]:       14386943
Stats[(nil), 9]:           3989
Stats[(nil), 10]:           2132
Stats[(nil), 11]:        4896731
Stats[(nil), 12]:         245132
Stats[(nil), 13]:              0
Stats[(nil), 14]:          17032
Stats[(nil), 15]:           -nan
Stats[(nil), 16]:              0
Stats[(nil), 17]:           -nan
Stats[(nil), 18]:              0
Stats[(nil), 19]:              0
Stats[(nil), 20]:              0
Stats[(nil), 21]:              0
Stats[(nil), 22]:              0
Stats[(nil), 23]:              0
Stats[(nil), 24]:              0
Stats[(nil), 25]:              0
Stats[(nil), 26]:              0
Stats[(nil), 27]:              0
Stats[(nil), 28]:              0
Stats[(nil), 29]:              0
Stats[(nil), 30]:              0
Stats[(nil), 31]:    0.018783458
