Numbers: 34000, pid: 9714 Space Used : 68000 Time Stamp : 1533540131429
Time(microseconds): 13764.000000
Stats[(nil), 0]:       13882175
Stats[(nil), 1]:       13880926
Stats[(nil), 2]:              2
Stats[(nil), 3]:              0
Stats[(nil), 4]:             33
Stats[(nil), 5]:             33
Stats[(nil), 6]:              0
Stats[(nil), 7]:        2512690
Stats[(nil), 8]:       14582557
Stats[(nil), 9]:           6571
Stats[(nil), 10]:           1939
Stats[(nil), 11]:        4977736
Stats[(nil), 12]:         280784
Stats[(nil), 13]:              0
Stats[(nil), 14]:          21922
Stats[(nil), 15]:           -nan
Stats[(nil), 16]:              0
Stats[(nil), 17]:           -nan
Stats[(nil), 18]:              0
Stats[(nil), 19]:              0
Stats[(nil), 20]:              0
Stats[(nil), 21]:              0
Stats[(nil), 22]:              0
Stats[(nil), 23]:              0
Stats[(nil), 24]:              0
Stats[(nil), 25]:              0
Stats[(nil), 26]:              0
Stats[(nil), 27]:              0
Stats[(nil), 28]:              0
Stats[(nil), 29]:              0
Stats[(nil), 30]:              0
Stats[(nil), 31]:    0.020690251
