Numbers: 34000, pid: 9716 Space Used : 68000 Time Stamp : 1533540131451
Time(microseconds): 14217.000000
Stats[(nil), 0]:       14337953
Stats[(nil), 1]:       14336614
Stats[(nil), 2]:             12
Stats[(nil), 3]:              0
Stats[(nil), 4]:             33
Stats[(nil), 5]:             33
Stats[(nil), 6]:              0
Stats[(nil), 7]:          35533
Stats[(nil), 8]:        9840880
Stats[(nil), 9]:           7432
Stats[(nil), 10]:           1476
Stats[(nil), 11]:        4989756
Stats[(nil), 12]:         308040
Stats[(nil), 13]:              0
Stats[(nil), 14]:          22404
Stats[(nil), 15]:           -nan
Stats[(nil), 16]:              0
Stats[(nil), 17]:           -nan
Stats[(nil), 18]:              0
Stats[(nil), 19]:              0
Stats[(nil), 20]:              0
Stats[(nil), 21]:              0
Stats[(nil), 22]:              0
Stats[(nil), 23]:              0
Stats[(nil), 24]:              0
Stats[(nil), 25]:              0
Stats[(nil), 26]:              0
Stats[(nil), 27]:              0
Stats[(nil), 28]:              0
Stats[(nil), 29]:              0
Stats[(nil), 30]:              0
Stats[(nil), 31]:    0.019421152
