Numbers: 34000, pid: 9718 Space Used : 68000 Time Stamp : 1533540131473
Time(microseconds): 14500.000000
Stats[(nil), 0]:       14663471
Stats[(nil), 1]:       14661036
Stats[(nil), 2]:              1
Stats[(nil), 3]:              0
Stats[(nil), 4]:             33
Stats[(nil), 5]:             33
Stats[(nil), 6]:              0
Stats[(nil), 7]:        3479254
Stats[(nil), 8]:       13876927
Stats[(nil), 9]:           3557
Stats[(nil), 10]:           2861
Stats[(nil), 11]:        4979465
Stats[(nil), 12]:         270248
Stats[(nil), 13]:              0
Stats[(nil), 14]:          21193
Stats[(nil), 15]:           -nan
Stats[(nil), 16]:              0
Stats[(nil), 17]:           -nan
Stats[(nil), 18]:              0
Stats[(nil), 19]:              0
Stats[(nil), 20]:              0
Stats[(nil), 21]:              0
Stats[(nil), 22]:              0
Stats[(nil), 23]:              0
Stats[(nil), 24]:              0
Stats[(nil), 25]:              0
Stats[(nil), 26]:              0
Stats[(nil), 27]:              0
Stats[(nil), 28]:              0
Stats[(nil), 29]:              0
Stats[(nil), 30]:              0
Stats[(nil), 31]:    0.020015513
