Numbers: 34000, pid: 9720 Space Used : 68000 Time Stamp : 1533540131493
Time(microseconds): 13234.000000
Stats[(nil), 0]:       13322655
Stats[(nil), 1]:       13322039
Stats[(nil), 2]:              1
Stats[(nil), 3]:              0
Stats[(nil), 4]:             33
Stats[(nil), 5]:             33
Stats[(nil), 6]:              0
Stats[(nil), 7]:        2374099
Stats[(nil), 8]:       13015454
Stats[(nil), 9]:           4137
Stats[(nil), 10]:           2151
Stats[(nil), 11]:        4975270
Stats[(nil), 12]:         282230
Stats[(nil), 13]:              0
Stats[(nil), 14]:          20493
Stats[(nil), 15]:           -nan
Stats[(nil), 16]:              0
Stats[(nil), 17]:           -nan
Stats[(nil), 18]:              0
Stats[(nil), 19]:              0
Stats[(nil), 20]:              0
Stats[(nil), 21]:              0
Stats[(nil), 22]:              0
Stats[(nil), 23]:              0
Stats[(nil), 24]:              0
Stats[(nil), 25]:              0
Stats[(nil), 26]:              0
Stats[(nil), 27]:              0
Stats[(nil), 28]:              0
Stats[(nil), 29]:              0
Stats[(nil), 30]:              0
Stats[(nil), 31]:    0.017958637
