Numbers: 34000, pid: 9722 Space Used : 68000 Time Stamp : 1533540131513
Time(microseconds): 12098.000000
Stats[(nil), 0]:       12243048
Stats[(nil), 1]:       12242069
Stats[(nil), 2]:              1
Stats[(nil), 3]:              0
Stats[(nil), 4]:             33
Stats[(nil), 5]:             33
Stats[(nil), 6]:              0
Stats[(nil), 7]:          28549
Stats[(nil), 8]:       11858708
Stats[(nil), 9]:           3946
Stats[(nil), 10]:           2220
Stats[(nil), 11]:        4975374
Stats[(nil), 12]:         306198
Stats[(nil), 13]:              0
Stats[(nil), 14]:          20394
Stats[(nil), 15]:           -nan
Stats[(nil), 16]:              0
Stats[(nil), 17]:           -nan
Stats[(nil), 18]:              0
Stats[(nil), 19]:              0
Stats[(nil), 20]:              0
Stats[(nil), 21]:              0
Stats[(nil), 22]:              0
Stats[(nil), 23]:              0
Stats[(nil), 24]:              0
Stats[(nil), 25]:              0
Stats[(nil), 26]:              0
Stats[(nil), 27]:              0
Stats[(nil), 28]:              0
Stats[(nil), 29]:              0
Stats[(nil), 30]:              0
Stats[(nil), 31]:    0.018013111
