Numbers: 34500, pid: 9728 Space Used : 69000 Time Stamp : 1533540131577
Time(microseconds): 13749.000000
Stats[(nil), 0]:       13844121
Stats[(nil), 1]:       13842152
Stats[(nil), 2]:              2
Stats[(nil), 3]:              0
Stats[(nil), 4]:             33
Stats[(nil), 5]:             33
Stats[(nil), 6]:              0
Stats[(nil), 7]:        4017929
Stats[(nil), 8]:       16789970
Stats[(nil), 9]:           5077
Stats[(nil), 10]:           2966
Stats[(nil), 11]:        5059786
Stats[(nil), 12]:         270905
Stats[(nil), 13]:              0
Stats[(nil), 14]:          18698
Stats[(nil), 15]:           -nan
Stats[(nil), 16]:              0
Stats[(nil), 17]:           -nan
Stats[(nil), 18]:              0
Stats[(nil), 19]:              0
Stats[(nil), 20]:              0
Stats[(nil), 21]:              0
Stats[(nil), 22]:              0
Stats[(nil), 23]:              0
Stats[(nil), 24]:              0
Stats[(nil), 25]:              0
Stats[(nil), 26]:              0
Stats[(nil), 27]:              0
Stats[(nil), 28]:              0
Stats[(nil), 29]:              0
Stats[(nil), 30]:              0
Stats[(nil), 31]:    0.018696281
