Numbers: 34500, pid: 9730 Space Used : 69000 Time Stamp : 1533540131595
Time(microseconds): 11093.000000
Stats[(nil), 0]:       11183063
Stats[(nil), 1]:       11182333
Stats[(nil), 2]:              1
Stats[(nil), 3]:              0
Stats[(nil), 4]:             33
Stats[(nil), 5]:             33
Stats[(nil), 6]:              0
Stats[(nil), 7]:          11387
Stats[(nil), 8]:        2618924
Stats[(nil), 9]:           3020
Stats[(nil), 10]:            700
Stats[(nil), 11]:        5051878
Stats[(nil), 12]:         312600
Stats[(nil), 13]:              0
Stats[(nil), 14]:          24564
Stats[(nil), 15]:           -nan
Stats[(nil), 16]:              0
Stats[(nil), 17]:           -nan
Stats[(nil), 18]:              0
Stats[(nil), 19]:              0
Stats[(nil), 20]:              0
Stats[(nil), 21]:              0
Stats[(nil), 22]:              0
Stats[(nil), 23]:              0
Stats[(nil), 24]:              0
Stats[(nil), 25]:              0
Stats[(nil), 26]:              0
Stats[(nil), 27]:              0
Stats[(nil), 28]:              0
Stats[(nil), 29]:              0
Stats[(nil), 30]:              0
Stats[(nil), 31]:    0.015896422
