Numbers: 34500, pid: 9732 Space Used : 69000 Time Stamp : 1533540131616
Time(microseconds): 13348.000000
Stats[(nil), 0]:       13471776
Stats[(nil), 1]:       13470306
Stats[(nil), 2]:              2
Stats[(nil), 3]:              0
Stats[(nil), 4]:             33
Stats[(nil), 5]:             33
Stats[(nil), 6]:              0
Stats[(nil), 7]:        3431742
Stats[(nil), 8]:       16089922
Stats[(nil), 9]:           4115
Stats[(nil), 10]:           2164
Stats[(nil), 11]:        5052589
Stats[(nil), 12]:         274953
Stats[(nil), 13]:              0
Stats[(nil), 14]:          20918
Stats[(nil), 15]:           -nan
Stats[(nil), 16]:              0
Stats[(nil), 17]:           -nan
Stats[(nil), 18]:              0
Stats[(nil), 19]:              0
Stats[(nil), 20]:              0
Stats[(nil), 21]:              0
Stats[(nil), 22]:              0
Stats[(nil), 23]:              0
Stats[(nil), 24]:              0
Stats[(nil), 25]:              0
Stats[(nil), 26]:              0
Stats[(nil), 27]:              0
Stats[(nil), 28]:              0
Stats[(nil), 29]:              0
Stats[(nil), 30]:              0
Stats[(nil), 31]:    0.019216857
