Numbers: 35000, pid: 9734 Space Used : 70000 Time Stamp : 1533540131634
Time(microseconds): 12000.000000
Stats[(nil), 0]:       12083511
Stats[(nil), 1]:       12083390
Stats[(nil), 2]:              1
Stats[(nil), 3]:              0
Stats[(nil), 4]:             33
Stats[(nil), 5]:             33
Stats[(nil), 6]:              0
Stats[(nil), 7]:        6065859
Stats[(nil), 8]:       21204563
Stats[(nil), 9]:           5352
Stats[(nil), 10]:           2494
Stats[(nil), 11]:        5133110
Stats[(nil), 12]:         253793
Stats[(nil), 13]:              0
Stats[(nil), 14]:          17287
Stats[(nil), 15]:           -nan
Stats[(nil), 16]:              0
Stats[(nil), 17]:           -nan
Stats[(nil), 18]:              0
Stats[(nil), 19]:              0
Stats[(nil), 20]:              0
Stats[(nil), 21]:              0
Stats[(nil), 22]:              0
Stats[(nil), 23]:              0
Stats[(nil), 24]:              0
Stats[(nil), 25]:              0
Stats[(nil), 26]:              0
Stats[(nil), 27]:              0
Stats[(nil), 28]:              0
Stats[(nil), 29]:              0
Stats[(nil), 30]:              0
Stats[(nil), 31]:    0.016809522
