Numbers: 35000, pid: 9736 Space Used : 70000 Time Stamp : 1533540131656
Time(microseconds): 14142.000000
Stats[(nil), 0]:       14244525
Stats[(nil), 1]:       14243573
Stats[(nil), 2]:              1
Stats[(nil), 3]:              0
Stats[(nil), 4]:             33
Stats[(nil), 5]:             33
Stats[(nil), 6]:              0
Stats[(nil), 7]:        8317707
Stats[(nil), 8]:       19654825
Stats[(nil), 9]:           5930
Stats[(nil), 10]:           3080
Stats[(nil), 11]:        5132489
Stats[(nil), 12]:         235451
Stats[(nil), 13]:              0
Stats[(nil), 14]:          18500
Stats[(nil), 15]:           -nan
Stats[(nil), 16]:              0
Stats[(nil), 17]:           -nan
Stats[(nil), 18]:              0
Stats[(nil), 19]:              0
Stats[(nil), 20]:              0
Stats[(nil), 21]:              0
Stats[(nil), 22]:              0
Stats[(nil), 23]:              0
Stats[(nil), 24]:              0
Stats[(nil), 25]:              0
Stats[(nil), 26]:              0
Stats[(nil), 27]:              0
Stats[(nil), 28]:              0
Stats[(nil), 29]:              0
Stats[(nil), 30]:              0
Stats[(nil), 31]:    0.019088450
