Numbers: 35000, pid: 9738 Space Used : 70000 Time Stamp : 1533540131679
Time(microseconds): 15211.000000
Stats[(nil), 0]:       15310038
Stats[(nil), 1]:       15307422
Stats[(nil), 2]:              1
Stats[(nil), 3]:              0
Stats[(nil), 4]:             33
Stats[(nil), 5]:             33
Stats[(nil), 6]:              0
Stats[(nil), 7]:        2665984
Stats[(nil), 8]:       12323218
Stats[(nil), 9]:           4374
Stats[(nil), 10]:           1814
Stats[(nil), 11]:        5131466
Stats[(nil), 12]:         290350
Stats[(nil), 13]:              0
Stats[(nil), 14]:          22919
Stats[(nil), 15]:           -nan
Stats[(nil), 16]:              0
Stats[(nil), 17]:           -nan
Stats[(nil), 18]:              0
Stats[(nil), 19]:              0
Stats[(nil), 20]:              0
Stats[(nil), 21]:              0
Stats[(nil), 22]:              0
Stats[(nil), 23]:              0
Stats[(nil), 24]:              0
Stats[(nil), 25]:              0
Stats[(nil), 26]:              0
Stats[(nil), 27]:              0
Stats[(nil), 28]:              0
Stats[(nil), 29]:              0
Stats[(nil), 30]:              0
Stats[(nil), 31]:    0.020296604
