Numbers: 35000, pid: 9740 Space Used : 70000 Time Stamp : 1533540131701
Time(microseconds): 13496.000000
Stats[(nil), 0]:       13620519
Stats[(nil), 1]:       13619140
Stats[(nil), 2]:              2
Stats[(nil), 3]:              0
Stats[(nil), 4]:             33
Stats[(nil), 5]:             33
Stats[(nil), 6]:              0
Stats[(nil), 7]:        1487351
Stats[(nil), 8]:       13994631
Stats[(nil), 9]:           3892
Stats[(nil), 10]:           1106
Stats[(nil), 11]:        5136677
Stats[(nil), 12]:         303648
Stats[(nil), 13]:              0
Stats[(nil), 14]:          21822
Stats[(nil), 15]:           -nan
Stats[(nil), 16]:              0
Stats[(nil), 17]:           -nan
Stats[(nil), 18]:              0
Stats[(nil), 19]:              0
Stats[(nil), 20]:              0
Stats[(nil), 21]:              0
Stats[(nil), 22]:              0
Stats[(nil), 23]:              0
Stats[(nil), 24]:              0
Stats[(nil), 25]:              0
Stats[(nil), 26]:              0
Stats[(nil), 27]:              0
Stats[(nil), 28]:              0
Stats[(nil), 29]:              0
Stats[(nil), 30]:              0
Stats[(nil), 31]:    0.019702708
