Numbers: 35000, pid: 9742 Space Used : 70000 Time Stamp : 1533540131723
Time(microseconds): 14474.000000
Stats[(nil), 0]:       14641363
Stats[(nil), 1]:       14637019
Stats[(nil), 2]:              1
Stats[(nil), 3]:              0
Stats[(nil), 4]:             33
Stats[(nil), 5]:             33
Stats[(nil), 6]:              0
Stats[(nil), 7]:        5004947
Stats[(nil), 8]:       14526700
Stats[(nil), 9]:           3981
Stats[(nil), 10]:           2752
Stats[(nil), 11]:        5129386
Stats[(nil), 12]:         263958
Stats[(nil), 13]:              0
Stats[(nil), 14]:          18864
Stats[(nil), 15]:           -nan
Stats[(nil), 16]:              0
Stats[(nil), 17]:           -nan
Stats[(nil), 18]:              0
Stats[(nil), 19]:              0
Stats[(nil), 20]:              0
Stats[(nil), 21]:              0
Stats[(nil), 22]:              0
Stats[(nil), 23]:              0
Stats[(nil), 24]:              0
Stats[(nil), 25]:              0
Stats[(nil), 26]:              0
Stats[(nil), 27]:              0
Stats[(nil), 28]:              0
Stats[(nil), 29]:              0
Stats[(nil), 30]:              0
Stats[(nil), 31]:    0.019436972
