Numbers: 35500, pid: 9744 Space Used : 71000 Time Stamp : 1533540131746
Time(microseconds): 14570.000000
Stats[(nil), 0]:       14699142
Stats[(nil), 1]:       14697710
Stats[(nil), 2]:              3
Stats[(nil), 3]:              0
Stats[(nil), 4]:             34
Stats[(nil), 5]:             34
Stats[(nil), 6]:              0
Stats[(nil), 7]:        1924642
Stats[(nil), 8]:       13450949
Stats[(nil), 9]:           5141
Stats[(nil), 10]:           1700
Stats[(nil), 11]:        5215554
Stats[(nil), 12]:         306691
Stats[(nil), 13]:              0
Stats[(nil), 14]:          25746
Stats[(nil), 15]:           -nan
Stats[(nil), 16]:              0
Stats[(nil), 17]:           -nan
Stats[(nil), 18]:              0
Stats[(nil), 19]:              0
Stats[(nil), 20]:              0
Stats[(nil), 21]:              0
Stats[(nil), 22]:              0
Stats[(nil), 23]:              0
Stats[(nil), 24]:              0
Stats[(nil), 25]:              0
Stats[(nil), 26]:              0
Stats[(nil), 27]:              0
Stats[(nil), 28]:              0
Stats[(nil), 29]:              0
Stats[(nil), 30]:              0
Stats[(nil), 31]:    0.020317447
