Numbers: 35500, pid: 9746 Space Used : 71000 Time Stamp : 1533540131768
Time(microseconds): 14016.000000
Stats[(nil), 0]:       14096594
Stats[(nil), 1]:       14095071
Stats[(nil), 2]:              1
Stats[(nil), 3]:              0
Stats[(nil), 4]:             34
Stats[(nil), 5]:             34
Stats[(nil), 6]:              0
Stats[(nil), 7]:        4969899
Stats[(nil), 8]:       18521979
Stats[(nil), 9]:           4689
Stats[(nil), 10]:           3452
Stats[(nil), 11]:        5207016
Stats[(nil), 12]:         271896
Stats[(nil), 13]:              0
Stats[(nil), 14]:          18564
Stats[(nil), 15]:           -nan
Stats[(nil), 16]:              0
Stats[(nil), 17]:           -nan
Stats[(nil), 18]:              0
Stats[(nil), 19]:              0
Stats[(nil), 20]:              0
Stats[(nil), 21]:              0
Stats[(nil), 22]:              0
Stats[(nil), 23]:              0
Stats[(nil), 24]:              0
Stats[(nil), 25]:              0
Stats[(nil), 26]:              0
Stats[(nil), 27]:              0
Stats[(nil), 28]:              0
Stats[(nil), 29]:              0
Stats[(nil), 30]:              0
Stats[(nil), 31]:    0.019255792
