Numbers: 35500, pid: 9748 Space Used : 71000 Time Stamp : 1533540131789
Time(microseconds): 14049.000000
Stats[(nil), 0]:       14141727
Stats[(nil), 1]:       14140508
Stats[(nil), 2]:              1
Stats[(nil), 3]:              0
Stats[(nil), 4]:             34
Stats[(nil), 5]:             34
Stats[(nil), 6]:              0
Stats[(nil), 7]:        4432118
Stats[(nil), 8]:       15217685
Stats[(nil), 9]:           4087
Stats[(nil), 10]:           1452
Stats[(nil), 11]:        5208916
Stats[(nil), 12]:         277955
Stats[(nil), 13]:              0
Stats[(nil), 14]:          22449
Stats[(nil), 15]:           -nan
Stats[(nil), 16]:              0
Stats[(nil), 17]:           -nan
Stats[(nil), 18]:              0
Stats[(nil), 19]:              0
Stats[(nil), 20]:              0
Stats[(nil), 21]:              0
Stats[(nil), 22]:              0
Stats[(nil), 23]:              0
Stats[(nil), 24]:              0
Stats[(nil), 25]:              0
Stats[(nil), 26]:              0
Stats[(nil), 27]:              0
Stats[(nil), 28]:              0
Stats[(nil), 29]:              0
Stats[(nil), 30]:              0
Stats[(nil), 31]:    0.018983614
