Numbers: 36000, pid: 9754 Space Used : 72000 Time Stamp : 1533540131850
Time(microseconds): 12929.000000
Stats[(nil), 0]:       13021082
Stats[(nil), 1]:       13024838
Stats[(nil), 2]:              1
Stats[(nil), 3]:              0
Stats[(nil), 4]:             35
Stats[(nil), 5]:             35
Stats[(nil), 6]:              0
Stats[(nil), 7]:        7817186
Stats[(nil), 8]:       23376406
Stats[(nil), 9]:           5740
Stats[(nil), 10]:           2843
Stats[(nil), 11]:        5283264
Stats[(nil), 12]:         251219
Stats[(nil), 13]:              0
Stats[(nil), 14]:          17728
Stats[(nil), 15]:           -nan
Stats[(nil), 16]:              0
Stats[(nil), 17]:           -nan
Stats[(nil), 18]:              0
Stats[(nil), 19]:              0
Stats[(nil), 20]:              0
Stats[(nil), 21]:              0
Stats[(nil), 22]:              0
Stats[(nil), 23]:              0
Stats[(nil), 24]:              0
Stats[(nil), 25]:              0
Stats[(nil), 26]:              0
Stats[(nil), 27]:              0
Stats[(nil), 28]:              0
Stats[(nil), 29]:              0
Stats[(nil), 30]:              0
Stats[(nil), 31]:    0.018893281
