Numbers: 36000, pid: 9756 Space Used : 72000 Time Stamp : 1533540131871
Time(microseconds): 13336.000000
Stats[(nil), 0]:       13437236
Stats[(nil), 1]:       13436416
Stats[(nil), 2]:              1
Stats[(nil), 3]:              0
Stats[(nil), 4]:             35
Stats[(nil), 5]:             35
Stats[(nil), 6]:              0
Stats[(nil), 7]:        5944833
Stats[(nil), 8]:       16000321
Stats[(nil), 9]:           4914
Stats[(nil), 10]:           3856
Stats[(nil), 11]:        5285079
Stats[(nil), 12]:         270109
Stats[(nil), 13]:              0
Stats[(nil), 14]:          19051
Stats[(nil), 15]:           -nan
Stats[(nil), 16]:              0
Stats[(nil), 17]:           -nan
Stats[(nil), 18]:              0
Stats[(nil), 19]:              0
Stats[(nil), 20]:              0
Stats[(nil), 21]:              0
Stats[(nil), 22]:              0
Stats[(nil), 23]:              0
Stats[(nil), 24]:              0
Stats[(nil), 25]:              0
Stats[(nil), 26]:              0
Stats[(nil), 27]:              0
Stats[(nil), 28]:              0
Stats[(nil), 29]:              0
Stats[(nil), 30]:              0
Stats[(nil), 31]:    0.019357807
