Numbers: 36000, pid: 9758 Space Used : 72000 Time Stamp : 1533540131894
Time(microseconds): 14480.000000
Stats[(nil), 0]:       14614515
Stats[(nil), 1]:       14612791
Stats[(nil), 2]:              1
Stats[(nil), 3]:              0
Stats[(nil), 4]:             35
Stats[(nil), 5]:             35
Stats[(nil), 6]:              0
Stats[(nil), 7]:        2036819
Stats[(nil), 8]:       14078634
Stats[(nil), 9]:           4058
Stats[(nil), 10]:           1261
Stats[(nil), 11]:        5286319
Stats[(nil), 12]:         308995
Stats[(nil), 13]:              0
Stats[(nil), 14]:          23752
Stats[(nil), 15]:           -nan
Stats[(nil), 16]:              0
Stats[(nil), 17]:           -nan
Stats[(nil), 18]:              0
Stats[(nil), 19]:              0
Stats[(nil), 20]:              0
Stats[(nil), 21]:              0
Stats[(nil), 22]:              0
Stats[(nil), 23]:              0
Stats[(nil), 24]:              0
Stats[(nil), 25]:              0
Stats[(nil), 26]:              0
Stats[(nil), 27]:              0
Stats[(nil), 28]:              0
Stats[(nil), 29]:              0
Stats[(nil), 30]:              0
Stats[(nil), 31]:    0.020661877
