Numbers: 36000, pid: 9762 Space Used : 72000 Time Stamp : 1533540131937
Time(microseconds): 13804.000000
Stats[(nil), 0]:       13892525
Stats[(nil), 1]:       13891777
Stats[(nil), 2]:              1
Stats[(nil), 3]:              0
Stats[(nil), 4]:             35
Stats[(nil), 5]:             35
Stats[(nil), 6]:              0
Stats[(nil), 7]:        3267336
Stats[(nil), 8]:       13397084
Stats[(nil), 9]:           4297
Stats[(nil), 10]:           1127
Stats[(nil), 11]:        5285006
Stats[(nil), 12]:         295482
Stats[(nil), 13]:              0
Stats[(nil), 14]:          22383
Stats[(nil), 15]:           -nan
Stats[(nil), 16]:              0
Stats[(nil), 17]:           -nan
Stats[(nil), 18]:              0
Stats[(nil), 19]:              0
Stats[(nil), 20]:              0
Stats[(nil), 21]:              0
Stats[(nil), 22]:              0
Stats[(nil), 23]:              0
Stats[(nil), 24]:              0
Stats[(nil), 25]:              0
Stats[(nil), 26]:              0
Stats[(nil), 27]:              0
Stats[(nil), 28]:              0
Stats[(nil), 29]:              0
Stats[(nil), 30]:              0
Stats[(nil), 31]:    0.018693842
