Numbers: 36500, pid: 9766 Space Used : 73000 Time Stamp : 1533540131981
Time(microseconds): 13647.000000
Stats[(nil), 0]:       13738672
Stats[(nil), 1]:       13736936
Stats[(nil), 2]:              2
Stats[(nil), 3]:              0
Stats[(nil), 4]:             35
Stats[(nil), 5]:             35
Stats[(nil), 6]:              0
Stats[(nil), 7]:        4036899
Stats[(nil), 8]:       15831873
Stats[(nil), 9]:           5499
Stats[(nil), 10]:           3785
Stats[(nil), 11]:        5371597
Stats[(nil), 12]:         295057
Stats[(nil), 13]:              0
Stats[(nil), 14]:          23568
Stats[(nil), 15]:           -nan
Stats[(nil), 16]:              0
Stats[(nil), 17]:           -nan
Stats[(nil), 18]:              0
Stats[(nil), 19]:              0
Stats[(nil), 20]:              0
Stats[(nil), 21]:              0
Stats[(nil), 22]:              0
Stats[(nil), 23]:              0
Stats[(nil), 24]:              0
Stats[(nil), 25]:              0
Stats[(nil), 26]:              0
Stats[(nil), 27]:              0
Stats[(nil), 28]:              0
Stats[(nil), 29]:              0
Stats[(nil), 30]:              0
Stats[(nil), 31]:    0.019075923
