Numbers: 36500, pid: 9768 Space Used : 73000 Time Stamp : 1533540132008
Time(microseconds): 12756.000000
Stats[(nil), 0]:       12884116
Stats[(nil), 1]:       12881147
Stats[(nil), 2]:              1
Stats[(nil), 3]:              0
Stats[(nil), 4]:             35
Stats[(nil), 5]:             35
Stats[(nil), 6]:              0
Stats[(nil), 7]:        3175823
Stats[(nil), 8]:       15382735
Stats[(nil), 9]:           6088
Stats[(nil), 10]:           2985
Stats[(nil), 11]:        5361337
Stats[(nil), 12]:         304392
Stats[(nil), 13]:              0
Stats[(nil), 14]:          21108
Stats[(nil), 15]:           -nan
Stats[(nil), 16]:              0
Stats[(nil), 17]:           -nan
Stats[(nil), 18]:              0
Stats[(nil), 19]:              0
Stats[(nil), 20]:              0
Stats[(nil), 21]:              0
Stats[(nil), 22]:              0
Stats[(nil), 23]:              0
Stats[(nil), 24]:              0
Stats[(nil), 25]:              0
Stats[(nil), 26]:              0
Stats[(nil), 27]:              0
Stats[(nil), 28]:              0
Stats[(nil), 29]:              0
Stats[(nil), 30]:              0
Stats[(nil), 31]:    0.019530842
