Numbers: 37000, pid: 9776 Space Used : 74000 Time Stamp : 1533540132080
Time(microseconds): 11965.000000
Stats[(nil), 0]:       12012007
Stats[(nil), 1]:       12011435
Stats[(nil), 2]:             13
Stats[(nil), 3]:              0
Stats[(nil), 4]:             36
Stats[(nil), 5]:             36
Stats[(nil), 6]:              0
Stats[(nil), 7]:          10880
Stats[(nil), 8]:        1283506
Stats[(nil), 9]:           8878
Stats[(nil), 10]:           2331
Stats[(nil), 11]:        5452492
Stats[(nil), 12]:         344623
Stats[(nil), 13]:              0
Stats[(nil), 14]:          38489
Stats[(nil), 15]:           -nan
Stats[(nil), 16]:              0
Stats[(nil), 17]:           -nan
Stats[(nil), 18]:              0
Stats[(nil), 19]:              0
Stats[(nil), 20]:              0
Stats[(nil), 21]:              0
Stats[(nil), 22]:              0
Stats[(nil), 23]:              0
Stats[(nil), 24]:              0
Stats[(nil), 25]:              0
Stats[(nil), 26]:              0
Stats[(nil), 27]:              0
Stats[(nil), 28]:              0
Stats[(nil), 29]:              0
Stats[(nil), 30]:              0
Stats[(nil), 31]:    0.017135484
