Numbers: 37000, pid: 9778 Space Used : 74000 Time Stamp : 1533540132098
Time(microseconds): 11047.000000
Stats[(nil), 0]:       11143436
Stats[(nil), 1]:       11142489
Stats[(nil), 2]:              1
Stats[(nil), 3]:              0
Stats[(nil), 4]:             36
Stats[(nil), 5]:             36
Stats[(nil), 6]:              0
Stats[(nil), 7]:        4318865
Stats[(nil), 8]:       21303977
Stats[(nil), 9]:           5970
Stats[(nil), 10]:           2740
Stats[(nil), 11]:        5440176
Stats[(nil), 12]:         294371
Stats[(nil), 13]:              0
Stats[(nil), 14]:          18221
Stats[(nil), 15]:           -nan
Stats[(nil), 16]:              0
Stats[(nil), 17]:           -nan
Stats[(nil), 18]:              0
Stats[(nil), 19]:              0
Stats[(nil), 20]:              0
Stats[(nil), 21]:              0
Stats[(nil), 22]:              0
Stats[(nil), 23]:              0
Stats[(nil), 24]:              0
Stats[(nil), 25]:              0
Stats[(nil), 26]:              0
Stats[(nil), 27]:              0
Stats[(nil), 28]:              0
Stats[(nil), 29]:              0
Stats[(nil), 30]:              0
Stats[(nil), 31]:    0.016046823
