Numbers: 37000, pid: 9780 Space Used : 74000 Time Stamp : 1533540132116
Time(microseconds): 11026.000000
Stats[(nil), 0]:       11113575
Stats[(nil), 1]:       11112670
Stats[(nil), 2]:              5
Stats[(nil), 3]:              0
Stats[(nil), 4]:             36
Stats[(nil), 5]:             36
Stats[(nil), 6]:              0
Stats[(nil), 7]:          27391
Stats[(nil), 8]:       15174295
Stats[(nil), 9]:           5253
Stats[(nil), 10]:           2638
Stats[(nil), 11]:        5444043
Stats[(nil), 12]:         342726
Stats[(nil), 13]:              0
Stats[(nil), 14]:          19568
Stats[(nil), 15]:           -nan
Stats[(nil), 16]:              0
Stats[(nil), 17]:           -nan
Stats[(nil), 18]:              0
Stats[(nil), 19]:              0
Stats[(nil), 20]:              0
Stats[(nil), 21]:              0
Stats[(nil), 22]:              0
Stats[(nil), 23]:              0
Stats[(nil), 24]:              0
Stats[(nil), 25]:              0
Stats[(nil), 26]:              0
Stats[(nil), 27]:              0
Stats[(nil), 28]:              0
Stats[(nil), 29]:              0
Stats[(nil), 30]:              0
Stats[(nil), 31]:    0.016065438
