Numbers: 37500, pid: 9784 Space Used : 75000 Time Stamp : 1533540132151
Time(microseconds): 11185.000000
Stats[(nil), 0]:       11267874
Stats[(nil), 1]:       11267441
Stats[(nil), 2]:              1
Stats[(nil), 3]:              0
Stats[(nil), 4]:             36
Stats[(nil), 5]:             36
Stats[(nil), 6]:              0
Stats[(nil), 7]:        2175634
Stats[(nil), 8]:       18837464
Stats[(nil), 9]:           4650
Stats[(nil), 10]:           2956
Stats[(nil), 11]:        5516901
Stats[(nil), 12]:         324793
Stats[(nil), 13]:              0
Stats[(nil), 14]:          19692
Stats[(nil), 15]:           -nan
Stats[(nil), 16]:              0
Stats[(nil), 17]:           -nan
Stats[(nil), 18]:              0
Stats[(nil), 19]:              0
Stats[(nil), 20]:              0
Stats[(nil), 21]:              0
Stats[(nil), 22]:              0
Stats[(nil), 23]:              0
Stats[(nil), 24]:              0
Stats[(nil), 25]:              0
Stats[(nil), 26]:              0
Stats[(nil), 27]:              0
Stats[(nil), 28]:              0
Stats[(nil), 29]:              0
Stats[(nil), 30]:              0
Stats[(nil), 31]:    0.016295418
