Numbers: 37500, pid: 9786 Space Used : 75000 Time Stamp : 1533540132170
Time(microseconds): 12014.000000
Stats[(nil), 0]:       12124127
Stats[(nil), 1]:       12123024
Stats[(nil), 2]:              1
Stats[(nil), 3]:              0
Stats[(nil), 4]:             36
Stats[(nil), 5]:             36
Stats[(nil), 6]:              0
Stats[(nil), 7]:        7950250
Stats[(nil), 8]:       23569622
Stats[(nil), 9]:           8369
Stats[(nil), 10]:           3523
Stats[(nil), 11]:        5518923
Stats[(nil), 12]:         266554
Stats[(nil), 13]:              0
Stats[(nil), 14]:          18482
Stats[(nil), 15]:           -nan
Stats[(nil), 16]:              0
Stats[(nil), 17]:           -nan
Stats[(nil), 18]:              0
Stats[(nil), 19]:              0
Stats[(nil), 20]:              0
Stats[(nil), 21]:              0
Stats[(nil), 22]:              0
Stats[(nil), 23]:              0
Stats[(nil), 24]:              0
Stats[(nil), 25]:              0
Stats[(nil), 26]:              0
Stats[(nil), 27]:              0
Stats[(nil), 28]:              0
Stats[(nil), 29]:              0
Stats[(nil), 30]:              0
Stats[(nil), 31]:    0.017108359
