Numbers: 37500, pid: 9788 Space Used : 75000 Time Stamp : 1533540132188
Time(microseconds): 11186.000000
Stats[(nil), 0]:       11312887
Stats[(nil), 1]:       11309808
Stats[(nil), 2]:              1
Stats[(nil), 3]:              0
Stats[(nil), 4]:             36
Stats[(nil), 5]:             36
Stats[(nil), 6]:              0
Stats[(nil), 7]:          19003
Stats[(nil), 8]:           4584
Stats[(nil), 9]:           3243
Stats[(nil), 10]:           1852
Stats[(nil), 11]:        5516276
Stats[(nil), 12]:         348573
Stats[(nil), 13]:              0
Stats[(nil), 14]:          34742
Stats[(nil), 15]:           -nan
Stats[(nil), 16]:              0
Stats[(nil), 17]:           -nan
Stats[(nil), 18]:              0
Stats[(nil), 19]:              0
Stats[(nil), 20]:              0
Stats[(nil), 21]:              0
Stats[(nil), 22]:              0
Stats[(nil), 23]:              0
Stats[(nil), 24]:              0
Stats[(nil), 25]:              0
Stats[(nil), 26]:              0
Stats[(nil), 27]:              0
Stats[(nil), 28]:              0
Stats[(nil), 29]:              0
Stats[(nil), 30]:              0
Stats[(nil), 31]:    0.016805598
