Numbers: 37500, pid: 9790 Space Used : 75000 Time Stamp : 1533540132207
Time(microseconds): 11147.000000
Stats[(nil), 0]:       11243081
Stats[(nil), 1]:       11241891
Stats[(nil), 2]:              1
Stats[(nil), 3]:              0
Stats[(nil), 4]:             36
Stats[(nil), 5]:             36
Stats[(nil), 6]:              0
Stats[(nil), 7]:        2936794
Stats[(nil), 8]:       19827220
Stats[(nil), 9]:           4314
Stats[(nil), 10]:           2579
Stats[(nil), 11]:        5519680
Stats[(nil), 12]:         316139
Stats[(nil), 13]:              0
Stats[(nil), 14]:          19099
Stats[(nil), 15]:           -nan
Stats[(nil), 16]:              0
Stats[(nil), 17]:           -nan
Stats[(nil), 18]:              0
Stats[(nil), 19]:              0
Stats[(nil), 20]:              0
Stats[(nil), 21]:              0
Stats[(nil), 22]:              0
Stats[(nil), 23]:              0
Stats[(nil), 24]:              0
Stats[(nil), 25]:              0
Stats[(nil), 26]:              0
Stats[(nil), 27]:              0
Stats[(nil), 28]:              0
Stats[(nil), 29]:              0
Stats[(nil), 30]:              0
Stats[(nil), 31]:    0.016284417
