Numbers: 38000, pid: 9794 Space Used : 76000 Time Stamp : 1533540132249
Time(microseconds): 13865.000000
Stats[(nil), 0]:       13949143
Stats[(nil), 1]:       13947999
Stats[(nil), 2]:              2
Stats[(nil), 3]:              0
Stats[(nil), 4]:             37
Stats[(nil), 5]:             37
Stats[(nil), 6]:              0
Stats[(nil), 7]:        5080157
Stats[(nil), 8]:       19751867
Stats[(nil), 9]:           6858
Stats[(nil), 10]:           3281
Stats[(nil), 11]:        5599588
Stats[(nil), 12]:         298995
Stats[(nil), 13]:              0
Stats[(nil), 14]:          20652
Stats[(nil), 15]:           -nan
Stats[(nil), 16]:              0
Stats[(nil), 17]:           -nan
Stats[(nil), 18]:              0
Stats[(nil), 19]:              0
Stats[(nil), 20]:              0
Stats[(nil), 21]:              0
Stats[(nil), 22]:              0
Stats[(nil), 23]:              0
Stats[(nil), 24]:              0
Stats[(nil), 25]:              0
Stats[(nil), 26]:              0
Stats[(nil), 27]:              0
Stats[(nil), 28]:              0
Stats[(nil), 29]:              0
Stats[(nil), 30]:              0
Stats[(nil), 31]:    0.019813405
