Numbers: 38000, pid: 9796 Space Used : 76000 Time Stamp : 1533540132267
Time(microseconds): 11537.000000
Stats[(nil), 0]:       11633518
Stats[(nil), 1]:       11631670
Stats[(nil), 2]:              1
Stats[(nil), 3]:              0
Stats[(nil), 4]:             37
Stats[(nil), 5]:             37
Stats[(nil), 6]:              0
Stats[(nil), 7]:        2058877
Stats[(nil), 8]:       18142955
Stats[(nil), 9]:           6001
Stats[(nil), 10]:           3261
Stats[(nil), 11]:        5595836
Stats[(nil), 12]:         332440
Stats[(nil), 13]:              0
Stats[(nil), 14]:          20410
Stats[(nil), 15]:           -nan
Stats[(nil), 16]:              0
Stats[(nil), 17]:           -nan
Stats[(nil), 18]:              0
Stats[(nil), 19]:              0
Stats[(nil), 20]:              0
Stats[(nil), 21]:              0
Stats[(nil), 22]:              0
Stats[(nil), 23]:              0
Stats[(nil), 24]:              0
Stats[(nil), 25]:              0
Stats[(nil), 26]:              0
Stats[(nil), 27]:              0
Stats[(nil), 28]:              0
Stats[(nil), 29]:              0
Stats[(nil), 30]:              0
Stats[(nil), 31]:    0.016996047
