Numbers: 38000, pid: 9798 Space Used : 76000 Time Stamp : 1533540132289
Time(microseconds): 14535.000000
Stats[(nil), 0]:       14642039
Stats[(nil), 1]:       14639628
Stats[(nil), 2]:              1
Stats[(nil), 3]:              0
Stats[(nil), 4]:             37
Stats[(nil), 5]:             37
Stats[(nil), 6]:              0
Stats[(nil), 7]:        6464227
Stats[(nil), 8]:       18595565
Stats[(nil), 9]:           4949
Stats[(nil), 10]:           3159
Stats[(nil), 11]:        5599411
Stats[(nil), 12]:         285553
Stats[(nil), 13]:              0
Stats[(nil), 14]:          24245
Stats[(nil), 15]:           -nan
Stats[(nil), 16]:              0
Stats[(nil), 17]:           -nan
Stats[(nil), 18]:              0
Stats[(nil), 19]:              0
Stats[(nil), 20]:              0
Stats[(nil), 21]:              0
Stats[(nil), 22]:              0
Stats[(nil), 23]:              0
Stats[(nil), 24]:              0
Stats[(nil), 25]:              0
Stats[(nil), 26]:              0
Stats[(nil), 27]:              0
Stats[(nil), 28]:              0
Stats[(nil), 29]:              0
Stats[(nil), 30]:              0
Stats[(nil), 31]:    0.019699798
