Numbers: 38000, pid: 9802 Space Used : 76000 Time Stamp : 1533540132326
Time(microseconds): 11367.000000
Stats[(nil), 0]:       11462442
Stats[(nil), 1]:       11460501
Stats[(nil), 2]:              1
Stats[(nil), 3]:              0
Stats[(nil), 4]:             37
Stats[(nil), 5]:             37
Stats[(nil), 6]:              0
Stats[(nil), 7]:        6527973
Stats[(nil), 8]:       24678919
Stats[(nil), 9]:           4207
Stats[(nil), 10]:           2979
Stats[(nil), 11]:        5595507
Stats[(nil), 12]:         282113
Stats[(nil), 13]:              0
Stats[(nil), 14]:          18136
Stats[(nil), 15]:           -nan
Stats[(nil), 16]:              0
Stats[(nil), 17]:           -nan
Stats[(nil), 18]:              0
Stats[(nil), 19]:              0
Stats[(nil), 20]:              0
Stats[(nil), 21]:              0
Stats[(nil), 22]:              0
Stats[(nil), 23]:              0
Stats[(nil), 24]:              0
Stats[(nil), 25]:              0
Stats[(nil), 26]:              0
Stats[(nil), 27]:              0
Stats[(nil), 28]:              0
Stats[(nil), 29]:              0
Stats[(nil), 30]:              0
Stats[(nil), 31]:    0.016953619
