Numbers: 38500, pid: 9804 Space Used : 77000 Time Stamp : 1533540132346
Time(microseconds): 13625.000000
Stats[(nil), 0]:       13707467
Stats[(nil), 1]:       13706471
Stats[(nil), 2]:              3
Stats[(nil), 3]:              0
Stats[(nil), 4]:             37
Stats[(nil), 5]:             37
Stats[(nil), 6]:              0
Stats[(nil), 7]:         191857
Stats[(nil), 8]:       15859444
Stats[(nil), 9]:           5035
Stats[(nil), 10]:           1614
Stats[(nil), 11]:        5676426
Stats[(nil), 12]:         359791
Stats[(nil), 13]:              0
Stats[(nil), 14]:          27786
Stats[(nil), 15]:           -nan
Stats[(nil), 16]:              0
Stats[(nil), 17]:           -nan
Stats[(nil), 18]:              0
Stats[(nil), 19]:              0
Stats[(nil), 20]:              0
Stats[(nil), 21]:              0
Stats[(nil), 22]:              0
Stats[(nil), 23]:              0
Stats[(nil), 24]:              0
Stats[(nil), 25]:              0
Stats[(nil), 26]:              0
Stats[(nil), 27]:              0
Stats[(nil), 28]:              0
Stats[(nil), 29]:              0
Stats[(nil), 30]:              0
Stats[(nil), 31]:    0.018862839
