Numbers: 38500, pid: 9806 Space Used : 77000 Time Stamp : 1533540132369
Time(microseconds): 15357.000000
Stats[(nil), 0]:       15473532
Stats[(nil), 1]:       15471571
Stats[(nil), 2]:              2
Stats[(nil), 3]:              0
Stats[(nil), 4]:             37
Stats[(nil), 5]:             37
Stats[(nil), 6]:              0
Stats[(nil), 7]:        4861481
Stats[(nil), 8]:       18902248
Stats[(nil), 9]:           5656
Stats[(nil), 10]:           2941
Stats[(nil), 11]:        5676647
Stats[(nil), 12]:         308632
Stats[(nil), 13]:              0
Stats[(nil), 14]:          21262
Stats[(nil), 15]:           -nan
Stats[(nil), 16]:              0
Stats[(nil), 17]:           -nan
Stats[(nil), 18]:              0
Stats[(nil), 19]:              0
Stats[(nil), 20]:              0
Stats[(nil), 21]:              0
Stats[(nil), 22]:              0
Stats[(nil), 23]:              0
Stats[(nil), 24]:              0
Stats[(nil), 25]:              0
Stats[(nil), 26]:              0
Stats[(nil), 27]:              0
Stats[(nil), 28]:              0
Stats[(nil), 29]:              0
Stats[(nil), 30]:              0
Stats[(nil), 31]:    0.020881855
