Numbers: 38500, pid: 9810 Space Used : 77000 Time Stamp : 1533540132407
Time(microseconds): 11637.000000
Stats[(nil), 0]:       11728269
Stats[(nil), 1]:       11726911
Stats[(nil), 2]:              1
Stats[(nil), 3]:              0
Stats[(nil), 4]:             37
Stats[(nil), 5]:             37
Stats[(nil), 6]:              0
Stats[(nil), 7]:        4477048
Stats[(nil), 8]:       21447191
Stats[(nil), 9]:           3996
Stats[(nil), 10]:           2467
Stats[(nil), 11]:        5671399
Stats[(nil), 12]:         310887
Stats[(nil), 13]:              0
Stats[(nil), 14]:          19302
Stats[(nil), 15]:           -nan
Stats[(nil), 16]:              0
Stats[(nil), 17]:           -nan
Stats[(nil), 18]:              0
Stats[(nil), 19]:              0
Stats[(nil), 20]:              0
Stats[(nil), 21]:              0
Stats[(nil), 22]:              0
Stats[(nil), 23]:              0
Stats[(nil), 24]:              0
Stats[(nil), 25]:              0
Stats[(nil), 26]:              0
Stats[(nil), 27]:              0
Stats[(nil), 28]:              0
Stats[(nil), 29]:              0
Stats[(nil), 30]:              0
Stats[(nil), 31]:    0.016811717
