Numbers: 38500, pid: 9812 Space Used : 77000 Time Stamp : 1533540132428
Time(microseconds): 14605.000000
Stats[(nil), 0]:       14691916
Stats[(nil), 1]:       14691092
Stats[(nil), 2]:              1
Stats[(nil), 3]:              0
Stats[(nil), 4]:             37
Stats[(nil), 5]:             37
Stats[(nil), 6]:              0
Stats[(nil), 7]:        9438793
Stats[(nil), 8]:       22852198
Stats[(nil), 9]:           3451
Stats[(nil), 10]:           2450
Stats[(nil), 11]:        5671064
Stats[(nil), 12]:         254543
Stats[(nil), 13]:              0
Stats[(nil), 14]:          20707
Stats[(nil), 15]:           -nan
Stats[(nil), 16]:              0
Stats[(nil), 17]:           -nan
Stats[(nil), 18]:              0
Stats[(nil), 19]:              0
Stats[(nil), 20]:              0
Stats[(nil), 21]:              0
Stats[(nil), 22]:              0
Stats[(nil), 23]:              0
Stats[(nil), 24]:              0
Stats[(nil), 25]:              0
Stats[(nil), 26]:              0
Stats[(nil), 27]:              0
Stats[(nil), 28]:              0
Stats[(nil), 29]:              0
Stats[(nil), 30]:              0
Stats[(nil), 31]:    0.019763307
