Numbers: 39000, pid: 9816 Space Used : 78000 Time Stamp : 1533540132467
Time(microseconds): 13857.000000
Stats[(nil), 0]:       13942625
Stats[(nil), 1]:       13941581
Stats[(nil), 2]:              1
Stats[(nil), 3]:              0
Stats[(nil), 4]:             38
Stats[(nil), 5]:             38
Stats[(nil), 6]:              0
Stats[(nil), 7]:        8340477
Stats[(nil), 8]:       19223315
Stats[(nil), 9]:           7408
Stats[(nil), 10]:           3441
Stats[(nil), 11]:        5749734
Stats[(nil), 12]:         279790
Stats[(nil), 13]:              0
Stats[(nil), 14]:          20974
Stats[(nil), 15]:           -nan
Stats[(nil), 16]:              0
Stats[(nil), 17]:           -nan
Stats[(nil), 18]:              0
Stats[(nil), 19]:              0
Stats[(nil), 20]:              0
Stats[(nil), 21]:              0
Stats[(nil), 22]:              0
Stats[(nil), 23]:              0
Stats[(nil), 24]:              0
Stats[(nil), 25]:              0
Stats[(nil), 26]:              0
Stats[(nil), 27]:              0
Stats[(nil), 28]:              0
Stats[(nil), 29]:              0
Stats[(nil), 30]:              0
Stats[(nil), 31]:    0.019146186
