Numbers: 39000, pid: 9820 Space Used : 78000 Time Stamp : 1533540132508
Time(microseconds): 11795.000000
Stats[(nil), 0]:       11883084
Stats[(nil), 1]:       11882256
Stats[(nil), 2]:              3
Stats[(nil), 3]:              0
Stats[(nil), 4]:             38
Stats[(nil), 5]:             38
Stats[(nil), 6]:              0
Stats[(nil), 7]:         264355
Stats[(nil), 8]:       15300438
Stats[(nil), 9]:           7078
Stats[(nil), 10]:           3465
Stats[(nil), 11]:        5758301
Stats[(nil), 12]:         365127
Stats[(nil), 13]:              0
Stats[(nil), 14]:          24535
Stats[(nil), 15]:           -nan
Stats[(nil), 16]:              0
Stats[(nil), 17]:           -nan
Stats[(nil), 18]:              0
Stats[(nil), 19]:              0
Stats[(nil), 20]:              0
Stats[(nil), 21]:              0
Stats[(nil), 22]:              0
Stats[(nil), 23]:              0
Stats[(nil), 24]:              0
Stats[(nil), 25]:              0
Stats[(nil), 26]:              0
Stats[(nil), 27]:              0
Stats[(nil), 28]:              0
Stats[(nil), 29]:              0
Stats[(nil), 30]:              0
Stats[(nil), 31]:    0.017111572
