Numbers: 39000, pid: 9822 Space Used : 78000 Time Stamp : 1533540132528
Time(microseconds): 12885.000000
Stats[(nil), 0]:       12967206
Stats[(nil), 1]:       12966125
Stats[(nil), 2]:              2
Stats[(nil), 3]:              0
Stats[(nil), 4]:             38
Stats[(nil), 5]:             38
Stats[(nil), 6]:              0
Stats[(nil), 7]:        4153557
Stats[(nil), 8]:       21126148
Stats[(nil), 9]:           4110
Stats[(nil), 10]:           1765
Stats[(nil), 11]:        5752235
Stats[(nil), 12]:         319727
Stats[(nil), 13]:              0
Stats[(nil), 14]:          21003
Stats[(nil), 15]:           -nan
Stats[(nil), 16]:              0
Stats[(nil), 17]:           -nan
Stats[(nil), 18]:              0
Stats[(nil), 19]:              0
Stats[(nil), 20]:              0
Stats[(nil), 21]:              0
Stats[(nil), 22]:              0
Stats[(nil), 23]:              0
Stats[(nil), 24]:              0
Stats[(nil), 25]:              0
Stats[(nil), 26]:              0
Stats[(nil), 27]:              0
Stats[(nil), 28]:              0
Stats[(nil), 29]:              0
Stats[(nil), 30]:              0
Stats[(nil), 31]:    0.018202812
