Numbers: 39500, pid: 9824 Space Used : 79000 Time Stamp : 1533540132547
Time(microseconds): 12074.000000
Stats[(nil), 0]:       12152038
Stats[(nil), 1]:       12151994
Stats[(nil), 2]:              1
Stats[(nil), 3]:              0
Stats[(nil), 4]:             38
Stats[(nil), 5]:             38
Stats[(nil), 6]:              0
Stats[(nil), 7]:        4914480
Stats[(nil), 8]:       21902628
Stats[(nil), 9]:           6055
Stats[(nil), 10]:           3617
Stats[(nil), 11]:        5826868
Stats[(nil), 12]:         316137
Stats[(nil), 13]:              0
Stats[(nil), 14]:          21288
Stats[(nil), 15]:           -nan
Stats[(nil), 16]:              0
Stats[(nil), 17]:           -nan
Stats[(nil), 18]:              0
Stats[(nil), 19]:              0
Stats[(nil), 20]:              0
Stats[(nil), 21]:              0
Stats[(nil), 22]:              0
Stats[(nil), 23]:              0
Stats[(nil), 24]:              0
Stats[(nil), 25]:              0
Stats[(nil), 26]:              0
Stats[(nil), 27]:              0
Stats[(nil), 28]:              0
Stats[(nil), 29]:              0
Stats[(nil), 30]:              0
Stats[(nil), 31]:    0.017390131
