Numbers: 39500, pid: 9826 Space Used : 79000 Time Stamp : 1533540132569
Time(microseconds): 14776.000000
Stats[(nil), 0]:       14856244
Stats[(nil), 1]:       14854906
Stats[(nil), 2]:              2
Stats[(nil), 3]:              0
Stats[(nil), 4]:             38
Stats[(nil), 5]:             38
Stats[(nil), 6]:              0
Stats[(nil), 7]:        6184322
Stats[(nil), 8]:       20444168
Stats[(nil), 9]:           6526
Stats[(nil), 10]:           3111
Stats[(nil), 11]:        5830279
Stats[(nil), 12]:         307107
Stats[(nil), 13]:              0
Stats[(nil), 14]:          21876
Stats[(nil), 15]:           -nan
Stats[(nil), 16]:              0
Stats[(nil), 17]:           -nan
Stats[(nil), 18]:              0
Stats[(nil), 19]:              0
Stats[(nil), 20]:              0
Stats[(nil), 21]:              0
Stats[(nil), 22]:              0
Stats[(nil), 23]:              0
Stats[(nil), 24]:              0
Stats[(nil), 25]:              0
Stats[(nil), 26]:              0
Stats[(nil), 27]:              0
Stats[(nil), 28]:              0
Stats[(nil), 29]:              0
Stats[(nil), 30]:              0
Stats[(nil), 31]:    0.020214068
