Numbers: 39500, pid: 9828 Space Used : 79000 Time Stamp : 1533540132593
Time(microseconds): 15207.000000
Stats[(nil), 0]:       15385103
Stats[(nil), 1]:       15383231
Stats[(nil), 2]:              1
Stats[(nil), 3]:              0
Stats[(nil), 4]:             38
Stats[(nil), 5]:             38
Stats[(nil), 6]:              0
Stats[(nil), 7]:        4155587
Stats[(nil), 8]:       13956910
Stats[(nil), 9]:           4503
Stats[(nil), 10]:           3223
Stats[(nil), 11]:        5828034
Stats[(nil), 12]:         326254
Stats[(nil), 13]:              0
Stats[(nil), 14]:          25325
Stats[(nil), 15]:           -nan
Stats[(nil), 16]:              0
Stats[(nil), 17]:           -nan
Stats[(nil), 18]:              0
Stats[(nil), 19]:              0
Stats[(nil), 20]:              0
Stats[(nil), 21]:              0
Stats[(nil), 22]:              0
Stats[(nil), 23]:              0
Stats[(nil), 24]:              0
Stats[(nil), 25]:              0
Stats[(nil), 26]:              0
Stats[(nil), 27]:              0
Stats[(nil), 28]:              0
Stats[(nil), 29]:              0
Stats[(nil), 30]:              0
Stats[(nil), 31]:    0.021677490
