Numbers: 39500, pid: 9832 Space Used : 79000 Time Stamp : 1533540132639
Time(microseconds): 15535.000000
Stats[(nil), 0]:       15645251
Stats[(nil), 1]:       15643665
Stats[(nil), 2]:              3
Stats[(nil), 3]:              0
Stats[(nil), 4]:             38
Stats[(nil), 5]:             38
Stats[(nil), 6]:              0
Stats[(nil), 7]:        1724939
Stats[(nil), 8]:       13465034
Stats[(nil), 9]:           4692
Stats[(nil), 10]:           1255
Stats[(nil), 11]:        5830775
Stats[(nil), 12]:         352404
Stats[(nil), 13]:              0
Stats[(nil), 14]:          27094
Stats[(nil), 15]:           -nan
Stats[(nil), 16]:              0
Stats[(nil), 17]:           -nan
Stats[(nil), 18]:              0
Stats[(nil), 19]:              0
Stats[(nil), 20]:              0
Stats[(nil), 21]:              0
Stats[(nil), 22]:              0
Stats[(nil), 23]:              0
Stats[(nil), 24]:              0
Stats[(nil), 25]:              0
Stats[(nil), 26]:              0
Stats[(nil), 27]:              0
Stats[(nil), 28]:              0
Stats[(nil), 29]:              0
Stats[(nil), 30]:              0
Stats[(nil), 31]:    0.021675817
