Numbers: 40000, pid: 9834 Space Used : 80000 Time Stamp : 1533540132664
Time(microseconds): 16273.000000
Stats[(nil), 0]:       16353169
Stats[(nil), 1]:       16352406
Stats[(nil), 2]:              1
Stats[(nil), 3]:              0
Stats[(nil), 4]:             39
Stats[(nil), 5]:             39
Stats[(nil), 6]:              0
Stats[(nil), 7]:        3695016
Stats[(nil), 8]:       13601927
Stats[(nil), 9]:           3029
Stats[(nil), 10]:           1542
Stats[(nil), 11]:        5908707
Stats[(nil), 12]:         332130
Stats[(nil), 13]:              0
Stats[(nil), 14]:          36179
Stats[(nil), 15]:           -nan
Stats[(nil), 16]:              0
Stats[(nil), 17]:           -nan
Stats[(nil), 18]:              0
Stats[(nil), 19]:              0
Stats[(nil), 20]:              0
Stats[(nil), 21]:              0
Stats[(nil), 22]:              0
Stats[(nil), 23]:              0
Stats[(nil), 24]:              0
Stats[(nil), 25]:              0
Stats[(nil), 26]:              0
Stats[(nil), 27]:              0
Stats[(nil), 28]:              0
Stats[(nil), 29]:              0
Stats[(nil), 30]:              0
Stats[(nil), 31]:    0.021653654
