Numbers: 40000, pid: 9836 Space Used : 80000 Time Stamp : 1533540132685
Time(microseconds): 13356.000000
Stats[(nil), 0]:       13461974
Stats[(nil), 1]:       13460538
Stats[(nil), 2]:              1
Stats[(nil), 3]:              0
Stats[(nil), 4]:             39
Stats[(nil), 5]:             39
Stats[(nil), 6]:              0
Stats[(nil), 7]:        2532345
Stats[(nil), 8]:       16997332
Stats[(nil), 9]:           4950
Stats[(nil), 10]:           3651
Stats[(nil), 11]:        5908188
Stats[(nil), 12]:         344980
Stats[(nil), 13]:              0
Stats[(nil), 14]:          26294
Stats[(nil), 15]:           -nan
Stats[(nil), 16]:              0
Stats[(nil), 17]:           -nan
Stats[(nil), 18]:              0
Stats[(nil), 19]:              0
Stats[(nil), 20]:              0
Stats[(nil), 21]:              0
Stats[(nil), 22]:              0
Stats[(nil), 23]:              0
Stats[(nil), 24]:              0
Stats[(nil), 25]:              0
Stats[(nil), 26]:              0
Stats[(nil), 27]:              0
Stats[(nil), 28]:              0
Stats[(nil), 29]:              0
Stats[(nil), 30]:              0
Stats[(nil), 31]:    0.019659754
