Numbers: 40000, pid: 9838 Space Used : 80000 Time Stamp : 1533540132708
Time(microseconds): 15206.000000
Stats[(nil), 0]:       15293152
Stats[(nil), 1]:       15291918
Stats[(nil), 2]:              1
Stats[(nil), 3]:              0
Stats[(nil), 4]:             39
Stats[(nil), 5]:             39
Stats[(nil), 6]:              0
Stats[(nil), 7]:         772015
Stats[(nil), 8]:       11084525
Stats[(nil), 9]:           4170
Stats[(nil), 10]:           1553
Stats[(nil), 11]:        5907623
Stats[(nil), 12]:         365065
Stats[(nil), 13]:              0
Stats[(nil), 14]:          36615
Stats[(nil), 15]:           -nan
Stats[(nil), 16]:              0
Stats[(nil), 17]:           -nan
Stats[(nil), 18]:              0
Stats[(nil), 19]:              0
Stats[(nil), 20]:              0
Stats[(nil), 21]:              0
Stats[(nil), 22]:              0
Stats[(nil), 23]:              0
Stats[(nil), 24]:              0
Stats[(nil), 25]:              0
Stats[(nil), 26]:              0
Stats[(nil), 27]:              0
Stats[(nil), 28]:              0
Stats[(nil), 29]:              0
Stats[(nil), 30]:              0
Stats[(nil), 31]:    0.020593957
