Numbers: 40000, pid: 9840 Space Used : 80000 Time Stamp : 1533540132730
Time(microseconds): 15203.000000
Stats[(nil), 0]:       15320689
Stats[(nil), 1]:       15319139
Stats[(nil), 2]:              2
Stats[(nil), 3]:              0
Stats[(nil), 4]:             39
Stats[(nil), 5]:             39
Stats[(nil), 6]:              0
Stats[(nil), 7]:        2984278
Stats[(nil), 8]:       16037579
Stats[(nil), 9]:           4355
Stats[(nil), 10]:           1181
Stats[(nil), 11]:        5909898
Stats[(nil), 12]:         341146
Stats[(nil), 13]:              0
Stats[(nil), 14]:          26385
Stats[(nil), 15]:           -nan
Stats[(nil), 16]:              0
Stats[(nil), 17]:           -nan
Stats[(nil), 18]:              0
Stats[(nil), 19]:              0
Stats[(nil), 20]:              0
Stats[(nil), 21]:              0
Stats[(nil), 22]:              0
Stats[(nil), 23]:              0
Stats[(nil), 24]:              0
Stats[(nil), 25]:              0
Stats[(nil), 26]:              0
Stats[(nil), 27]:              0
Stats[(nil), 28]:              0
Stats[(nil), 29]:              0
Stats[(nil), 30]:              0
Stats[(nil), 31]:    0.021169344
