Numbers: 35000, pid: 11937 Space Used : 70000 Time Stamp : 1533611648432
Time(microseconds): 12256.000000
Stats[(nil), 0]:       12338489
Stats[(nil), 1]:       12337788
Stats[(nil), 2]:              1
Stats[(nil), 3]:              0
Stats[(nil), 4]:             33
Stats[(nil), 5]:             33
Stats[(nil), 6]:              0
Stats[(nil), 7]:        9329109
Stats[(nil), 8]:       25857184
Stats[(nil), 9]:           6277
Stats[(nil), 10]:           2312
Stats[(nil), 11]:        5129243
Stats[(nil), 12]:         217938
Stats[(nil), 13]:              0
Stats[(nil), 14]:           4328
Stats[(nil), 15]:           -nan
Stats[(nil), 16]:              0
Stats[(nil), 17]:           -nan
Stats[(nil), 18]:              0
Stats[(nil), 19]:              0
Stats[(nil), 20]:              0
Stats[(nil), 21]:              0
Stats[(nil), 22]:              0
Stats[(nil), 23]:              0
Stats[(nil), 24]:              0
Stats[(nil), 25]:              0
Stats[(nil), 26]:              0
Stats[(nil), 27]:              0
Stats[(nil), 28]:              0
Stats[(nil), 29]:              0
Stats[(nil), 30]:              0
Stats[(nil), 31]:    0.017069054
