Numbers: 35000, pid: 11939 Space Used : 70000 Time Stamp : 1533611648454
Time(microseconds): 13053.000000
Stats[(nil), 0]:       13177068
Stats[(nil), 1]:       13174263
Stats[(nil), 2]:              1
Stats[(nil), 3]:              0
Stats[(nil), 4]:             33
Stats[(nil), 5]:             33
Stats[(nil), 6]:              0
Stats[(nil), 7]:        5998092
Stats[(nil), 8]:       16646494
Stats[(nil), 9]:           4012
Stats[(nil), 10]:           3577
Stats[(nil), 11]:        5128308
Stats[(nil), 12]:         253587
Stats[(nil), 13]:              0
Stats[(nil), 14]:          18102
Stats[(nil), 15]:           -nan
Stats[(nil), 16]:              0
Stats[(nil), 17]:           -nan
Stats[(nil), 18]:              0
Stats[(nil), 19]:              0
Stats[(nil), 20]:              0
Stats[(nil), 21]:              0
Stats[(nil), 22]:              0
Stats[(nil), 23]:              0
Stats[(nil), 24]:              0
Stats[(nil), 25]:              0
Stats[(nil), 26]:              0
Stats[(nil), 27]:              0
Stats[(nil), 28]:              0
Stats[(nil), 29]:              0
Stats[(nil), 30]:              0
Stats[(nil), 31]:    0.019261230
