Numbers: 35000, pid: 11935 Space Used : 70000 Time Stamp : 1533611648412
Time(microseconds): 13509.000000
Stats[(nil), 0]:       13672527
Stats[(nil), 1]:       13668559
Stats[(nil), 2]:              2
Stats[(nil), 3]:              0
Stats[(nil), 4]:             33
Stats[(nil), 5]:             33
Stats[(nil), 6]:              0
Stats[(nil), 7]:        1985303
Stats[(nil), 8]:       15194955
Stats[(nil), 9]:           4206
Stats[(nil), 10]:           2624
Stats[(nil), 11]:        5134004
Stats[(nil), 12]:         297815
Stats[(nil), 13]:              0
Stats[(nil), 14]:          21658
Stats[(nil), 15]:           -nan
Stats[(nil), 16]:              0
Stats[(nil), 17]:           -nan
Stats[(nil), 18]:              0
Stats[(nil), 19]:              0
Stats[(nil), 20]:              0
Stats[(nil), 21]:              0
Stats[(nil), 22]:              0
Stats[(nil), 23]:              0
Stats[(nil), 24]:              0
Stats[(nil), 25]:              0
Stats[(nil), 26]:              0
Stats[(nil), 27]:              0
Stats[(nil), 28]:              0
Stats[(nil), 29]:              0
Stats[(nil), 30]:              0
Stats[(nil), 31]:    0.021577978
