Numbers: 35000, pid: 11945 Space Used : 70000 Time Stamp : 1533611648511
Time(microseconds): 11474.000000
Stats[(nil), 0]:       11584552
Stats[(nil), 1]:       11583559
Stats[(nil), 2]:              1
Stats[(nil), 3]:              0
Stats[(nil), 4]:             33
Stats[(nil), 5]:             33
Stats[(nil), 6]:              0
Stats[(nil), 7]:        9007061
Stats[(nil), 8]:       26113801
Stats[(nil), 9]:           8031
Stats[(nil), 10]:           1520
Stats[(nil), 11]:        5134704
Stats[(nil), 12]:         220531
Stats[(nil), 13]:              0
Stats[(nil), 14]:              0
Stats[(nil), 15]:           -nan
Stats[(nil), 16]:              0
Stats[(nil), 17]:           -nan
Stats[(nil), 18]:              0
Stats[(nil), 19]:              0
Stats[(nil), 20]:              0
Stats[(nil), 21]:              0
Stats[(nil), 22]:              0
Stats[(nil), 23]:              0
Stats[(nil), 24]:              0
Stats[(nil), 25]:              0
Stats[(nil), 26]:              0
Stats[(nil), 27]:              0
Stats[(nil), 28]:              0
Stats[(nil), 29]:              0
Stats[(nil), 30]:              0
Stats[(nil), 31]:    0.017788566
