Numbers: 35000, pid: 11947 Space Used : 70000 Time Stamp : 1533611648530
Time(microseconds): 11862.000000
Stats[(nil), 0]:       11945514
Stats[(nil), 1]:       11945238
Stats[(nil), 2]:              1
Stats[(nil), 3]:              0
Stats[(nil), 4]:             33
Stats[(nil), 5]:             33
Stats[(nil), 6]:              0
Stats[(nil), 7]:        3751603
Stats[(nil), 8]:       18659615
Stats[(nil), 9]:           4913
Stats[(nil), 10]:           1238
Stats[(nil), 11]:        5133241
Stats[(nil), 12]:         277778
Stats[(nil), 13]:              0
Stats[(nil), 14]:          18580
Stats[(nil), 15]:           -nan
Stats[(nil), 16]:              0
Stats[(nil), 17]:           -nan
Stats[(nil), 18]:              0
Stats[(nil), 19]:              0
Stats[(nil), 20]:              0
Stats[(nil), 21]:              0
Stats[(nil), 22]:              0
Stats[(nil), 23]:              0
Stats[(nil), 24]:              0
Stats[(nil), 25]:              0
Stats[(nil), 26]:              0
Stats[(nil), 27]:              0
Stats[(nil), 28]:              0
Stats[(nil), 29]:              0
Stats[(nil), 30]:              0
Stats[(nil), 31]:    0.016585983
