Numbers: 35000, pid: 11949 Space Used : 70000 Time Stamp : 1533611648548
Time(microseconds): 11035.000000
Stats[(nil), 0]:       11115903
Stats[(nil), 1]:       11115558
Stats[(nil), 2]:              1
Stats[(nil), 3]:              0
Stats[(nil), 4]:             33
Stats[(nil), 5]:             33
Stats[(nil), 6]:              0
Stats[(nil), 7]:        7110963
Stats[(nil), 8]:       25653200
Stats[(nil), 9]:           7077
Stats[(nil), 10]:           2625
Stats[(nil), 11]:        5128695
Stats[(nil), 12]:         240589
Stats[(nil), 13]:              0
Stats[(nil), 14]:           5513
Stats[(nil), 15]:           -nan
Stats[(nil), 16]:              0
Stats[(nil), 17]:           -nan
Stats[(nil), 18]:              0
Stats[(nil), 19]:              0
Stats[(nil), 20]:              0
Stats[(nil), 21]:              0
Stats[(nil), 22]:              0
Stats[(nil), 23]:              0
Stats[(nil), 24]:              0
Stats[(nil), 25]:              0
Stats[(nil), 26]:              0
Stats[(nil), 27]:              0
Stats[(nil), 28]:              0
Stats[(nil), 29]:              0
Stats[(nil), 30]:              0
Stats[(nil), 31]:    0.015876162
