Numbers: 1000, pid: 7353 Space Used : 0 Time Stamp : 1533539853901
Time(microseconds): 1921.000000
Stats[(nil), 0]:        2078438
Stats[(nil), 1]:        2076231
Stats[(nil), 2]:              1
Stats[(nil), 3]:              0
Stats[(nil), 4]:              0
Stats[(nil), 5]:              0
Stats[(nil), 6]:           -nan
Stats[(nil), 7]:        2677882
Stats[(nil), 8]:        6151985
Stats[(nil), 9]:           -nan
Stats[(nil), 10]:            418
Stats[(nil), 11]:         518983
Stats[(nil), 12]:            799
Stats[(nil), 13]:           -nan
Stats[(nil), 14]:              0
Stats[(nil), 15]:              0
Stats[(nil), 16]:              0
Stats[(nil), 17]:              0
Stats[(nil), 18]:              0
Stats[(nil), 19]:              0
Stats[(nil), 20]:              0
Stats[(nil), 21]:              0
Stats[(nil), 22]:              0
Stats[(nil), 23]:              0
Stats[(nil), 24]:              0
Stats[(nil), 25]:              0
Stats[(nil), 26]:              0
Stats[(nil), 27]:              0
Stats[(nil), 28]:              0
Stats[(nil), 29]:              0
Stats[(nil), 30]:              0
Stats[(nil), 31]:    0.002742054
