Numbers: 1000, pid: 7355 Space Used : 0 Time Stamp : 1533539853906
Time(microseconds): 1780.000000
Stats[(nil), 0]:        1915944
Stats[(nil), 1]:        1914702
Stats[(nil), 2]:              1
Stats[(nil), 3]:              0
Stats[(nil), 4]:              0
Stats[(nil), 5]:              0
Stats[(nil), 6]:           -nan
Stats[(nil), 7]:        1413615
Stats[(nil), 8]:        6148371
Stats[(nil), 9]:           -nan
Stats[(nil), 10]:            102
Stats[(nil), 11]:         518278
Stats[(nil), 12]:            906
Stats[(nil), 13]:           -nan
Stats[(nil), 14]:              0
Stats[(nil), 15]:              0
Stats[(nil), 16]:              0
Stats[(nil), 17]:              0
Stats[(nil), 18]:              0
Stats[(nil), 19]:              0
Stats[(nil), 20]:              0
Stats[(nil), 21]:              0
Stats[(nil), 22]:              0
Stats[(nil), 23]:              0
Stats[(nil), 24]:              0
Stats[(nil), 25]:              0
Stats[(nil), 26]:              0
Stats[(nil), 27]:              0
Stats[(nil), 28]:              0
Stats[(nil), 29]:              0
Stats[(nil), 30]:              0
Stats[(nil), 31]:    0.002395794
