Numbers: 1000, pid: 7357 Space Used : 0 Time Stamp : 1533539853910
Time(microseconds): 1664.000000
Stats[(nil), 0]:        1782295
Stats[(nil), 1]:        1781439
Stats[(nil), 2]:              0
Stats[(nil), 3]:              0
Stats[(nil), 4]:              0
Stats[(nil), 5]:              0
Stats[(nil), 6]:           -nan
Stats[(nil), 7]:         844356
Stats[(nil), 8]:        6146781
Stats[(nil), 9]:           -nan
Stats[(nil), 10]:            105
Stats[(nil), 11]:         517942
Stats[(nil), 12]:            968
Stats[(nil), 13]:           -nan
Stats[(nil), 14]:              0
Stats[(nil), 15]:              0
Stats[(nil), 16]:              0
Stats[(nil), 17]:              0
Stats[(nil), 18]:              0
Stats[(nil), 19]:              0
Stats[(nil), 20]:              0
Stats[(nil), 21]:              0
Stats[(nil), 22]:              0
Stats[(nil), 23]:              0
Stats[(nil), 24]:              0
Stats[(nil), 25]:              0
Stats[(nil), 26]:              0
Stats[(nil), 27]:              0
Stats[(nil), 28]:              0
Stats[(nil), 29]:              0
Stats[(nil), 30]:              0
Stats[(nil), 31]:    0.002204133
