Numbers: 1500, pid: 7361 Space Used : 0 Time Stamp : 1533539853923
Time(microseconds): 4837.000000
Stats[(nil), 0]:        4999339
Stats[(nil), 1]:        4998012
Stats[(nil), 2]:              0
Stats[(nil), 3]:              0
Stats[(nil), 4]:              0
Stats[(nil), 5]:              0
Stats[(nil), 6]:           -nan
Stats[(nil), 7]:        4375097
Stats[(nil), 8]:       13538544
Stats[(nil), 9]:           -nan
Stats[(nil), 10]:            757
Stats[(nil), 11]:        1133803
Stats[(nil), 12]:            706
Stats[(nil), 13]:           -nan
Stats[(nil), 14]:              0
Stats[(nil), 15]:              0
Stats[(nil), 16]:              0
Stats[(nil), 17]:              0
Stats[(nil), 18]:              0
Stats[(nil), 19]:              0
Stats[(nil), 20]:              0
Stats[(nil), 21]:              0
Stats[(nil), 22]:              0
Stats[(nil), 23]:              0
Stats[(nil), 24]:              0
Stats[(nil), 25]:              0
Stats[(nil), 26]:              0
Stats[(nil), 27]:              0
Stats[(nil), 28]:              0
Stats[(nil), 29]:              0
Stats[(nil), 30]:              0
Stats[(nil), 31]:    0.005790620
