Numbers: 1500, pid: 7367 Space Used : 0 Time Stamp : 1533539853942
Time(microseconds): 3569.000000
Stats[(nil), 0]:        3668082
Stats[(nil), 1]:        3666928
Stats[(nil), 2]:              1
Stats[(nil), 3]:              0
Stats[(nil), 4]:              0
Stats[(nil), 5]:              0
Stats[(nil), 6]:           -nan
Stats[(nil), 7]:        4626630
Stats[(nil), 8]:       13546004
Stats[(nil), 9]:           -nan
Stats[(nil), 10]:            203
Stats[(nil), 11]:        1135359
Stats[(nil), 12]:            870
Stats[(nil), 13]:           -nan
Stats[(nil), 14]:              0
Stats[(nil), 15]:              0
Stats[(nil), 16]:              0
Stats[(nil), 17]:              0
Stats[(nil), 18]:              0
Stats[(nil), 19]:              0
Stats[(nil), 20]:              0
Stats[(nil), 21]:              0
Stats[(nil), 22]:              0
Stats[(nil), 23]:              0
Stats[(nil), 24]:              0
Stats[(nil), 25]:              0
Stats[(nil), 26]:              0
Stats[(nil), 27]:              0
Stats[(nil), 28]:              0
Stats[(nil), 29]:              0
Stats[(nil), 30]:              0
Stats[(nil), 31]:    0.004224293
