Numbers: 2000, pid: 7371 Space Used : 0 Time Stamp : 1533539853959
Time(microseconds): 6290.000000
Stats[(nil), 0]:        6457789
Stats[(nil), 1]:        6456153
Stats[(nil), 2]:              1
Stats[(nil), 3]:              0
Stats[(nil), 4]:              0
Stats[(nil), 5]:              0
Stats[(nil), 6]:           -nan
Stats[(nil), 7]:        8266225
Stats[(nil), 8]:       23977778
Stats[(nil), 9]:           -nan
Stats[(nil), 10]:            146
Stats[(nil), 11]:        2006171
Stats[(nil), 12]:            720
Stats[(nil), 13]:           -nan
Stats[(nil), 14]:              0
Stats[(nil), 15]:              0
Stats[(nil), 16]:              0
Stats[(nil), 17]:              0
Stats[(nil), 18]:              0
Stats[(nil), 19]:              0
Stats[(nil), 20]:              0
Stats[(nil), 21]:              0
Stats[(nil), 22]:              0
Stats[(nil), 23]:              0
Stats[(nil), 24]:              0
Stats[(nil), 25]:              0
Stats[(nil), 26]:              0
Stats[(nil), 27]:              0
Stats[(nil), 28]:              0
Stats[(nil), 29]:              0
Stats[(nil), 30]:              0
Stats[(nil), 31]:    0.007194645
