Numbers: 2000, pid: 7377 Space Used : 0 Time Stamp : 1533539853988
Time(microseconds): 6855.000000
Stats[(nil), 0]:        7093389
Stats[(nil), 1]:        7091330
Stats[(nil), 2]:              4
Stats[(nil), 3]:              0
Stats[(nil), 4]:              0
Stats[(nil), 5]:              0
Stats[(nil), 6]:           -nan
Stats[(nil), 7]:          46856
Stats[(nil), 8]:       11499180
Stats[(nil), 9]:           -nan
Stats[(nil), 10]:            471
Stats[(nil), 11]:        2010209
Stats[(nil), 12]:           3422
Stats[(nil), 13]:           -nan
Stats[(nil), 14]:              0
Stats[(nil), 15]:              0
Stats[(nil), 16]:              0
Stats[(nil), 17]:              0
Stats[(nil), 18]:              0
Stats[(nil), 19]:              0
Stats[(nil), 20]:              0
Stats[(nil), 21]:              0
Stats[(nil), 22]:              0
Stats[(nil), 23]:              0
Stats[(nil), 24]:              0
Stats[(nil), 25]:              0
Stats[(nil), 26]:              0
Stats[(nil), 27]:              0
Stats[(nil), 28]:              0
Stats[(nil), 29]:              0
Stats[(nil), 30]:              0
Stats[(nil), 31]:    0.008149231
