Numbers: 2000, pid: 7379 Space Used : 0 Time Stamp : 1533539853996
Time(microseconds): 5600.000000
Stats[(nil), 0]:        5707789
Stats[(nil), 1]:        5706780
Stats[(nil), 2]:              0
Stats[(nil), 3]:              0
Stats[(nil), 4]:              0
Stats[(nil), 5]:              0
Stats[(nil), 6]:           -nan
Stats[(nil), 7]:        5192097
Stats[(nil), 8]:       23965355
Stats[(nil), 9]:           -nan
Stats[(nil), 10]:            123
Stats[(nil), 11]:        2003769
Stats[(nil), 12]:           1184
Stats[(nil), 13]:           -nan
Stats[(nil), 14]:              0
Stats[(nil), 15]:              0
Stats[(nil), 16]:              0
Stats[(nil), 17]:              0
Stats[(nil), 18]:              0
Stats[(nil), 19]:              0
Stats[(nil), 20]:              0
Stats[(nil), 21]:              0
Stats[(nil), 22]:              0
Stats[(nil), 23]:              0
Stats[(nil), 24]:              0
Stats[(nil), 25]:              0
Stats[(nil), 26]:              0
Stats[(nil), 27]:              0
Stats[(nil), 28]:              0
Stats[(nil), 29]:              0
Stats[(nil), 30]:              0
Stats[(nil), 31]:    0.006243483
