Numbers: 2500, pid: 7387 Space Used : 0 Time Stamp : 1533539854050
Time(microseconds): 11340.000000
Stats[(nil), 0]:       11446933
Stats[(nil), 1]:       11445737
Stats[(nil), 2]:              1
Stats[(nil), 3]:              0
Stats[(nil), 4]:              0
Stats[(nil), 5]:              0
Stats[(nil), 6]:           -nan
Stats[(nil), 7]:        5063703
Stats[(nil), 8]:       20276945
Stats[(nil), 9]:           -nan
Stats[(nil), 10]:            679
Stats[(nil), 11]:        3188422
Stats[(nil), 12]:           2229
Stats[(nil), 13]:           -nan
Stats[(nil), 14]:            471
Stats[(nil), 15]:              0
Stats[(nil), 16]:              0
Stats[(nil), 17]:              0
Stats[(nil), 18]:              0
Stats[(nil), 19]:              0
Stats[(nil), 20]:              0
Stats[(nil), 21]:              0
Stats[(nil), 22]:              0
Stats[(nil), 23]:              0
Stats[(nil), 24]:              0
Stats[(nil), 25]:              0
Stats[(nil), 26]:              0
Stats[(nil), 27]:              0
Stats[(nil), 28]:              0
Stats[(nil), 29]:              0
Stats[(nil), 30]:              0
Stats[(nil), 31]:    0.012289870
