Numbers: 2500, pid: 7389 Space Used : 0 Time Stamp : 1533539854063
Time(microseconds): 10628.000000
Stats[(nil), 0]:       10787582
Stats[(nil), 1]:       10786740
Stats[(nil), 2]:              1
Stats[(nil), 3]:              0
Stats[(nil), 4]:              0
Stats[(nil), 5]:              0
Stats[(nil), 6]:           -nan
Stats[(nil), 7]:          34775
Stats[(nil), 8]:       13998287
Stats[(nil), 9]:           -nan
Stats[(nil), 10]:             86
Stats[(nil), 11]:        3184233
Stats[(nil), 12]:           3562
Stats[(nil), 13]:           -nan
Stats[(nil), 14]:            642
Stats[(nil), 15]:              0
Stats[(nil), 16]:              0
Stats[(nil), 17]:              0
Stats[(nil), 18]:              0
Stats[(nil), 19]:              0
Stats[(nil), 20]:              0
Stats[(nil), 21]:              0
Stats[(nil), 22]:              0
Stats[(nil), 23]:              0
Stats[(nil), 24]:              0
Stats[(nil), 25]:              0
Stats[(nil), 26]:              0
Stats[(nil), 27]:              0
Stats[(nil), 28]:              0
Stats[(nil), 29]:              0
Stats[(nil), 30]:              0
Stats[(nil), 31]:    0.011561589
