Numbers: 3000, pid: 7391 Space Used : 0 Time Stamp : 1533539854080
Time(microseconds): 14054.000000
Stats[(nil), 0]:       14154474
Stats[(nil), 1]:       14154296
Stats[(nil), 2]:              1
Stats[(nil), 3]:              0
Stats[(nil), 4]:              0
Stats[(nil), 5]:              0
Stats[(nil), 6]:           -nan
Stats[(nil), 7]:        5940309
Stats[(nil), 8]:       26841153
Stats[(nil), 9]:           -nan
Stats[(nil), 10]:            246
Stats[(nil), 11]:        4568920
Stats[(nil), 12]:           2476
Stats[(nil), 13]:           -nan
Stats[(nil), 14]:            539
Stats[(nil), 15]:              0
Stats[(nil), 16]:              0
Stats[(nil), 17]:              0
Stats[(nil), 18]:              0
Stats[(nil), 19]:              0
Stats[(nil), 20]:              0
Stats[(nil), 21]:              0
Stats[(nil), 22]:              0
Stats[(nil), 23]:              0
Stats[(nil), 24]:              0
Stats[(nil), 25]:              0
Stats[(nil), 26]:              0
Stats[(nil), 27]:              0
Stats[(nil), 28]:              0
Stats[(nil), 29]:              0
Stats[(nil), 30]:              0
Stats[(nil), 31]:    0.014993767
