Numbers: 3000, pid: 7393 Space Used : 0 Time Stamp : 1533539854100
Time(microseconds): 16294.000000
Stats[(nil), 0]:       16410298
Stats[(nil), 1]:       16409007
Stats[(nil), 2]:              3
Stats[(nil), 3]:              0
Stats[(nil), 4]:              0
Stats[(nil), 5]:              0
Stats[(nil), 6]:           -nan
Stats[(nil), 7]:        2509924
Stats[(nil), 8]:       16368466
Stats[(nil), 9]:           -nan
Stats[(nil), 10]:            528
Stats[(nil), 11]:        4583455
Stats[(nil), 12]:           4804
Stats[(nil), 13]:           -nan
Stats[(nil), 14]:           6057
Stats[(nil), 15]:        1224028
Stats[(nil), 16]:              0
Stats[(nil), 17]:              0
Stats[(nil), 18]:              0
Stats[(nil), 19]:              0
Stats[(nil), 20]:              0
Stats[(nil), 21]:              0
Stats[(nil), 22]:              0
Stats[(nil), 23]:              0
Stats[(nil), 24]:              0
Stats[(nil), 25]:              0
Stats[(nil), 26]:              0
Stats[(nil), 27]:              0
Stats[(nil), 28]:              0
Stats[(nil), 29]:              0
Stats[(nil), 30]:              0
Stats[(nil), 31]:    0.017389718
