Numbers: 3000, pid: 7395 Space Used : 0 Time Stamp : 1533539854118
Time(microseconds): 15207.000000
Stats[(nil), 0]:       15287903
Stats[(nil), 1]:       15287363
Stats[(nil), 2]:              2
Stats[(nil), 3]:              0
Stats[(nil), 4]:              0
Stats[(nil), 5]:              0
Stats[(nil), 6]:           -nan
Stats[(nil), 7]:        5416541
Stats[(nil), 8]:       21789715
Stats[(nil), 9]:           -nan
Stats[(nil), 10]:            301
Stats[(nil), 11]:        4573319
Stats[(nil), 12]:           2942
Stats[(nil), 13]:           -nan
Stats[(nil), 14]:            815
Stats[(nil), 15]:         387119
Stats[(nil), 16]:              0
Stats[(nil), 17]:              0
Stats[(nil), 18]:              0
Stats[(nil), 19]:              0
Stats[(nil), 20]:              0
Stats[(nil), 21]:              0
Stats[(nil), 22]:              0
Stats[(nil), 23]:              0
Stats[(nil), 24]:              0
Stats[(nil), 25]:              0
Stats[(nil), 26]:              0
Stats[(nil), 27]:              0
Stats[(nil), 28]:              0
Stats[(nil), 29]:              0
Stats[(nil), 30]:              0
Stats[(nil), 31]:    0.016059808
