Numbers: 3000, pid: 7397 Space Used : 0 Time Stamp : 1533539854137
Time(microseconds): 16361.000000
Stats[(nil), 0]:       16460454
Stats[(nil), 1]:       16459629
Stats[(nil), 2]:              4
Stats[(nil), 3]:              0
Stats[(nil), 4]:              0
Stats[(nil), 5]:              0
Stats[(nil), 6]:           -nan
Stats[(nil), 7]:        8145087
Stats[(nil), 8]:       23953487
Stats[(nil), 9]:           -nan
Stats[(nil), 10]:            188
Stats[(nil), 11]:        4629176
Stats[(nil), 12]:           2849
Stats[(nil), 13]:           -nan
Stats[(nil), 14]:           5032
Stats[(nil), 15]:         276588
Stats[(nil), 16]:              0
Stats[(nil), 17]:              0
Stats[(nil), 18]:              0
Stats[(nil), 19]:              0
Stats[(nil), 20]:              0
Stats[(nil), 21]:              0
Stats[(nil), 22]:              0
Stats[(nil), 23]:              0
Stats[(nil), 24]:              0
Stats[(nil), 25]:              0
Stats[(nil), 26]:              0
Stats[(nil), 27]:              0
Stats[(nil), 28]:              0
Stats[(nil), 29]:              0
Stats[(nil), 30]:              0
Stats[(nil), 31]:    0.017370438
