Numbers: 3000, pid: 7399 Space Used : 0 Time Stamp : 1533539854156
Time(microseconds): 15504.000000
Stats[(nil), 0]:       15668111
Stats[(nil), 1]:       15666697
Stats[(nil), 2]:              1
Stats[(nil), 3]:              0
Stats[(nil), 4]:              0
Stats[(nil), 5]:              0
Stats[(nil), 6]:           -nan
Stats[(nil), 7]:          45478
Stats[(nil), 8]:       13583092
Stats[(nil), 9]:           -nan
Stats[(nil), 10]:            482
Stats[(nil), 11]:        4573718
Stats[(nil), 12]:           4407
Stats[(nil), 13]:           -nan
Stats[(nil), 14]:           1086
Stats[(nil), 15]:        1080395
Stats[(nil), 16]:              0
Stats[(nil), 17]:              0
Stats[(nil), 18]:              0
Stats[(nil), 19]:              0
Stats[(nil), 20]:              0
Stats[(nil), 21]:              0
Stats[(nil), 22]:              0
Stats[(nil), 23]:              0
Stats[(nil), 24]:              0
Stats[(nil), 25]:              0
Stats[(nil), 26]:              0
Stats[(nil), 27]:              0
Stats[(nil), 28]:              0
Stats[(nil), 29]:              0
Stats[(nil), 30]:              0
Stats[(nil), 31]:    0.016594889
