Numbers: 3500, pid: 7401 Space Used : 0 Time Stamp : 1533539854175
Time(microseconds): 15808.000000
Stats[(nil), 0]:       15891516
Stats[(nil), 1]:       15890232
Stats[(nil), 2]:              1
Stats[(nil), 3]:              0
Stats[(nil), 4]:              0
Stats[(nil), 5]:              0
Stats[(nil), 6]:           -nan
Stats[(nil), 7]:        4708840
Stats[(nil), 8]:       28439004
Stats[(nil), 9]:           -nan
Stats[(nil), 10]:            535
Stats[(nil), 11]:        6193569
Stats[(nil), 12]:           3562
Stats[(nil), 13]:           -nan
Stats[(nil), 14]:           1314
Stats[(nil), 15]:         765702
Stats[(nil), 16]:              0
Stats[(nil), 17]:              0
Stats[(nil), 18]:              0
Stats[(nil), 19]:              0
Stats[(nil), 20]:              0
Stats[(nil), 21]:              0
Stats[(nil), 22]:              0
Stats[(nil), 23]:              0
Stats[(nil), 24]:              0
Stats[(nil), 25]:              0
Stats[(nil), 26]:              0
Stats[(nil), 27]:              0
Stats[(nil), 28]:              0
Stats[(nil), 29]:              0
Stats[(nil), 30]:              0
Stats[(nil), 31]:    0.016697046
