Numbers: 3500, pid: 7403 Space Used : 0 Time Stamp : 1533539854198
Time(microseconds): 20094.000000
Stats[(nil), 0]:       20196038
Stats[(nil), 1]:       20195595
Stats[(nil), 2]:              4
Stats[(nil), 3]:              0
Stats[(nil), 4]:              0
Stats[(nil), 5]:              0
Stats[(nil), 6]:           -nan
Stats[(nil), 7]:        5420596
Stats[(nil), 8]:       22588453
Stats[(nil), 9]:           -nan
Stats[(nil), 10]:            495
Stats[(nil), 11]:        5404332
Stats[(nil), 12]:           5285
Stats[(nil), 13]:           -nan
Stats[(nil), 14]:           2558
Stats[(nil), 15]:        2411668
Stats[(nil), 16]:             32
Stats[(nil), 17]:              0
Stats[(nil), 18]:              0
Stats[(nil), 19]:              0
Stats[(nil), 20]:              0
Stats[(nil), 21]:              0
Stats[(nil), 22]:              0
Stats[(nil), 23]:              0
Stats[(nil), 24]:              0
Stats[(nil), 25]:              0
Stats[(nil), 26]:              0
Stats[(nil), 27]:              0
Stats[(nil), 28]:              0
Stats[(nil), 29]:              0
Stats[(nil), 30]:              0
Stats[(nil), 31]:    0.021132817
