Numbers: 3500, pid: 7405 Space Used : 0 Time Stamp : 1533539854221
Time(microseconds): 19333.000000
Stats[(nil), 0]:       19422627
Stats[(nil), 1]:       19421926
Stats[(nil), 2]:              1
Stats[(nil), 3]:              0
Stats[(nil), 4]:              0
Stats[(nil), 5]:              0
Stats[(nil), 6]:           -nan
Stats[(nil), 7]:        7702020
Stats[(nil), 8]:       27972792
Stats[(nil), 9]:           -nan
Stats[(nil), 10]:             85
Stats[(nil), 11]:        6108805
Stats[(nil), 12]:           3333
Stats[(nil), 13]:           -nan
Stats[(nil), 14]:           2735
Stats[(nil), 15]:        1596306
Stats[(nil), 16]:             31
Stats[(nil), 17]:              0
Stats[(nil), 18]:              0
Stats[(nil), 19]:              0
Stats[(nil), 20]:              0
Stats[(nil), 21]:              0
Stats[(nil), 22]:              0
Stats[(nil), 23]:              0
Stats[(nil), 24]:              0
Stats[(nil), 25]:              0
Stats[(nil), 26]:              0
Stats[(nil), 27]:              0
Stats[(nil), 28]:              0
Stats[(nil), 29]:              0
Stats[(nil), 30]:              0
Stats[(nil), 31]:    0.020252931
