Numbers: 3500, pid: 7407 Space Used : 0 Time Stamp : 1533539854244
Time(microseconds): 19510.000000
Stats[(nil), 0]:       19593832
Stats[(nil), 1]:       19593155
Stats[(nil), 2]:              2
Stats[(nil), 3]:              0
Stats[(nil), 4]:              0
Stats[(nil), 5]:              0
Stats[(nil), 6]:           -nan
Stats[(nil), 7]:         175183
Stats[(nil), 8]:       15475178
Stats[(nil), 9]:           -nan
Stats[(nil), 10]:            100
Stats[(nil), 11]:        4790388
Stats[(nil), 12]:           4611
Stats[(nil), 13]:           -nan
Stats[(nil), 14]:           1673
Stats[(nil), 15]:        2514832
Stats[(nil), 16]:             39
Stats[(nil), 17]:              0
Stats[(nil), 18]:              0
Stats[(nil), 19]:              0
Stats[(nil), 20]:              0
Stats[(nil), 21]:              0
Stats[(nil), 22]:              0
Stats[(nil), 23]:              0
Stats[(nil), 24]:              0
Stats[(nil), 25]:              0
Stats[(nil), 26]:              0
Stats[(nil), 27]:              0
Stats[(nil), 28]:              0
Stats[(nil), 29]:              0
Stats[(nil), 30]:              0
Stats[(nil), 31]:    0.020401905
