Numbers: 3500, pid: 7409 Space Used : 0 Time Stamp : 1533539854266
Time(microseconds): 18321.000000
Stats[(nil), 0]:       18405211
Stats[(nil), 1]:       18404378
Stats[(nil), 2]:              2
Stats[(nil), 3]:              0
Stats[(nil), 4]:              0
Stats[(nil), 5]:              0
Stats[(nil), 6]:           -nan
Stats[(nil), 7]:        2646123
Stats[(nil), 8]:       24727532
Stats[(nil), 9]:           -nan
Stats[(nil), 10]:             97
Stats[(nil), 11]:        5649932
Stats[(nil), 12]:           4843
Stats[(nil), 13]:           -nan
Stats[(nil), 14]:           1457
Stats[(nil), 15]:        1746226
Stats[(nil), 16]:             38
Stats[(nil), 17]:              0
Stats[(nil), 18]:              0
Stats[(nil), 19]:              0
Stats[(nil), 20]:              0
Stats[(nil), 21]:              0
Stats[(nil), 22]:              0
Stats[(nil), 23]:              0
Stats[(nil), 24]:              0
Stats[(nil), 25]:              0
Stats[(nil), 26]:              0
Stats[(nil), 27]:              0
Stats[(nil), 28]:              0
Stats[(nil), 29]:              0
Stats[(nil), 30]:              0
Stats[(nil), 31]:    0.019171752
