Numbers: 4000, pid: 7411 Space Used : 0 Time Stamp : 1533539854290
Time(microseconds): 21462.000000
Stats[(nil), 0]:       21541575
Stats[(nil), 1]:       21540356
Stats[(nil), 2]:              4
Stats[(nil), 3]:              0
Stats[(nil), 4]:              0
Stats[(nil), 5]:              0
Stats[(nil), 6]:           -nan
Stats[(nil), 7]:       10628688
Stats[(nil), 8]:       39178496
Stats[(nil), 9]:           -nan
Stats[(nil), 10]:            250
Stats[(nil), 11]:        7354317
Stats[(nil), 12]:           3659
Stats[(nil), 13]:           -nan
Stats[(nil), 14]:           3223
Stats[(nil), 15]:        2205383
Stats[(nil), 16]:             29
Stats[(nil), 17]:              0
Stats[(nil), 18]:              0
Stats[(nil), 19]:              0
Stats[(nil), 20]:              0
Stats[(nil), 21]:              0
Stats[(nil), 22]:              0
Stats[(nil), 23]:              0
Stats[(nil), 24]:              0
Stats[(nil), 25]:              0
Stats[(nil), 26]:              0
Stats[(nil), 27]:              0
Stats[(nil), 28]:              0
Stats[(nil), 29]:              0
Stats[(nil), 30]:              0
Stats[(nil), 31]:    0.022445522
