Numbers: 4000, pid: 7413 Space Used : 0 Time Stamp : 1533539854317
Time(microseconds): 23703.000000
Stats[(nil), 0]:       23811850
Stats[(nil), 1]:       23809443
Stats[(nil), 2]:              3
Stats[(nil), 3]:              0
Stats[(nil), 4]:              0
Stats[(nil), 5]:              0
Stats[(nil), 6]:           -nan
Stats[(nil), 7]:        8701181
Stats[(nil), 8]:       23532518
Stats[(nil), 9]:           -nan
Stats[(nil), 10]:            218
Stats[(nil), 11]:        6170293
Stats[(nil), 12]:           4564
Stats[(nil), 13]:           -nan
Stats[(nil), 14]:           4366
Stats[(nil), 15]:        3580584
Stats[(nil), 16]:             78
Stats[(nil), 17]:              0
Stats[(nil), 18]:              0
Stats[(nil), 19]:              0
Stats[(nil), 20]:              0
Stats[(nil), 21]:              0
Stats[(nil), 22]:              0
Stats[(nil), 23]:              0
Stats[(nil), 24]:              0
Stats[(nil), 25]:              0
Stats[(nil), 26]:              0
Stats[(nil), 27]:              0
Stats[(nil), 28]:              0
Stats[(nil), 29]:              0
Stats[(nil), 30]:              0
Stats[(nil), 31]:    0.024813493
