Numbers: 4000, pid: 7415 Space Used : 0 Time Stamp : 1533539854342
Time(microseconds): 22050.000000
Stats[(nil), 0]:       22136362
Stats[(nil), 1]:       22135167
Stats[(nil), 2]:              2
Stats[(nil), 3]:              0
Stats[(nil), 4]:              0
Stats[(nil), 5]:              0
Stats[(nil), 6]:           -nan
Stats[(nil), 7]:        1881995
Stats[(nil), 8]:       23315637
Stats[(nil), 9]:           -nan
Stats[(nil), 10]:             97
Stats[(nil), 11]:        5852797
Stats[(nil), 12]:           5012
Stats[(nil), 13]:           -nan
Stats[(nil), 14]:           2150
Stats[(nil), 15]:        3342669
Stats[(nil), 16]:             87
Stats[(nil), 17]:              0
Stats[(nil), 18]:              0
Stats[(nil), 19]:              0
Stats[(nil), 20]:              0
Stats[(nil), 21]:              0
Stats[(nil), 22]:              0
Stats[(nil), 23]:              0
Stats[(nil), 24]:              0
Stats[(nil), 25]:              0
Stats[(nil), 26]:              0
Stats[(nil), 27]:              0
Stats[(nil), 28]:              0
Stats[(nil), 29]:              0
Stats[(nil), 30]:              0
Stats[(nil), 31]:    0.022934126
