Numbers: 4000, pid: 7417 Space Used : 0 Time Stamp : 1533539854367
Time(microseconds): 22677.000000
Stats[(nil), 0]:       22765908
Stats[(nil), 1]:       22764514
Stats[(nil), 2]:              2
Stats[(nil), 3]:              0
Stats[(nil), 4]:              0
Stats[(nil), 5]:              0
Stats[(nil), 6]:           -nan
Stats[(nil), 7]:         498546
Stats[(nil), 8]:       20470493
Stats[(nil), 9]:           -nan
Stats[(nil), 10]:            340
Stats[(nil), 11]:        5324977
Stats[(nil), 12]:           4530
Stats[(nil), 13]:           -nan
Stats[(nil), 14]:           2276
Stats[(nil), 15]:        4362386
Stats[(nil), 16]:             51
Stats[(nil), 17]:              0
Stats[(nil), 18]:              0
Stats[(nil), 19]:              0
Stats[(nil), 20]:              0
Stats[(nil), 21]:              0
Stats[(nil), 22]:              0
Stats[(nil), 23]:              0
Stats[(nil), 24]:              0
Stats[(nil), 25]:              0
Stats[(nil), 26]:              0
Stats[(nil), 27]:              0
Stats[(nil), 28]:              0
Stats[(nil), 29]:              0
Stats[(nil), 30]:              0
Stats[(nil), 31]:    0.023602653
