Numbers: 4000, pid: 7419 Space Used : 0 Time Stamp : 1533539854390
Time(microseconds): 20712.000000
Stats[(nil), 0]:       20800493
Stats[(nil), 1]:       20799681
Stats[(nil), 2]:              1
Stats[(nil), 3]:              0
Stats[(nil), 4]:              0
Stats[(nil), 5]:              0
Stats[(nil), 6]:           -nan
Stats[(nil), 7]:        8128222
Stats[(nil), 8]:       34558178
Stats[(nil), 9]:           -nan
Stats[(nil), 10]:             83
Stats[(nil), 11]:        7423100
Stats[(nil), 12]:           3462
Stats[(nil), 13]:           -nan
Stats[(nil), 14]:           2049
Stats[(nil), 15]:        2081395
Stats[(nil), 16]:             32
Stats[(nil), 17]:              0
Stats[(nil), 18]:              0
Stats[(nil), 19]:              0
Stats[(nil), 20]:              0
Stats[(nil), 21]:              0
Stats[(nil), 22]:              0
Stats[(nil), 23]:              0
Stats[(nil), 24]:              0
Stats[(nil), 25]:              0
Stats[(nil), 26]:              0
Stats[(nil), 27]:              0
Stats[(nil), 28]:              0
Stats[(nil), 29]:              0
Stats[(nil), 30]:              0
Stats[(nil), 31]:    0.021589826
