Numbers: 4500, pid: 7421 Space Used : 0 Time Stamp : 1533539854419
Time(microseconds): 26246.000000
Stats[(nil), 0]:       26318294
Stats[(nil), 1]:       26317967
Stats[(nil), 2]:              4
Stats[(nil), 3]:              0
Stats[(nil), 4]:              0
Stats[(nil), 5]:              0
Stats[(nil), 6]:           -nan
Stats[(nil), 7]:        9633196
Stats[(nil), 8]:       37262428
Stats[(nil), 9]:           -nan
Stats[(nil), 10]:            202
Stats[(nil), 11]:        7430294
Stats[(nil), 12]:           3557
Stats[(nil), 13]:           -nan
Stats[(nil), 14]:          12639
Stats[(nil), 15]:        4423784
Stats[(nil), 16]:            142
Stats[(nil), 17]:              0
Stats[(nil), 18]:              0
Stats[(nil), 19]:              0
Stats[(nil), 20]:              0
Stats[(nil), 21]:              0
Stats[(nil), 22]:              0
Stats[(nil), 23]:              0
Stats[(nil), 24]:              0
Stats[(nil), 25]:              0
Stats[(nil), 26]:              0
Stats[(nil), 27]:              0
Stats[(nil), 28]:              0
Stats[(nil), 29]:              0
Stats[(nil), 30]:              0
Stats[(nil), 31]:    0.027293479
