Numbers: 4500, pid: 7423 Space Used : 0 Time Stamp : 1533539854450
Time(microseconds): 26962.000000
Stats[(nil), 0]:       27031191
Stats[(nil), 1]:       27030443
Stats[(nil), 2]:              5
Stats[(nil), 3]:              0
Stats[(nil), 4]:              0
Stats[(nil), 5]:              0
Stats[(nil), 6]:           -nan
Stats[(nil), 7]:        5261069
Stats[(nil), 8]:       29338546
Stats[(nil), 9]:           -nan
Stats[(nil), 10]:            204
Stats[(nil), 11]:        6648854
Stats[(nil), 12]:           5442
Stats[(nil), 13]:           -nan
Stats[(nil), 14]:          32115
Stats[(nil), 15]:        4983000
Stats[(nil), 16]:            146
Stats[(nil), 17]:              0
Stats[(nil), 18]:              0
Stats[(nil), 19]:              0
Stats[(nil), 20]:              0
Stats[(nil), 21]:              0
Stats[(nil), 22]:              0
Stats[(nil), 23]:              0
Stats[(nil), 24]:              0
Stats[(nil), 25]:              0
Stats[(nil), 26]:              0
Stats[(nil), 27]:              0
Stats[(nil), 28]:              0
Stats[(nil), 29]:              0
Stats[(nil), 30]:              0
Stats[(nil), 31]:    0.028004830
