Numbers: 4500, pid: 7425 Space Used : 0 Time Stamp : 1533539854479
Time(microseconds): 26061.000000
Stats[(nil), 0]:       26149181
Stats[(nil), 1]:       26148362
Stats[(nil), 2]:              2
Stats[(nil), 3]:              0
Stats[(nil), 4]:              0
Stats[(nil), 5]:              0
Stats[(nil), 6]:           -nan
Stats[(nil), 7]:       10561420
Stats[(nil), 8]:       39063964
Stats[(nil), 9]:           -nan
Stats[(nil), 10]:             33
Stats[(nil), 11]:        7543734
Stats[(nil), 12]:           3134
Stats[(nil), 13]:           -nan
Stats[(nil), 14]:           2484
Stats[(nil), 15]:        4316273
Stats[(nil), 16]:             54
Stats[(nil), 17]:              0
Stats[(nil), 18]:              0
Stats[(nil), 19]:              0
Stats[(nil), 20]:              0
Stats[(nil), 21]:              0
Stats[(nil), 22]:              0
Stats[(nil), 23]:              0
Stats[(nil), 24]:              0
Stats[(nil), 25]:              0
Stats[(nil), 26]:              0
Stats[(nil), 27]:              0
Stats[(nil), 28]:              0
Stats[(nil), 29]:              0
Stats[(nil), 30]:              0
Stats[(nil), 31]:    0.026995760
