Numbers: 4500, pid: 7427 Space Used : 0 Time Stamp : 1533539854507
Time(microseconds): 26182.000000
Stats[(nil), 0]:       26270195
Stats[(nil), 1]:       26269256
Stats[(nil), 2]:              2
Stats[(nil), 3]:              0
Stats[(nil), 4]:              0
Stats[(nil), 5]:              0
Stats[(nil), 6]:           -nan
Stats[(nil), 7]:        9660967
Stats[(nil), 8]:       37317534
Stats[(nil), 9]:           -nan
Stats[(nil), 10]:             16
Stats[(nil), 11]:        7370188
Stats[(nil), 12]:           3869
Stats[(nil), 13]:           -nan
Stats[(nil), 14]:           3076
Stats[(nil), 15]:        4482491
Stats[(nil), 16]:             52
Stats[(nil), 17]:              0
Stats[(nil), 18]:              0
Stats[(nil), 19]:              0
Stats[(nil), 20]:              0
Stats[(nil), 21]:              0
Stats[(nil), 22]:              0
Stats[(nil), 23]:              0
Stats[(nil), 24]:              0
Stats[(nil), 25]:              0
Stats[(nil), 26]:              0
Stats[(nil), 27]:              0
Stats[(nil), 28]:              0
Stats[(nil), 29]:              0
Stats[(nil), 30]:              0
Stats[(nil), 31]:    0.027120570
