Numbers: 4500, pid: 7429 Space Used : 0 Time Stamp : 1533539854538
Time(microseconds): 28081.000000
Stats[(nil), 0]:       28166127
Stats[(nil), 1]:       28165593
Stats[(nil), 2]:              3
Stats[(nil), 3]:              0
Stats[(nil), 4]:              0
Stats[(nil), 5]:              0
Stats[(nil), 6]:           -nan
Stats[(nil), 7]:        7440962
Stats[(nil), 8]:       33304509
Stats[(nil), 9]:           -nan
Stats[(nil), 10]:             23
Stats[(nil), 11]:        6241575
Stats[(nil), 12]:           3537
Stats[(nil), 13]:           -nan
Stats[(nil), 14]:           2973
Stats[(nil), 15]:        5560850
Stats[(nil), 16]:             84
Stats[(nil), 17]:              0
Stats[(nil), 18]:              0
Stats[(nil), 19]:              0
Stats[(nil), 20]:              0
Stats[(nil), 21]:              0
Stats[(nil), 22]:              0
Stats[(nil), 23]:             -0
Stats[(nil), 24]:              0
Stats[(nil), 25]:              0
Stats[(nil), 26]:              0
Stats[(nil), 27]:              0
Stats[(nil), 28]:              0
Stats[(nil), 29]:              0
Stats[(nil), 30]:              0
Stats[(nil), 31]:    0.029058459
