Numbers: 5000, pid: 7433 Space Used : 0 Time Stamp : 1533539854611
Time(microseconds): 34985.000000
Stats[(nil), 0]:       35075142
Stats[(nil), 1]:       35073880
Stats[(nil), 2]:              4
Stats[(nil), 3]:              0
Stats[(nil), 4]:              0
Stats[(nil), 5]:              0
Stats[(nil), 6]:           -nan
Stats[(nil), 7]:        2719987
Stats[(nil), 8]:       20077109
Stats[(nil), 9]:           -nan
Stats[(nil), 10]:            619
Stats[(nil), 11]:        5364358
Stats[(nil), 12]:           5089
Stats[(nil), 13]:           -nan
Stats[(nil), 14]:           6762
Stats[(nil), 15]:        7866422
Stats[(nil), 16]:            239
Stats[(nil), 17]:          51095
Stats[(nil), 18]:         247202
Stats[(nil), 19]:           1284
Stats[(nil), 20]:              0
Stats[(nil), 21]:              0
Stats[(nil), 22]:              0
Stats[(nil), 23]:              0
Stats[(nil), 24]:              0
Stats[(nil), 25]:              0
Stats[(nil), 26]:              0
Stats[(nil), 27]:              0
Stats[(nil), 28]:              0
Stats[(nil), 29]:              0
Stats[(nil), 30]:              0
Stats[(nil), 31]:    0.036031846
