Numbers: 5000, pid: 7435 Space Used : 0 Time Stamp : 1533539854647
Time(microseconds): 32349.000000
Stats[(nil), 0]:       32439404
Stats[(nil), 1]:       32438374
Stats[(nil), 2]:              2
Stats[(nil), 3]:              0
Stats[(nil), 4]:              0
Stats[(nil), 5]:              0
Stats[(nil), 6]:           -nan
Stats[(nil), 7]:        6233634
Stats[(nil), 8]:       31145426
Stats[(nil), 9]:           -nan
Stats[(nil), 10]:             24
Stats[(nil), 11]:        6699408
Stats[(nil), 12]:           3492
Stats[(nil), 13]:           -nan
Stats[(nil), 14]:           3117
Stats[(nil), 15]:        7605006
Stats[(nil), 16]:             84
Stats[(nil), 17]:              0
Stats[(nil), 18]:          93225
Stats[(nil), 19]:              0
Stats[(nil), 20]:              0
Stats[(nil), 21]:              0
Stats[(nil), 22]:              0
Stats[(nil), 23]:              0
Stats[(nil), 24]:              0
Stats[(nil), 25]:              0
Stats[(nil), 26]:              0
Stats[(nil), 27]:              0
Stats[(nil), 28]:              0
Stats[(nil), 29]:              0
Stats[(nil), 30]:              0
Stats[(nil), 31]:    0.033382191
