Numbers: 5000, pid: 7437 Space Used : 0 Time Stamp : 1533539854682
Time(microseconds): 33093.000000
Stats[(nil), 0]:       33180120
Stats[(nil), 1]:       33178854
Stats[(nil), 2]:              3
Stats[(nil), 3]:              0
Stats[(nil), 4]:              0
Stats[(nil), 5]:              0
Stats[(nil), 6]:           -nan
Stats[(nil), 7]:        9455887
Stats[(nil), 8]:       36981503
Stats[(nil), 9]:           -nan
Stats[(nil), 10]:            305
Stats[(nil), 11]:        6902933
Stats[(nil), 12]:           3369
Stats[(nil), 13]:           -nan
Stats[(nil), 14]:           2987
Stats[(nil), 15]:        7003680
Stats[(nil), 16]:             98
Stats[(nil), 17]:              0
Stats[(nil), 18]:          76261
Stats[(nil), 19]:              0
Stats[(nil), 20]:              0
Stats[(nil), 21]:              0
Stats[(nil), 22]:              0
Stats[(nil), 23]:              0
Stats[(nil), 24]:              0
Stats[(nil), 25]:              0
Stats[(nil), 26]:              0
Stats[(nil), 27]:              0
Stats[(nil), 28]:              0
Stats[(nil), 29]:              0
Stats[(nil), 30]:              0
Stats[(nil), 31]:    0.034171864
