Numbers: 5000, pid: 7439 Space Used : 0 Time Stamp : 1533539854719
Time(microseconds): 33500.000000
Stats[(nil), 0]:       33574269
Stats[(nil), 1]:       33573627
Stats[(nil), 2]:              3
Stats[(nil), 3]:              0
Stats[(nil), 4]:              0
Stats[(nil), 5]:              0
Stats[(nil), 6]:           -nan
Stats[(nil), 7]:        9666753
Stats[(nil), 8]:       37354668
Stats[(nil), 9]:           -nan
Stats[(nil), 10]:             29
Stats[(nil), 11]:        6829011
Stats[(nil), 12]:           3515
Stats[(nil), 13]:           -nan
Stats[(nil), 14]:           6800
Stats[(nil), 15]:        7435983
Stats[(nil), 16]:            119
Stats[(nil), 17]:              0
Stats[(nil), 18]:          95152
Stats[(nil), 19]:              0
Stats[(nil), 20]:              0
Stats[(nil), 21]:              0
Stats[(nil), 22]:              0
Stats[(nil), 23]:              0
Stats[(nil), 24]:              0
Stats[(nil), 25]:              0
Stats[(nil), 26]:              0
Stats[(nil), 27]:              0
Stats[(nil), 28]:              0
Stats[(nil), 29]:              0
Stats[(nil), 30]:              0
Stats[(nil), 31]:    0.034606381
