Numbers: 5500, pid: 7441 Space Used : 0 Time Stamp : 1533539854763
Time(microseconds): 40964.000000
Stats[(nil), 0]:       41018927
Stats[(nil), 1]:       41018837
Stats[(nil), 2]:             17
Stats[(nil), 3]:              0
Stats[(nil), 4]:              0
Stats[(nil), 5]:              0
Stats[(nil), 6]:           -nan
Stats[(nil), 7]:        7306226
Stats[(nil), 8]:       25699282
Stats[(nil), 9]:           -nan
Stats[(nil), 10]:            260
Stats[(nil), 11]:        6085728
Stats[(nil), 12]:           4130
Stats[(nil), 13]:           -nan
Stats[(nil), 14]:          18295
Stats[(nil), 15]:        7847300
Stats[(nil), 16]:            320
Stats[(nil), 17]:         163684
Stats[(nil), 18]:         444918
Stats[(nil), 19]:           1226
Stats[(nil), 20]:            194
Stats[(nil), 21]:              0
Stats[(nil), 22]:              0
Stats[(nil), 23]:              0
Stats[(nil), 24]:              0
Stats[(nil), 25]:              0
Stats[(nil), 26]:              0
Stats[(nil), 27]:              0
Stats[(nil), 28]:              0
Stats[(nil), 29]:              0
Stats[(nil), 30]:              0
Stats[(nil), 31]:    0.042672676
