Numbers: 5500, pid: 7443 Space Used : 0 Time Stamp : 1533539854805
Time(microseconds): 38271.000000
Stats[(nil), 0]:       38361471
Stats[(nil), 1]:       38360438
Stats[(nil), 2]:              3
Stats[(nil), 3]:              0
Stats[(nil), 4]:              0
Stats[(nil), 5]:              0
Stats[(nil), 6]:           -nan
Stats[(nil), 7]:        6532665
Stats[(nil), 8]:       31543916
Stats[(nil), 9]:           -nan
Stats[(nil), 10]:             88
Stats[(nil), 11]:        6897705
Stats[(nil), 12]:           4030
Stats[(nil), 13]:           -nan
Stats[(nil), 14]:           3097
Stats[(nil), 15]:        8329418
Stats[(nil), 16]:             95
Stats[(nil), 17]:         101961
Stats[(nil), 18]:         297666
Stats[(nil), 19]:            391
Stats[(nil), 20]:              0
Stats[(nil), 21]:              0
Stats[(nil), 22]:              0
Stats[(nil), 23]:              0
Stats[(nil), 24]:              0
Stats[(nil), 25]:              0
Stats[(nil), 26]:              0
Stats[(nil), 27]:              0
Stats[(nil), 28]:              0
Stats[(nil), 29]:              0
Stats[(nil), 30]:              0
Stats[(nil), 31]:    0.039404272
