Numbers: 5500, pid: 7445 Space Used : 0 Time Stamp : 1533539854845
Time(microseconds): 38212.000000
Stats[(nil), 0]:       38283090
Stats[(nil), 1]:       38281114
Stats[(nil), 2]:              3
Stats[(nil), 3]:              0
Stats[(nil), 4]:              0
Stats[(nil), 5]:              0
Stats[(nil), 6]:           -nan
Stats[(nil), 7]:        4064238
Stats[(nil), 8]:       27208970
Stats[(nil), 9]:           -nan
Stats[(nil), 10]:             63
Stats[(nil), 11]:        6810499
Stats[(nil), 12]:           3882
Stats[(nil), 13]:           -nan
Stats[(nil), 14]:           3345
Stats[(nil), 15]:        7892936
Stats[(nil), 16]:            145
Stats[(nil), 17]:         121118
Stats[(nil), 18]:         368581
Stats[(nil), 19]:           1745
Stats[(nil), 20]:            139
Stats[(nil), 21]:              0
Stats[(nil), 22]:              0
Stats[(nil), 23]:              0
Stats[(nil), 24]:              0
Stats[(nil), 25]:              0
Stats[(nil), 26]:              0
Stats[(nil), 27]:              0
Stats[(nil), 28]:              0
Stats[(nil), 29]:              0
Stats[(nil), 30]:              0
Stats[(nil), 31]:    0.039270040
