Numbers: 5500, pid: 7447 Space Used : 0 Time Stamp : 1533539854889
Time(microseconds): 40471.000000
Stats[(nil), 0]:       40545695
Stats[(nil), 1]:       40544752
Stats[(nil), 2]:              3
Stats[(nil), 3]:              0
Stats[(nil), 4]:              0
Stats[(nil), 5]:              0
Stats[(nil), 6]:           -nan
Stats[(nil), 7]:        9930588
Stats[(nil), 8]:       26453053
Stats[(nil), 9]:           -nan
Stats[(nil), 10]:            203
Stats[(nil), 11]:        6622902
Stats[(nil), 12]:           3072
Stats[(nil), 13]:           -nan
Stats[(nil), 14]:           3225
Stats[(nil), 15]:        8371461
Stats[(nil), 16]:            107
Stats[(nil), 17]:         118802
Stats[(nil), 18]:         412906
Stats[(nil), 19]:           1584
Stats[(nil), 20]:             84
Stats[(nil), 21]:              0
Stats[(nil), 22]:              0
Stats[(nil), 23]:              0
Stats[(nil), 24]:              0
Stats[(nil), 25]:              0
Stats[(nil), 26]:              0
Stats[(nil), 27]:              0
Stats[(nil), 28]:              0
Stats[(nil), 29]:              0
Stats[(nil), 30]:              0
Stats[(nil), 31]:    0.041590171
