Numbers: 5500, pid: 7449 Space Used : 0 Time Stamp : 1533539854932
Time(microseconds): 40227.000000
Stats[(nil), 0]:       40306565
Stats[(nil), 1]:       40305390
Stats[(nil), 2]:              4
Stats[(nil), 3]:              0
Stats[(nil), 4]:              0
Stats[(nil), 5]:              0
Stats[(nil), 6]:           -nan
Stats[(nil), 7]:        1504241
Stats[(nil), 8]:       22535257
Stats[(nil), 9]:           -nan
Stats[(nil), 10]:            117
Stats[(nil), 11]:        5337399
Stats[(nil), 12]:           4214
Stats[(nil), 13]:           -nan
Stats[(nil), 14]:           3009
Stats[(nil), 15]:        8320847
Stats[(nil), 16]:            117
Stats[(nil), 17]:         196799
Stats[(nil), 18]:         474929
Stats[(nil), 19]:           1623
Stats[(nil), 20]:            144
Stats[(nil), 21]:              0
Stats[(nil), 22]:              0
Stats[(nil), 23]:              0
Stats[(nil), 24]:              0
Stats[(nil), 25]:              0
Stats[(nil), 26]:              0
Stats[(nil), 27]:              0
Stats[(nil), 28]:              0
Stats[(nil), 29]:              0
Stats[(nil), 30]:              0
Stats[(nil), 31]:    0.041304857
