Numbers: 6000, pid: 7451 Space Used : 0 Time Stamp : 1533539854983
Time(microseconds): 47523.000000
Stats[(nil), 0]:       47592897
Stats[(nil), 1]:       47591820
Stats[(nil), 2]:              4
Stats[(nil), 3]:              0
Stats[(nil), 4]:              0
Stats[(nil), 5]:              0
Stats[(nil), 6]:           -nan
Stats[(nil), 7]:        4547572
Stats[(nil), 8]:       28041660
Stats[(nil), 9]:           -nan
Stats[(nil), 10]:            215
Stats[(nil), 11]:        6048286
Stats[(nil), 12]:           3711
Stats[(nil), 13]:           -nan
Stats[(nil), 14]:           8133
Stats[(nil), 15]:        7789059
Stats[(nil), 16]:            139
Stats[(nil), 17]:         204035
Stats[(nil), 18]:         712054
Stats[(nil), 19]:           3830
Stats[(nil), 20]:            224
Stats[(nil), 21]:            119
Stats[(nil), 22]:              0
Stats[(nil), 23]:              0
Stats[(nil), 24]:              0
Stats[(nil), 25]:              0
Stats[(nil), 26]:              0
Stats[(nil), 27]:              0
Stats[(nil), 28]:              0
Stats[(nil), 29]:              0
Stats[(nil), 30]:              0
Stats[(nil), 31]:    0.048727673
