Numbers: 6000, pid: 7453 Space Used : 0 Time Stamp : 1533539855031
Time(microseconds): 45374.000000
Stats[(nil), 0]:       45457710
Stats[(nil), 1]:       45456958
Stats[(nil), 2]:              3
Stats[(nil), 3]:              0
Stats[(nil), 4]:              0
Stats[(nil), 5]:              0
Stats[(nil), 6]:           -nan
Stats[(nil), 7]:        7051232
Stats[(nil), 8]:       32649853
Stats[(nil), 9]:           -nan
Stats[(nil), 10]:             65
Stats[(nil), 11]:        6992093
Stats[(nil), 12]:           3723
Stats[(nil), 13]:           -nan
Stats[(nil), 14]:           3259
Stats[(nil), 15]:        8363062
Stats[(nil), 16]:            141
Stats[(nil), 17]:         202419
Stats[(nil), 18]:         596829
Stats[(nil), 19]:           3105
Stats[(nil), 20]:            458
Stats[(nil), 21]:              8
Stats[(nil), 22]:              0
Stats[(nil), 23]:              0
Stats[(nil), 24]:              0
Stats[(nil), 25]:              0
Stats[(nil), 26]:              0
Stats[(nil), 27]:              0
Stats[(nil), 28]:              0
Stats[(nil), 29]:              0
Stats[(nil), 30]:              0
Stats[(nil), 31]:    0.046538680
