Numbers: 6000, pid: 7455 Space Used : 0 Time Stamp : 1533539855081
Time(microseconds): 46099.000000
Stats[(nil), 0]:       46178225
Stats[(nil), 1]:       46177846
Stats[(nil), 2]:              4
Stats[(nil), 3]:              0
Stats[(nil), 4]:              0
Stats[(nil), 5]:              0
Stats[(nil), 6]:           -nan
Stats[(nil), 7]:        4251431
Stats[(nil), 8]:       27528471
Stats[(nil), 9]:           -nan
Stats[(nil), 10]:             24
Stats[(nil), 11]:        6527276
Stats[(nil), 12]:           4194
Stats[(nil), 13]:           -nan
Stats[(nil), 14]:          27622
Stats[(nil), 15]:        7687125
Stats[(nil), 16]:            122
Stats[(nil), 17]:         205285
Stats[(nil), 18]:         648000
Stats[(nil), 19]:           2904
Stats[(nil), 20]:            223
Stats[(nil), 21]:             60
Stats[(nil), 22]:              0
Stats[(nil), 23]:              0
Stats[(nil), 24]:              0
Stats[(nil), 25]:              0
Stats[(nil), 26]:              0
Stats[(nil), 27]:              0
Stats[(nil), 28]:              0
Stats[(nil), 29]:              0
Stats[(nil), 30]:              0
Stats[(nil), 31]:    0.047278536
