Numbers: 6000, pid: 7457 Space Used : 0 Time Stamp : 1533539855131
Time(microseconds): 46883.000000
Stats[(nil), 0]:       46967154
Stats[(nil), 1]:       46966002
Stats[(nil), 2]:              4
Stats[(nil), 3]:              0
Stats[(nil), 4]:              0
Stats[(nil), 5]:              0
Stats[(nil), 6]:           -nan
Stats[(nil), 7]:        1564295
Stats[(nil), 8]:       22792639
Stats[(nil), 9]:           -nan
Stats[(nil), 10]:             45
Stats[(nil), 11]:        5783131
Stats[(nil), 12]:           4196
Stats[(nil), 13]:           -nan
Stats[(nil), 14]:           3997
Stats[(nil), 15]:        7874268
Stats[(nil), 16]:            115
Stats[(nil), 17]:         203063
Stats[(nil), 18]:         683516
Stats[(nil), 19]:           3787
Stats[(nil), 20]:            294
Stats[(nil), 21]:              7
Stats[(nil), 22]:              0
Stats[(nil), 23]:              0
Stats[(nil), 24]:              0
Stats[(nil), 25]:              0
Stats[(nil), 26]:              0
Stats[(nil), 27]:              0
Stats[(nil), 28]:              0
Stats[(nil), 29]:              0
Stats[(nil), 30]:              0
Stats[(nil), 31]:    0.048088251
