Numbers: 6000, pid: 7459 Space Used : 0 Time Stamp : 1533539855182
Time(microseconds): 46991.000000
Stats[(nil), 0]:       47064802
Stats[(nil), 1]:       47064109
Stats[(nil), 2]:              4
Stats[(nil), 3]:              0
Stats[(nil), 4]:              0
Stats[(nil), 5]:              0
Stats[(nil), 6]:           -nan
Stats[(nil), 7]:        5602555
Stats[(nil), 8]:       29996892
Stats[(nil), 9]:           -nan
Stats[(nil), 10]:             22
Stats[(nil), 11]:        6058976
Stats[(nil), 12]:           3539
Stats[(nil), 13]:           -nan
Stats[(nil), 14]:           3394
Stats[(nil), 15]:        8334382
Stats[(nil), 16]:             80
Stats[(nil), 17]:         202445
Stats[(nil), 18]:         630927
Stats[(nil), 19]:           2404
Stats[(nil), 20]:            183
Stats[(nil), 21]:             59
Stats[(nil), 22]:              0
Stats[(nil), 23]:              0
Stats[(nil), 24]:              0
Stats[(nil), 25]:              0
Stats[(nil), 26]:              0
Stats[(nil), 27]:              0
Stats[(nil), 28]:              0
Stats[(nil), 29]:              0
Stats[(nil), 30]:              0
Stats[(nil), 31]:    0.048155354
