Numbers: 6500, pid: 7461 Space Used : 0 Time Stamp : 1533539855238
Time(microseconds): 53369.000000
Stats[(nil), 0]:       53507760
Stats[(nil), 1]:       53506745
Stats[(nil), 2]:              9
Stats[(nil), 3]:              1
Stats[(nil), 4]:              0
Stats[(nil), 5]:              0
Stats[(nil), 6]:           -nan
Stats[(nil), 7]:        8789456
Stats[(nil), 8]:       31815746
Stats[(nil), 9]:           -nan
Stats[(nil), 10]:            555
Stats[(nil), 11]:        7349996
Stats[(nil), 12]:           4280
Stats[(nil), 13]:           -nan
Stats[(nil), 14]:          16459
Stats[(nil), 15]:        8233847
Stats[(nil), 16]:            256
Stats[(nil), 17]:         202632
Stats[(nil), 18]:         686303
Stats[(nil), 19]:           4097
Stats[(nil), 20]:            706
Stats[(nil), 21]:            105
Stats[(nil), 22]:              0
Stats[(nil), 23]:              0
Stats[(nil), 24]:              0
Stats[(nil), 25]:              0
Stats[(nil), 26]:              0
Stats[(nil), 27]:              0
Stats[(nil), 28]:              0
Stats[(nil), 29]:              0
Stats[(nil), 30]:              0
Stats[(nil), 31]:    0.054961361
