Numbers: 6500, pid: 7463 Space Used : 0 Time Stamp : 1533539855296
Time(microseconds): 55046.000000
Stats[(nil), 0]:       55123257
Stats[(nil), 1]:       55122610
Stats[(nil), 2]:              4
Stats[(nil), 3]:              0
Stats[(nil), 4]:              0
Stats[(nil), 5]:              0
Stats[(nil), 6]:           -nan
Stats[(nil), 7]:        9187494
Stats[(nil), 8]:       29817547
Stats[(nil), 9]:           -nan
Stats[(nil), 10]:             70
Stats[(nil), 11]:        6501671
Stats[(nil), 12]:           3610
Stats[(nil), 13]:           -nan
Stats[(nil), 14]:          23891
Stats[(nil), 15]:        7773057
Stats[(nil), 16]:            103
Stats[(nil), 17]:         204700
Stats[(nil), 18]:         628922
Stats[(nil), 19]:           3041
Stats[(nil), 20]:            408
Stats[(nil), 21]:             56
Stats[(nil), 22]:              0
Stats[(nil), 23]:              0
Stats[(nil), 24]:              0
Stats[(nil), 25]:              0
Stats[(nil), 26]:              0
Stats[(nil), 27]:              0
Stats[(nil), 28]:              0
Stats[(nil), 29]:              0
Stats[(nil), 30]:              0
Stats[(nil), 31]:    0.056358635
