Numbers: 6500, pid: 7465 Space Used : 0 Time Stamp : 1533539855353
Time(microseconds): 53985.000000
Stats[(nil), 0]:       54049541
Stats[(nil), 1]:       54049121
Stats[(nil), 2]:              7
Stats[(nil), 3]:              0
Stats[(nil), 4]:              0
Stats[(nil), 5]:              0
Stats[(nil), 6]:           -nan
Stats[(nil), 7]:        5738722
Stats[(nil), 8]:       30182589
Stats[(nil), 9]:           -nan
Stats[(nil), 10]:            125
Stats[(nil), 11]:        6045153
Stats[(nil), 12]:           4580
Stats[(nil), 13]:           -nan
Stats[(nil), 14]:           5188
Stats[(nil), 15]:        8287722
Stats[(nil), 16]:            125
Stats[(nil), 17]:         194036
Stats[(nil), 18]:         744891
Stats[(nil), 19]:           4343
Stats[(nil), 20]:            745
Stats[(nil), 21]:            104
Stats[(nil), 22]:             50
Stats[(nil), 23]:              0
Stats[(nil), 24]:              0
Stats[(nil), 25]:              0
Stats[(nil), 26]:              0
Stats[(nil), 27]:              0
Stats[(nil), 28]:              0
Stats[(nil), 29]:              0
Stats[(nil), 30]:              0
Stats[(nil), 31]:    0.055264352
