Numbers: 6500, pid: 7467 Space Used : 0 Time Stamp : 1533539855415
Time(microseconds): 58421.000000
Stats[(nil), 0]:       58487954
Stats[(nil), 1]:       58486443
Stats[(nil), 2]:              5
Stats[(nil), 3]:              0
Stats[(nil), 4]:              0
Stats[(nil), 5]:              0
Stats[(nil), 6]:           -nan
Stats[(nil), 7]:       18088017
Stats[(nil), 8]:       52098336
Stats[(nil), 9]:           -nan
Stats[(nil), 10]:            555
Stats[(nil), 11]:        4834647
Stats[(nil), 12]:           4306
Stats[(nil), 13]:           -nan
Stats[(nil), 14]:          25423
Stats[(nil), 15]:        7876928
Stats[(nil), 16]:            119
Stats[(nil), 17]:         120349
Stats[(nil), 18]:         535293
Stats[(nil), 19]:           3409
Stats[(nil), 20]:           1525
Stats[(nil), 21]:            146
Stats[(nil), 22]:            653
Stats[(nil), 23]:              0
Stats[(nil), 24]:              0
Stats[(nil), 25]:              0
Stats[(nil), 26]:              0
Stats[(nil), 27]:              0
Stats[(nil), 28]:              0
Stats[(nil), 29]:              0
Stats[(nil), 30]:              0
Stats[(nil), 31]:    0.059841031
