Numbers: 6500, pid: 7469 Space Used : 0 Time Stamp : 1533539855473
Time(microseconds): 53756.000000
Stats[(nil), 0]:       53860557
Stats[(nil), 1]:       53857287
Stats[(nil), 2]:              4
Stats[(nil), 3]:              0
Stats[(nil), 4]:              0
Stats[(nil), 5]:              0
Stats[(nil), 6]:           -nan
Stats[(nil), 7]:        5132810
Stats[(nil), 8]:       27957808
Stats[(nil), 9]:           -nan
Stats[(nil), 10]:           2857
Stats[(nil), 11]:        6712005
Stats[(nil), 12]:           3915
Stats[(nil), 13]:           -nan
Stats[(nil), 14]:           6700
Stats[(nil), 15]:        8034885
Stats[(nil), 16]:            154
Stats[(nil), 17]:         198501
Stats[(nil), 18]:         624454
Stats[(nil), 19]:           4036
Stats[(nil), 20]:           1813
Stats[(nil), 21]:            338
Stats[(nil), 22]:            205
Stats[(nil), 23]:              0
Stats[(nil), 24]:              0
Stats[(nil), 25]:              0
Stats[(nil), 26]:              0
Stats[(nil), 27]:              0
Stats[(nil), 28]:              0
Stats[(nil), 29]:              0
Stats[(nil), 30]:              0
Stats[(nil), 31]:    0.055670229
