Numbers: 7000, pid: 7473 Space Used : 0 Time Stamp : 1533539855607
Time(microseconds): 62977.000000
Stats[(nil), 0]:       63038597
Stats[(nil), 1]:       63037958
Stats[(nil), 2]:              8
Stats[(nil), 3]:              0
Stats[(nil), 4]:              0
Stats[(nil), 5]:              0
Stats[(nil), 6]:           -nan
Stats[(nil), 7]:       30675552
Stats[(nil), 8]:       74053411
Stats[(nil), 9]:           -nan
Stats[(nil), 10]:            398
Stats[(nil), 11]:        6458526
Stats[(nil), 12]:           4038
Stats[(nil), 13]:           -nan
Stats[(nil), 14]:           2963
Stats[(nil), 15]:        8331187
Stats[(nil), 16]:             94
Stats[(nil), 17]:         201136
Stats[(nil), 18]:         621558
Stats[(nil), 19]:           2721
Stats[(nil), 20]:            238
Stats[(nil), 21]:             21
Stats[(nil), 22]:            363
Stats[(nil), 23]:              0
Stats[(nil), 24]:              0
Stats[(nil), 25]:              0
Stats[(nil), 26]:              0
Stats[(nil), 27]:              0
Stats[(nil), 28]:              0
Stats[(nil), 29]:              0
Stats[(nil), 30]:              0
Stats[(nil), 31]:    0.064533689
