Numbers: 7000, pid: 7475 Space Used : 0 Time Stamp : 1533539855675
Time(microseconds): 63030.000000
Stats[(nil), 0]:       63101340
Stats[(nil), 1]:       63101274
Stats[(nil), 2]:              5
Stats[(nil), 3]:              0
Stats[(nil), 4]:              0
Stats[(nil), 5]:              0
Stats[(nil), 6]:           -nan
Stats[(nil), 7]:       30814383
Stats[(nil), 8]:       72718366
Stats[(nil), 9]:           -nan
Stats[(nil), 10]:            297
Stats[(nil), 11]:        6627267
Stats[(nil), 12]:           4444
Stats[(nil), 13]:           -nan
Stats[(nil), 14]:           2689
Stats[(nil), 15]:        7888131
Stats[(nil), 16]:            100
Stats[(nil), 17]:         203570
Stats[(nil), 18]:         648066
Stats[(nil), 19]:           3756
Stats[(nil), 20]:            212
Stats[(nil), 21]:              4
Stats[(nil), 22]:            574
Stats[(nil), 23]:              0
Stats[(nil), 24]:              0
Stats[(nil), 25]:              0
Stats[(nil), 26]:              0
Stats[(nil), 27]:              0
Stats[(nil), 28]:              0
Stats[(nil), 29]:              0
Stats[(nil), 30]:              0
Stats[(nil), 31]:    0.064392720
