Numbers: 7000, pid: 7477 Space Used : 0 Time Stamp : 1533539855742
Time(microseconds): 63383.000000
Stats[(nil), 0]:       63461767
Stats[(nil), 1]:       63461109
Stats[(nil), 2]:              5
Stats[(nil), 3]:              0
Stats[(nil), 4]:              0
Stats[(nil), 5]:              0
Stats[(nil), 6]:           -nan
Stats[(nil), 7]:       31851057
Stats[(nil), 8]:       70755890
Stats[(nil), 9]:           -nan
Stats[(nil), 10]:             70
Stats[(nil), 11]:        6505828
Stats[(nil), 12]:           3291
Stats[(nil), 13]:           -nan
Stats[(nil), 14]:           3007
Stats[(nil), 15]:        7892121
Stats[(nil), 16]:             89
Stats[(nil), 17]:         204212
Stats[(nil), 18]:         607562
Stats[(nil), 19]:           3917
Stats[(nil), 20]:            323
Stats[(nil), 21]:              4
Stats[(nil), 22]:            158
Stats[(nil), 23]:              0
Stats[(nil), 24]:              0
Stats[(nil), 25]:              0
Stats[(nil), 26]:              0
Stats[(nil), 27]:              0
Stats[(nil), 28]:              0
Stats[(nil), 29]:              0
Stats[(nil), 30]:              0
Stats[(nil), 31]:    0.064663352
