Numbers: 7000, pid: 7479 Space Used : 0 Time Stamp : 1533539855806
Time(microseconds): 61305.000000
Stats[(nil), 0]:       61379689
Stats[(nil), 1]:       61378893
Stats[(nil), 2]:              5
Stats[(nil), 3]:              0
Stats[(nil), 4]:              0
Stats[(nil), 5]:              0
Stats[(nil), 6]:           -nan
Stats[(nil), 7]:       27237283
Stats[(nil), 8]:       66799865
Stats[(nil), 9]:           -nan
Stats[(nil), 10]:             65
Stats[(nil), 11]:        6534647
Stats[(nil), 12]:           5207
Stats[(nil), 13]:           -nan
Stats[(nil), 14]:           4071
Stats[(nil), 15]:        7883667
Stats[(nil), 16]:            151
Stats[(nil), 17]:         202805
Stats[(nil), 18]:         751954
Stats[(nil), 19]:           3340
Stats[(nil), 20]:            210
Stats[(nil), 21]:             40
Stats[(nil), 22]:             46
Stats[(nil), 23]:              0
Stats[(nil), 24]:              0
Stats[(nil), 25]:              0
Stats[(nil), 26]:              0
Stats[(nil), 27]:              0
Stats[(nil), 28]:              0
Stats[(nil), 29]:              0
Stats[(nil), 30]:              0
Stats[(nil), 31]:    0.062649667
