Numbers: 7500, pid: 7481 Space Used : 0 Time Stamp : 1533539855881
Time(microseconds): 71192.000000
Stats[(nil), 0]:       71273024
Stats[(nil), 1]:       71271740
Stats[(nil), 2]:              8
Stats[(nil), 3]:              0
Stats[(nil), 4]:              0
Stats[(nil), 5]:              0
Stats[(nil), 6]:           -nan
Stats[(nil), 7]:       53622311
Stats[(nil), 8]:      113279919
Stats[(nil), 9]:           -nan
Stats[(nil), 10]:           1058
Stats[(nil), 11]:       10448604
Stats[(nil), 12]:           6299
Stats[(nil), 13]:           -nan
Stats[(nil), 14]:          14283
Stats[(nil), 15]:        7733102
Stats[(nil), 16]:            316
Stats[(nil), 17]:         202587
Stats[(nil), 18]:         711729
Stats[(nil), 19]:           6696
Stats[(nil), 20]:            783
Stats[(nil), 21]:             34
Stats[(nil), 22]:            114
Stats[(nil), 23]:              0
Stats[(nil), 24]:              0
Stats[(nil), 25]:              0
Stats[(nil), 26]:              0
Stats[(nil), 27]:              0
Stats[(nil), 28]:              0
Stats[(nil), 29]:              0
Stats[(nil), 30]:              0
Stats[(nil), 31]:    0.072652612
