Numbers: 7500, pid: 7483 Space Used : 0 Time Stamp : 1533539855955
Time(microseconds): 70177.000000
Stats[(nil), 0]:       70253106
Stats[(nil), 1]:       70252514
Stats[(nil), 2]:              5
Stats[(nil), 3]:              0
Stats[(nil), 4]:              0
Stats[(nil), 5]:              0
Stats[(nil), 6]:           -nan
Stats[(nil), 7]:       50762883
Stats[(nil), 8]:      111443705
Stats[(nil), 9]:           -nan
Stats[(nil), 10]:            106
Stats[(nil), 11]:       10070177
Stats[(nil), 12]:           3283
Stats[(nil), 13]:           -nan
Stats[(nil), 14]:           7156
Stats[(nil), 15]:        8350121
Stats[(nil), 16]:            114
Stats[(nil), 17]:         197436
Stats[(nil), 18]:         669736
Stats[(nil), 19]:           3304
Stats[(nil), 20]:            551
Stats[(nil), 21]:             25
Stats[(nil), 22]:            126
Stats[(nil), 23]:              0
Stats[(nil), 24]:              0
Stats[(nil), 25]:              0
Stats[(nil), 26]:              0
Stats[(nil), 27]:              0
Stats[(nil), 28]:              0
Stats[(nil), 29]:              0
Stats[(nil), 30]:              0
Stats[(nil), 31]:    0.071655133
