Numbers: 7500, pid: 7485 Space Used : 0 Time Stamp : 1533539856029
Time(microseconds): 70422.000000
Stats[(nil), 0]:       70488100
Stats[(nil), 1]:       70487319
Stats[(nil), 2]:              6
Stats[(nil), 3]:              0
Stats[(nil), 4]:              0
Stats[(nil), 5]:              0
Stats[(nil), 6]:           -nan
Stats[(nil), 7]:       51474394
Stats[(nil), 8]:      112517150
Stats[(nil), 9]:           -nan
Stats[(nil), 10]:            113
Stats[(nil), 11]:       10206861
Stats[(nil), 12]:           4404
Stats[(nil), 13]:           -nan
Stats[(nil), 14]:          23934
Stats[(nil), 15]:        8073574
Stats[(nil), 16]:             87
Stats[(nil), 17]:         204301
Stats[(nil), 18]:         638159
Stats[(nil), 19]:           3474
Stats[(nil), 20]:            286
Stats[(nil), 21]:             21
Stats[(nil), 22]:             38
Stats[(nil), 23]:              0
Stats[(nil), 24]:              0
Stats[(nil), 25]:              0
Stats[(nil), 26]:              0
Stats[(nil), 27]:              0
Stats[(nil), 28]:              0
Stats[(nil), 29]:              0
Stats[(nil), 30]:              0
Stats[(nil), 31]:    0.071836172
