Numbers: 7500, pid: 7487 Space Used : 0 Time Stamp : 1533539856106
Time(microseconds): 73997.000000
Stats[(nil), 0]:       74225469
Stats[(nil), 1]:       74225269
Stats[(nil), 2]:             12
Stats[(nil), 3]:              0
Stats[(nil), 4]:              0
Stats[(nil), 5]:              0
Stats[(nil), 6]:           -nan
Stats[(nil), 7]:       62156919
Stats[(nil), 8]:      124357565
Stats[(nil), 9]:           -nan
Stats[(nil), 10]:            439
Stats[(nil), 11]:       10234935
Stats[(nil), 12]:           4671
Stats[(nil), 13]:           -nan
Stats[(nil), 14]:           3241
Stats[(nil), 15]:        8062988
Stats[(nil), 16]:             86
Stats[(nil), 17]:         203979
Stats[(nil), 18]:         639829
Stats[(nil), 19]:           2851
Stats[(nil), 20]:            547
Stats[(nil), 21]:            225
Stats[(nil), 22]:            110
Stats[(nil), 23]:              0
Stats[(nil), 24]:              0
Stats[(nil), 25]:              0
Stats[(nil), 26]:              0
Stats[(nil), 27]:              0
Stats[(nil), 28]:              0
Stats[(nil), 29]:              0
Stats[(nil), 30]:              0
Stats[(nil), 31]:    0.075682175
