Numbers: 7500, pid: 7489 Space Used : 0 Time Stamp : 1533539856179
Time(microseconds): 69874.000000
Stats[(nil), 0]:       69950904
Stats[(nil), 1]:       69950297
Stats[(nil), 2]:              5
Stats[(nil), 3]:              0
Stats[(nil), 4]:              0
Stats[(nil), 5]:              0
Stats[(nil), 6]:           -nan
Stats[(nil), 7]:       49933665
Stats[(nil), 8]:      110075177
Stats[(nil), 9]:           -nan
Stats[(nil), 10]:             32
Stats[(nil), 11]:        9935740
Stats[(nil), 12]:           3194
Stats[(nil), 13]:           -nan
Stats[(nil), 14]:           3430
Stats[(nil), 15]:        8380098
Stats[(nil), 16]:            103
Stats[(nil), 17]:         202813
Stats[(nil), 18]:         608714
Stats[(nil), 19]:           3677
Stats[(nil), 20]:            166
Stats[(nil), 21]:              2
Stats[(nil), 22]:             62
Stats[(nil), 23]:              0
Stats[(nil), 24]:              0
Stats[(nil), 25]:              0
Stats[(nil), 26]:              0
Stats[(nil), 27]:              0
Stats[(nil), 28]:              0
Stats[(nil), 29]:              0
Stats[(nil), 30]:              0
Stats[(nil), 31]:    0.071235689
