Numbers: 8000, pid: 7491 Space Used : 0 Time Stamp : 1533539856267
Time(microseconds): 84793.000000
Stats[(nil), 0]:       84873609
Stats[(nil), 1]:       84870948
Stats[(nil), 2]:              8
Stats[(nil), 3]:              0
Stats[(nil), 4]:              0
Stats[(nil), 5]:              0
Stats[(nil), 6]:           -nan
Stats[(nil), 7]:       90025454
Stats[(nil), 8]:      170315961
Stats[(nil), 9]:           -nan
Stats[(nil), 10]:            717
Stats[(nil), 11]:       14473105
Stats[(nil), 12]:           4780
Stats[(nil), 13]:           -nan
Stats[(nil), 14]:          17017
Stats[(nil), 15]:        7752925
Stats[(nil), 16]:            151
Stats[(nil), 17]:         200367
Stats[(nil), 18]:         669247
Stats[(nil), 19]:           4878
Stats[(nil), 20]:            726
Stats[(nil), 21]:            110
Stats[(nil), 22]:            378
Stats[(nil), 23]:              0
Stats[(nil), 24]:              0
Stats[(nil), 25]:              0
Stats[(nil), 26]:              0
Stats[(nil), 27]:              0
Stats[(nil), 28]:              0
Stats[(nil), 29]:              0
Stats[(nil), 30]:              0
Stats[(nil), 31]:    0.086349748
