Numbers: 8000, pid: 7493 Space Used : 0 Time Stamp : 1533539856350
Time(microseconds): 79164.000000
Stats[(nil), 0]:       79233724
Stats[(nil), 1]:       79232096
Stats[(nil), 2]:              7
Stats[(nil), 3]:              0
Stats[(nil), 4]:              0
Stats[(nil), 5]:              0
Stats[(nil), 6]:           -nan
Stats[(nil), 7]:       75806038
Stats[(nil), 8]:      156471446
Stats[(nil), 9]:           -nan
Stats[(nil), 10]:            300
Stats[(nil), 11]:       14018245
Stats[(nil), 12]:           5044
Stats[(nil), 13]:           -nan
Stats[(nil), 14]:           3262
Stats[(nil), 15]:        8095542
Stats[(nil), 16]:            138
Stats[(nil), 17]:         204077
Stats[(nil), 18]:         642833
Stats[(nil), 19]:           3385
Stats[(nil), 20]:            293
Stats[(nil), 21]:             61
Stats[(nil), 22]:            135
Stats[(nil), 23]:              0
Stats[(nil), 24]:              0
Stats[(nil), 25]:              0
Stats[(nil), 26]:              0
Stats[(nil), 27]:              0
Stats[(nil), 28]:              0
Stats[(nil), 29]:              0
Stats[(nil), 30]:              0
Stats[(nil), 31]:    0.080634127
