Numbers: 8000, pid: 7495 Space Used : 0 Time Stamp : 1533539856435
Time(microseconds): 81183.000000
Stats[(nil), 0]:       81248268
Stats[(nil), 1]:       81247185
Stats[(nil), 2]:              7
Stats[(nil), 3]:              0
Stats[(nil), 4]:              0
Stats[(nil), 5]:              0
Stats[(nil), 6]:           -nan
Stats[(nil), 7]:       81466679
Stats[(nil), 8]:      166533113
Stats[(nil), 9]:           -nan
Stats[(nil), 10]:            149
Stats[(nil), 11]:       14257324
Stats[(nil), 12]:           3414
Stats[(nil), 13]:           -nan
Stats[(nil), 14]:           8601
Stats[(nil), 15]:        8092470
Stats[(nil), 16]:            119
Stats[(nil), 17]:         202088
Stats[(nil), 18]:         762696
Stats[(nil), 19]:           3160
Stats[(nil), 20]:            334
Stats[(nil), 21]:             11
Stats[(nil), 22]:             54
Stats[(nil), 23]:              0
Stats[(nil), 24]:              0
Stats[(nil), 25]:              0
Stats[(nil), 26]:              0
Stats[(nil), 27]:              0
Stats[(nil), 28]:              0
Stats[(nil), 29]:              0
Stats[(nil), 30]:              0
Stats[(nil), 31]:    0.082684837
