Numbers: 8000, pid: 7499 Space Used : 0 Time Stamp : 1533539856604
Time(microseconds): 82260.000000
Stats[(nil), 0]:       82329766
Stats[(nil), 1]:       82329095
Stats[(nil), 2]:              6
Stats[(nil), 3]:              0
Stats[(nil), 4]:              0
Stats[(nil), 5]:              0
Stats[(nil), 6]:           -nan
Stats[(nil), 7]:       83202557
Stats[(nil), 8]:      164714168
Stats[(nil), 9]:           -nan
Stats[(nil), 10]:            580
Stats[(nil), 11]:       14171282
Stats[(nil), 12]:           3799
Stats[(nil), 13]:           -nan
Stats[(nil), 14]:           4025
Stats[(nil), 15]:        8030752
Stats[(nil), 16]:            116
Stats[(nil), 17]:         201663
Stats[(nil), 18]:         652222
Stats[(nil), 19]:           4355
Stats[(nil), 20]:            239
Stats[(nil), 21]:              2
Stats[(nil), 22]:             27
Stats[(nil), 23]:              0
Stats[(nil), 24]:              0
Stats[(nil), 25]:              0
Stats[(nil), 26]:              0
Stats[(nil), 27]:              0
Stats[(nil), 28]:              0
Stats[(nil), 29]:              0
Stats[(nil), 30]:              0
Stats[(nil), 31]:    0.083802543
