Numbers: 8500, pid: 7501 Space Used : 0 Time Stamp : 1533539856700
Time(microseconds): 91443.000000
Stats[(nil), 0]:       91506352
Stats[(nil), 1]:       91504834
Stats[(nil), 2]:              8
Stats[(nil), 3]:              0
Stats[(nil), 4]:              0
Stats[(nil), 5]:              0
Stats[(nil), 6]:           -nan
Stats[(nil), 7]:      110034228
Stats[(nil), 8]:      213520060
Stats[(nil), 9]:           -nan
Stats[(nil), 10]:            718
Stats[(nil), 11]:       18432561
Stats[(nil), 12]:           5271
Stats[(nil), 13]:           -nan
Stats[(nil), 14]:          18247
Stats[(nil), 15]:        8154671
Stats[(nil), 16]:            122
Stats[(nil), 17]:         198668
Stats[(nil), 18]:         630506
Stats[(nil), 19]:           2950
Stats[(nil), 20]:            798
Stats[(nil), 21]:             19
Stats[(nil), 22]:             27
Stats[(nil), 23]:              0
Stats[(nil), 24]:              0
Stats[(nil), 25]:              0
Stats[(nil), 26]:              0
Stats[(nil), 27]:              0
Stats[(nil), 28]:              0
Stats[(nil), 29]:              0
Stats[(nil), 30]:              0
Stats[(nil), 31]:    0.092972574
