Numbers: 8500, pid: 7503 Space Used : 0 Time Stamp : 1533539856793
Time(microseconds): 89402.000000
Stats[(nil), 0]:       89457853
Stats[(nil), 1]:       89458478
Stats[(nil), 2]:              8
Stats[(nil), 3]:              0
Stats[(nil), 4]:              0
Stats[(nil), 5]:              0
Stats[(nil), 6]:           -nan
Stats[(nil), 7]:      104302731
Stats[(nil), 8]:      203684463
Stats[(nil), 9]:           -nan
Stats[(nil), 10]:            321
Stats[(nil), 11]:       18169523
Stats[(nil), 12]:           4990
Stats[(nil), 13]:           -nan
Stats[(nil), 14]:           3075
Stats[(nil), 15]:        8359482
Stats[(nil), 16]:             90
Stats[(nil), 17]:         204768
Stats[(nil), 18]:         643180
Stats[(nil), 19]:           2223
Stats[(nil), 20]:            102
Stats[(nil), 21]:              0
Stats[(nil), 22]:             37
Stats[(nil), 23]:              0
Stats[(nil), 24]:              0
Stats[(nil), 25]:              0
Stats[(nil), 26]:              0
Stats[(nil), 27]:              0
Stats[(nil), 28]:              0
Stats[(nil), 29]:              0
Stats[(nil), 30]:              0
Stats[(nil), 31]:    0.091039837
