Numbers: 8500, pid: 7505 Space Used : 0 Time Stamp : 1533539856889
Time(microseconds): 91715.000000
Stats[(nil), 0]:       91783418
Stats[(nil), 1]:       91782478
Stats[(nil), 2]:              8
Stats[(nil), 3]:              0
Stats[(nil), 4]:              0
Stats[(nil), 5]:              0
Stats[(nil), 6]:           -nan
Stats[(nil), 7]:      110831088
Stats[(nil), 8]:      212174317
Stats[(nil), 9]:           -nan
Stats[(nil), 10]:            149
Stats[(nil), 11]:       18154048
Stats[(nil), 12]:           3191
Stats[(nil), 13]:           -nan
Stats[(nil), 14]:           2900
Stats[(nil), 15]:        7960061
Stats[(nil), 16]:             89
Stats[(nil), 17]:         203386
Stats[(nil), 18]:         620287
Stats[(nil), 19]:           2424
Stats[(nil), 20]:             83
Stats[(nil), 21]:              0
Stats[(nil), 22]:             33
Stats[(nil), 23]:              0
Stats[(nil), 24]:              0
Stats[(nil), 25]:              0
Stats[(nil), 26]:              0
Stats[(nil), 27]:              0
Stats[(nil), 28]:              0
Stats[(nil), 29]:              0
Stats[(nil), 30]:              0
Stats[(nil), 31]:    0.093302808
