Numbers: 8500, pid: 7507 Space Used : 0 Time Stamp : 1533539856983
Time(microseconds): 90066.000000
Stats[(nil), 0]:       90125900
Stats[(nil), 1]:       90125627
Stats[(nil), 2]:              9
Stats[(nil), 3]:              0
Stats[(nil), 4]:              0
Stats[(nil), 5]:              0
Stats[(nil), 6]:           -nan
Stats[(nil), 7]:      107725198
Stats[(nil), 8]:      209989170
Stats[(nil), 9]:           -nan
Stats[(nil), 10]:            363
Stats[(nil), 11]:       18680011
Stats[(nil), 12]:           5513
Stats[(nil), 13]:           -nan
Stats[(nil), 14]:           3199
Stats[(nil), 15]:        7685580
Stats[(nil), 16]:            251
Stats[(nil), 17]:         202350
Stats[(nil), 18]:         735856
Stats[(nil), 19]:           4142
Stats[(nil), 20]:            238
Stats[(nil), 21]:             29
Stats[(nil), 22]:             36
Stats[(nil), 23]:              0
Stats[(nil), 24]:              0
Stats[(nil), 25]:              0
Stats[(nil), 26]:              0
Stats[(nil), 27]:              0
Stats[(nil), 28]:              0
Stats[(nil), 29]:              0
Stats[(nil), 30]:              0
Stats[(nil), 31]:    0.091825827
