Numbers: 8500, pid: 7509 Space Used : 0 Time Stamp : 1533539857077
Time(microseconds): 89711.000000
Stats[(nil), 0]:       89770384
Stats[(nil), 1]:       89769375
Stats[(nil), 2]:              8
Stats[(nil), 3]:              0
Stats[(nil), 4]:              0
Stats[(nil), 5]:              0
Stats[(nil), 6]:           -nan
Stats[(nil), 7]:      105267796
Stats[(nil), 8]:      209529546
Stats[(nil), 9]:           -nan
Stats[(nil), 10]:            339
Stats[(nil), 11]:       18435127
Stats[(nil), 12]:           5214
Stats[(nil), 13]:           -nan
Stats[(nil), 14]:          13054
Stats[(nil), 15]:        7889287
Stats[(nil), 16]:            125
Stats[(nil), 17]:         203797
Stats[(nil), 18]:         710201
Stats[(nil), 19]:           3329
Stats[(nil), 20]:            102
Stats[(nil), 21]:             20
Stats[(nil), 22]:             47
Stats[(nil), 23]:              0
Stats[(nil), 24]:              0
Stats[(nil), 25]:              0
Stats[(nil), 26]:              0
Stats[(nil), 27]:              0
Stats[(nil), 28]:              0
Stats[(nil), 29]:              0
Stats[(nil), 30]:              0
Stats[(nil), 31]:    0.091314731
