Numbers: 9000, pid: 7511 Space Used : 0 Time Stamp : 1533539857184
Time(microseconds): 102566.000000
Stats[(nil), 0]:      102659540
Stats[(nil), 1]:      102658531
Stats[(nil), 2]:              8
Stats[(nil), 3]:              0
Stats[(nil), 4]:              0
Stats[(nil), 5]:              0
Stats[(nil), 6]:           -nan
Stats[(nil), 7]:      131227250
Stats[(nil), 8]:      264974741
Stats[(nil), 9]:           -nan
Stats[(nil), 10]:            554
Stats[(nil), 11]:       22969585
Stats[(nil), 12]:           3772
Stats[(nil), 13]:           -nan
Stats[(nil), 14]:           9012
Stats[(nil), 15]:        8275868
Stats[(nil), 16]:            133
Stats[(nil), 17]:         201676
Stats[(nil), 18]:         685460
Stats[(nil), 19]:           3839
Stats[(nil), 20]:            721
Stats[(nil), 21]:             34
Stats[(nil), 22]:            152
Stats[(nil), 23]:              0
Stats[(nil), 24]:              0
Stats[(nil), 25]:              0
Stats[(nil), 26]:              0
Stats[(nil), 27]:              0
Stats[(nil), 28]:              0
Stats[(nil), 29]:              0
Stats[(nil), 30]:              0
Stats[(nil), 31]:    0.104298473
