Numbers: 9000, pid: 7513 Space Used : 0 Time Stamp : 1533539857287
Time(microseconds): 99954.000000
Stats[(nil), 0]:      100013721
Stats[(nil), 1]:      100013254
Stats[(nil), 2]:              9
Stats[(nil), 3]:              0
Stats[(nil), 4]:              0
Stats[(nil), 5]:              0
Stats[(nil), 6]:           -nan
Stats[(nil), 7]:      126300609
Stats[(nil), 8]:      258293586
Stats[(nil), 9]:           -nan
Stats[(nil), 10]:            336
Stats[(nil), 11]:       22715762
Stats[(nil), 12]:           4522
Stats[(nil), 13]:           -nan
Stats[(nil), 14]:           3719
Stats[(nil), 15]:        8363812
Stats[(nil), 16]:            125
Stats[(nil), 17]:         202695
Stats[(nil), 18]:         607950
Stats[(nil), 19]:           3094
Stats[(nil), 20]:            127
Stats[(nil), 21]:              8
Stats[(nil), 22]:             14
Stats[(nil), 23]:              0
Stats[(nil), 24]:              0
Stats[(nil), 25]:              0
Stats[(nil), 26]:              0
Stats[(nil), 27]:              0
Stats[(nil), 28]:              0
Stats[(nil), 29]:              0
Stats[(nil), 30]:              0
Stats[(nil), 31]:    0.101576957
