Numbers: 9000, pid: 7515 Space Used : 0 Time Stamp : 1533539857391
Time(microseconds): 100058.000000
Stats[(nil), 0]:      100168960
Stats[(nil), 1]:      100168795
Stats[(nil), 2]:              9
Stats[(nil), 3]:              0
Stats[(nil), 4]:              0
Stats[(nil), 5]:              0
Stats[(nil), 6]:           -nan
Stats[(nil), 7]:      126309991
Stats[(nil), 8]:      261370252
Stats[(nil), 9]:           -nan
Stats[(nil), 10]:            462
Stats[(nil), 11]:       22760444
Stats[(nil), 12]:           4503
Stats[(nil), 13]:           -nan
Stats[(nil), 14]:           3957
Stats[(nil), 15]:        8116553
Stats[(nil), 16]:            156
Stats[(nil), 17]:         204757
Stats[(nil), 18]:         650931
Stats[(nil), 19]:           3088
Stats[(nil), 20]:            154
Stats[(nil), 21]:              8
Stats[(nil), 22]:             82
Stats[(nil), 23]:              0
Stats[(nil), 24]:              0
Stats[(nil), 25]:              0
Stats[(nil), 26]:              0
Stats[(nil), 27]:              0
Stats[(nil), 28]:              0
Stats[(nil), 29]:              0
Stats[(nil), 30]:              0
Stats[(nil), 31]:    0.101753724
