Numbers: 9000, pid: 7517 Space Used : 0 Time Stamp : 1533539857497
Time(microseconds): 100960.000000
Stats[(nil), 0]:      101031226
Stats[(nil), 1]:      101030149
Stats[(nil), 2]:             10
Stats[(nil), 3]:              0
Stats[(nil), 4]:              0
Stats[(nil), 5]:              0
Stats[(nil), 6]:           -nan
Stats[(nil), 7]:      123995825
Stats[(nil), 8]:      262049663
Stats[(nil), 9]:           -nan
Stats[(nil), 10]:            566
Stats[(nil), 11]:       23057601
Stats[(nil), 12]:           5949
Stats[(nil), 13]:           -nan
Stats[(nil), 14]:           8624
Stats[(nil), 15]:        7889734
Stats[(nil), 16]:             70
Stats[(nil), 17]:         201954
Stats[(nil), 18]:         740929
Stats[(nil), 19]:           3873
Stats[(nil), 20]:            423
Stats[(nil), 21]:             20
Stats[(nil), 22]:             27
Stats[(nil), 23]:              0
Stats[(nil), 24]:              0
Stats[(nil), 25]:              0
Stats[(nil), 26]:              0
Stats[(nil), 27]:              0
Stats[(nil), 28]:              0
Stats[(nil), 29]:              0
Stats[(nil), 30]:              0
Stats[(nil), 31]:    0.102775312
