Numbers: 9000, pid: 7519 Space Used : 0 Time Stamp : 1533539857603
Time(microseconds): 101605.000000
Stats[(nil), 0]:      101664646
Stats[(nil), 1]:      101663800
Stats[(nil), 2]:              8
Stats[(nil), 3]:              0
Stats[(nil), 4]:              0
Stats[(nil), 5]:              0
Stats[(nil), 6]:           -nan
Stats[(nil), 7]:      131131947
Stats[(nil), 8]:      261817111
Stats[(nil), 9]:           -nan
Stats[(nil), 10]:            580
Stats[(nil), 11]:       22768463
Stats[(nil), 12]:           3795
Stats[(nil), 13]:           -nan
Stats[(nil), 14]:           3159
Stats[(nil), 15]:        8098652
Stats[(nil), 16]:            113
Stats[(nil), 17]:         205411
Stats[(nil), 18]:         642163
Stats[(nil), 19]:           2354
Stats[(nil), 20]:             73
Stats[(nil), 21]:             18
Stats[(nil), 22]:             25
Stats[(nil), 23]:              0
Stats[(nil), 24]:              0
Stats[(nil), 25]:              0
Stats[(nil), 26]:              0
Stats[(nil), 27]:              0
Stats[(nil), 28]:              0
Stats[(nil), 29]:              0
Stats[(nil), 30]:              0
Stats[(nil), 31]:    0.103237823
