Numbers: 9500, pid: 7521 Space Used : 0 Time Stamp : 1533539857726
Time(microseconds): 118501.000000
Stats[(nil), 0]:      118551825
Stats[(nil), 1]:      118549599
Stats[(nil), 2]:             17
Stats[(nil), 3]:              0
Stats[(nil), 4]:              0
Stats[(nil), 5]:              0
Stats[(nil), 6]:           -nan
Stats[(nil), 7]:      126223020
Stats[(nil), 8]:      252718490
Stats[(nil), 9]:           -nan
Stats[(nil), 10]:           1344
Stats[(nil), 11]:       25620893
Stats[(nil), 12]:           6283
Stats[(nil), 13]:           -nan
Stats[(nil), 14]:          51994
Stats[(nil), 15]:       12173186
Stats[(nil), 16]:            193
Stats[(nil), 17]:         196279
Stats[(nil), 18]:         658868
Stats[(nil), 19]:           5464
Stats[(nil), 20]:           1135
Stats[(nil), 21]:             76
Stats[(nil), 22]:            294
Stats[(nil), 23]:              0
Stats[(nil), 24]:              0
Stats[(nil), 25]:              0
Stats[(nil), 26]:              0
Stats[(nil), 27]:              0
Stats[(nil), 28]:              0
Stats[(nil), 29]:              0
Stats[(nil), 30]:              0
Stats[(nil), 31]:    0.120726219
