Numbers: 9500, pid: 7523 Space Used : 0 Time Stamp : 1533539857842
Time(microseconds): 112254.000000
Stats[(nil), 0]:      112312888
Stats[(nil), 1]:      112311875
Stats[(nil), 2]:              9
Stats[(nil), 3]:              0
Stats[(nil), 4]:              0
Stats[(nil), 5]:              0
Stats[(nil), 6]:           -nan
Stats[(nil), 7]:      122518764
Stats[(nil), 8]:      253273352
Stats[(nil), 9]:           -nan
Stats[(nil), 10]:            224
Stats[(nil), 11]:       27364564
Stats[(nil), 12]:           8942
Stats[(nil), 13]:           -nan
Stats[(nil), 14]:          26486
Stats[(nil), 15]:       10071702
Stats[(nil), 16]:            188
Stats[(nil), 17]:         201652
Stats[(nil), 18]:         734411
Stats[(nil), 19]:           3297
Stats[(nil), 20]:             85
Stats[(nil), 21]:              0
Stats[(nil), 22]:             77
Stats[(nil), 23]:              0
Stats[(nil), 24]:              0
Stats[(nil), 25]:              0
Stats[(nil), 26]:              0
Stats[(nil), 27]:              0
Stats[(nil), 28]:              0
Stats[(nil), 29]:              0
Stats[(nil), 30]:              0
Stats[(nil), 31]:    0.113984677
