Numbers: 9500, pid: 7525 Space Used : 0 Time Stamp : 1533539857961
Time(microseconds): 114331.000000
Stats[(nil), 0]:      114404720
Stats[(nil), 1]:      114403425
Stats[(nil), 2]:             12
Stats[(nil), 3]:              0
Stats[(nil), 4]:              0
Stats[(nil), 5]:              0
Stats[(nil), 6]:           -nan
Stats[(nil), 7]:      137320732
Stats[(nil), 8]:      282036850
Stats[(nil), 9]:           -nan
Stats[(nil), 10]:            528
Stats[(nil), 11]:       27614148
Stats[(nil), 12]:           6077
Stats[(nil), 13]:           -nan
Stats[(nil), 14]:          16628
Stats[(nil), 15]:        8620715
Stats[(nil), 16]:             88
Stats[(nil), 17]:         203797
Stats[(nil), 18]:         679160
Stats[(nil), 19]:           2484
Stats[(nil), 20]:            114
Stats[(nil), 21]:              5
Stats[(nil), 22]:             19
Stats[(nil), 23]:              0
Stats[(nil), 24]:              0
Stats[(nil), 25]:              0
Stats[(nil), 26]:              0
Stats[(nil), 27]:              0
Stats[(nil), 28]:              0
Stats[(nil), 29]:              0
Stats[(nil), 30]:              0
Stats[(nil), 31]:    0.116534334
