Numbers: 9500, pid: 7527 Space Used : 0 Time Stamp : 1533539858079
Time(microseconds): 114300.000000
Stats[(nil), 0]:      114373744
Stats[(nil), 1]:      114372902
Stats[(nil), 2]:             15
Stats[(nil), 3]:              0
Stats[(nil), 4]:              0
Stats[(nil), 5]:              0
Stats[(nil), 6]:           -nan
Stats[(nil), 7]:      122587750
Stats[(nil), 8]:      260229785
Stats[(nil), 9]:           -nan
Stats[(nil), 10]:            198
Stats[(nil), 11]:       26783596
Stats[(nil), 12]:           7507
Stats[(nil), 13]:           -nan
Stats[(nil), 14]:          30680
Stats[(nil), 15]:       10969668
Stats[(nil), 16]:            177
Stats[(nil), 17]:         202015
Stats[(nil), 18]:         633261
Stats[(nil), 19]:           3704
Stats[(nil), 20]:           1261
Stats[(nil), 21]:            127
Stats[(nil), 22]:            424
Stats[(nil), 23]:              0
Stats[(nil), 24]:              0
Stats[(nil), 25]:              0
Stats[(nil), 26]:              0
Stats[(nil), 27]:              0
Stats[(nil), 28]:              0
Stats[(nil), 29]:              0
Stats[(nil), 30]:              0
Stats[(nil), 31]:    0.116111007
