Numbers: 9500, pid: 7529 Space Used : 0 Time Stamp : 1533539858200
Time(microseconds): 116903.000000
Stats[(nil), 0]:      116952397
Stats[(nil), 1]:      116951345
Stats[(nil), 2]:             12
Stats[(nil), 3]:              0
Stats[(nil), 4]:              0
Stats[(nil), 5]:              0
Stats[(nil), 6]:           -nan
Stats[(nil), 7]:      127787394
Stats[(nil), 8]:      259113627
Stats[(nil), 9]:           -nan
Stats[(nil), 10]:             68
Stats[(nil), 11]:       26507278
Stats[(nil), 12]:           6554
Stats[(nil), 13]:           -nan
Stats[(nil), 14]:          31037
Stats[(nil), 15]:       11093047
Stats[(nil), 16]:            178
Stats[(nil), 17]:         202479
Stats[(nil), 18]:         685965
Stats[(nil), 19]:           2480
Stats[(nil), 20]:            162
Stats[(nil), 21]:             41
Stats[(nil), 22]:            279
Stats[(nil), 23]:              0
Stats[(nil), 24]:              0
Stats[(nil), 25]:              0
Stats[(nil), 26]:              0
Stats[(nil), 27]:              0
Stats[(nil), 28]:              0
Stats[(nil), 29]:              0
Stats[(nil), 30]:              0
Stats[(nil), 31]:    0.118658262
