Numbers: 10500, pid: 7541 Space Used : 0 Time Stamp : 1533539858981
Time(microseconds): 137429.000000
Stats[(nil), 0]:      137454238
Stats[(nil), 1]:      137453124
Stats[(nil), 2]:             28
Stats[(nil), 3]:              0
Stats[(nil), 4]:              0
Stats[(nil), 5]:              0
Stats[(nil), 6]:           -nan
Stats[(nil), 7]:      125872433
Stats[(nil), 8]:      257632369
Stats[(nil), 9]:           -nan
Stats[(nil), 10]:            687
Stats[(nil), 11]:       27623427
Stats[(nil), 12]:           6497
Stats[(nil), 13]:           -nan
Stats[(nil), 14]:          77883
Stats[(nil), 15]:       16481533
Stats[(nil), 16]:            448
Stats[(nil), 17]:         404323
Stats[(nil), 18]:        1159143
Stats[(nil), 19]:           6568
Stats[(nil), 20]:           1001
Stats[(nil), 21]:            122
Stats[(nil), 22]:            184
Stats[(nil), 23]:              0
Stats[(nil), 24]:              0
Stats[(nil), 25]:              0
Stats[(nil), 26]:              0
Stats[(nil), 27]:              0
Stats[(nil), 28]:              0
Stats[(nil), 29]:              0
Stats[(nil), 30]:              0
Stats[(nil), 31]:    0.139459956
