Numbers: 10500, pid: 7543 Space Used : 0 Time Stamp : 1533539859122
Time(microseconds): 136818.000000
Stats[(nil), 0]:      136869133
Stats[(nil), 1]:      136871456
Stats[(nil), 2]:             12
Stats[(nil), 3]:              0
Stats[(nil), 4]:              0
Stats[(nil), 5]:              0
Stats[(nil), 6]:           -nan
Stats[(nil), 7]:      122407427
Stats[(nil), 8]:      256335431
Stats[(nil), 9]:           -nan
Stats[(nil), 10]:             81
Stats[(nil), 11]:       27431567
Stats[(nil), 12]:          10338
Stats[(nil), 13]:           -nan
Stats[(nil), 14]:          55476
Stats[(nil), 15]:       16438743
Stats[(nil), 16]:            284
Stats[(nil), 17]:         386311
Stats[(nil), 18]:        1211088
Stats[(nil), 19]:           6652
Stats[(nil), 20]:           2510
Stats[(nil), 21]:            223
Stats[(nil), 22]:            415
Stats[(nil), 23]:              0
Stats[(nil), 24]:              0
Stats[(nil), 25]:              0
Stats[(nil), 26]:              0
Stats[(nil), 27]:              0
Stats[(nil), 28]:              0
Stats[(nil), 29]:              0
Stats[(nil), 30]:              0
Stats[(nil), 31]:    0.138711130
