Numbers: 10500, pid: 7545 Space Used : 0 Time Stamp : 1533539859265
Time(microseconds): 138170.000000
Stats[(nil), 0]:      138226925
Stats[(nil), 1]:      138225533
Stats[(nil), 2]:             19
Stats[(nil), 3]:              0
Stats[(nil), 4]:              0
Stats[(nil), 5]:              0
Stats[(nil), 6]:           -nan
Stats[(nil), 7]:      128760598
Stats[(nil), 8]:      271679714
Stats[(nil), 9]:           -nan
Stats[(nil), 10]:            307
Stats[(nil), 11]:       27745414
Stats[(nil), 12]:           6341
Stats[(nil), 13]:           -nan
Stats[(nil), 14]:          99305
Stats[(nil), 15]:       16328512
Stats[(nil), 16]:            283
Stats[(nil), 17]:         400648
Stats[(nil), 18]:        1198740
Stats[(nil), 19]:           8832
Stats[(nil), 20]:           1316
Stats[(nil), 21]:             88
Stats[(nil), 22]:             52
Stats[(nil), 23]:              0
Stats[(nil), 24]:              0
Stats[(nil), 25]:              0
Stats[(nil), 26]:              0
Stats[(nil), 27]:              0
Stats[(nil), 28]:              0
Stats[(nil), 29]:              0
Stats[(nil), 30]:              0
Stats[(nil), 31]:    0.140182591
