Numbers: 10500, pid: 7549 Space Used : 0 Time Stamp : 1533539859550
Time(microseconds): 139910.000000
Stats[(nil), 0]:      139964581
Stats[(nil), 1]:      139963449
Stats[(nil), 2]:             11
Stats[(nil), 3]:              0
Stats[(nil), 4]:              0
Stats[(nil), 5]:              0
Stats[(nil), 6]:           -nan
Stats[(nil), 7]:      131007076
Stats[(nil), 8]:      263383014
Stats[(nil), 9]:           -nan
Stats[(nil), 10]:            468
Stats[(nil), 11]:       27774194
Stats[(nil), 12]:           7425
Stats[(nil), 13]:           -nan
Stats[(nil), 14]:          60613
Stats[(nil), 15]:       16544341
Stats[(nil), 16]:            301
Stats[(nil), 17]:         359300
Stats[(nil), 18]:        1432735
Stats[(nil), 19]:           7778
Stats[(nil), 20]:           1970
Stats[(nil), 21]:            168
Stats[(nil), 22]:             84
Stats[(nil), 23]:              0
Stats[(nil), 24]:              0
Stats[(nil), 25]:              0
Stats[(nil), 26]:              0
Stats[(nil), 27]:              0
Stats[(nil), 28]:              0
Stats[(nil), 29]:              0
Stats[(nil), 30]:              0
Stats[(nil), 31]:    0.141877787
