Numbers: 11000, pid: 7551 Space Used : 0 Time Stamp : 1533539859703
Time(microseconds): 149413.000000
Stats[(nil), 0]:      149484775
Stats[(nil), 1]:      149483305
Stats[(nil), 2]:             12
Stats[(nil), 3]:              0
Stats[(nil), 4]:              0
Stats[(nil), 5]:              0
Stats[(nil), 6]:           -nan
Stats[(nil), 7]:      130646260
Stats[(nil), 8]:      263351471
Stats[(nil), 9]:           -nan
Stats[(nil), 10]:            279
Stats[(nil), 11]:       26887002
Stats[(nil), 12]:           8497
Stats[(nil), 13]:           -nan
Stats[(nil), 14]:          61086
Stats[(nil), 15]:       16609521
Stats[(nil), 16]:            230
Stats[(nil), 17]:         404430
Stats[(nil), 18]:        1243920
Stats[(nil), 19]:           6258
Stats[(nil), 20]:           1017
Stats[(nil), 21]:            155
Stats[(nil), 22]:            210
Stats[(nil), 23]:              0
Stats[(nil), 24]:              0
Stats[(nil), 25]:              0
Stats[(nil), 26]:              0
Stats[(nil), 27]:              0
Stats[(nil), 28]:              0
Stats[(nil), 29]:              0
Stats[(nil), 30]:              0
Stats[(nil), 31]:    0.151589961
