Numbers: 11000, pid: 7553 Space Used : 0 Time Stamp : 1533539859857
Time(microseconds): 149712.000000
Stats[(nil), 0]:      149756540
Stats[(nil), 1]:      149755616
Stats[(nil), 2]:             13
Stats[(nil), 3]:              0
Stats[(nil), 4]:              0
Stats[(nil), 5]:              0
Stats[(nil), 6]:           -nan
Stats[(nil), 7]:      127691728
Stats[(nil), 8]:      266556978
Stats[(nil), 9]:           -nan
Stats[(nil), 10]:            240
Stats[(nil), 11]:       28154109
Stats[(nil), 12]:           6823
Stats[(nil), 13]:           -nan
Stats[(nil), 14]:          59243
Stats[(nil), 15]:       16730846
Stats[(nil), 16]:            212
Stats[(nil), 17]:         398194
Stats[(nil), 18]:        1320587
Stats[(nil), 19]:           6411
Stats[(nil), 20]:           3217
Stats[(nil), 21]:            193
Stats[(nil), 22]:             97
Stats[(nil), 23]:              0
Stats[(nil), 24]:              0
Stats[(nil), 25]:              0
Stats[(nil), 26]:              0
Stats[(nil), 27]:              0
Stats[(nil), 28]:              0
Stats[(nil), 29]:              0
Stats[(nil), 30]:              0
Stats[(nil), 31]:    0.151587628
