Numbers: 11000, pid: 7555 Space Used : 0 Time Stamp : 1533539860011
Time(microseconds): 149105.000000
Stats[(nil), 0]:      149149334
Stats[(nil), 1]:      149149141
Stats[(nil), 2]:             13
Stats[(nil), 3]:              0
Stats[(nil), 4]:              0
Stats[(nil), 5]:              0
Stats[(nil), 6]:           -nan
Stats[(nil), 7]:      127966961
Stats[(nil), 8]:      263759401
Stats[(nil), 9]:           -nan
Stats[(nil), 10]:            154
Stats[(nil), 11]:       27162424
Stats[(nil), 12]:          10549
Stats[(nil), 13]:           -nan
Stats[(nil), 14]:          54113
Stats[(nil), 15]:       16474732
Stats[(nil), 16]:            228
Stats[(nil), 17]:         405888
Stats[(nil), 18]:        1263214
Stats[(nil), 19]:           4575
Stats[(nil), 20]:            182
Stats[(nil), 21]:             57
Stats[(nil), 22]:            145
Stats[(nil), 23]:              0
Stats[(nil), 24]:              0
Stats[(nil), 25]:              0
Stats[(nil), 26]:              0
Stats[(nil), 27]:              0
Stats[(nil), 28]:              0
Stats[(nil), 29]:              0
Stats[(nil), 30]:              0
Stats[(nil), 31]:    0.151019714
