Numbers: 11000, pid: 7557 Space Used : 0 Time Stamp : 1533539860165
Time(microseconds): 150406.000000
Stats[(nil), 0]:      150408691
Stats[(nil), 1]:      150407222
Stats[(nil), 2]:             14
Stats[(nil), 3]:              0
Stats[(nil), 4]:              0
Stats[(nil), 5]:              0
Stats[(nil), 6]:           -nan
Stats[(nil), 7]:      129235773
Stats[(nil), 8]:      272432595
Stats[(nil), 9]:           -nan
Stats[(nil), 10]:            553
Stats[(nil), 11]:       28442639
Stats[(nil), 12]:           8401
Stats[(nil), 13]:           -nan
Stats[(nil), 14]:          61600
Stats[(nil), 15]:       16479892
Stats[(nil), 16]:            283
Stats[(nil), 17]:         375256
Stats[(nil), 18]:        1437002
Stats[(nil), 19]:           6927
Stats[(nil), 20]:           3335
Stats[(nil), 21]:            238
Stats[(nil), 22]:            201
Stats[(nil), 23]:              0
Stats[(nil), 24]:              0
Stats[(nil), 25]:              0
Stats[(nil), 26]:              0
Stats[(nil), 27]:              0
Stats[(nil), 28]:              0
Stats[(nil), 29]:              0
Stats[(nil), 30]:              0
Stats[(nil), 31]:    0.152368722
