Numbers: 11000, pid: 7559 Space Used : 0 Time Stamp : 1533539860319
Time(microseconds): 149163.000000
Stats[(nil), 0]:      149207867
Stats[(nil), 1]:      149207957
Stats[(nil), 2]:             13
Stats[(nil), 3]:              1
Stats[(nil), 4]:              0
Stats[(nil), 5]:              0
Stats[(nil), 6]:           -nan
Stats[(nil), 7]:      128886012
Stats[(nil), 8]:      263860377
Stats[(nil), 9]:           -nan
Stats[(nil), 10]:            224
Stats[(nil), 11]:       27267359
Stats[(nil), 12]:          10182
Stats[(nil), 13]:           -nan
Stats[(nil), 14]:          54109
Stats[(nil), 15]:       16273499
Stats[(nil), 16]:            232
Stats[(nil), 17]:         406789
Stats[(nil), 18]:        1387132
Stats[(nil), 19]:           6175
Stats[(nil), 20]:            583
Stats[(nil), 21]:             80
Stats[(nil), 22]:            206
Stats[(nil), 23]:              0
Stats[(nil), 24]:              0
Stats[(nil), 25]:              0
Stats[(nil), 26]:              0
Stats[(nil), 27]:              0
Stats[(nil), 28]:              0
Stats[(nil), 29]:              0
Stats[(nil), 30]:              0
Stats[(nil), 31]:    0.151146564
