Numbers: 11500, pid: 7561 Space Used : 0 Time Stamp : 1533539860486
Time(microseconds): 162975.000000
Stats[(nil), 0]:      163017587
Stats[(nil), 1]:      163017104
Stats[(nil), 2]:             13
Stats[(nil), 3]:              0
Stats[(nil), 4]:              0
Stats[(nil), 5]:              0
Stats[(nil), 6]:           -nan
Stats[(nil), 7]:      164626970
Stats[(nil), 8]:      336746953
Stats[(nil), 9]:           -nan
Stats[(nil), 10]:            557
Stats[(nil), 11]:       30860820
Stats[(nil), 12]:           7932
Stats[(nil), 13]:           -nan
Stats[(nil), 14]:          63391
Stats[(nil), 15]:       16195283
Stats[(nil), 16]:            277
Stats[(nil), 17]:         399626
Stats[(nil), 18]:        1419291
Stats[(nil), 19]:           8780
Stats[(nil), 20]:           1116
Stats[(nil), 21]:            180
Stats[(nil), 22]:            207
Stats[(nil), 23]:              0
Stats[(nil), 24]:              0
Stats[(nil), 25]:              0
Stats[(nil), 26]:              0
Stats[(nil), 27]:              0
Stats[(nil), 28]:              0
Stats[(nil), 29]:              0
Stats[(nil), 30]:              0
Stats[(nil), 31]:    0.164990611
