Numbers: 11500, pid: 7563 Space Used : 0 Time Stamp : 1533539860652
Time(microseconds): 161409.000000
Stats[(nil), 0]:      161450965
Stats[(nil), 1]:      161450753
Stats[(nil), 2]:             15
Stats[(nil), 3]:              0
Stats[(nil), 4]:              0
Stats[(nil), 5]:              0
Stats[(nil), 6]:           -nan
Stats[(nil), 7]:      160058119
Stats[(nil), 8]:      324220340
Stats[(nil), 9]:           -nan
Stats[(nil), 10]:            534
Stats[(nil), 11]:       30432834
Stats[(nil), 12]:           7775
Stats[(nil), 13]:           -nan
Stats[(nil), 14]:          63674
Stats[(nil), 15]:       16772002
Stats[(nil), 16]:            183
Stats[(nil), 17]:         408765
Stats[(nil), 18]:        1251617
Stats[(nil), 19]:           6543
Stats[(nil), 20]:            297
Stats[(nil), 21]:              8
Stats[(nil), 22]:            410
Stats[(nil), 23]:              0
Stats[(nil), 24]:              0
Stats[(nil), 25]:              0
Stats[(nil), 26]:              0
Stats[(nil), 27]:              0
Stats[(nil), 28]:              0
Stats[(nil), 29]:              0
Stats[(nil), 30]:              0
Stats[(nil), 31]:    0.163676756
