Numbers: 11500, pid: 7565 Space Used : 0 Time Stamp : 1533539860820
Time(microseconds): 164109.000000
Stats[(nil), 0]:      164165931
Stats[(nil), 1]:      164164476
Stats[(nil), 2]:             16
Stats[(nil), 3]:              1
Stats[(nil), 4]:              0
Stats[(nil), 5]:              0
Stats[(nil), 6]:           -nan
Stats[(nil), 7]:      167823111
Stats[(nil), 8]:      337139073
Stats[(nil), 9]:           -nan
Stats[(nil), 10]:           1054
Stats[(nil), 11]:       30652368
Stats[(nil), 12]:           8045
Stats[(nil), 13]:           -nan
Stats[(nil), 14]:          94430
Stats[(nil), 15]:       16422362
Stats[(nil), 16]:            232
Stats[(nil), 17]:         406595
Stats[(nil), 18]:        1244410
Stats[(nil), 19]:           4643
Stats[(nil), 20]:            206
Stats[(nil), 21]:             35
Stats[(nil), 22]:            522
Stats[(nil), 23]:              0
Stats[(nil), 24]:              0
Stats[(nil), 25]:              0
Stats[(nil), 26]:              0
Stats[(nil), 27]:              0
Stats[(nil), 28]:              0
Stats[(nil), 29]:              0
Stats[(nil), 30]:              0
Stats[(nil), 31]:    0.166124740
