Numbers: 11500, pid: 7567 Space Used : 0 Time Stamp : 1533539860988
Time(microseconds): 163446.000000
Stats[(nil), 0]:      163512951
Stats[(nil), 1]:      163511338
Stats[(nil), 2]:             13
Stats[(nil), 3]:              0
Stats[(nil), 4]:              0
Stats[(nil), 5]:              0
Stats[(nil), 6]:           -nan
Stats[(nil), 7]:      166338743
Stats[(nil), 8]:      335727997
Stats[(nil), 9]:           -nan
Stats[(nil), 10]:            221
Stats[(nil), 11]:       30905308
Stats[(nil), 12]:           7852
Stats[(nil), 13]:           -nan
Stats[(nil), 14]:          55449
Stats[(nil), 15]:       16731882
Stats[(nil), 16]:            224
Stats[(nil), 17]:         407534
Stats[(nil), 18]:        1250818
Stats[(nil), 19]:           6233
Stats[(nil), 20]:           3075
Stats[(nil), 21]:            189
Stats[(nil), 22]:            290
Stats[(nil), 23]:              0
Stats[(nil), 24]:              0
Stats[(nil), 25]:              0
Stats[(nil), 26]:              0
Stats[(nil), 27]:              0
Stats[(nil), 28]:              0
Stats[(nil), 29]:              0
Stats[(nil), 30]:              0
Stats[(nil), 31]:    0.165463336
