Numbers: 11500, pid: 7569 Space Used : 0 Time Stamp : 1533539861155
Time(microseconds): 163057.000000
Stats[(nil), 0]:      163100115
Stats[(nil), 1]:      163099118
Stats[(nil), 2]:             15
Stats[(nil), 3]:              0
Stats[(nil), 4]:              0
Stats[(nil), 5]:              0
Stats[(nil), 6]:           -nan
Stats[(nil), 7]:      164761237
Stats[(nil), 8]:      330775370
Stats[(nil), 9]:           -nan
Stats[(nil), 10]:            390
Stats[(nil), 11]:       30456931
Stats[(nil), 12]:           7585
Stats[(nil), 13]:           -nan
Stats[(nil), 14]:          61690
Stats[(nil), 15]:       16702397
Stats[(nil), 16]:            257
Stats[(nil), 17]:         404462
Stats[(nil), 18]:        1251098
Stats[(nil), 19]:           6725
Stats[(nil), 20]:            637
Stats[(nil), 21]:             11
Stats[(nil), 22]:             87
Stats[(nil), 23]:              0
Stats[(nil), 24]:              0
Stats[(nil), 25]:              0
Stats[(nil), 26]:              0
Stats[(nil), 27]:              0
Stats[(nil), 28]:              0
Stats[(nil), 29]:              0
Stats[(nil), 30]:              0
Stats[(nil), 31]:    0.165048852
