Numbers: 12000, pid: 7571 Space Used : 0 Time Stamp : 1533539861339
Time(microseconds): 179021.000000
Stats[(nil), 0]:      179086457
Stats[(nil), 1]:      179085198
Stats[(nil), 2]:             17
Stats[(nil), 3]:              0
Stats[(nil), 4]:              0
Stats[(nil), 5]:              0
Stats[(nil), 6]:           -nan
Stats[(nil), 7]:      209456028
Stats[(nil), 8]:      412459935
Stats[(nil), 9]:           -nan
Stats[(nil), 10]:           1399
Stats[(nil), 11]:       37004812
Stats[(nil), 12]:           9016
Stats[(nil), 13]:           -nan
Stats[(nil), 14]:         116510
Stats[(nil), 15]:       16058996
Stats[(nil), 16]:            260
Stats[(nil), 17]:         400933
Stats[(nil), 18]:        1274946
Stats[(nil), 19]:           6720
Stats[(nil), 20]:           1265
Stats[(nil), 21]:            130
Stats[(nil), 22]:            594
Stats[(nil), 23]:              0
Stats[(nil), 24]:              0
Stats[(nil), 25]:              0
Stats[(nil), 26]:              0
Stats[(nil), 27]:              0
Stats[(nil), 28]:              0
Stats[(nil), 29]:              0
Stats[(nil), 30]:              0
Stats[(nil), 31]:    0.181142286
