Numbers: 12000, pid: 7573 Space Used : 0 Time Stamp : 1533539861522
Time(microseconds): 178249.000000
Stats[(nil), 0]:      178303443
Stats[(nil), 1]:      178300821
Stats[(nil), 2]:             16
Stats[(nil), 3]:              0
Stats[(nil), 4]:              0
Stats[(nil), 5]:              0
Stats[(nil), 6]:           -nan
Stats[(nil), 7]:      207170642
Stats[(nil), 8]:      412582545
Stats[(nil), 9]:           -nan
Stats[(nil), 10]:            264
Stats[(nil), 11]:       37280178
Stats[(nil), 12]:          10575
Stats[(nil), 13]:           -nan
Stats[(nil), 14]:          59573
Stats[(nil), 15]:       16231021
Stats[(nil), 16]:            245
Stats[(nil), 17]:         356862
Stats[(nil), 18]:        1636122
Stats[(nil), 19]:           9291
Stats[(nil), 20]:           2506
Stats[(nil), 21]:             71
Stats[(nil), 22]:            197
Stats[(nil), 23]:              0
Stats[(nil), 24]:              0
Stats[(nil), 25]:              0
Stats[(nil), 26]:              0
Stats[(nil), 27]:              0
Stats[(nil), 28]:              0
Stats[(nil), 29]:              0
Stats[(nil), 30]:              0
Stats[(nil), 31]:    0.180423927
