Numbers: 12000, pid: 7575 Space Used : 0 Time Stamp : 1533539861704
Time(microseconds): 178145.000000
Stats[(nil), 0]:      178186466
Stats[(nil), 1]:      178185487
Stats[(nil), 2]:             15
Stats[(nil), 3]:              0
Stats[(nil), 4]:              0
Stats[(nil), 5]:              0
Stats[(nil), 6]:           -nan
Stats[(nil), 7]:      210300047
Stats[(nil), 8]:      405756780
Stats[(nil), 9]:           -nan
Stats[(nil), 10]:            521
Stats[(nil), 11]:       37012528
Stats[(nil), 12]:          10089
Stats[(nil), 13]:           -nan
Stats[(nil), 14]:          53927
Stats[(nil), 15]:       16259171
Stats[(nil), 16]:            236
Stats[(nil), 17]:         402699
Stats[(nil), 18]:        1428987
Stats[(nil), 19]:           6791
Stats[(nil), 20]:            462
Stats[(nil), 21]:             13
Stats[(nil), 22]:           1909
Stats[(nil), 23]:              0
Stats[(nil), 24]:              0
Stats[(nil), 25]:              0
Stats[(nil), 26]:              0
Stats[(nil), 27]:              0
Stats[(nil), 28]:              0
Stats[(nil), 29]:              0
Stats[(nil), 30]:              0
Stats[(nil), 31]:    0.180204422
