Numbers: 12000, pid: 7577 Space Used : 0 Time Stamp : 1533539861886
Time(microseconds): 177476.000000
Stats[(nil), 0]:      177519504
Stats[(nil), 1]:      177518837
Stats[(nil), 2]:             15
Stats[(nil), 3]:              0
Stats[(nil), 4]:              0
Stats[(nil), 5]:              0
Stats[(nil), 6]:           -nan
Stats[(nil), 7]:      204700113
Stats[(nil), 8]:      405396425
Stats[(nil), 9]:           -nan
Stats[(nil), 10]:            410
Stats[(nil), 11]:       36480483
Stats[(nil), 12]:           9180
Stats[(nil), 13]:           -nan
Stats[(nil), 14]:          57571
Stats[(nil), 15]:       16477303
Stats[(nil), 16]:            257
Stats[(nil), 17]:         409272
Stats[(nil), 18]:        1260075
Stats[(nil), 19]:           5388
Stats[(nil), 20]:            313
Stats[(nil), 21]:              9
Stats[(nil), 22]:            221
Stats[(nil), 23]:              0
Stats[(nil), 24]:              0
Stats[(nil), 25]:              0
Stats[(nil), 26]:              0
Stats[(nil), 27]:              0
Stats[(nil), 28]:              0
Stats[(nil), 29]:              0
Stats[(nil), 30]:              0
Stats[(nil), 31]:    0.179478387
