Numbers: 12000, pid: 7579 Space Used : 0 Time Stamp : 1533539862069
Time(microseconds): 177903.000000
Stats[(nil), 0]:      177957997
Stats[(nil), 1]:      177956425
Stats[(nil), 2]:             16
Stats[(nil), 3]:              0
Stats[(nil), 4]:              0
Stats[(nil), 5]:              0
Stats[(nil), 6]:           -nan
Stats[(nil), 7]:      212145411
Stats[(nil), 8]:      410336346
Stats[(nil), 9]:           -nan
Stats[(nil), 10]:            432
Stats[(nil), 11]:       36677983
Stats[(nil), 12]:           9417
Stats[(nil), 13]:           -nan
Stats[(nil), 14]:          53940
Stats[(nil), 15]:       16399276
Stats[(nil), 16]:            335
Stats[(nil), 17]:         405042
Stats[(nil), 18]:        1325021
Stats[(nil), 19]:           9543
Stats[(nil), 20]:           1035
Stats[(nil), 21]:             95
Stats[(nil), 22]:            233
Stats[(nil), 23]:              0
Stats[(nil), 24]:              0
Stats[(nil), 25]:              0
Stats[(nil), 26]:              0
Stats[(nil), 27]:              0
Stats[(nil), 28]:              0
Stats[(nil), 29]:              0
Stats[(nil), 30]:              0
Stats[(nil), 31]:    0.180572686
