Numbers: 12500, pid: 7581 Space Used : 0 Time Stamp : 1533539862267
Time(microseconds): 193789.000000
Stats[(nil), 0]:      193859332
Stats[(nil), 1]:      193857118
Stats[(nil), 2]:             18
Stats[(nil), 3]:              0
Stats[(nil), 4]:              0
Stats[(nil), 5]:              0
Stats[(nil), 6]:           -nan
Stats[(nil), 7]:      245347466
Stats[(nil), 8]:      487996405
Stats[(nil), 9]:           -nan
Stats[(nil), 10]:            403
Stats[(nil), 11]:       43462655
Stats[(nil), 12]:          10161
Stats[(nil), 13]:           -nan
Stats[(nil), 14]:         127405
Stats[(nil), 15]:       15977106
Stats[(nil), 16]:            492
Stats[(nil), 17]:         400970
Stats[(nil), 18]:        1281772
Stats[(nil), 19]:           8675
Stats[(nil), 20]:           1344
Stats[(nil), 21]:             60
Stats[(nil), 22]:            150
Stats[(nil), 23]:              0
Stats[(nil), 24]:              0
Stats[(nil), 25]:              0
Stats[(nil), 26]:              0
Stats[(nil), 27]:              0
Stats[(nil), 28]:              0
Stats[(nil), 29]:              0
Stats[(nil), 30]:              0
Stats[(nil), 31]:    0.196125336
