Numbers: 12500, pid: 7583 Space Used : 0 Time Stamp : 1533539862464
Time(microseconds): 193023.000000
Stats[(nil), 0]:      193059224
Stats[(nil), 1]:      193058075
Stats[(nil), 2]:             16
Stats[(nil), 3]:              0
Stats[(nil), 4]:              0
Stats[(nil), 5]:              0
Stats[(nil), 6]:           -nan
Stats[(nil), 7]:      248048701
Stats[(nil), 8]:      486595659
Stats[(nil), 9]:           -nan
Stats[(nil), 10]:            362
Stats[(nil), 11]:       43282707
Stats[(nil), 12]:           9383
Stats[(nil), 13]:           -nan
Stats[(nil), 14]:          86644
Stats[(nil), 15]:       15929216
Stats[(nil), 16]:            292
Stats[(nil), 17]:         410060
Stats[(nil), 18]:        1335879
Stats[(nil), 19]:           5310
Stats[(nil), 20]:            267
Stats[(nil), 21]:             45
Stats[(nil), 22]:            120
Stats[(nil), 23]:              0
Stats[(nil), 24]:              0
Stats[(nil), 25]:              0
Stats[(nil), 26]:              0
Stats[(nil), 27]:              0
Stats[(nil), 28]:              0
Stats[(nil), 29]:              0
Stats[(nil), 30]:              0
Stats[(nil), 31]:    0.195125754
