Numbers: 12500, pid: 7585 Space Used : 0 Time Stamp : 1533539862662
Time(microseconds): 193235.000000
Stats[(nil), 0]:      193287926
Stats[(nil), 1]:      193286299
Stats[(nil), 2]:             17
Stats[(nil), 3]:              0
Stats[(nil), 4]:              0
Stats[(nil), 5]:              0
Stats[(nil), 6]:           -nan
Stats[(nil), 7]:      245314305
Stats[(nil), 8]:      484020387
Stats[(nil), 9]:           -nan
Stats[(nil), 10]:            378
Stats[(nil), 11]:       43271891
Stats[(nil), 12]:           9268
Stats[(nil), 13]:           -nan
Stats[(nil), 14]:          55191
Stats[(nil), 15]:       16539698
Stats[(nil), 16]:            287
Stats[(nil), 17]:         360927
Stats[(nil), 18]:        1489881
Stats[(nil), 19]:           6932
Stats[(nil), 20]:           2135
Stats[(nil), 21]:            248
Stats[(nil), 22]:            305
Stats[(nil), 23]:              0
Stats[(nil), 24]:              0
Stats[(nil), 25]:              0
Stats[(nil), 26]:              0
Stats[(nil), 27]:              0
Stats[(nil), 28]:              0
Stats[(nil), 29]:              0
Stats[(nil), 30]:              0
Stats[(nil), 31]:    0.195405836
