Numbers: 12500, pid: 7587 Space Used : 0 Time Stamp : 1533539862860
Time(microseconds): 193041.000000
Stats[(nil), 0]:      193085528
Stats[(nil), 1]:      193084335
Stats[(nil), 2]:             16
Stats[(nil), 3]:              0
Stats[(nil), 4]:              0
Stats[(nil), 5]:              0
Stats[(nil), 6]:           -nan
Stats[(nil), 7]:      248093554
Stats[(nil), 8]:      486319928
Stats[(nil), 9]:           -nan
Stats[(nil), 10]:            342
Stats[(nil), 11]:       43267102
Stats[(nil), 12]:           8689
Stats[(nil), 13]:           -nan
Stats[(nil), 14]:          61177
Stats[(nil), 15]:       16453314
Stats[(nil), 16]:            273
Stats[(nil), 17]:         368518
Stats[(nil), 18]:        1438301
Stats[(nil), 19]:           7394
Stats[(nil), 20]:           3021
Stats[(nil), 21]:             80
Stats[(nil), 22]:            345
Stats[(nil), 23]:              0
Stats[(nil), 24]:              0
Stats[(nil), 25]:              0
Stats[(nil), 26]:              0
Stats[(nil), 27]:              0
Stats[(nil), 28]:              0
Stats[(nil), 29]:              0
Stats[(nil), 30]:              0
Stats[(nil), 31]:    0.195164933
