Numbers: 12500, pid: 7589 Space Used : 0 Time Stamp : 1533539863057
Time(microseconds): 193161.000000
Stats[(nil), 0]:      193192568
Stats[(nil), 1]:      193191869
Stats[(nil), 2]:             17
Stats[(nil), 3]:              0
Stats[(nil), 4]:              0
Stats[(nil), 5]:              0
Stats[(nil), 6]:           -nan
Stats[(nil), 7]:      246887650
Stats[(nil), 8]:      483880294
Stats[(nil), 9]:           -nan
Stats[(nil), 10]:            171
Stats[(nil), 11]:       43230220
Stats[(nil), 12]:           8419
Stats[(nil), 13]:           -nan
Stats[(nil), 14]:          59488
Stats[(nil), 15]:       16685293
Stats[(nil), 16]:            277
Stats[(nil), 17]:         407209
Stats[(nil), 18]:        1348511
Stats[(nil), 19]:           6629
Stats[(nil), 20]:           3501
Stats[(nil), 21]:            199
Stats[(nil), 22]:            330
Stats[(nil), 23]:              0
Stats[(nil), 24]:              0
Stats[(nil), 25]:              0
Stats[(nil), 26]:              0
Stats[(nil), 27]:              0
Stats[(nil), 28]:              0
Stats[(nil), 29]:              0
Stats[(nil), 30]:              0
Stats[(nil), 31]:    0.195298807
