Numbers: 13000, pid: 7591 Space Used : 0 Time Stamp : 1533539863267
Time(microseconds): 205236.000000
Stats[(nil), 0]:      205287009
Stats[(nil), 1]:      205285257
Stats[(nil), 2]:             20
Stats[(nil), 3]:              0
Stats[(nil), 4]:              0
Stats[(nil), 5]:              0
Stats[(nil), 6]:           -nan
Stats[(nil), 7]:      244911591
Stats[(nil), 8]:      493628389
Stats[(nil), 9]:           -nan
Stats[(nil), 10]:           1011
Stats[(nil), 11]:       48456839
Stats[(nil), 12]:          12484
Stats[(nil), 13]:           -nan
Stats[(nil), 14]:         108827
Stats[(nil), 15]:       17267995
Stats[(nil), 16]:            353
Stats[(nil), 17]:         405420
Stats[(nil), 18]:        1356775
Stats[(nil), 19]:          10427
Stats[(nil), 20]:           1697
Stats[(nil), 21]:            425
Stats[(nil), 22]:            764
Stats[(nil), 23]:              0
Stats[(nil), 24]:              0
Stats[(nil), 25]:              0
Stats[(nil), 26]:              0
Stats[(nil), 27]:              0
Stats[(nil), 28]:              0
Stats[(nil), 29]:              0
Stats[(nil), 30]:              0
Stats[(nil), 31]:    0.207517007
