Numbers: 13000, pid: 7593 Space Used : 0 Time Stamp : 1533539863478
Time(microseconds): 206262.000000
Stats[(nil), 0]:      206294803
Stats[(nil), 1]:      206294216
Stats[(nil), 2]:             17
Stats[(nil), 3]:              0
Stats[(nil), 4]:              0
Stats[(nil), 5]:              0
Stats[(nil), 6]:           -nan
Stats[(nil), 7]:      248307355
Stats[(nil), 8]:      500242779
Stats[(nil), 9]:           -nan
Stats[(nil), 10]:            453
Stats[(nil), 11]:       48577828
Stats[(nil), 12]:          10328
Stats[(nil), 13]:           -nan
Stats[(nil), 14]:          96024
Stats[(nil), 15]:       17279911
Stats[(nil), 16]:            257
Stats[(nil), 17]:         396682
Stats[(nil), 18]:        1482520
Stats[(nil), 19]:           8890
Stats[(nil), 20]:           3393
Stats[(nil), 21]:            156
Stats[(nil), 22]:            216
Stats[(nil), 23]:              0
Stats[(nil), 24]:              0
Stats[(nil), 25]:              0
Stats[(nil), 26]:              0
Stats[(nil), 27]:              0
Stats[(nil), 28]:              0
Stats[(nil), 29]:              0
Stats[(nil), 30]:              0
Stats[(nil), 31]:    0.208417951
