Numbers: 13000, pid: 7595 Space Used : 0 Time Stamp : 1533539863712
Time(microseconds): 205373.000000
Stats[(nil), 0]:      205411052
Stats[(nil), 1]:      205409834
Stats[(nil), 2]:             17
Stats[(nil), 3]:              0
Stats[(nil), 4]:              0
Stats[(nil), 5]:              0
Stats[(nil), 6]:           -nan
Stats[(nil), 7]:      250340107
Stats[(nil), 8]:      509787836
Stats[(nil), 9]:           -nan
Stats[(nil), 10]:            309
Stats[(nil), 11]:       48023263
Stats[(nil), 12]:           7138
Stats[(nil), 13]:           -nan
Stats[(nil), 14]:         125496
Stats[(nil), 15]:       16416584
Stats[(nil), 16]:            181
Stats[(nil), 17]:         406434
Stats[(nil), 18]:        1299310
Stats[(nil), 19]:           4883
Stats[(nil), 20]:            405
Stats[(nil), 21]:             14
Stats[(nil), 22]:             45
Stats[(nil), 23]:              0
Stats[(nil), 24]:              0
Stats[(nil), 25]:              0
Stats[(nil), 26]:              0
Stats[(nil), 27]:              0
Stats[(nil), 28]:              0
Stats[(nil), 29]:              0
Stats[(nil), 30]:              0
Stats[(nil), 31]:    0.207561528
