Numbers: 13000, pid: 7597 Space Used : 0 Time Stamp : 1533539863923
Time(microseconds): 206650.000000
Stats[(nil), 0]:      206680163
Stats[(nil), 1]:      206678601
Stats[(nil), 2]:             18
Stats[(nil), 3]:              0
Stats[(nil), 4]:              0
Stats[(nil), 5]:              0
Stats[(nil), 6]:           -nan
Stats[(nil), 7]:      245852153
Stats[(nil), 8]:      500509530
Stats[(nil), 9]:           -nan
Stats[(nil), 10]:            700
Stats[(nil), 11]:       48075542
Stats[(nil), 12]:           9820
Stats[(nil), 13]:           -nan
Stats[(nil), 14]:         102124
Stats[(nil), 15]:       17690799
Stats[(nil), 16]:            176
Stats[(nil), 17]:         406586
Stats[(nil), 18]:        1253598
Stats[(nil), 19]:           5319
Stats[(nil), 20]:            267
Stats[(nil), 21]:             67
Stats[(nil), 22]:            467
Stats[(nil), 23]:              0
Stats[(nil), 24]:              0
Stats[(nil), 25]:              0
Stats[(nil), 26]:              0
Stats[(nil), 27]:              0
Stats[(nil), 28]:              0
Stats[(nil), 29]:              0
Stats[(nil), 30]:              0
Stats[(nil), 31]:    0.208822220
