Numbers: 13000, pid: 7599 Space Used : 0 Time Stamp : 1533539864132
Time(microseconds): 204661.000000
Stats[(nil), 0]:      204722452
Stats[(nil), 1]:      204721870
Stats[(nil), 2]:             17
Stats[(nil), 3]:              0
Stats[(nil), 4]:              0
Stats[(nil), 5]:              0
Stats[(nil), 6]:           -nan
Stats[(nil), 7]:      247968059
Stats[(nil), 8]:      506152134
Stats[(nil), 9]:           -nan
Stats[(nil), 10]:            804
Stats[(nil), 11]:       48091629
Stats[(nil), 12]:          11755
Stats[(nil), 13]:           -nan
Stats[(nil), 14]:          85230
Stats[(nil), 15]:       16452290
Stats[(nil), 16]:            229
Stats[(nil), 17]:         408990
Stats[(nil), 18]:        1312150
Stats[(nil), 19]:           5945
Stats[(nil), 20]:            319
Stats[(nil), 21]:             19
Stats[(nil), 22]:             63
Stats[(nil), 23]:              0
Stats[(nil), 24]:              0
Stats[(nil), 25]:              0
Stats[(nil), 26]:              0
Stats[(nil), 27]:              0
Stats[(nil), 28]:              0
Stats[(nil), 29]:              0
Stats[(nil), 30]:              0
Stats[(nil), 31]:    0.206939018
