Numbers: 13500, pid: 7601 Space Used : 0 Time Stamp : 1533539864361
Time(microseconds): 223384.000000
Stats[(nil), 0]:      223436141
Stats[(nil), 1]:      223433674
Stats[(nil), 2]:             28
Stats[(nil), 3]:              0
Stats[(nil), 4]:              0
Stats[(nil), 5]:              0
Stats[(nil), 6]:           -nan
Stats[(nil), 7]:      252032204
Stats[(nil), 8]:      508456358
Stats[(nil), 9]:           -nan
Stats[(nil), 10]:           1022
Stats[(nil), 11]:       49851742
Stats[(nil), 12]:          12268
Stats[(nil), 13]:           -nan
Stats[(nil), 14]:         216615
Stats[(nil), 15]:       22907624
Stats[(nil), 16]:            453
Stats[(nil), 17]:         388627
Stats[(nil), 18]:        6186337
Stats[(nil), 19]:           7359
Stats[(nil), 20]:            908
Stats[(nil), 21]:             60
Stats[(nil), 22]:            265
Stats[(nil), 23]:              0
Stats[(nil), 24]:              0
Stats[(nil), 25]:              0
Stats[(nil), 26]:              0
Stats[(nil), 27]:              0
Stats[(nil), 28]:              0
Stats[(nil), 29]:              0
Stats[(nil), 30]:              0
Stats[(nil), 31]:    0.225942853
