Numbers: 13500, pid: 7603 Space Used : 0 Time Stamp : 1533539864588
Time(microseconds): 222507.000000
Stats[(nil), 0]:      222535644
Stats[(nil), 1]:      222534616
Stats[(nil), 2]:             20
Stats[(nil), 3]:              0
Stats[(nil), 4]:              0
Stats[(nil), 5]:              0
Stats[(nil), 6]:           -nan
Stats[(nil), 7]:      253971452
Stats[(nil), 8]:      509930309
Stats[(nil), 9]:           -nan
Stats[(nil), 10]:            592
Stats[(nil), 11]:       50053677
Stats[(nil), 12]:          12707
Stats[(nil), 13]:           -nan
Stats[(nil), 14]:         208334
Stats[(nil), 15]:       23188087
Stats[(nil), 16]:            284
Stats[(nil), 17]:         405592
Stats[(nil), 18]:        1352585
Stats[(nil), 19]:           7640
Stats[(nil), 20]:            751
Stats[(nil), 21]:              8
Stats[(nil), 22]:            311
Stats[(nil), 23]:              0
Stats[(nil), 24]:              0
Stats[(nil), 25]:              0
Stats[(nil), 26]:              0
Stats[(nil), 27]:              0
Stats[(nil), 28]:              0
Stats[(nil), 29]:              0
Stats[(nil), 30]:              0
Stats[(nil), 31]:    0.225039979
