Numbers: 13500, pid: 7605 Space Used : 0 Time Stamp : 1533539864814
Time(microseconds): 221148.000000
Stats[(nil), 0]:      221177629
Stats[(nil), 1]:      221177377
Stats[(nil), 2]:             19
Stats[(nil), 3]:              0
Stats[(nil), 4]:              0
Stats[(nil), 5]:              0
Stats[(nil), 6]:           -nan
Stats[(nil), 7]:      245545100
Stats[(nil), 8]:      499959128
Stats[(nil), 9]:           -nan
Stats[(nil), 10]:            248
Stats[(nil), 11]:       49573713
Stats[(nil), 12]:           7069
Stats[(nil), 13]:           -nan
Stats[(nil), 14]:         210827
Stats[(nil), 15]:       23920246
Stats[(nil), 16]:            313
Stats[(nil), 17]:         404870
Stats[(nil), 18]:        1299200
Stats[(nil), 19]:           6177
Stats[(nil), 20]:           3832
Stats[(nil), 21]:            236
Stats[(nil), 22]:            117
Stats[(nil), 23]:              0
Stats[(nil), 24]:              0
Stats[(nil), 25]:              0
Stats[(nil), 26]:              0
Stats[(nil), 27]:              0
Stats[(nil), 28]:              0
Stats[(nil), 29]:              0
Stats[(nil), 30]:              0
Stats[(nil), 31]:    0.223345215
