Numbers: 13500, pid: 7607 Space Used : 0 Time Stamp : 1533539865044
Time(microseconds): 225148.000000
Stats[(nil), 0]:      225161833
Stats[(nil), 1]:      225161441
Stats[(nil), 2]:             19
Stats[(nil), 3]:              0
Stats[(nil), 4]:              0
Stats[(nil), 5]:              0
Stats[(nil), 6]:           -nan
Stats[(nil), 7]:      251624248
Stats[(nil), 8]:      508351602
Stats[(nil), 9]:           -nan
Stats[(nil), 10]:            552
Stats[(nil), 11]:       49516136
Stats[(nil), 12]:           9253
Stats[(nil), 13]:           -nan
Stats[(nil), 14]:         286881
Stats[(nil), 15]:       23161699
Stats[(nil), 16]:            414
Stats[(nil), 17]:         407604
Stats[(nil), 18]:        1396674
Stats[(nil), 19]:           5879
Stats[(nil), 20]:            338
Stats[(nil), 21]:             27
Stats[(nil), 22]:             30
Stats[(nil), 23]:              0
Stats[(nil), 24]:              0
Stats[(nil), 25]:              0
Stats[(nil), 26]:              0
Stats[(nil), 27]:              0
Stats[(nil), 28]:              0
Stats[(nil), 29]:              0
Stats[(nil), 30]:              0
Stats[(nil), 31]:    0.227463407
