Numbers: 13500, pid: 7610 Space Used : 0 Time Stamp : 1533539865271
Time(microseconds): 222799.000000
Stats[(nil), 0]:      222841489
Stats[(nil), 1]:      222839608
Stats[(nil), 2]:             19
Stats[(nil), 3]:              0
Stats[(nil), 4]:              0
Stats[(nil), 5]:              0
Stats[(nil), 6]:           -nan
Stats[(nil), 7]:      247491198
Stats[(nil), 8]:      496017459
Stats[(nil), 9]:           -nan
Stats[(nil), 10]:            626
Stats[(nil), 11]:       48929519
Stats[(nil), 12]:          10498
Stats[(nil), 13]:           -nan
Stats[(nil), 14]:         214386
Stats[(nil), 15]:       24167050
Stats[(nil), 16]:            337
Stats[(nil), 17]:         404691
Stats[(nil), 18]:        1397982
Stats[(nil), 19]:           6751
Stats[(nil), 20]:           1287
Stats[(nil), 21]:             34
Stats[(nil), 22]:            165
Stats[(nil), 23]:              0
Stats[(nil), 24]:              0
Stats[(nil), 25]:              0
Stats[(nil), 26]:              0
Stats[(nil), 27]:              0
Stats[(nil), 28]:              0
Stats[(nil), 29]:              0
Stats[(nil), 30]:              0
Stats[(nil), 31]:    0.225084750
