Numbers: 14000, pid: 7612 Space Used : 0 Time Stamp : 1533539865514
Time(microseconds): 238262.000000
Stats[(nil), 0]:      238352387
Stats[(nil), 1]:      238350264
Stats[(nil), 2]:             22
Stats[(nil), 3]:              0
Stats[(nil), 4]:              0
Stats[(nil), 5]:              0
Stats[(nil), 6]:           -nan
Stats[(nil), 7]:      248376621
Stats[(nil), 8]:      502402533
Stats[(nil), 9]:           -nan
Stats[(nil), 10]:           1130
Stats[(nil), 11]:       49762541
Stats[(nil), 12]:          10852
Stats[(nil), 13]:           -nan
Stats[(nil), 14]:         223208
Stats[(nil), 15]:       24897072
Stats[(nil), 16]:            407
Stats[(nil), 17]:         597458
Stats[(nil), 18]:        1874100
Stats[(nil), 19]:          10689
Stats[(nil), 20]:           1996
Stats[(nil), 21]:            197
Stats[(nil), 22]:            296
Stats[(nil), 23]:              0
Stats[(nil), 24]:              0
Stats[(nil), 25]:              0
Stats[(nil), 26]:              0
Stats[(nil), 27]:              0
Stats[(nil), 28]:              0
Stats[(nil), 29]:              0
Stats[(nil), 30]:              0
Stats[(nil), 31]:    0.240676650
