Numbers: 14000, pid: 7614 Space Used : 0 Time Stamp : 1533539865757
Time(microseconds): 237613.000000
Stats[(nil), 0]:      237680317
Stats[(nil), 1]:      237678631
Stats[(nil), 2]:             29
Stats[(nil), 3]:              0
Stats[(nil), 4]:              0
Stats[(nil), 5]:              0
Stats[(nil), 6]:           -nan
Stats[(nil), 7]:      247545283
Stats[(nil), 8]:      501310033
Stats[(nil), 9]:           -nan
Stats[(nil), 10]:            162
Stats[(nil), 11]:       49881290
Stats[(nil), 12]:          11848
Stats[(nil), 13]:           -nan
Stats[(nil), 14]:         212989
Stats[(nil), 15]:       25127781
Stats[(nil), 16]:            334
Stats[(nil), 17]:         597864
Stats[(nil), 18]:        2052618
Stats[(nil), 19]:          12417
Stats[(nil), 20]:           1635
Stats[(nil), 21]:            356
Stats[(nil), 22]:            229
Stats[(nil), 23]:              0
Stats[(nil), 24]:              0
Stats[(nil), 25]:              0
Stats[(nil), 26]:              0
Stats[(nil), 27]:              0
Stats[(nil), 28]:              0
Stats[(nil), 29]:              0
Stats[(nil), 30]:              0
Stats[(nil), 31]:    0.240532507
