Numbers: 14000, pid: 7616 Space Used : 0 Time Stamp : 1533539866004
Time(microseconds): 242042.000000
Stats[(nil), 0]:      242075441
Stats[(nil), 1]:      242073794
Stats[(nil), 2]:             20
Stats[(nil), 3]:              0
Stats[(nil), 4]:              0
Stats[(nil), 5]:              0
Stats[(nil), 6]:           -nan
Stats[(nil), 7]:      251740638
Stats[(nil), 8]:      493929269
Stats[(nil), 9]:           -nan
Stats[(nil), 10]:            430
Stats[(nil), 11]:       48729699
Stats[(nil), 12]:          10589
Stats[(nil), 13]:           -nan
Stats[(nil), 14]:         219180
Stats[(nil), 15]:       25015456
Stats[(nil), 16]:            407
Stats[(nil), 17]:         606751
Stats[(nil), 18]:        2038461
Stats[(nil), 19]:          12163
Stats[(nil), 20]:           1385
Stats[(nil), 21]:            112
Stats[(nil), 22]:            452
Stats[(nil), 23]:              0
Stats[(nil), 24]:              0
Stats[(nil), 25]:              0
Stats[(nil), 26]:              0
Stats[(nil), 27]:              0
Stats[(nil), 28]:              0
Stats[(nil), 29]:              0
Stats[(nil), 30]:              0
Stats[(nil), 31]:    0.244478950
