Numbers: 14000, pid: 7618 Space Used : 0 Time Stamp : 1533539866248
Time(microseconds): 239365.000000
Stats[(nil), 0]:      239383807
Stats[(nil), 1]:      239381694
Stats[(nil), 2]:             24
Stats[(nil), 3]:              0
Stats[(nil), 4]:              0
Stats[(nil), 5]:              0
Stats[(nil), 6]:           -nan
Stats[(nil), 7]:      245645845
Stats[(nil), 8]:      501286497
Stats[(nil), 9]:           -nan
Stats[(nil), 10]:            441
Stats[(nil), 11]:       48640035
Stats[(nil), 12]:           8277
Stats[(nil), 13]:           -nan
Stats[(nil), 14]:         203022
Stats[(nil), 15]:       25015350
Stats[(nil), 16]:            397
Stats[(nil), 17]:         609803
Stats[(nil), 18]:        1810067
Stats[(nil), 19]:          10082
Stats[(nil), 20]:            929
Stats[(nil), 21]:            259
Stats[(nil), 22]:             85
Stats[(nil), 23]:              0
Stats[(nil), 24]:              0
Stats[(nil), 25]:              0
Stats[(nil), 26]:              0
Stats[(nil), 27]:              0
Stats[(nil), 28]:              0
Stats[(nil), 29]:              0
Stats[(nil), 30]:              0
Stats[(nil), 31]:    0.241769605
