Numbers: 14000, pid: 7620 Space Used : 0 Time Stamp : 1533539866491
Time(microseconds): 238876.000000
Stats[(nil), 0]:      238897354
Stats[(nil), 1]:      238895019
Stats[(nil), 2]:             23
Stats[(nil), 3]:              0
Stats[(nil), 4]:              0
Stats[(nil), 5]:              0
Stats[(nil), 6]:           -nan
Stats[(nil), 7]:      257681405
Stats[(nil), 8]:      521764350
Stats[(nil), 9]:           -nan
Stats[(nil), 10]:            450
Stats[(nil), 11]:       49289377
Stats[(nil), 12]:           9002
Stats[(nil), 13]:           -nan
Stats[(nil), 14]:         238200
Stats[(nil), 15]:       24783225
Stats[(nil), 16]:            360
Stats[(nil), 17]:         590936
Stats[(nil), 18]:        1844376
Stats[(nil), 19]:          11499
Stats[(nil), 20]:           2412
Stats[(nil), 21]:            219
Stats[(nil), 22]:            711
Stats[(nil), 23]:              0
Stats[(nil), 24]:              0
Stats[(nil), 25]:              0
Stats[(nil), 26]:              0
Stats[(nil), 27]:              0
Stats[(nil), 28]:              0
Stats[(nil), 29]:              0
Stats[(nil), 30]:              0
Stats[(nil), 31]:    0.241420359
