Numbers: 14500, pid: 7622 Space Used : 0 Time Stamp : 1533539866755
Time(microseconds): 259475.000000
Stats[(nil), 0]:      259497452
Stats[(nil), 1]:      259496090
Stats[(nil), 2]:             27
Stats[(nil), 3]:              0
Stats[(nil), 4]:              0
Stats[(nil), 5]:              0
Stats[(nil), 6]:           -nan
Stats[(nil), 7]:      289076564
Stats[(nil), 8]:      563830744
Stats[(nil), 9]:           -nan
Stats[(nil), 10]:           1084
Stats[(nil), 11]:       50800917
Stats[(nil), 12]:           9285
Stats[(nil), 13]:           -nan
Stats[(nil), 14]:         208147
Stats[(nil), 15]:       24906728
Stats[(nil), 16]:            409
Stats[(nil), 17]:         601115
Stats[(nil), 18]:        1877575
Stats[(nil), 19]:          10773
Stats[(nil), 20]:           1970
Stats[(nil), 21]:             70
Stats[(nil), 22]:            241
Stats[(nil), 23]:              0
Stats[(nil), 24]:              0
Stats[(nil), 25]:              0
Stats[(nil), 26]:              0
Stats[(nil), 27]:              0
Stats[(nil), 28]:              0
Stats[(nil), 29]:              0
Stats[(nil), 30]:              0
Stats[(nil), 31]:    0.261998078
