Numbers: 14500, pid: 7624 Space Used : 0 Time Stamp : 1533539867016
Time(microseconds): 256707.000000
Stats[(nil), 0]:      256724416
Stats[(nil), 1]:      256723342
Stats[(nil), 2]:             23
Stats[(nil), 3]:              1
Stats[(nil), 4]:              0
Stats[(nil), 5]:              0
Stats[(nil), 6]:           -nan
Stats[(nil), 7]:      281249415
Stats[(nil), 8]:      561518808
Stats[(nil), 9]:           -nan
Stats[(nil), 10]:            425
Stats[(nil), 11]:       51117886
Stats[(nil), 12]:           9544
Stats[(nil), 13]:           -nan
Stats[(nil), 14]:         261147
Stats[(nil), 15]:       24280414
Stats[(nil), 16]:            386
Stats[(nil), 17]:         601979
Stats[(nil), 18]:        1882978
Stats[(nil), 19]:           8854
Stats[(nil), 20]:           1628
Stats[(nil), 21]:             25
Stats[(nil), 22]:            279
Stats[(nil), 23]:             -0
Stats[(nil), 24]:              0
Stats[(nil), 25]:              0
Stats[(nil), 26]:              0
Stats[(nil), 27]:              0
Stats[(nil), 28]:              0
Stats[(nil), 29]:              0
Stats[(nil), 30]:              0
Stats[(nil), 31]:    0.259229712
