Numbers: 14500, pid: 7626 Space Used : 0 Time Stamp : 1533539867278
Time(microseconds): 256473.000000
Stats[(nil), 0]:      256488170
Stats[(nil), 1]:      256486647
Stats[(nil), 2]:             26
Stats[(nil), 3]:              0
Stats[(nil), 4]:              0
Stats[(nil), 5]:              0
Stats[(nil), 6]:           -nan
Stats[(nil), 7]:      281294604
Stats[(nil), 8]:      556013136
Stats[(nil), 9]:           -nan
Stats[(nil), 10]:            917
Stats[(nil), 11]:       50877367
Stats[(nil), 12]:          14528
Stats[(nil), 13]:           -nan
Stats[(nil), 14]:         207864
Stats[(nil), 15]:       24748957
Stats[(nil), 16]:            448
Stats[(nil), 17]:         612629
Stats[(nil), 18]:        1879401
Stats[(nil), 19]:           9193
Stats[(nil), 20]:            982
Stats[(nil), 21]:             44
Stats[(nil), 22]:           1026
Stats[(nil), 23]:              0
Stats[(nil), 24]:              0
Stats[(nil), 25]:              0
Stats[(nil), 26]:              0
Stats[(nil), 27]:              0
Stats[(nil), 28]:              0
Stats[(nil), 29]:              0
Stats[(nil), 30]:              0
Stats[(nil), 31]:    0.258987670
