Numbers: 14500, pid: 7628 Space Used : 0 Time Stamp : 1533539867543
Time(microseconds): 260403.000000
Stats[(nil), 0]:      260402041
Stats[(nil), 1]:      260400695
Stats[(nil), 2]:             22
Stats[(nil), 3]:              1
Stats[(nil), 4]:              0
Stats[(nil), 5]:              0
Stats[(nil), 6]:           -nan
Stats[(nil), 7]:      295955159
Stats[(nil), 8]:      582457500
Stats[(nil), 9]:           -nan
Stats[(nil), 10]:            631
Stats[(nil), 11]:       51787066
Stats[(nil), 12]:          11402
Stats[(nil), 13]:           -nan
Stats[(nil), 14]:         191016
Stats[(nil), 15]:       23182157
Stats[(nil), 16]:            375
Stats[(nil), 17]:         613984
Stats[(nil), 18]:        1798138
Stats[(nil), 19]:           7483
Stats[(nil), 20]:            544
Stats[(nil), 21]:             40
Stats[(nil), 22]:            266
Stats[(nil), 23]:              0
Stats[(nil), 24]:              0
Stats[(nil), 25]:              0
Stats[(nil), 26]:              0
Stats[(nil), 27]:              0
Stats[(nil), 28]:              0
Stats[(nil), 29]:              0
Stats[(nil), 30]:              0
Stats[(nil), 31]:    0.262872721
