Numbers: 14500, pid: 7630 Space Used : 0 Time Stamp : 1533539867803
Time(microseconds): 255216.000000
Stats[(nil), 0]:      255237739
Stats[(nil), 1]:      255235788
Stats[(nil), 2]:             24
Stats[(nil), 3]:              0
Stats[(nil), 4]:              0
Stats[(nil), 5]:              0
Stats[(nil), 6]:           -nan
Stats[(nil), 7]:      276749674
Stats[(nil), 8]:      552116311
Stats[(nil), 9]:           -nan
Stats[(nil), 10]:            457
Stats[(nil), 11]:       50619584
Stats[(nil), 12]:          11989
Stats[(nil), 13]:           -nan
Stats[(nil), 14]:         206142
Stats[(nil), 15]:       25121686
Stats[(nil), 16]:            319
Stats[(nil), 17]:         610898
Stats[(nil), 18]:        1951620
Stats[(nil), 19]:          10646
Stats[(nil), 20]:           1742
Stats[(nil), 21]:            450
Stats[(nil), 22]:            460
Stats[(nil), 23]:              0
Stats[(nil), 24]:              0
Stats[(nil), 25]:              0
Stats[(nil), 26]:              0
Stats[(nil), 27]:              0
Stats[(nil), 28]:              0
Stats[(nil), 29]:              0
Stats[(nil), 30]:              0
Stats[(nil), 31]:    0.257683941
