Numbers: 15000, pid: 7632 Space Used : 0 Time Stamp : 1533539868085
Time(microseconds): 276391.000000
Stats[(nil), 0]:      276355969
Stats[(nil), 1]:      276354942
Stats[(nil), 2]:             33
Stats[(nil), 3]:              0
Stats[(nil), 4]:              0
Stats[(nil), 5]:              0
Stats[(nil), 6]:           -nan
Stats[(nil), 7]:      335868243
Stats[(nil), 8]:      651127973
Stats[(nil), 9]:           -nan
Stats[(nil), 10]:           1153
Stats[(nil), 11]:       57087404
Stats[(nil), 12]:          12661
Stats[(nil), 13]:           -nan
Stats[(nil), 14]:         220061
Stats[(nil), 15]:       24852552
Stats[(nil), 16]:            500
Stats[(nil), 17]:         609793
Stats[(nil), 18]:        1963066
Stats[(nil), 19]:          12012
Stats[(nil), 20]:           1750
Stats[(nil), 21]:             44
Stats[(nil), 22]:            662
Stats[(nil), 23]:              0
Stats[(nil), 24]:              0
Stats[(nil), 25]:              0
Stats[(nil), 26]:              0
Stats[(nil), 27]:              0
Stats[(nil), 28]:              0
Stats[(nil), 29]:              0
Stats[(nil), 30]:              0
Stats[(nil), 31]:    0.279118728
