Numbers: 15000, pid: 7634 Space Used : 0 Time Stamp : 1533539868366
Time(microseconds): 275470.000000
Stats[(nil), 0]:      275648821
Stats[(nil), 1]:      275648569
Stats[(nil), 2]:             71
Stats[(nil), 3]:              0
Stats[(nil), 4]:              0
Stats[(nil), 5]:              0
Stats[(nil), 6]:           -nan
Stats[(nil), 7]:      337641470
Stats[(nil), 8]:      660583588
Stats[(nil), 9]:           -nan
Stats[(nil), 10]:            678
Stats[(nil), 11]:       59047935
Stats[(nil), 12]:          15962
Stats[(nil), 13]:           -nan
Stats[(nil), 14]:         267174
Stats[(nil), 15]:       24196920
Stats[(nil), 16]:            706
Stats[(nil), 17]:         606197
Stats[(nil), 18]:        1852072
Stats[(nil), 19]:          17045
Stats[(nil), 20]:           2048
Stats[(nil), 21]:             29
Stats[(nil), 22]:            923
Stats[(nil), 23]:              0
Stats[(nil), 24]:              0
Stats[(nil), 25]:              0
Stats[(nil), 26]:              0
Stats[(nil), 27]:              0
Stats[(nil), 28]:              0
Stats[(nil), 29]:              0
Stats[(nil), 30]:              0
Stats[(nil), 31]:    0.278922938
