Numbers: 15000, pid: 7638 Space Used : 0 Time Stamp : 1533539868927
Time(microseconds): 276109.000000
Stats[(nil), 0]:      276130764
Stats[(nil), 1]:      276128299
Stats[(nil), 2]:             23
Stats[(nil), 3]:              0
Stats[(nil), 4]:              0
Stats[(nil), 5]:              0
Stats[(nil), 6]:           -nan
Stats[(nil), 7]:      334587907
Stats[(nil), 8]:      652116669
Stats[(nil), 9]:           -nan
Stats[(nil), 10]:           1082
Stats[(nil), 11]:       58938606
Stats[(nil), 12]:          10437
Stats[(nil), 13]:           -nan
Stats[(nil), 14]:         210384
Stats[(nil), 15]:       24771705
Stats[(nil), 16]:            369
Stats[(nil), 17]:         609037
Stats[(nil), 18]:        1913386
Stats[(nil), 19]:           9425
Stats[(nil), 20]:           2996
Stats[(nil), 21]:            303
Stats[(nil), 22]:           2249
Stats[(nil), 23]:              0
Stats[(nil), 24]:              0
Stats[(nil), 25]:              0
Stats[(nil), 26]:              0
Stats[(nil), 27]:              0
Stats[(nil), 28]:              0
Stats[(nil), 29]:              0
Stats[(nil), 30]:              0
Stats[(nil), 31]:    0.278649241
