Numbers: 15000, pid: 7640 Space Used : 0 Time Stamp : 1533539869207
Time(microseconds): 274887.000000
Stats[(nil), 0]:      274939178
Stats[(nil), 1]:      274938176
Stats[(nil), 2]:             23
Stats[(nil), 3]:              0
Stats[(nil), 4]:              0
Stats[(nil), 5]:              0
Stats[(nil), 6]:           -nan
Stats[(nil), 7]:      331879549
Stats[(nil), 8]:      646081380
Stats[(nil), 9]:           -nan
Stats[(nil), 10]:            792
Stats[(nil), 11]:       58404438
Stats[(nil), 12]:           9858
Stats[(nil), 13]:           -nan
Stats[(nil), 14]:         206843
Stats[(nil), 15]:       24991869
Stats[(nil), 16]:            351
Stats[(nil), 17]:         609265
Stats[(nil), 18]:        1917341
Stats[(nil), 19]:           9082
Stats[(nil), 20]:           1599
Stats[(nil), 21]:             27
Stats[(nil), 22]:            244
Stats[(nil), 23]:              0
Stats[(nil), 24]:              0
Stats[(nil), 25]:              0
Stats[(nil), 26]:              0
Stats[(nil), 27]:              0
Stats[(nil), 28]:              0
Stats[(nil), 29]:              0
Stats[(nil), 30]:              0
Stats[(nil), 31]:    0.277505111
