Numbers: 15500, pid: 7642 Space Used : 0 Time Stamp : 1533539869506
Time(microseconds): 294722.000000
Stats[(nil), 0]:      294788333
Stats[(nil), 1]:      294786579
Stats[(nil), 2]:             25
Stats[(nil), 3]:              0
Stats[(nil), 4]:              0
Stats[(nil), 5]:              0
Stats[(nil), 6]:           -nan
Stats[(nil), 7]:      133885824
Stats[(nil), 8]:      666117901
Stats[(nil), 9]:           -nan
Stats[(nil), 10]:            746
Stats[(nil), 11]:       67222804
Stats[(nil), 12]:          27955
Stats[(nil), 13]:           -nan
Stats[(nil), 14]:         281786
Stats[(nil), 15]:       23467668
Stats[(nil), 16]:            369
Stats[(nil), 17]:         600885
Stats[(nil), 18]:        1926223
Stats[(nil), 19]:          13161
Stats[(nil), 20]:           2083
Stats[(nil), 21]:             99
Stats[(nil), 22]:           1342
Stats[(nil), 23]:              0
Stats[(nil), 24]:              0
Stats[(nil), 25]:              0
Stats[(nil), 26]:              0
Stats[(nil), 27]:              0
Stats[(nil), 28]:              0
Stats[(nil), 29]:              0
Stats[(nil), 30]:              0
Stats[(nil), 31]:    0.297386016
