Numbers: 15500, pid: 7644 Space Used : 0 Time Stamp : 1533539869806
Time(microseconds): 294169.000000
Stats[(nil), 0]:      294204097
Stats[(nil), 1]:      294202790
Stats[(nil), 2]:             24
Stats[(nil), 3]:              0
Stats[(nil), 4]:              0
Stats[(nil), 5]:              0
Stats[(nil), 6]:           -nan
Stats[(nil), 7]:      370037589
Stats[(nil), 8]:      735239860
Stats[(nil), 9]:           -nan
Stats[(nil), 10]:            571
Stats[(nil), 11]:       66008632
Stats[(nil), 12]:          12340
Stats[(nil), 13]:           -nan
Stats[(nil), 14]:         203363
Stats[(nil), 15]:       25117591
Stats[(nil), 16]:            358
Stats[(nil), 17]:         611202
Stats[(nil), 18]:        1970782
Stats[(nil), 19]:           9265
Stats[(nil), 20]:            591
Stats[(nil), 21]:             70
Stats[(nil), 22]:            310
Stats[(nil), 23]:              0
Stats[(nil), 24]:              0
Stats[(nil), 25]:              0
Stats[(nil), 26]:              0
Stats[(nil), 27]:              0
Stats[(nil), 28]:              0
Stats[(nil), 29]:              0
Stats[(nil), 30]:              0
Stats[(nil), 31]:    0.297393248
