Numbers: 15500, pid: 7646 Space Used : 0 Time Stamp : 1533539870108
Time(microseconds): 295763.000000
Stats[(nil), 0]:      295815484
Stats[(nil), 1]:      295813140
Stats[(nil), 2]:             26
Stats[(nil), 3]:              0
Stats[(nil), 4]:              0
Stats[(nil), 5]:              0
Stats[(nil), 6]:           -nan
Stats[(nil), 7]:      369464063
Stats[(nil), 8]:      737600702
Stats[(nil), 9]:           -nan
Stats[(nil), 10]:           1557
Stats[(nil), 11]:       66805105
Stats[(nil), 12]:          10108
Stats[(nil), 13]:           -nan
Stats[(nil), 14]:         258754
Stats[(nil), 15]:       24407278
Stats[(nil), 16]:            416
Stats[(nil), 17]:         602225
Stats[(nil), 18]:        2075210
Stats[(nil), 19]:          13465
Stats[(nil), 20]:           1652
Stats[(nil), 21]:             57
Stats[(nil), 22]:            573
Stats[(nil), 23]:              0
Stats[(nil), 24]:              0
Stats[(nil), 25]:              0
Stats[(nil), 26]:              0
Stats[(nil), 27]:              0
Stats[(nil), 28]:              0
Stats[(nil), 29]:              0
Stats[(nil), 30]:              0
Stats[(nil), 31]:    0.299042210
