Numbers: 15500, pid: 7648 Space Used : 0 Time Stamp : 1533539870408
Time(microseconds): 295981.000000
Stats[(nil), 0]:      295985914
Stats[(nil), 1]:      295988600
Stats[(nil), 2]:             26
Stats[(nil), 3]:              0
Stats[(nil), 4]:              0
Stats[(nil), 5]:              0
Stats[(nil), 6]:           -nan
Stats[(nil), 7]:      368869486
Stats[(nil), 8]:      741444540
Stats[(nil), 9]:           -nan
Stats[(nil), 10]:            286
Stats[(nil), 11]:       66994270
Stats[(nil), 12]:          14507
Stats[(nil), 13]:           -nan
Stats[(nil), 14]:         227822
Stats[(nil), 15]:       24092169
Stats[(nil), 16]:            384
Stats[(nil), 17]:         575973
Stats[(nil), 18]:        2119498
Stats[(nil), 19]:          10090
Stats[(nil), 20]:           2133
Stats[(nil), 21]:             84
Stats[(nil), 22]:            364
Stats[(nil), 23]:              0
Stats[(nil), 24]:              0
Stats[(nil), 25]:              0
Stats[(nil), 26]:              0
Stats[(nil), 27]:              0
Stats[(nil), 28]:              0
Stats[(nil), 29]:              0
Stats[(nil), 30]:              0
Stats[(nil), 31]:    0.298647730
