Numbers: 15500, pid: 7650 Space Used : 0 Time Stamp : 1533539870707
Time(microseconds): 293334.000000
Stats[(nil), 0]:      293352917
Stats[(nil), 1]:      293351812
Stats[(nil), 2]:             26
Stats[(nil), 3]:              0
Stats[(nil), 4]:              0
Stats[(nil), 5]:              0
Stats[(nil), 6]:           -nan
Stats[(nil), 7]:      376286249
Stats[(nil), 8]:      739991435
Stats[(nil), 9]:           -nan
Stats[(nil), 10]:            499
Stats[(nil), 11]:       66096829
Stats[(nil), 12]:          11733
Stats[(nil), 13]:           -nan
Stats[(nil), 14]:         212097
Stats[(nil), 15]:       24784534
Stats[(nil), 16]:            321
Stats[(nil), 17]:         609760
Stats[(nil), 18]:        1899030
Stats[(nil), 19]:           7440
Stats[(nil), 20]:            670
Stats[(nil), 21]:             99
Stats[(nil), 22]:            345
Stats[(nil), 23]:              0
Stats[(nil), 24]:              0
Stats[(nil), 25]:              0
Stats[(nil), 26]:              0
Stats[(nil), 27]:              0
Stats[(nil), 28]:              0
Stats[(nil), 29]:              0
Stats[(nil), 30]:              0
Stats[(nil), 31]:    0.295906048
