Numbers: 16000, pid: 7652 Space Used : 0 Time Stamp : 1533539871026
Time(microseconds): 313893.000000
Stats[(nil), 0]:      313909632
Stats[(nil), 1]:      313908048
Stats[(nil), 2]:             29
Stats[(nil), 3]:              0
Stats[(nil), 4]:              0
Stats[(nil), 5]:              0
Stats[(nil), 6]:           -nan
Stats[(nil), 7]:      370261657
Stats[(nil), 8]:      745516811
Stats[(nil), 9]:           -nan
Stats[(nil), 10]:            443
Stats[(nil), 11]:       71415233
Stats[(nil), 12]:          15876
Stats[(nil), 13]:           -nan
Stats[(nil), 14]:         384966
Stats[(nil), 15]:       29984616
Stats[(nil), 16]:            441
Stats[(nil), 17]:         540158
Stats[(nil), 18]:        2139265
Stats[(nil), 19]:          13764
Stats[(nil), 20]:           5708
Stats[(nil), 21]:            259
Stats[(nil), 22]:            640
Stats[(nil), 23]:              0
Stats[(nil), 24]:              0
Stats[(nil), 25]:              0
Stats[(nil), 26]:              0
Stats[(nil), 27]:              0
Stats[(nil), 28]:              0
Stats[(nil), 29]:              0
Stats[(nil), 30]:              0
Stats[(nil), 31]:    0.316754478
