Numbers: 16000, pid: 7654 Space Used : 0 Time Stamp : 1533539871344
Time(microseconds): 312893.000000
Stats[(nil), 0]:      313017112
Stats[(nil), 1]:      313015993
Stats[(nil), 2]:             33
Stats[(nil), 3]:              0
Stats[(nil), 4]:              0
Stats[(nil), 5]:              0
Stats[(nil), 6]:           -nan
Stats[(nil), 7]:      371972357
Stats[(nil), 8]:      741955252
Stats[(nil), 9]:           -nan
Stats[(nil), 10]:            554
Stats[(nil), 11]:       71055965
Stats[(nil), 12]:          15592
Stats[(nil), 13]:           -nan
Stats[(nil), 14]:         349494
Stats[(nil), 15]:       29807789
Stats[(nil), 16]:            357
Stats[(nil), 17]:         609284
Stats[(nil), 18]:        2052981
Stats[(nil), 19]:           9743
Stats[(nil), 20]:            654
Stats[(nil), 21]:            113
Stats[(nil), 22]:            476
Stats[(nil), 23]:              0
Stats[(nil), 24]:              0
Stats[(nil), 25]:              0
Stats[(nil), 26]:              0
Stats[(nil), 27]:              0
Stats[(nil), 28]:              0
Stats[(nil), 29]:              0
Stats[(nil), 30]:              0
Stats[(nil), 31]:    0.316152565
