Numbers: 16000, pid: 7656 Space Used : 0 Time Stamp : 1533539871665
Time(microseconds): 315962.000000
Stats[(nil), 0]:      315957089
Stats[(nil), 1]:      315956798
Stats[(nil), 2]:             26
Stats[(nil), 3]:              0
Stats[(nil), 4]:              0
Stats[(nil), 5]:              0
Stats[(nil), 6]:           -nan
Stats[(nil), 7]:      378207679
Stats[(nil), 8]:      746315120
Stats[(nil), 9]:           -nan
Stats[(nil), 10]:            780
Stats[(nil), 11]:       71186525
Stats[(nil), 12]:          14400
Stats[(nil), 13]:           -nan
Stats[(nil), 14]:         397574
Stats[(nil), 15]:       29697440
Stats[(nil), 16]:            418
Stats[(nil), 17]:         610148
Stats[(nil), 18]:        2043383
Stats[(nil), 19]:           9078
Stats[(nil), 20]:            532
Stats[(nil), 21]:             81
Stats[(nil), 22]:           1867
Stats[(nil), 23]:              0
Stats[(nil), 24]:              0
Stats[(nil), 25]:              0
Stats[(nil), 26]:              0
Stats[(nil), 27]:              0
Stats[(nil), 28]:              0
Stats[(nil), 29]:              0
Stats[(nil), 30]:              0
Stats[(nil), 31]:    0.318614777
