Numbers: 16000, pid: 7658 Space Used : 0 Time Stamp : 1533539871982
Time(microseconds): 312806.000000
Stats[(nil), 0]:      312816620
Stats[(nil), 1]:      312815826
Stats[(nil), 2]:             29
Stats[(nil), 3]:              0
Stats[(nil), 4]:              0
Stats[(nil), 5]:              0
Stats[(nil), 6]:           -nan
Stats[(nil), 7]:      377381847
Stats[(nil), 8]:      751802557
Stats[(nil), 9]:           -nan
Stats[(nil), 10]:            803
Stats[(nil), 11]:       71763287
Stats[(nil), 12]:          11058
Stats[(nil), 13]:           -nan
Stats[(nil), 14]:         340411
Stats[(nil), 15]:       29144735
Stats[(nil), 16]:            314
Stats[(nil), 17]:         591688
Stats[(nil), 18]:        1930265
Stats[(nil), 19]:          14770
Stats[(nil), 20]:           2868
Stats[(nil), 21]:            141
Stats[(nil), 22]:            368
Stats[(nil), 23]:              0
Stats[(nil), 24]:              0
Stats[(nil), 25]:              0
Stats[(nil), 26]:              0
Stats[(nil), 27]:              0
Stats[(nil), 28]:              0
Stats[(nil), 29]:              0
Stats[(nil), 30]:              0
Stats[(nil), 31]:    0.315696680
