Numbers: 16000, pid: 7660 Space Used : 0 Time Stamp : 1533539872302
Time(microseconds): 314736.000000
Stats[(nil), 0]:      314832286
Stats[(nil), 1]:      314832618
Stats[(nil), 2]:             38
Stats[(nil), 3]:              0
Stats[(nil), 4]:              0
Stats[(nil), 5]:              0
Stats[(nil), 6]:           -nan
Stats[(nil), 7]:      372845412
Stats[(nil), 8]:      741260916
Stats[(nil), 9]:           -nan
Stats[(nil), 10]:            503
Stats[(nil), 11]:       70446310
Stats[(nil), 12]:          15277
Stats[(nil), 13]:           -nan
Stats[(nil), 14]:         372383
Stats[(nil), 15]:       30148433
Stats[(nil), 16]:            624
Stats[(nil), 17]:         603513
Stats[(nil), 18]:        2093188
Stats[(nil), 19]:          14382
Stats[(nil), 20]:           1194
Stats[(nil), 21]:             32
Stats[(nil), 22]:            261
Stats[(nil), 23]:              0
Stats[(nil), 24]:              0
Stats[(nil), 25]:              0
Stats[(nil), 26]:              0
Stats[(nil), 27]:              0
Stats[(nil), 28]:              0
Stats[(nil), 29]:              0
Stats[(nil), 30]:              0
Stats[(nil), 31]:    0.317701201
