Numbers: 16500, pid: 7662 Space Used : 0 Time Stamp : 1533539872640
Time(microseconds): 333075.000000
Stats[(nil), 0]:      333093113
Stats[(nil), 1]:      333089448
Stats[(nil), 2]:             30
Stats[(nil), 3]:              0
Stats[(nil), 4]:              0
Stats[(nil), 5]:              0
Stats[(nil), 6]:           -nan
Stats[(nil), 7]:      373894452
Stats[(nil), 8]:      744730569
Stats[(nil), 9]:           -nan
Stats[(nil), 10]:           1524
Stats[(nil), 11]:       71150403
Stats[(nil), 12]:          17477
Stats[(nil), 13]:           -nan
Stats[(nil), 14]:         406339
Stats[(nil), 15]:       33352565
Stats[(nil), 16]:            586
Stats[(nil), 17]:         793224
Stats[(nil), 18]:        2695140
Stats[(nil), 19]:          17757
Stats[(nil), 20]:           2017
Stats[(nil), 21]:            201
Stats[(nil), 22]:            278
Stats[(nil), 23]:              0
Stats[(nil), 24]:              0
Stats[(nil), 25]:              0
Stats[(nil), 26]:              0
Stats[(nil), 27]:              0
Stats[(nil), 28]:              0
Stats[(nil), 29]:              0
Stats[(nil), 30]:              0
Stats[(nil), 31]:    0.335875633
