Numbers: 16500, pid: 7664 Space Used : 0 Time Stamp : 1533539872976
Time(microseconds): 330655.000000
Stats[(nil), 0]:      330673807
Stats[(nil), 1]:      330673271
Stats[(nil), 2]:             34
Stats[(nil), 3]:              0
Stats[(nil), 4]:              0
Stats[(nil), 5]:              0
Stats[(nil), 6]:           -nan
Stats[(nil), 7]:      377627355
Stats[(nil), 8]:      758770952
Stats[(nil), 9]:           -nan
Stats[(nil), 10]:            461
Stats[(nil), 11]:       72463070
Stats[(nil), 12]:          14925
Stats[(nil), 13]:           -nan
Stats[(nil), 14]:         409642
Stats[(nil), 15]:       33505529
Stats[(nil), 16]:            381
Stats[(nil), 17]:         786682
Stats[(nil), 18]:        2536805
Stats[(nil), 19]:          11679
Stats[(nil), 20]:           1007
Stats[(nil), 21]:            144
Stats[(nil), 22]:            424
Stats[(nil), 23]:              0
Stats[(nil), 24]:              0
Stats[(nil), 25]:              0
Stats[(nil), 26]:              0
Stats[(nil), 27]:              0
Stats[(nil), 28]:              0
Stats[(nil), 29]:              0
Stats[(nil), 30]:              0
Stats[(nil), 31]:    0.333497674
