Numbers: 16500, pid: 7668 Space Used : 0 Time Stamp : 1533539873658
Time(microseconds): 330714.000000
Stats[(nil), 0]:      330760432
Stats[(nil), 1]:      330759537
Stats[(nil), 2]:             28
Stats[(nil), 3]:              0
Stats[(nil), 4]:              0
Stats[(nil), 5]:              0
Stats[(nil), 6]:           -nan
Stats[(nil), 7]:      371826357
Stats[(nil), 8]:      739566720
Stats[(nil), 9]:           -nan
Stats[(nil), 10]:            496
Stats[(nil), 11]:       71765626
Stats[(nil), 12]:          16550
Stats[(nil), 13]:           -nan
Stats[(nil), 14]:         404591
Stats[(nil), 15]:       33467669
Stats[(nil), 16]:            503
Stats[(nil), 17]:         810304
Stats[(nil), 18]:        2590445
Stats[(nil), 19]:          11320
Stats[(nil), 20]:            689
Stats[(nil), 21]:            106
Stats[(nil), 22]:            198
Stats[(nil), 23]:              0
Stats[(nil), 24]:              0
Stats[(nil), 25]:              0
Stats[(nil), 26]:              0
Stats[(nil), 27]:              0
Stats[(nil), 28]:              0
Stats[(nil), 29]:              0
Stats[(nil), 30]:              0
Stats[(nil), 31]:    0.333534539
