Numbers: 16500, pid: 7670 Space Used : 0 Time Stamp : 1533539874000
Time(microseconds): 336408.000000
Stats[(nil), 0]:      336414700
Stats[(nil), 1]:      336413257
Stats[(nil), 2]:             41
Stats[(nil), 3]:              1
Stats[(nil), 4]:              0
Stats[(nil), 5]:              0
Stats[(nil), 6]:           -nan
Stats[(nil), 7]:      372025680
Stats[(nil), 8]:      748256013
Stats[(nil), 9]:           -nan
Stats[(nil), 10]:           1677
Stats[(nil), 11]:       70502259
Stats[(nil), 12]:          17100
Stats[(nil), 13]:           -nan
Stats[(nil), 14]:         345454
Stats[(nil), 15]:       31402291
Stats[(nil), 16]:            515
Stats[(nil), 17]:         791983
Stats[(nil), 18]:        2447565
Stats[(nil), 19]:          13384
Stats[(nil), 20]:           2141
Stats[(nil), 21]:            389
Stats[(nil), 22]:            302
Stats[(nil), 23]:              0
Stats[(nil), 24]:              0
Stats[(nil), 25]:              0
Stats[(nil), 26]:              0
Stats[(nil), 27]:              0
Stats[(nil), 28]:              0
Stats[(nil), 29]:              0
Stats[(nil), 30]:              0
Stats[(nil), 31]:    0.339550691
