Numbers: 17000, pid: 7672 Space Used : 0 Time Stamp : 1533539874359
Time(microseconds): 354459.000000
Stats[(nil), 0]:      354491835
Stats[(nil), 1]:      354488373
Stats[(nil), 2]:             48
Stats[(nil), 3]:              0
Stats[(nil), 4]:              0
Stats[(nil), 5]:              0
Stats[(nil), 6]:           -nan
Stats[(nil), 7]:      409049625
Stats[(nil), 8]:      813536631
Stats[(nil), 9]:           -nan
Stats[(nil), 10]:           1274
Stats[(nil), 11]:       72929722
Stats[(nil), 12]:          17260
Stats[(nil), 13]:           -nan
Stats[(nil), 14]:         423620
Stats[(nil), 15]:       32525834
Stats[(nil), 16]:            667
Stats[(nil), 17]:         806629
Stats[(nil), 18]:        2714522
Stats[(nil), 19]:          15035
Stats[(nil), 20]:           1481
Stats[(nil), 21]:            122
Stats[(nil), 22]:            476
Stats[(nil), 23]:              0
Stats[(nil), 24]:              0
Stats[(nil), 25]:              0
Stats[(nil), 26]:              0
Stats[(nil), 27]:              0
Stats[(nil), 28]:              0
Stats[(nil), 29]:              0
Stats[(nil), 30]:              0
Stats[(nil), 31]:    0.357988912
