Numbers: 17000, pid: 7674 Space Used : 0 Time Stamp : 1533539874718
Time(microseconds): 353399.000000
Stats[(nil), 0]:      353431345
Stats[(nil), 1]:      353429847
Stats[(nil), 2]:             29
Stats[(nil), 3]:              0
Stats[(nil), 4]:              0
Stats[(nil), 5]:              0
Stats[(nil), 6]:           -nan
Stats[(nil), 7]:      404708144
Stats[(nil), 8]:      803635274
Stats[(nil), 9]:           -nan
Stats[(nil), 10]:           1107
Stats[(nil), 11]:       73323214
Stats[(nil), 12]:          15507
Stats[(nil), 13]:           -nan
Stats[(nil), 14]:         415546
Stats[(nil), 15]:       32890461
Stats[(nil), 16]:            552
Stats[(nil), 17]:         819046
Stats[(nil), 18]:        2449917
Stats[(nil), 19]:          10406
Stats[(nil), 20]:           3971
Stats[(nil), 21]:            294
Stats[(nil), 22]:           4465
Stats[(nil), 23]:              0
Stats[(nil), 24]:              0
Stats[(nil), 25]:              0
Stats[(nil), 26]:              0
Stats[(nil), 27]:              0
Stats[(nil), 28]:              0
Stats[(nil), 29]:              0
Stats[(nil), 30]:              0
Stats[(nil), 31]:    0.356441696
