Numbers: 17000, pid: 7676 Space Used : 0 Time Stamp : 1533539875082
Time(microseconds): 358141.000000
Stats[(nil), 0]:      358124172
Stats[(nil), 1]:      358121787
Stats[(nil), 2]:             30
Stats[(nil), 3]:              1
Stats[(nil), 4]:              0
Stats[(nil), 5]:              0
Stats[(nil), 6]:           -nan
Stats[(nil), 7]:      419104601
Stats[(nil), 8]:      818890079
Stats[(nil), 9]:           -nan
Stats[(nil), 10]:            880
Stats[(nil), 11]:       72334752
Stats[(nil), 12]:          10818
Stats[(nil), 13]:           -nan
Stats[(nil), 14]:         384354
Stats[(nil), 15]:       32886048
Stats[(nil), 16]:            384
Stats[(nil), 17]:         806950
Stats[(nil), 18]:        2449618
Stats[(nil), 19]:          10057
Stats[(nil), 20]:            750
Stats[(nil), 21]:             20
Stats[(nil), 22]:            249
Stats[(nil), 23]:              0
Stats[(nil), 24]:              0
Stats[(nil), 25]:              0
Stats[(nil), 26]:              0
Stats[(nil), 27]:              0
Stats[(nil), 28]:              0
Stats[(nil), 29]:              0
Stats[(nil), 30]:              0
Stats[(nil), 31]:    0.360938703
