Numbers: 17000, pid: 7680 Space Used : 0 Time Stamp : 1533539875800
Time(microseconds): 352742.000000
Stats[(nil), 0]:      352727545
Stats[(nil), 1]:      352726255
Stats[(nil), 2]:             32
Stats[(nil), 3]:              0
Stats[(nil), 4]:              0
Stats[(nil), 5]:              0
Stats[(nil), 6]:           -nan
Stats[(nil), 7]:      403865174
Stats[(nil), 8]:      790398913
Stats[(nil), 9]:           -nan
Stats[(nil), 10]:           1042
Stats[(nil), 11]:       72180882
Stats[(nil), 12]:          13376
Stats[(nil), 13]:           -nan
Stats[(nil), 14]:         392527
Stats[(nil), 15]:       33353481
Stats[(nil), 16]:            345
Stats[(nil), 17]:         814111
Stats[(nil), 18]:        2378155
Stats[(nil), 19]:           9918
Stats[(nil), 20]:           1750
Stats[(nil), 21]:             76
Stats[(nil), 22]:           1384
Stats[(nil), 23]:              0
Stats[(nil), 24]:              0
Stats[(nil), 25]:              0
Stats[(nil), 26]:              0
Stats[(nil), 27]:              0
Stats[(nil), 28]:              0
Stats[(nil), 29]:              0
Stats[(nil), 30]:              0
Stats[(nil), 31]:    0.355559981
