Numbers: 17500, pid: 7682 Space Used : 0 Time Stamp : 1533539876190
Time(microseconds): 383577.000000
Stats[(nil), 0]:      383560117
Stats[(nil), 1]:      383556677
Stats[(nil), 2]:             35
Stats[(nil), 3]:              1
Stats[(nil), 4]:              0
Stats[(nil), 5]:              0
Stats[(nil), 6]:           -nan
Stats[(nil), 7]:      489610644
Stats[(nil), 8]:      951095196
Stats[(nil), 9]:           -nan
Stats[(nil), 10]:            905
Stats[(nil), 11]:       83494803
Stats[(nil), 12]:          15364
Stats[(nil), 13]:           -nan
Stats[(nil), 14]:         345854
Stats[(nil), 15]:       30248091
Stats[(nil), 16]:            528
Stats[(nil), 17]:         751255
Stats[(nil), 18]:        2795271
Stats[(nil), 19]:          13574
Stats[(nil), 20]:           4224
Stats[(nil), 21]:            260
Stats[(nil), 22]:            599
Stats[(nil), 23]:              0
Stats[(nil), 24]:              0
Stats[(nil), 25]:              0
Stats[(nil), 26]:              0
Stats[(nil), 27]:              0
Stats[(nil), 28]:              0
Stats[(nil), 29]:              0
Stats[(nil), 30]:              0
Stats[(nil), 31]:    0.386577427
