Numbers: 17500, pid: 7686 Space Used : 0 Time Stamp : 1533539876958
Time(microseconds): 381117.000000
Stats[(nil), 0]:      381124483
Stats[(nil), 1]:      381123742
Stats[(nil), 2]:             32
Stats[(nil), 3]:              1
Stats[(nil), 4]:              0
Stats[(nil), 5]:              0
Stats[(nil), 6]:           -nan
Stats[(nil), 7]:      459790325
Stats[(nil), 8]:      892430346
Stats[(nil), 9]:           -nan
Stats[(nil), 10]:            812
Stats[(nil), 11]:       81955566
Stats[(nil), 12]:          12519
Stats[(nil), 13]:           -nan
Stats[(nil), 14]:         404591
Stats[(nil), 15]:       33437327
Stats[(nil), 16]:            465
Stats[(nil), 17]:         806116
Stats[(nil), 18]:        2532588
Stats[(nil), 19]:          14698
Stats[(nil), 20]:           1640
Stats[(nil), 21]:             48
Stats[(nil), 22]:            917
Stats[(nil), 23]:              0
Stats[(nil), 24]:              0
Stats[(nil), 25]:              0
Stats[(nil), 26]:              0
Stats[(nil), 27]:              0
Stats[(nil), 28]:              0
Stats[(nil), 29]:              0
Stats[(nil), 30]:              0
Stats[(nil), 31]:    0.384116855
