Numbers: 17500, pid: 7688 Space Used : 0 Time Stamp : 1533539877338
Time(microseconds): 374573.000000
Stats[(nil), 0]:      374564352
Stats[(nil), 1]:      374564725
Stats[(nil), 2]:             56
Stats[(nil), 3]:              1
Stats[(nil), 4]:              0
Stats[(nil), 5]:              0
Stats[(nil), 6]:           -nan
Stats[(nil), 7]:      465198870
Stats[(nil), 8]:      909426366
Stats[(nil), 9]:           -nan
Stats[(nil), 10]:            769
Stats[(nil), 11]:       80894854
Stats[(nil), 12]:          13062
Stats[(nil), 13]:           -nan
Stats[(nil), 14]:         400778
Stats[(nil), 15]:       33319667
Stats[(nil), 16]:            372
Stats[(nil), 17]:         812455
Stats[(nil), 18]:        2397869
Stats[(nil), 19]:          13899
Stats[(nil), 20]:           2810
Stats[(nil), 21]:             42
Stats[(nil), 22]:           2189
Stats[(nil), 23]:              0
Stats[(nil), 24]:              0
Stats[(nil), 25]:              0
Stats[(nil), 26]:              0
Stats[(nil), 27]:              0
Stats[(nil), 28]:              0
Stats[(nil), 29]:              0
Stats[(nil), 30]:              0
Stats[(nil), 31]:    0.377872228
