Numbers: 17500, pid: 7690 Space Used : 0 Time Stamp : 1533539877717
Time(microseconds): 374464.000000
Stats[(nil), 0]:      374485763
Stats[(nil), 1]:      374485157
Stats[(nil), 2]:             34
Stats[(nil), 3]:              0
Stats[(nil), 4]:              0
Stats[(nil), 5]:              0
Stats[(nil), 6]:           -nan
Stats[(nil), 7]:      464308532
Stats[(nil), 8]:      901540404
Stats[(nil), 9]:           -nan
Stats[(nil), 10]:            647
Stats[(nil), 11]:       81066233
Stats[(nil), 12]:          15168
Stats[(nil), 13]:           -nan
Stats[(nil), 14]:         392646
Stats[(nil), 15]:       33427634
Stats[(nil), 16]:            441
Stats[(nil), 17]:         805026
Stats[(nil), 18]:        2702644
Stats[(nil), 19]:          12974
Stats[(nil), 20]:            971
Stats[(nil), 21]:             82
Stats[(nil), 22]:            830
Stats[(nil), 23]:              0
Stats[(nil), 24]:              0
Stats[(nil), 25]:              0
Stats[(nil), 26]:              0
Stats[(nil), 27]:              0
Stats[(nil), 28]:              0
Stats[(nil), 29]:              0
Stats[(nil), 30]:              0
Stats[(nil), 31]:    0.377566036
