Numbers: 18000, pid: 7692 Space Used : 0 Time Stamp : 1533539878117
Time(microseconds): 394269.000000
Stats[(nil), 0]:      394270328
Stats[(nil), 1]:      394268270
Stats[(nil), 2]:             45
Stats[(nil), 3]:              0
Stats[(nil), 4]:              0
Stats[(nil), 5]:              0
Stats[(nil), 6]:           -nan
Stats[(nil), 7]:      496052655
Stats[(nil), 8]:      985379604
Stats[(nil), 9]:           -nan
Stats[(nil), 10]:           1379
Stats[(nil), 11]:       89941083
Stats[(nil), 12]:          17765
Stats[(nil), 13]:           -nan
Stats[(nil), 14]:         411649
Stats[(nil), 15]:       33053763
Stats[(nil), 16]:            587
Stats[(nil), 17]:         807958
Stats[(nil), 18]:        2588646
Stats[(nil), 19]:          15701
Stats[(nil), 20]:           2809
Stats[(nil), 21]:            388
Stats[(nil), 22]:           1150
Stats[(nil), 23]:              0
Stats[(nil), 24]:              0
Stats[(nil), 25]:              0
Stats[(nil), 26]:              0
Stats[(nil), 27]:              0
Stats[(nil), 28]:              0
Stats[(nil), 29]:              0
Stats[(nil), 30]:              0
Stats[(nil), 31]:    0.397467832
