Numbers: 18000, pid: 7694 Space Used : 0 Time Stamp : 1533539878514
Time(microseconds): 392544.000000
Stats[(nil), 0]:      392544241
Stats[(nil), 1]:      392543447
Stats[(nil), 2]:             34
Stats[(nil), 3]:              0
Stats[(nil), 4]:              0
Stats[(nil), 5]:              0
Stats[(nil), 6]:           -nan
Stats[(nil), 7]:      498469735
Stats[(nil), 8]:      995464869
Stats[(nil), 9]:           -nan
Stats[(nil), 10]:            841
Stats[(nil), 11]:       89591264
Stats[(nil), 12]:          16345
Stats[(nil), 13]:           -nan
Stats[(nil), 14]:         406622
Stats[(nil), 15]:       33308587
Stats[(nil), 16]:            642
Stats[(nil), 17]:         807550
Stats[(nil), 18]:        2678857
Stats[(nil), 19]:          15448
Stats[(nil), 20]:           1566
Stats[(nil), 21]:            246
Stats[(nil), 22]:            578
Stats[(nil), 23]:              0
Stats[(nil), 24]:              0
Stats[(nil), 25]:              0
Stats[(nil), 26]:              0
Stats[(nil), 27]:              0
Stats[(nil), 28]:              0
Stats[(nil), 29]:              0
Stats[(nil), 30]:              0
Stats[(nil), 31]:    0.395494115
