Numbers: 18000, pid: 7698 Space Used : 0 Time Stamp : 1533539879318
Time(microseconds): 393799.000000
Stats[(nil), 0]:      393790582
Stats[(nil), 1]:      393787771
Stats[(nil), 2]:             34
Stats[(nil), 3]:              0
Stats[(nil), 4]:              0
Stats[(nil), 5]:              0
Stats[(nil), 6]:           -nan
Stats[(nil), 7]:      491470787
Stats[(nil), 8]:      969158234
Stats[(nil), 9]:           -nan
Stats[(nil), 10]:           1399
Stats[(nil), 11]:       89457053
Stats[(nil), 12]:          14208
Stats[(nil), 13]:           -nan
Stats[(nil), 14]:         430558
Stats[(nil), 15]:       33169437
Stats[(nil), 16]:            485
Stats[(nil), 17]:         807045
Stats[(nil), 18]:        2395091
Stats[(nil), 19]:          12089
Stats[(nil), 20]:           1984
Stats[(nil), 21]:             76
Stats[(nil), 22]:            366
Stats[(nil), 23]:              0
Stats[(nil), 24]:              0
Stats[(nil), 25]:              0
Stats[(nil), 26]:              0
Stats[(nil), 27]:              0
Stats[(nil), 28]:              0
Stats[(nil), 29]:              0
Stats[(nil), 30]:              0
Stats[(nil), 31]:    0.396780419
