Numbers: 18000, pid: 7700 Space Used : 0 Time Stamp : 1533539879718
Time(microseconds): 394702.000000
Stats[(nil), 0]:      394648957
Stats[(nil), 1]:      394647128
Stats[(nil), 2]:             33
Stats[(nil), 3]:              0
Stats[(nil), 4]:              0
Stats[(nil), 5]:              0
Stats[(nil), 6]:           -nan
Stats[(nil), 7]:      493185604
Stats[(nil), 8]:      972054488
Stats[(nil), 9]:           -nan
Stats[(nil), 10]:            828
Stats[(nil), 11]:       89752443
Stats[(nil), 12]:          17180
Stats[(nil), 13]:           -nan
Stats[(nil), 14]:         415095
Stats[(nil), 15]:       32911986
Stats[(nil), 16]:            557
Stats[(nil), 17]:         811442
Stats[(nil), 18]:        2547882
Stats[(nil), 19]:          16531
Stats[(nil), 20]:           1747
Stats[(nil), 21]:             40
Stats[(nil), 22]:            628
Stats[(nil), 23]:              0
Stats[(nil), 24]:              0
Stats[(nil), 25]:              0
Stats[(nil), 26]:              0
Stats[(nil), 27]:              0
Stats[(nil), 28]:              0
Stats[(nil), 29]:              0
Stats[(nil), 30]:              0
Stats[(nil), 31]:    0.397654057
