Numbers: 18500, pid: 7702 Space Used : 0 Time Stamp : 1533539880142
Time(microseconds): 417889.000000
Stats[(nil), 0]:      417920802
Stats[(nil), 1]:      417916301
Stats[(nil), 2]:             36
Stats[(nil), 3]:              0
Stats[(nil), 4]:              0
Stats[(nil), 5]:              0
Stats[(nil), 6]:           -nan
Stats[(nil), 7]:      492348383
Stats[(nil), 8]:      972343911
Stats[(nil), 9]:           -nan
Stats[(nil), 10]:           4082
Stats[(nil), 11]:       91736372
Stats[(nil), 12]:          16708
Stats[(nil), 13]:           -nan
Stats[(nil), 14]:         614134
Stats[(nil), 15]:       41236226
Stats[(nil), 16]:            696
Stats[(nil), 17]:         826313
Stats[(nil), 18]:        2741495
Stats[(nil), 19]:          13213
Stats[(nil), 20]:           2390
Stats[(nil), 21]:             57
Stats[(nil), 22]:            730
Stats[(nil), 23]:              0
Stats[(nil), 24]:              0
Stats[(nil), 25]:              0
Stats[(nil), 26]:              0
Stats[(nil), 27]:              0
Stats[(nil), 28]:              0
Stats[(nil), 29]:              0
Stats[(nil), 30]:              0
Stats[(nil), 31]:    0.420996422
