Numbers: 18500, pid: 7704 Space Used : 0 Time Stamp : 1533539880566
Time(microseconds): 418789.000000
Stats[(nil), 0]:      418774352
Stats[(nil), 1]:      418772666
Stats[(nil), 2]:             35
Stats[(nil), 3]:              0
Stats[(nil), 4]:              0
Stats[(nil), 5]:              0
Stats[(nil), 6]:           -nan
Stats[(nil), 7]:      493932207
Stats[(nil), 8]:      968405425
Stats[(nil), 9]:           -nan
Stats[(nil), 10]:           1162
Stats[(nil), 11]:       91591113
Stats[(nil), 12]:          18384
Stats[(nil), 13]:           -nan
Stats[(nil), 14]:         621245
Stats[(nil), 15]:       41467805
Stats[(nil), 16]:            644
Stats[(nil), 17]:         847232
Stats[(nil), 18]:        2984126
Stats[(nil), 19]:          15797
Stats[(nil), 20]:           1724
Stats[(nil), 21]:             44
Stats[(nil), 22]:           1003
Stats[(nil), 23]:              0
Stats[(nil), 24]:              0
Stats[(nil), 25]:              0
Stats[(nil), 26]:              0
Stats[(nil), 27]:              0
Stats[(nil), 28]:              0
Stats[(nil), 29]:              0
Stats[(nil), 30]:              0
Stats[(nil), 31]:    0.421895349
