Numbers: 18500, pid: 7706 Space Used : 0 Time Stamp : 1533539880988
Time(microseconds): 416547.000000
Stats[(nil), 0]:      416527650
Stats[(nil), 1]:      416526573
Stats[(nil), 2]:             35
Stats[(nil), 3]:              0
Stats[(nil), 4]:              0
Stats[(nil), 5]:              0
Stats[(nil), 6]:           -nan
Stats[(nil), 7]:      493411948
Stats[(nil), 8]:      983058968
Stats[(nil), 9]:           -nan
Stats[(nil), 10]:            901
Stats[(nil), 11]:       91916319
Stats[(nil), 12]:          13693
Stats[(nil), 13]:           -nan
Stats[(nil), 14]:         597052
Stats[(nil), 15]:       41544929
Stats[(nil), 16]:            369
Stats[(nil), 17]:         802369
Stats[(nil), 18]:        2638528
Stats[(nil), 19]:           9705
Stats[(nil), 20]:           1733
Stats[(nil), 21]:            306
Stats[(nil), 22]:            276
Stats[(nil), 23]:              0
Stats[(nil), 24]:              0
Stats[(nil), 25]:              0
Stats[(nil), 26]:              0
Stats[(nil), 27]:              0
Stats[(nil), 28]:              0
Stats[(nil), 29]:              0
Stats[(nil), 30]:              0
Stats[(nil), 31]:    0.419535312
