Numbers: 18500, pid: 7708 Space Used : 0 Time Stamp : 1533539881410
Time(microseconds): 416441.000000
Stats[(nil), 0]:      416505279
Stats[(nil), 1]:      416503734
Stats[(nil), 2]:             37
Stats[(nil), 3]:              0
Stats[(nil), 4]:              0
Stats[(nil), 5]:              0
Stats[(nil), 6]:           -nan
Stats[(nil), 7]:      497339251
Stats[(nil), 8]:      985237930
Stats[(nil), 9]:           -nan
Stats[(nil), 10]:            284
Stats[(nil), 11]:       93045519
Stats[(nil), 12]:          18129
Stats[(nil), 13]:           -nan
Stats[(nil), 14]:         601816
Stats[(nil), 15]:       40661173
Stats[(nil), 16]:            582
Stats[(nil), 17]:         806691
Stats[(nil), 18]:        2672336
Stats[(nil), 19]:          12422
Stats[(nil), 20]:            978
Stats[(nil), 21]:            447
Stats[(nil), 22]:           2231
Stats[(nil), 23]:              0
Stats[(nil), 24]:              0
Stats[(nil), 25]:              0
Stats[(nil), 26]:              0
Stats[(nil), 27]:              0
Stats[(nil), 28]:              0
Stats[(nil), 29]:              0
Stats[(nil), 30]:              0
Stats[(nil), 31]:    0.419702052
