Numbers: 18500, pid: 7710 Space Used : 0 Time Stamp : 1533539881829
Time(microseconds): 413181.000000
Stats[(nil), 0]:      413176805
Stats[(nil), 1]:      413176334
Stats[(nil), 2]:             34
Stats[(nil), 3]:              0
Stats[(nil), 4]:              0
Stats[(nil), 5]:              0
Stats[(nil), 6]:           -nan
Stats[(nil), 7]:      490829140
Stats[(nil), 8]:      964641101
Stats[(nil), 9]:           -nan
Stats[(nil), 10]:            129
Stats[(nil), 11]:       91857356
Stats[(nil), 12]:          14968
Stats[(nil), 13]:           -nan
Stats[(nil), 14]:         594086
Stats[(nil), 15]:       41701554
Stats[(nil), 16]:            511
Stats[(nil), 17]:         811331
Stats[(nil), 18]:        2568755
Stats[(nil), 19]:           9347
Stats[(nil), 20]:            834
Stats[(nil), 21]:             56
Stats[(nil), 22]:            337
Stats[(nil), 23]:              0
Stats[(nil), 24]:              0
Stats[(nil), 25]:              0
Stats[(nil), 26]:              0
Stats[(nil), 27]:              0
Stats[(nil), 28]:              0
Stats[(nil), 29]:              0
Stats[(nil), 30]:              0
Stats[(nil), 31]:    0.416567717
