Numbers: 19000, pid: 7712 Space Used : 0 Time Stamp : 1533539882277
Time(microseconds): 441790.000000
Stats[(nil), 0]:      441824419
Stats[(nil), 1]:      441821896
Stats[(nil), 2]:             51
Stats[(nil), 3]:              0
Stats[(nil), 4]:              0
Stats[(nil), 5]:              0
Stats[(nil), 6]:           -nan
Stats[(nil), 7]:      506434035
Stats[(nil), 8]:     1001913282
Stats[(nil), 9]:           -nan
Stats[(nil), 10]:           1785
Stats[(nil), 11]:       91938661
Stats[(nil), 12]:          20863
Stats[(nil), 13]:           -nan
Stats[(nil), 14]:         636187
Stats[(nil), 15]:       40430159
Stats[(nil), 16]:            860
Stats[(nil), 17]:        1011126
Stats[(nil), 18]:        3214919
Stats[(nil), 19]:          14872
Stats[(nil), 20]:           1916
Stats[(nil), 21]:             82
Stats[(nil), 22]:            766
Stats[(nil), 23]:              0
Stats[(nil), 24]:              0
Stats[(nil), 25]:              0
Stats[(nil), 26]:              0
Stats[(nil), 27]:              0
Stats[(nil), 28]:              0
Stats[(nil), 29]:              0
Stats[(nil), 30]:              0
Stats[(nil), 31]:    0.445857292
