Numbers: 19000, pid: 7714 Space Used : 0 Time Stamp : 1533539882721
Time(microseconds): 437618.000000
Stats[(nil), 0]:      437597086
Stats[(nil), 1]:      437595501
Stats[(nil), 2]:             36
Stats[(nil), 3]:              0
Stats[(nil), 4]:              0
Stats[(nil), 5]:              0
Stats[(nil), 6]:           -nan
Stats[(nil), 7]:      495166640
Stats[(nil), 8]:      981144487
Stats[(nil), 9]:           -nan
Stats[(nil), 10]:           1521
Stats[(nil), 11]:       92743619
Stats[(nil), 12]:          18556
Stats[(nil), 13]:           -nan
Stats[(nil), 14]:         597013
Stats[(nil), 15]:       41849813
Stats[(nil), 16]:            516
Stats[(nil), 17]:        1011249
Stats[(nil), 18]:        3300506
Stats[(nil), 19]:          15283
Stats[(nil), 20]:           1132
Stats[(nil), 21]:            145
Stats[(nil), 22]:            733
Stats[(nil), 23]:              0
Stats[(nil), 24]:              0
Stats[(nil), 25]:              0
Stats[(nil), 26]:              0
Stats[(nil), 27]:              0
Stats[(nil), 28]:              0
Stats[(nil), 29]:              0
Stats[(nil), 30]:              0
Stats[(nil), 31]:    0.440659352
