Numbers: 19000, pid: 7716 Space Used : 0 Time Stamp : 1533539883165
Time(microseconds): 438969.000000
Stats[(nil), 0]:      439001647
Stats[(nil), 1]:      439000450
Stats[(nil), 2]:             49
Stats[(nil), 3]:              0
Stats[(nil), 4]:              0
Stats[(nil), 5]:              0
Stats[(nil), 6]:           -nan
Stats[(nil), 7]:      497409307
Stats[(nil), 8]:      988551379
Stats[(nil), 9]:           -nan
Stats[(nil), 10]:            320
Stats[(nil), 11]:       93035351
Stats[(nil), 12]:          19284
Stats[(nil), 13]:           -nan
Stats[(nil), 14]:         599587
Stats[(nil), 15]:       41319694
Stats[(nil), 16]:            589
Stats[(nil), 17]:        1010524
Stats[(nil), 18]:        3042307
Stats[(nil), 19]:          16631
Stats[(nil), 20]:           3663
Stats[(nil), 21]:            451
Stats[(nil), 22]:           1110
Stats[(nil), 23]:              0
Stats[(nil), 24]:              0
Stats[(nil), 25]:              0
Stats[(nil), 26]:              0
Stats[(nil), 27]:              0
Stats[(nil), 28]:              0
Stats[(nil), 29]:              0
Stats[(nil), 30]:              0
Stats[(nil), 31]:    0.442582427
