Numbers: 19000, pid: 7718 Space Used : 0 Time Stamp : 1533539883612
Time(microseconds): 441262.000000
Stats[(nil), 0]:      441238435
Stats[(nil), 1]:      441237616
Stats[(nil), 2]:             36
Stats[(nil), 3]:              1
Stats[(nil), 4]:              0
Stats[(nil), 5]:              0
Stats[(nil), 6]:           -nan
Stats[(nil), 7]:      505536290
Stats[(nil), 8]:      990491683
Stats[(nil), 9]:           -nan
Stats[(nil), 10]:            696
Stats[(nil), 11]:       91818802
Stats[(nil), 12]:          18333
Stats[(nil), 13]:           -nan
Stats[(nil), 14]:         596888
Stats[(nil), 15]:       41638336
Stats[(nil), 16]:            537
Stats[(nil), 17]:        1011769
Stats[(nil), 18]:        3376619
Stats[(nil), 19]:          17200
Stats[(nil), 20]:           2255
Stats[(nil), 21]:            215
Stats[(nil), 22]:            506
Stats[(nil), 23]:              0
Stats[(nil), 24]:              0
Stats[(nil), 25]:              0
Stats[(nil), 26]:              0
Stats[(nil), 27]:              0
Stats[(nil), 28]:              0
Stats[(nil), 29]:              0
Stats[(nil), 30]:              0
Stats[(nil), 31]:    0.444400505
