Numbers: 19000, pid: 7720 Space Used : 0 Time Stamp : 1533539884055
Time(microseconds): 438510.000000
Stats[(nil), 0]:      438486579
Stats[(nil), 1]:      438484697
Stats[(nil), 2]:             36
Stats[(nil), 3]:              0
Stats[(nil), 4]:              0
Stats[(nil), 5]:              0
Stats[(nil), 6]:           -nan
Stats[(nil), 7]:      497680761
Stats[(nil), 8]:      980357761
Stats[(nil), 9]:           -nan
Stats[(nil), 10]:            942
Stats[(nil), 11]:       92282695
Stats[(nil), 12]:          18161
Stats[(nil), 13]:           -nan
Stats[(nil), 14]:         594552
Stats[(nil), 15]:       41378827
Stats[(nil), 16]:            568
Stats[(nil), 17]:        1018196
Stats[(nil), 18]:        3057386
Stats[(nil), 19]:          17305
Stats[(nil), 20]:           1500
Stats[(nil), 21]:            206
Stats[(nil), 22]:           2332
Stats[(nil), 23]:              0
Stats[(nil), 24]:              0
Stats[(nil), 25]:              0
Stats[(nil), 26]:              0
Stats[(nil), 27]:              0
Stats[(nil), 28]:              0
Stats[(nil), 29]:              0
Stats[(nil), 30]:              0
Stats[(nil), 31]:    0.441555222
