Numbers: 19500, pid: 7722 Space Used : 0 Time Stamp : 1533539884525
Time(microseconds): 463736.000000
Stats[(nil), 0]:      463711858
Stats[(nil), 1]:      463708852
Stats[(nil), 2]:             39
Stats[(nil), 3]:              0
Stats[(nil), 4]:              0
Stats[(nil), 5]:              0
Stats[(nil), 6]:           -nan
Stats[(nil), 7]:      568140540
Stats[(nil), 8]:     1120933610
Stats[(nil), 9]:           -nan
Stats[(nil), 10]:            873
Stats[(nil), 11]:      100852631
Stats[(nil), 12]:          20691
Stats[(nil), 13]:           -nan
Stats[(nil), 14]:         644131
Stats[(nil), 15]:       40418059
Stats[(nil), 16]:            642
Stats[(nil), 17]:         978251
Stats[(nil), 18]:        3503192
Stats[(nil), 19]:          20921
Stats[(nil), 20]:           5268
Stats[(nil), 21]:            135
Stats[(nil), 22]:            664
Stats[(nil), 23]:              0
Stats[(nil), 24]:              0
Stats[(nil), 25]:              0
Stats[(nil), 26]:              0
Stats[(nil), 27]:              0
Stats[(nil), 28]:              0
Stats[(nil), 29]:              0
Stats[(nil), 30]:              0
Stats[(nil), 31]:    0.466978909
