Numbers: 19500, pid: 7724 Space Used : 0 Time Stamp : 1533539884998
Time(microseconds): 467883.000000
Stats[(nil), 0]:      467828432
Stats[(nil), 1]:      467827758
Stats[(nil), 2]:             43
Stats[(nil), 3]:              1
Stats[(nil), 4]:              0
Stats[(nil), 5]:              0
Stats[(nil), 6]:           -nan
Stats[(nil), 7]:      564359747
Stats[(nil), 8]:     1097397838
Stats[(nil), 9]:           -nan
Stats[(nil), 10]:            984
Stats[(nil), 11]:       99621057
Stats[(nil), 12]:          18203
Stats[(nil), 13]:           -nan
Stats[(nil), 14]:         587380
Stats[(nil), 15]:       41317839
Stats[(nil), 16]:            598
Stats[(nil), 17]:        1001953
Stats[(nil), 18]:        3270511
Stats[(nil), 19]:          16003
Stats[(nil), 20]:           1488
Stats[(nil), 21]:             23
Stats[(nil), 22]:           1224
Stats[(nil), 23]:              0
Stats[(nil), 24]:              0
Stats[(nil), 25]:              0
Stats[(nil), 26]:              0
Stats[(nil), 27]:              0
Stats[(nil), 28]:              0
Stats[(nil), 29]:              0
Stats[(nil), 30]:              0
Stats[(nil), 31]:    0.471147218
