Numbers: 19500, pid: 7726 Space Used : 0 Time Stamp : 1533539885463
Time(microseconds): 459606.000000
Stats[(nil), 0]:      459577341
Stats[(nil), 1]:      459575811
Stats[(nil), 2]:             39
Stats[(nil), 3]:              0
Stats[(nil), 4]:              0
Stats[(nil), 5]:              0
Stats[(nil), 6]:           -nan
Stats[(nil), 7]:      556641624
Stats[(nil), 8]:     1100038324
Stats[(nil), 9]:           -nan
Stats[(nil), 10]:            809
Stats[(nil), 11]:       99172586
Stats[(nil), 12]:          18378
Stats[(nil), 13]:           -nan
Stats[(nil), 14]:         598430
Stats[(nil), 15]:       41798148
Stats[(nil), 16]:            543
Stats[(nil), 17]:        1012263
Stats[(nil), 18]:        3339245
Stats[(nil), 19]:          15420
Stats[(nil), 20]:           1059
Stats[(nil), 21]:             53
Stats[(nil), 22]:            493
Stats[(nil), 23]:              0
Stats[(nil), 24]:              0
Stats[(nil), 25]:              0
Stats[(nil), 26]:              0
Stats[(nil), 27]:              0
Stats[(nil), 28]:              0
Stats[(nil), 29]:              0
Stats[(nil), 30]:              0
Stats[(nil), 31]:    0.462757048
