Numbers: 19500, pid: 7728 Space Used : 0 Time Stamp : 1533539885932
Time(microseconds): 463199.000000
Stats[(nil), 0]:      463379786
Stats[(nil), 1]:      463379156
Stats[(nil), 2]:             49
Stats[(nil), 3]:              0
Stats[(nil), 4]:              0
Stats[(nil), 5]:              0
Stats[(nil), 6]:           -nan
Stats[(nil), 7]:      567014767
Stats[(nil), 8]:     1106621048
Stats[(nil), 9]:           -nan
Stats[(nil), 10]:           1309
Stats[(nil), 11]:      100571865
Stats[(nil), 12]:          20796
Stats[(nil), 13]:           -nan
Stats[(nil), 14]:         598730
Stats[(nil), 15]:       41708178
Stats[(nil), 16]:            554
Stats[(nil), 17]:         956804
Stats[(nil), 18]:        8559892
Stats[(nil), 19]:          17501
Stats[(nil), 20]:          10234
Stats[(nil), 21]:            312
Stats[(nil), 22]:          28737
Stats[(nil), 23]:              0
Stats[(nil), 24]:              0
Stats[(nil), 25]:              0
Stats[(nil), 26]:              0
Stats[(nil), 27]:              0
Stats[(nil), 28]:              0
Stats[(nil), 29]:              0
Stats[(nil), 30]:              0
Stats[(nil), 31]:    0.466866223
