Numbers: 19500, pid: 7730 Space Used : 0 Time Stamp : 1533539886400
Time(microseconds): 462397.000000
Stats[(nil), 0]:      462395009
Stats[(nil), 1]:      462393099
Stats[(nil), 2]:             38
Stats[(nil), 3]:              0
Stats[(nil), 4]:              0
Stats[(nil), 5]:              0
Stats[(nil), 6]:           -nan
Stats[(nil), 7]:      564211275
Stats[(nil), 8]:     1100383333
Stats[(nil), 9]:           -nan
Stats[(nil), 10]:           1032
Stats[(nil), 11]:       99237971
Stats[(nil), 12]:          18861
Stats[(nil), 13]:           -nan
Stats[(nil), 14]:         608262
Stats[(nil), 15]:       41740304
Stats[(nil), 16]:            610
Stats[(nil), 17]:        1012858
Stats[(nil), 18]:        3311646
Stats[(nil), 19]:          17613
Stats[(nil), 20]:           1601
Stats[(nil), 21]:             46
Stats[(nil), 22]:            901
Stats[(nil), 23]:              0
Stats[(nil), 24]:              0
Stats[(nil), 25]:              0
Stats[(nil), 26]:              0
Stats[(nil), 27]:              0
Stats[(nil), 28]:              0
Stats[(nil), 29]:              0
Stats[(nil), 30]:              0
Stats[(nil), 31]:    0.465609994
