Numbers: 20500, pid: 7742 Space Used : 0 Time Stamp : 1533539889384
Time(microseconds): 511372.000000
Stats[(nil), 0]:      511391540
Stats[(nil), 1]:      511387537
Stats[(nil), 2]:             45
Stats[(nil), 3]:              0
Stats[(nil), 4]:              0
Stats[(nil), 5]:              0
Stats[(nil), 6]:           -nan
Stats[(nil), 7]:      612793465
Stats[(nil), 8]:     1218202488
Stats[(nil), 9]:           -nan
Stats[(nil), 10]:           2720
Stats[(nil), 11]:      114420319
Stats[(nil), 12]:          22595
Stats[(nil), 13]:           -nan
Stats[(nil), 14]:         841845
Stats[(nil), 15]:       48947300
Stats[(nil), 16]:            826
Stats[(nil), 17]:        1008825
Stats[(nil), 18]:        3352304
Stats[(nil), 19]:          18070
Stats[(nil), 20]:           3080
Stats[(nil), 21]:            405
Stats[(nil), 22]:           3017
Stats[(nil), 23]:              0
Stats[(nil), 24]:              0
Stats[(nil), 25]:              0
Stats[(nil), 26]:              0
Stats[(nil), 27]:              0
Stats[(nil), 28]:              0
Stats[(nil), 29]:              0
Stats[(nil), 30]:              0
Stats[(nil), 31]:    0.514936328
