Numbers: 20500, pid: 7744 Space Used : 0 Time Stamp : 1533539889898
Time(microseconds): 508730.000000
Stats[(nil), 0]:      508691188
Stats[(nil), 1]:      508689326
Stats[(nil), 2]:             43
Stats[(nil), 3]:              0
Stats[(nil), 4]:              0
Stats[(nil), 5]:              0
Stats[(nil), 6]:           -nan
Stats[(nil), 7]:      620946698
Stats[(nil), 8]:     1235856643
Stats[(nil), 9]:           -nan
Stats[(nil), 10]:           1993
Stats[(nil), 11]:      115882600
Stats[(nil), 12]:          22190
Stats[(nil), 13]:           -nan
Stats[(nil), 14]:         803957
Stats[(nil), 15]:       47286430
Stats[(nil), 16]:            775
Stats[(nil), 17]:        1022531
Stats[(nil), 18]:        2884463
Stats[(nil), 19]:          14352
Stats[(nil), 20]:           2562
Stats[(nil), 21]:            196
Stats[(nil), 22]:            936
Stats[(nil), 23]:              0
Stats[(nil), 24]:              0
Stats[(nil), 25]:              0
Stats[(nil), 26]:              0
Stats[(nil), 27]:              0
Stats[(nil), 28]:              0
Stats[(nil), 29]:              0
Stats[(nil), 30]:              0
Stats[(nil), 31]:    0.512079534
