Numbers: 20500, pid: 7746 Space Used : 0 Time Stamp : 1533539890417
Time(microseconds): 512248.000000
Stats[(nil), 0]:      512264940
Stats[(nil), 1]:      512262710
Stats[(nil), 2]:             47
Stats[(nil), 3]:              0
Stats[(nil), 4]:              0
Stats[(nil), 5]:              0
Stats[(nil), 6]:           -nan
Stats[(nil), 7]:      613225687
Stats[(nil), 8]:     1204889756
Stats[(nil), 9]:           -nan
Stats[(nil), 10]:           1278
Stats[(nil), 11]:      113055249
Stats[(nil), 12]:          19069
Stats[(nil), 13]:           -nan
Stats[(nil), 14]:         822995
Stats[(nil), 15]:       49918430
Stats[(nil), 16]:            654
Stats[(nil), 17]:        1022015
Stats[(nil), 18]:        3292350
Stats[(nil), 19]:          16931
Stats[(nil), 20]:           3207
Stats[(nil), 21]:             45
Stats[(nil), 22]:            465
Stats[(nil), 23]:              0
Stats[(nil), 24]:              0
Stats[(nil), 25]:              0
Stats[(nil), 26]:              0
Stats[(nil), 27]:              0
Stats[(nil), 28]:              0
Stats[(nil), 29]:              0
Stats[(nil), 30]:              0
Stats[(nil), 31]:    0.515763818
