Numbers: 20500, pid: 7748 Space Used : 0 Time Stamp : 1533539890942
Time(microseconds): 518829.000000
Stats[(nil), 0]:      518819250
Stats[(nil), 1]:      518815656
Stats[(nil), 2]:             60
Stats[(nil), 3]:              0
Stats[(nil), 4]:              0
Stats[(nil), 5]:              0
Stats[(nil), 6]:           -nan
Stats[(nil), 7]:      617272049
Stats[(nil), 8]:     1203009665
Stats[(nil), 9]:           -nan
Stats[(nil), 10]:           4452
Stats[(nil), 11]:      112241253
Stats[(nil), 12]:          23740
Stats[(nil), 13]:           -nan
Stats[(nil), 14]:         834793
Stats[(nil), 15]:       49465431
Stats[(nil), 16]:           1174
Stats[(nil), 17]:        1106318
Stats[(nil), 18]:        3751532
Stats[(nil), 19]:          30438
Stats[(nil), 20]:           8095
Stats[(nil), 21]:            765
Stats[(nil), 22]:           2451
Stats[(nil), 23]:              0
Stats[(nil), 24]:              0
Stats[(nil), 25]:              0
Stats[(nil), 26]:              0
Stats[(nil), 27]:              0
Stats[(nil), 28]:              0
Stats[(nil), 29]:              0
Stats[(nil), 30]:              0
Stats[(nil), 31]:    0.522967947
