Numbers: 21000, pid: 7752 Space Used : 0 Time Stamp : 1533539892020
Time(microseconds): 552483.000000
Stats[(nil), 0]:      552533059
Stats[(nil), 1]:      552516937
Stats[(nil), 2]:             72
Stats[(nil), 3]:              0
Stats[(nil), 4]:              0
Stats[(nil), 5]:              0
Stats[(nil), 6]:           -nan
Stats[(nil), 7]:      670847124
Stats[(nil), 8]:     1274461192
Stats[(nil), 9]:           -nan
Stats[(nil), 10]:          11323
Stats[(nil), 11]:      116196395
Stats[(nil), 12]:          11809
Stats[(nil), 13]:           -nan
Stats[(nil), 14]:         864353
Stats[(nil), 15]:       48586809
Stats[(nil), 16]:           1188
Stats[(nil), 17]:        1165921
Stats[(nil), 18]:        3622809
Stats[(nil), 19]:          30253
Stats[(nil), 20]:          12878
Stats[(nil), 21]:           2653
Stats[(nil), 22]:          19828
Stats[(nil), 23]:              0
Stats[(nil), 24]:              0
Stats[(nil), 25]:              0
Stats[(nil), 26]:              0
Stats[(nil), 27]:              0
Stats[(nil), 28]:              0
Stats[(nil), 29]:              0
Stats[(nil), 30]:              0
Stats[(nil), 31]:    0.556615062
