Numbers: 21000, pid: 7768 Space Used : 0 Time Stamp : 1533539892561
Time(microseconds): 535252.000000
Stats[(nil), 0]:      535237100
Stats[(nil), 1]:      535231330
Stats[(nil), 2]:             48
Stats[(nil), 3]:              0
Stats[(nil), 4]:              0
Stats[(nil), 5]:              0
Stats[(nil), 6]:           -nan
Stats[(nil), 7]:      622956847
Stats[(nil), 8]:     1233665076
Stats[(nil), 9]:           -nan
Stats[(nil), 10]:           3112
Stats[(nil), 11]:      115521014
Stats[(nil), 12]:          17431
Stats[(nil), 13]:           -nan
Stats[(nil), 14]:         827563
Stats[(nil), 15]:       49741820
Stats[(nil), 16]:            827
Stats[(nil), 17]:        1216086
Stats[(nil), 18]:        3587850
Stats[(nil), 19]:          16531
Stats[(nil), 20]:           2702
Stats[(nil), 21]:            223
Stats[(nil), 22]:           2269
Stats[(nil), 23]:              0
Stats[(nil), 24]:              0
Stats[(nil), 25]:              0
Stats[(nil), 26]:              0
Stats[(nil), 27]:              0
Stats[(nil), 28]:              0
Stats[(nil), 29]:              0
Stats[(nil), 30]:              0
Stats[(nil), 31]:    0.539190344
