Numbers: 21000, pid: 7770 Space Used : 0 Time Stamp : 1533539893106
Time(microseconds): 539062.000000
Stats[(nil), 0]:      539040952
Stats[(nil), 1]:      539036639
Stats[(nil), 2]:             48
Stats[(nil), 3]:              0
Stats[(nil), 4]:              0
Stats[(nil), 5]:              0
Stats[(nil), 6]:           -nan
Stats[(nil), 7]:      632984137
Stats[(nil), 8]:     1238494034
Stats[(nil), 9]:           -nan
Stats[(nil), 10]:           2344
Stats[(nil), 11]:      113665378
Stats[(nil), 12]:          15176
Stats[(nil), 13]:           -nan
Stats[(nil), 14]:         829530
Stats[(nil), 15]:       49714156
Stats[(nil), 16]:            885
Stats[(nil), 17]:        1183882
Stats[(nil), 18]:        3594776
Stats[(nil), 19]:          19896
Stats[(nil), 20]:           6408
Stats[(nil), 21]:            260
Stats[(nil), 22]:           2807
Stats[(nil), 23]:              0
Stats[(nil), 24]:              0
Stats[(nil), 25]:              0
Stats[(nil), 26]:              0
Stats[(nil), 27]:              0
Stats[(nil), 28]:              0
Stats[(nil), 29]:              0
Stats[(nil), 30]:              0
Stats[(nil), 31]:    0.542610925
