Numbers: 21000, pid: 7772 Space Used : 0 Time Stamp : 1533539893650
Time(microseconds): 538433.000000
Stats[(nil), 0]:      538431347
Stats[(nil), 1]:      538427928
Stats[(nil), 2]:             46
Stats[(nil), 3]:              0
Stats[(nil), 4]:              0
Stats[(nil), 5]:              0
Stats[(nil), 6]:           -nan
Stats[(nil), 7]:      630928598
Stats[(nil), 8]:     1242249376
Stats[(nil), 9]:           -nan
Stats[(nil), 10]:           1080
Stats[(nil), 11]:      113524959
Stats[(nil), 12]:          16707
Stats[(nil), 13]:           -nan
Stats[(nil), 14]:         819614
Stats[(nil), 15]:       49821128
Stats[(nil), 16]:            673
Stats[(nil), 17]:        1199523
Stats[(nil), 18]:        3492626
Stats[(nil), 19]:          16872
Stats[(nil), 20]:           3907
Stats[(nil), 21]:            406
Stats[(nil), 22]:           1499
Stats[(nil), 23]:              0
Stats[(nil), 24]:              0
Stats[(nil), 25]:              0
Stats[(nil), 26]:              0
Stats[(nil), 27]:              0
Stats[(nil), 28]:              0
Stats[(nil), 29]:              0
Stats[(nil), 30]:              0
Stats[(nil), 31]:    0.541904861
