Numbers: 21000, pid: 7774 Space Used : 0 Time Stamp : 1533539894197
Time(microseconds): 540495.000000
Stats[(nil), 0]:      540573721
Stats[(nil), 1]:      540572388
Stats[(nil), 2]:             69
Stats[(nil), 3]:              0
Stats[(nil), 4]:              0
Stats[(nil), 5]:              0
Stats[(nil), 6]:           -nan
Stats[(nil), 7]:      638172957
Stats[(nil), 8]:     1252914794
Stats[(nil), 9]:           -nan
Stats[(nil), 10]:           4935
Stats[(nil), 11]:      114320708
Stats[(nil), 12]:          22758
Stats[(nil), 13]:           -nan
Stats[(nil), 14]:         822079
Stats[(nil), 15]:       49605277
Stats[(nil), 16]:           1338
Stats[(nil), 17]:        1208630
Stats[(nil), 18]:        3645835
Stats[(nil), 19]:          28220
Stats[(nil), 20]:           4829
Stats[(nil), 21]:            248
Stats[(nil), 22]:           2492
Stats[(nil), 23]:              0
Stats[(nil), 24]:              0
Stats[(nil), 25]:              0
Stats[(nil), 26]:              0
Stats[(nil), 27]:              0
Stats[(nil), 28]:              0
Stats[(nil), 29]:              0
Stats[(nil), 30]:              0
Stats[(nil), 31]:    0.544791083
