Numbers: 21500, pid: 7777 Space Used : 0 Time Stamp : 1533539894766
Time(microseconds): 563518.000000
Stats[(nil), 0]:      563456230
Stats[(nil), 1]:      563452878
Stats[(nil), 2]:             50
Stats[(nil), 3]:              0
Stats[(nil), 4]:              0
Stats[(nil), 5]:              0
Stats[(nil), 6]:           -nan
Stats[(nil), 7]:      700586128
Stats[(nil), 8]:     1375060124
Stats[(nil), 9]:           -nan
Stats[(nil), 10]:           2412
Stats[(nil), 11]:      124005826
Stats[(nil), 12]:          23352
Stats[(nil), 13]:           -nan
Stats[(nil), 14]:         831258
Stats[(nil), 15]:       49352299
Stats[(nil), 16]:            793
Stats[(nil), 17]:        1207733
Stats[(nil), 18]:        3877814
Stats[(nil), 19]:          20514
Stats[(nil), 20]:           3732
Stats[(nil), 21]:            375
Stats[(nil), 22]:           1897
Stats[(nil), 23]:              0
Stats[(nil), 24]:              0
Stats[(nil), 25]:              0
Stats[(nil), 26]:              0
Stats[(nil), 27]:              0
Stats[(nil), 28]:              0
Stats[(nil), 29]:              0
Stats[(nil), 30]:              0
Stats[(nil), 31]:    0.566971320
