Numbers: 21500, pid: 7779 Space Used : 0 Time Stamp : 1533539895338
Time(microseconds): 564815.000000
Stats[(nil), 0]:      565034022
Stats[(nil), 1]:      565028554
Stats[(nil), 2]:             74
Stats[(nil), 3]:              0
Stats[(nil), 4]:              0
Stats[(nil), 5]:              0
Stats[(nil), 6]:           -nan
Stats[(nil), 7]:      706129671
Stats[(nil), 8]:     1372076751
Stats[(nil), 9]:           -nan
Stats[(nil), 10]:           4623
Stats[(nil), 11]:      123656326
Stats[(nil), 12]:          18730
Stats[(nil), 13]:           -nan
Stats[(nil), 14]:         825066
Stats[(nil), 15]:       49826217
Stats[(nil), 16]:            748
Stats[(nil), 17]:        1209544
Stats[(nil), 18]:        3377075
Stats[(nil), 19]:          21365
Stats[(nil), 20]:           4990
Stats[(nil), 21]:            249
Stats[(nil), 22]:           2705
Stats[(nil), 23]:              0
Stats[(nil), 24]:              0
Stats[(nil), 25]:              0
Stats[(nil), 26]:              0
Stats[(nil), 27]:              0
Stats[(nil), 28]:              0
Stats[(nil), 29]:              0
Stats[(nil), 30]:              0
Stats[(nil), 31]:    0.569594553
