Numbers: 21500, pid: 7782 Space Used : 0 Time Stamp : 1533539895908
Time(microseconds): 564535.000000
Stats[(nil), 0]:      564525003
Stats[(nil), 1]:      564522311
Stats[(nil), 2]:             48
Stats[(nil), 3]:              0
Stats[(nil), 4]:              0
Stats[(nil), 5]:              0
Stats[(nil), 6]:           -nan
Stats[(nil), 7]:      703212874
Stats[(nil), 8]:     1372257639
Stats[(nil), 9]:           -nan
Stats[(nil), 10]:           1485
Stats[(nil), 11]:      123744228
Stats[(nil), 12]:          23825
Stats[(nil), 13]:           -nan
Stats[(nil), 14]:         817115
Stats[(nil), 15]:       50179163
Stats[(nil), 16]:            632
Stats[(nil), 17]:        1179560
Stats[(nil), 18]:        8906778
Stats[(nil), 19]:          22795
Stats[(nil), 20]:           4335
Stats[(nil), 21]:            668
Stats[(nil), 22]:           1836
Stats[(nil), 23]:              0
Stats[(nil), 24]:              0
Stats[(nil), 25]:              0
Stats[(nil), 26]:              0
Stats[(nil), 27]:              0
Stats[(nil), 28]:              0
Stats[(nil), 29]:              0
Stats[(nil), 30]:              0
Stats[(nil), 31]:    0.568531799
