Numbers: 21500, pid: 7786 Space Used : 0 Time Stamp : 1533539897053
Time(microseconds): 567233.000000
Stats[(nil), 0]:      567187659
Stats[(nil), 1]:      567185967
Stats[(nil), 2]:             47
Stats[(nil), 3]:              0
Stats[(nil), 4]:              0
Stats[(nil), 5]:              0
Stats[(nil), 6]:           -nan
Stats[(nil), 7]:      711750206
Stats[(nil), 8]:     1390485134
Stats[(nil), 9]:           -nan
Stats[(nil), 10]:            922
Stats[(nil), 11]:      124723862
Stats[(nil), 12]:          22836
Stats[(nil), 13]:           -nan
Stats[(nil), 14]:         866844
Stats[(nil), 15]:       49134811
Stats[(nil), 16]:            788
Stats[(nil), 17]:        1195358
Stats[(nil), 18]:        4099005
Stats[(nil), 19]:          22126
Stats[(nil), 20]:           3368
Stats[(nil), 21]:            138
Stats[(nil), 22]:           1765
Stats[(nil), 23]:              0
Stats[(nil), 24]:              0
Stats[(nil), 25]:              0
Stats[(nil), 26]:              0
Stats[(nil), 27]:              0
Stats[(nil), 28]:              0
Stats[(nil), 29]:              0
Stats[(nil), 30]:              0
Stats[(nil), 31]:    0.570700887
