Numbers: 22000, pid: 7788 Space Used : 0 Time Stamp : 1533539897657
Time(microseconds): 598396.000000
Stats[(nil), 0]:      598376692
Stats[(nil), 1]:      598370043
Stats[(nil), 2]:             53
Stats[(nil), 3]:              2
Stats[(nil), 4]:              0
Stats[(nil), 5]:              0
Stats[(nil), 6]:           -nan
Stats[(nil), 7]:      733802467
Stats[(nil), 8]:     1424844902
Stats[(nil), 9]:           -nan
Stats[(nil), 10]:           3519
Stats[(nil), 11]:      133216652
Stats[(nil), 12]:          27021
Stats[(nil), 13]:           -nan
Stats[(nil), 14]:         981876
Stats[(nil), 15]:       53310163
Stats[(nil), 16]:            884
Stats[(nil), 17]:        1215265
Stats[(nil), 18]:        3709879
Stats[(nil), 19]:          19363
Stats[(nil), 20]:           4544
Stats[(nil), 21]:           1146
Stats[(nil), 22]:           3877
Stats[(nil), 23]:              0
Stats[(nil), 24]:              0
Stats[(nil), 25]:              0
Stats[(nil), 26]:              0
Stats[(nil), 27]:              0
Stats[(nil), 28]:              0
Stats[(nil), 29]:              0
Stats[(nil), 30]:              0
Stats[(nil), 31]:    0.602146299
