Numbers: 22000, pid: 7790 Space Used : 0 Time Stamp : 1533539898253
Time(microseconds): 589506.000000
Stats[(nil), 0]:      589471679
Stats[(nil), 1]:      589469848
Stats[(nil), 2]:             52
Stats[(nil), 3]:              0
Stats[(nil), 4]:              0
Stats[(nil), 5]:              0
Stats[(nil), 6]:           -nan
Stats[(nil), 7]:      735461967
Stats[(nil), 8]:     1436612111
Stats[(nil), 9]:           -nan
Stats[(nil), 10]:           2092
Stats[(nil), 11]:      134375161
Stats[(nil), 12]:          18369
Stats[(nil), 13]:           -nan
Stats[(nil), 14]:         910262
Stats[(nil), 15]:       51753009
Stats[(nil), 16]:            610
Stats[(nil), 17]:        1210198
Stats[(nil), 18]:        3560822
Stats[(nil), 19]:          17429
Stats[(nil), 20]:           4392
Stats[(nil), 21]:            246
Stats[(nil), 22]:           1336
Stats[(nil), 23]:              0
Stats[(nil), 24]:              0
Stats[(nil), 25]:              0
Stats[(nil), 26]:              0
Stats[(nil), 27]:              0
Stats[(nil), 28]:              0
Stats[(nil), 29]:              0
Stats[(nil), 30]:              0
Stats[(nil), 31]:    0.593490472
