Numbers: 22000, pid: 7794 Space Used : 0 Time Stamp : 1533539899453
Time(microseconds): 590745.000000
Stats[(nil), 0]:      590669122
Stats[(nil), 1]:      590665603
Stats[(nil), 2]:             73
Stats[(nil), 3]:              0
Stats[(nil), 4]:              0
Stats[(nil), 5]:              0
Stats[(nil), 6]:           -nan
Stats[(nil), 7]:      743981842
Stats[(nil), 8]:     1469005318
Stats[(nil), 9]:           -nan
Stats[(nil), 10]:           3436
Stats[(nil), 11]:      134637385
Stats[(nil), 12]:          17505
Stats[(nil), 13]:           -nan
Stats[(nil), 14]:         876761
Stats[(nil), 15]:       49680915
Stats[(nil), 16]:            742
Stats[(nil), 17]:        1217969
Stats[(nil), 18]:        3526991
Stats[(nil), 19]:          18588
Stats[(nil), 20]:           5274
Stats[(nil), 21]:            201
Stats[(nil), 22]:           1447
Stats[(nil), 23]:              0
Stats[(nil), 24]:              0
Stats[(nil), 25]:              0
Stats[(nil), 26]:              0
Stats[(nil), 27]:              0
Stats[(nil), 28]:              0
Stats[(nil), 29]:              0
Stats[(nil), 30]:              0
Stats[(nil), 31]:    0.594622704
