Numbers: 22000, pid: 7796 Space Used : 0 Time Stamp : 1533539900102
Time(microseconds): 641953.000000
Stats[(nil), 0]:      641921882
Stats[(nil), 1]:      641904194
Stats[(nil), 2]:             88
Stats[(nil), 3]:              2
Stats[(nil), 4]:              0
Stats[(nil), 5]:              0
Stats[(nil), 6]:           -nan
Stats[(nil), 7]:      770011316
Stats[(nil), 8]:     1426094426
Stats[(nil), 9]:           -nan
Stats[(nil), 10]:          11546
Stats[(nil), 11]:      127901576
Stats[(nil), 12]:          19347
Stats[(nil), 13]:           -nan
Stats[(nil), 14]:        1131724
Stats[(nil), 15]:       51513658
Stats[(nil), 16]:           1446
Stats[(nil), 17]:        1166290
Stats[(nil), 18]:        5540597
Stats[(nil), 19]:          36712
Stats[(nil), 20]:          22459
Stats[(nil), 21]:           1810
Stats[(nil), 22]:          13127
Stats[(nil), 23]:              0
Stats[(nil), 24]:              0
Stats[(nil), 25]:              0
Stats[(nil), 26]:              0
Stats[(nil), 27]:              0
Stats[(nil), 28]:              0
Stats[(nil), 29]:              0
Stats[(nil), 30]:              0
Stats[(nil), 31]:    0.646686745
