Numbers: 22500, pid: 7798 Space Used : 0 Time Stamp : 1533539900729
Time(microseconds): 620383.000000
Stats[(nil), 0]:      620346249
Stats[(nil), 1]:      620340036
Stats[(nil), 2]:             68
Stats[(nil), 3]:              0
Stats[(nil), 4]:              0
Stats[(nil), 5]:              0
Stats[(nil), 6]:           -nan
Stats[(nil), 7]:      733817018
Stats[(nil), 8]:     1435156128
Stats[(nil), 9]:           -nan
Stats[(nil), 10]:           7151
Stats[(nil), 11]:      134128618
Stats[(nil), 12]:          25580
Stats[(nil), 13]:           -nan
Stats[(nil), 14]:        1052126
Stats[(nil), 15]:       57753536
Stats[(nil), 16]:           1047
Stats[(nil), 17]:        1407408
Stats[(nil), 18]:        4326832
Stats[(nil), 19]:          27658
Stats[(nil), 20]:           7217
Stats[(nil), 21]:            769
Stats[(nil), 22]:           1754
Stats[(nil), 23]:              0
Stats[(nil), 24]:              0
Stats[(nil), 25]:              0
Stats[(nil), 26]:              0
Stats[(nil), 27]:              0
Stats[(nil), 28]:              0
Stats[(nil), 29]:              0
Stats[(nil), 30]:              0
Stats[(nil), 31]:    0.624592841
