Numbers: 22500, pid: 7800 Space Used : 0 Time Stamp : 1533539901355
Time(microseconds): 619548.000000
Stats[(nil), 0]:      619541103
Stats[(nil), 1]:      619536780
Stats[(nil), 2]:             67
Stats[(nil), 3]:              0
Stats[(nil), 4]:              0
Stats[(nil), 5]:              0
Stats[(nil), 6]:           -nan
Stats[(nil), 7]:      744509445
Stats[(nil), 8]:     1442202618
Stats[(nil), 9]:           -nan
Stats[(nil), 10]:           2954
Stats[(nil), 11]:      134943625
Stats[(nil), 12]:          24764
Stats[(nil), 13]:           -nan
Stats[(nil), 14]:        1034911
Stats[(nil), 15]:       58005162
Stats[(nil), 16]:            925
Stats[(nil), 17]:        1408866
Stats[(nil), 18]:        4254896
Stats[(nil), 19]:          21715
Stats[(nil), 20]:           3339
Stats[(nil), 21]:            230
Stats[(nil), 22]:           2835
Stats[(nil), 23]:              0
Stats[(nil), 24]:              0
Stats[(nil), 25]:              0
Stats[(nil), 26]:              0
Stats[(nil), 27]:              0
Stats[(nil), 28]:              0
Stats[(nil), 29]:              0
Stats[(nil), 30]:              0
Stats[(nil), 31]:    0.623783289
