Numbers: 22500, pid: 7802 Space Used : 0 Time Stamp : 1533539901979
Time(microseconds): 618074.000000
Stats[(nil), 0]:      618019109
Stats[(nil), 1]:      618017267
Stats[(nil), 2]:             52
Stats[(nil), 3]:              0
Stats[(nil), 4]:              0
Stats[(nil), 5]:              0
Stats[(nil), 6]:           -nan
Stats[(nil), 7]:      736752489
Stats[(nil), 8]:     1449862014
Stats[(nil), 9]:           -nan
Stats[(nil), 10]:           1598
Stats[(nil), 11]:      134741723
Stats[(nil), 12]:          17943
Stats[(nil), 13]:           -nan
Stats[(nil), 14]:        1041437
Stats[(nil), 15]:       58306435
Stats[(nil), 16]:            583
Stats[(nil), 17]:        1387206
Stats[(nil), 18]:        4280203
Stats[(nil), 19]:          18863
Stats[(nil), 20]:           4949
Stats[(nil), 21]:            362
Stats[(nil), 22]:            946
Stats[(nil), 23]:              0
Stats[(nil), 24]:              0
Stats[(nil), 25]:              0
Stats[(nil), 26]:              0
Stats[(nil), 27]:              0
Stats[(nil), 28]:              0
Stats[(nil), 29]:              0
Stats[(nil), 30]:              0
Stats[(nil), 31]:    0.621707821
