Numbers: 22500, pid: 7804 Space Used : 0 Time Stamp : 1533539902602
Time(microseconds): 617782.000000
Stats[(nil), 0]:      617664956
Stats[(nil), 1]:      617660505
Stats[(nil), 2]:             65
Stats[(nil), 3]:              0
Stats[(nil), 4]:              0
Stats[(nil), 5]:              0
Stats[(nil), 6]:           -nan
Stats[(nil), 7]:      736894299
Stats[(nil), 8]:     1445475582
Stats[(nil), 9]:           -nan
Stats[(nil), 10]:           4584
Stats[(nil), 11]:      135515306
Stats[(nil), 12]:          25860
Stats[(nil), 13]:           -nan
Stats[(nil), 14]:        1054964
Stats[(nil), 15]:       58330468
Stats[(nil), 16]:            771
Stats[(nil), 17]:        1406953
Stats[(nil), 18]:        4379536
Stats[(nil), 19]:          25148
Stats[(nil), 20]:           5090
Stats[(nil), 21]:           1064
Stats[(nil), 22]:           5350
Stats[(nil), 23]:              0
Stats[(nil), 24]:              0
Stats[(nil), 25]:              0
Stats[(nil), 26]:              0
Stats[(nil), 27]:              0
Stats[(nil), 28]:              0
Stats[(nil), 29]:              0
Stats[(nil), 30]:              0
Stats[(nil), 31]:    0.621686290
