Numbers: 22500, pid: 7806 Space Used : 0 Time Stamp : 1533539903224
Time(microseconds): 616360.000000
Stats[(nil), 0]:      616298473
Stats[(nil), 1]:      616299647
Stats[(nil), 2]:             52
Stats[(nil), 3]:              0
Stats[(nil), 4]:              0
Stats[(nil), 5]:              0
Stats[(nil), 6]:           -nan
Stats[(nil), 7]:      737057742
Stats[(nil), 8]:     1459797746
Stats[(nil), 9]:           -nan
Stats[(nil), 10]:            527
Stats[(nil), 11]:      135755892
Stats[(nil), 12]:          26066
Stats[(nil), 13]:           -nan
Stats[(nil), 14]:        1032650
Stats[(nil), 15]:       58101612
Stats[(nil), 16]:            806
Stats[(nil), 17]:        1406912
Stats[(nil), 18]:        4473711
Stats[(nil), 19]:          23055
Stats[(nil), 20]:           3312
Stats[(nil), 21]:            190
Stats[(nil), 22]:            990
Stats[(nil), 23]:              0
Stats[(nil), 24]:              0
Stats[(nil), 25]:              0
Stats[(nil), 26]:              0
Stats[(nil), 27]:              0
Stats[(nil), 28]:              0
Stats[(nil), 29]:              0
Stats[(nil), 30]:              0
Stats[(nil), 31]:    0.620627414
