Numbers: 23000, pid: 7808 Space Used : 0 Time Stamp : 1533539903882
Time(microseconds): 650809.000000
Stats[(nil), 0]:      650736569
Stats[(nil), 1]:      650733333
Stats[(nil), 2]:             54
Stats[(nil), 3]:              1
Stats[(nil), 4]:              0
Stats[(nil), 5]:              0
Stats[(nil), 6]:           -nan
Stats[(nil), 7]:      798047429
Stats[(nil), 8]:     1569952467
Stats[(nil), 9]:           -nan
Stats[(nil), 10]:           1405
Stats[(nil), 11]:      140062571
Stats[(nil), 12]:          24461
Stats[(nil), 13]:           -nan
Stats[(nil), 14]:        1029113
Stats[(nil), 15]:       56221168
Stats[(nil), 16]:            812
Stats[(nil), 17]:        1416970
Stats[(nil), 18]:        4267126
Stats[(nil), 19]:          18752
Stats[(nil), 20]:           3704
Stats[(nil), 21]:            299
Stats[(nil), 22]:           1152
Stats[(nil), 23]:              0
Stats[(nil), 24]:              0
Stats[(nil), 25]:              0
Stats[(nil), 26]:              0
Stats[(nil), 27]:              0
Stats[(nil), 28]:              0
Stats[(nil), 29]:              0
Stats[(nil), 30]:              0
Stats[(nil), 31]:    0.654897353
