Numbers: 23000, pid: 7810 Space Used : 0 Time Stamp : 1533539904535
Time(microseconds): 645375.000000
Stats[(nil), 0]:      645327275
Stats[(nil), 1]:      645322765
Stats[(nil), 2]:             58
Stats[(nil), 3]:              0
Stats[(nil), 4]:              0
Stats[(nil), 5]:              0
Stats[(nil), 6]:           -nan
Stats[(nil), 7]:      781751698
Stats[(nil), 8]:     1531629456
Stats[(nil), 9]:           -nan
Stats[(nil), 10]:           2614
Stats[(nil), 11]:      139166608
Stats[(nil), 12]:          21894
Stats[(nil), 13]:           -nan
Stats[(nil), 14]:        1048687
Stats[(nil), 15]:       58159047
Stats[(nil), 16]:            895
Stats[(nil), 17]:        1413817
Stats[(nil), 18]:        4121909
Stats[(nil), 19]:          20721
Stats[(nil), 20]:           6436
Stats[(nil), 21]:            548
Stats[(nil), 22]:          12152
Stats[(nil), 23]:              0
Stats[(nil), 24]:              0
Stats[(nil), 25]:              0
Stats[(nil), 26]:              0
Stats[(nil), 27]:              0
Stats[(nil), 28]:              0
Stats[(nil), 29]:              0
Stats[(nil), 30]:              0
Stats[(nil), 31]:    0.649894212
