Numbers: 23000, pid: 7812 Space Used : 0 Time Stamp : 1533539905194
Time(microseconds): 652087.000000
Stats[(nil), 0]:      652067846
Stats[(nil), 1]:      652061451
Stats[(nil), 2]:             60
Stats[(nil), 3]:              1
Stats[(nil), 4]:              0
Stats[(nil), 5]:              0
Stats[(nil), 6]:           -nan
Stats[(nil), 7]:      803558105
Stats[(nil), 8]:     1565793635
Stats[(nil), 9]:           -nan
Stats[(nil), 10]:           2381
Stats[(nil), 11]:      141121074
Stats[(nil), 12]:          24556
Stats[(nil), 13]:           -nan
Stats[(nil), 14]:        1036664
Stats[(nil), 15]:       55484610
Stats[(nil), 16]:           1105
Stats[(nil), 17]:        1388475
Stats[(nil), 18]:        4662232
Stats[(nil), 19]:          33918
Stats[(nil), 20]:           5962
Stats[(nil), 21]:            433
Stats[(nil), 22]:           3174
Stats[(nil), 23]:              0
Stats[(nil), 24]:              0
Stats[(nil), 25]:              0
Stats[(nil), 26]:              0
Stats[(nil), 27]:              0
Stats[(nil), 28]:              0
Stats[(nil), 29]:              0
Stats[(nil), 30]:              0
Stats[(nil), 31]:    0.656911407
