Numbers: 23000, pid: 7814 Space Used : 0 Time Stamp : 1533539905852
Time(microseconds): 651932.000000
Stats[(nil), 0]:      651833854
Stats[(nil), 1]:      651831486
Stats[(nil), 2]:             72
Stats[(nil), 3]:              1
Stats[(nil), 4]:              0
Stats[(nil), 5]:              0
Stats[(nil), 6]:           -nan
Stats[(nil), 7]:      794265708
Stats[(nil), 8]:     1539282775
Stats[(nil), 9]:           -nan
Stats[(nil), 10]:           2596
Stats[(nil), 11]:      139166676
Stats[(nil), 12]:          19371
Stats[(nil), 13]:           -nan
Stats[(nil), 14]:        1034842
Stats[(nil), 15]:       58370006
Stats[(nil), 16]:            770
Stats[(nil), 17]:        1409780
Stats[(nil), 18]:        4237064
Stats[(nil), 19]:          20428
Stats[(nil), 20]:           3479
Stats[(nil), 21]:            227
Stats[(nil), 22]:           5622
Stats[(nil), 23]:              0
Stats[(nil), 24]:              0
Stats[(nil), 25]:              0
Stats[(nil), 26]:              0
Stats[(nil), 27]:              0
Stats[(nil), 28]:              0
Stats[(nil), 29]:              0
Stats[(nil), 30]:              0
Stats[(nil), 31]:    0.655973543
