Numbers: 23000, pid: 7816 Space Used : 0 Time Stamp : 1533539906504
Time(microseconds): 646016.000000
Stats[(nil), 0]:      645945339
Stats[(nil), 1]:      645944841
Stats[(nil), 2]:             55
Stats[(nil), 3]:              0
Stats[(nil), 4]:              0
Stats[(nil), 5]:              0
Stats[(nil), 6]:           -nan
Stats[(nil), 7]:      785156147
Stats[(nil), 8]:     1545711794
Stats[(nil), 9]:           -nan
Stats[(nil), 10]:           1320
Stats[(nil), 11]:      140035036
Stats[(nil), 12]:          27005
Stats[(nil), 13]:           -nan
Stats[(nil), 14]:        1082616
Stats[(nil), 15]:       57626686
Stats[(nil), 16]:            848
Stats[(nil), 17]:        1369045
Stats[(nil), 18]:        4984084
Stats[(nil), 19]:          24314
Stats[(nil), 20]:           4262
Stats[(nil), 21]:            192
Stats[(nil), 22]:            880
Stats[(nil), 23]:              0
Stats[(nil), 24]:              0
Stats[(nil), 25]:              0
Stats[(nil), 26]:              0
Stats[(nil), 27]:              0
Stats[(nil), 28]:              0
Stats[(nil), 29]:              0
Stats[(nil), 30]:              0
Stats[(nil), 31]:    0.649858093
