Numbers: 23500, pid: 7818 Space Used : 0 Time Stamp : 1533539907185
Time(microseconds): 674613.000000
Stats[(nil), 0]:      674569576
Stats[(nil), 1]:      674567530
Stats[(nil), 2]:             59
Stats[(nil), 3]:              0
Stats[(nil), 4]:              0
Stats[(nil), 5]:              0
Stats[(nil), 6]:           -nan
Stats[(nil), 7]:      864398824
Stats[(nil), 8]:     1677005051
Stats[(nil), 9]:           -nan
Stats[(nil), 10]:           2475
Stats[(nil), 11]:      150942001
Stats[(nil), 12]:          29790
Stats[(nil), 13]:           -nan
Stats[(nil), 14]:        1061072
Stats[(nil), 15]:       57661067
Stats[(nil), 16]:           1073
Stats[(nil), 17]:        1410793
Stats[(nil), 18]:        4302695
Stats[(nil), 19]:          22817
Stats[(nil), 20]:           3662
Stats[(nil), 21]:            171
Stats[(nil), 22]:           2289
Stats[(nil), 23]:              0
Stats[(nil), 24]:              0
Stats[(nil), 25]:              0
Stats[(nil), 26]:              0
Stats[(nil), 27]:              0
Stats[(nil), 28]:              0
Stats[(nil), 29]:              0
Stats[(nil), 30]:              0
Stats[(nil), 31]:    0.678500459
