Numbers: 23500, pid: 7820 Space Used : 0 Time Stamp : 1533539907874
Time(microseconds): 681126.000000
Stats[(nil), 0]:      681112844
Stats[(nil), 1]:      681109369
Stats[(nil), 2]:             68
Stats[(nil), 3]:              1
Stats[(nil), 4]:              0
Stats[(nil), 5]:              0
Stats[(nil), 6]:           -nan
Stats[(nil), 7]:      857516477
Stats[(nil), 8]:     1673206417
Stats[(nil), 9]:           -nan
Stats[(nil), 10]:           2560
Stats[(nil), 11]:      154333942
Stats[(nil), 12]:          23979
Stats[(nil), 13]:           -nan
Stats[(nil), 14]:        1101966
Stats[(nil), 15]:       56256436
Stats[(nil), 16]:            847
Stats[(nil), 17]:        1317541
Stats[(nil), 18]:        4363843
Stats[(nil), 19]:          25323
Stats[(nil), 20]:           4987
Stats[(nil), 21]:            932
Stats[(nil), 22]:           3072
Stats[(nil), 23]:              0
Stats[(nil), 24]:              0
Stats[(nil), 25]:              0
Stats[(nil), 26]:              0
Stats[(nil), 27]:              0
Stats[(nil), 28]:              0
Stats[(nil), 29]:              0
Stats[(nil), 30]:              0
Stats[(nil), 31]:    0.686669768
