Numbers: 23500, pid: 7822 Space Used : 0 Time Stamp : 1533539908559
Time(microseconds): 677059.000000
Stats[(nil), 0]:      676936777
Stats[(nil), 1]:      676932814
Stats[(nil), 2]:             83
Stats[(nil), 3]:              0
Stats[(nil), 4]:              0
Stats[(nil), 5]:              0
Stats[(nil), 6]:           -nan
Stats[(nil), 7]:      853415511
Stats[(nil), 8]:     1674859725
Stats[(nil), 9]:           -nan
Stats[(nil), 10]:           3507
Stats[(nil), 11]:      151685015
Stats[(nil), 12]:          23624
Stats[(nil), 13]:           -nan
Stats[(nil), 14]:        1035062
Stats[(nil), 15]:       57671327
Stats[(nil), 16]:            997
Stats[(nil), 17]:        1372110
Stats[(nil), 18]:        4943096
Stats[(nil), 19]:          28044
Stats[(nil), 20]:           8517
Stats[(nil), 21]:            983
Stats[(nil), 22]:           4119
Stats[(nil), 23]:              0
Stats[(nil), 24]:              0
Stats[(nil), 25]:              0
Stats[(nil), 26]:              0
Stats[(nil), 27]:              0
Stats[(nil), 28]:              0
Stats[(nil), 29]:              0
Stats[(nil), 30]:              0
Stats[(nil), 31]:    0.682193151
