Numbers: 23500, pid: 7826 Space Used : 0 Time Stamp : 1533539909241
Time(microseconds): 675284.000000
Stats[(nil), 0]:      675219047
Stats[(nil), 1]:      675214912
Stats[(nil), 2]:             57
Stats[(nil), 3]:              0
Stats[(nil), 4]:              0
Stats[(nil), 5]:              0
Stats[(nil), 6]:           -nan
Stats[(nil), 7]:      867127206
Stats[(nil), 8]:     1679964684
Stats[(nil), 9]:           -nan
Stats[(nil), 10]:           1628
Stats[(nil), 11]:      151254597
Stats[(nil), 12]:          24526
Stats[(nil), 13]:           -nan
Stats[(nil), 14]:        1047371
Stats[(nil), 15]:       58419206
Stats[(nil), 16]:            855
Stats[(nil), 17]:        1400111
Stats[(nil), 18]:        4533711
Stats[(nil), 19]:          27323
Stats[(nil), 20]:           6244
Stats[(nil), 21]:            652
Stats[(nil), 22]:           6003
Stats[(nil), 23]:              0
Stats[(nil), 24]:              0
Stats[(nil), 25]:              0
Stats[(nil), 26]:              0
Stats[(nil), 27]:              0
Stats[(nil), 28]:              0
Stats[(nil), 29]:              0
Stats[(nil), 30]:              0
Stats[(nil), 31]:    0.679117163
