Numbers: 23500, pid: 7828 Space Used : 0 Time Stamp : 1533539909917
Time(microseconds): 670786.000000
Stats[(nil), 0]:      670706078
Stats[(nil), 1]:      670702488
Stats[(nil), 2]:             56
Stats[(nil), 3]:              0
Stats[(nil), 4]:              0
Stats[(nil), 5]:              0
Stats[(nil), 6]:           -nan
Stats[(nil), 7]:      857046090
Stats[(nil), 8]:     1665758990
Stats[(nil), 9]:           -nan
Stats[(nil), 10]:           1567
Stats[(nil), 11]:      149984093
Stats[(nil), 12]:          22382
Stats[(nil), 13]:           -nan
Stats[(nil), 14]:        1041586
Stats[(nil), 15]:       58206279
Stats[(nil), 16]:            860
Stats[(nil), 17]:        1430804
Stats[(nil), 18]:        3970139
Stats[(nil), 19]:          19446
Stats[(nil), 20]:           2515
Stats[(nil), 21]:             63
Stats[(nil), 22]:           1686
Stats[(nil), 23]:              0
Stats[(nil), 24]:              0
Stats[(nil), 25]:              0
Stats[(nil), 26]:              0
Stats[(nil), 27]:              0
Stats[(nil), 28]:              0
Stats[(nil), 29]:              0
Stats[(nil), 30]:              0
Stats[(nil), 31]:    0.674566396
