Numbers: 24000, pid: 7830 Space Used : 0 Time Stamp : 1533539910628
Time(microseconds): 703726.000000
Stats[(nil), 0]:      703760808
Stats[(nil), 1]:      703757696
Stats[(nil), 2]:             77
Stats[(nil), 3]:              0
Stats[(nil), 4]:              0
Stats[(nil), 5]:              0
Stats[(nil), 6]:           -nan
Stats[(nil), 7]:      859344976
Stats[(nil), 8]:     1696386041
Stats[(nil), 9]:           -nan
Stats[(nil), 10]:           1354
Stats[(nil), 11]:      157387254
Stats[(nil), 12]:          27851
Stats[(nil), 13]:           -nan
Stats[(nil), 14]:        1325321
Stats[(nil), 15]:       65422496
Stats[(nil), 16]:           1098
Stats[(nil), 17]:        1359572
Stats[(nil), 18]:        4874478
Stats[(nil), 19]:          27939
Stats[(nil), 20]:           6727
Stats[(nil), 21]:            154
Stats[(nil), 22]:           2108
Stats[(nil), 23]:              0
Stats[(nil), 24]:              0
Stats[(nil), 25]:              0
Stats[(nil), 26]:              0
Stats[(nil), 27]:              0
Stats[(nil), 28]:              0
Stats[(nil), 29]:              0
Stats[(nil), 30]:              0
Stats[(nil), 31]:    0.708746256
