Numbers: 24000, pid: 7832 Space Used : 0 Time Stamp : 1533539911338
Time(microseconds): 703371.000000
Stats[(nil), 0]:      703221950
Stats[(nil), 1]:      703219960
Stats[(nil), 2]:             85
Stats[(nil), 3]:              1
Stats[(nil), 4]:              0
Stats[(nil), 5]:              0
Stats[(nil), 6]:           -nan
Stats[(nil), 7]:      864174829
Stats[(nil), 8]:     1707254503
Stats[(nil), 9]:           -nan
Stats[(nil), 10]:           1711
Stats[(nil), 11]:      157881838
Stats[(nil), 12]:          24920
Stats[(nil), 13]:           -nan
Stats[(nil), 14]:        1312928
Stats[(nil), 15]:       64394899
Stats[(nil), 16]:           1162
Stats[(nil), 17]:        1380529
Stats[(nil), 18]:        4673001
Stats[(nil), 19]:          23434
Stats[(nil), 20]:           6786
Stats[(nil), 21]:            184
Stats[(nil), 22]:           2104
Stats[(nil), 23]:              0
Stats[(nil), 24]:              0
Stats[(nil), 25]:              0
Stats[(nil), 26]:              0
Stats[(nil), 27]:              0
Stats[(nil), 28]:              0
Stats[(nil), 29]:              0
Stats[(nil), 30]:              0
Stats[(nil), 31]:    0.707840400
