Numbers: 24000, pid: 7834 Space Used : 0 Time Stamp : 1533539912044
Time(microseconds): 698235.000000
Stats[(nil), 0]:      698144433
Stats[(nil), 1]:      698142961
Stats[(nil), 2]:             71
Stats[(nil), 3]:              0
Stats[(nil), 4]:              0
Stats[(nil), 5]:              0
Stats[(nil), 6]:           -nan
Stats[(nil), 7]:      866236213
Stats[(nil), 8]:     1713429910
Stats[(nil), 9]:           -nan
Stats[(nil), 10]:           1070
Stats[(nil), 11]:      159308731
Stats[(nil), 12]:          26153
Stats[(nil), 13]:           -nan
Stats[(nil), 14]:        1219621
Stats[(nil), 15]:       62877190
Stats[(nil), 16]:           1079
Stats[(nil), 17]:        1418562
Stats[(nil), 18]:        4291700
Stats[(nil), 19]:          17377
Stats[(nil), 20]:           2020
Stats[(nil), 21]:            128
Stats[(nil), 22]:           1328
Stats[(nil), 23]:              0
Stats[(nil), 24]:              0
Stats[(nil), 25]:              0
Stats[(nil), 26]:              0
Stats[(nil), 27]:              0
Stats[(nil), 28]:              0
Stats[(nil), 29]:              0
Stats[(nil), 30]:              0
Stats[(nil), 31]:    0.702740049
