Numbers: 24000, pid: 7836 Space Used : 0 Time Stamp : 1533539912754
Time(microseconds): 702266.000000
Stats[(nil), 0]:      702204994
Stats[(nil), 1]:      702203777
Stats[(nil), 2]:             58
Stats[(nil), 3]:              0
Stats[(nil), 4]:              0
Stats[(nil), 5]:              0
Stats[(nil), 6]:           -nan
Stats[(nil), 7]:      861260376
Stats[(nil), 8]:     1696291450
Stats[(nil), 9]:           -nan
Stats[(nil), 10]:            394
Stats[(nil), 11]:      157183677
Stats[(nil), 12]:          28317
Stats[(nil), 13]:           -nan
Stats[(nil), 14]:        1308958
Stats[(nil), 15]:       65030264
Stats[(nil), 16]:            969
Stats[(nil), 17]:        1410406
Stats[(nil), 18]:        4605246
Stats[(nil), 19]:          24992
Stats[(nil), 20]:           4263
Stats[(nil), 21]:            224
Stats[(nil), 22]:           3270
Stats[(nil), 23]:              0
Stats[(nil), 24]:              0
Stats[(nil), 25]:              0
Stats[(nil), 26]:              0
Stats[(nil), 27]:              0
Stats[(nil), 28]:              0
Stats[(nil), 29]:              0
Stats[(nil), 30]:              0
Stats[(nil), 31]:    0.707171564
