Numbers: 24000, pid: 7838 Space Used : 0 Time Stamp : 1533539913458
Time(microseconds): 697883.000000
Stats[(nil), 0]:      697799081
Stats[(nil), 1]:      697798269
Stats[(nil), 2]:             59
Stats[(nil), 3]:              0
Stats[(nil), 4]:              0
Stats[(nil), 5]:              0
Stats[(nil), 6]:           -nan
Stats[(nil), 7]:      860585824
Stats[(nil), 8]:     1704892624
Stats[(nil), 9]:           -nan
Stats[(nil), 10]:            355
Stats[(nil), 11]:      158032617
Stats[(nil), 12]:          27172
Stats[(nil), 13]:           -nan
Stats[(nil), 14]:        1228197
Stats[(nil), 15]:       64067547
Stats[(nil), 16]:            857
Stats[(nil), 17]:        1425792
Stats[(nil), 18]:        4163904
Stats[(nil), 19]:          21246
Stats[(nil), 20]:           1699
Stats[(nil), 21]:            196
Stats[(nil), 22]:            874
Stats[(nil), 23]:              0
Stats[(nil), 24]:              0
Stats[(nil), 25]:              0
Stats[(nil), 26]:              0
Stats[(nil), 27]:              0
Stats[(nil), 28]:              0
Stats[(nil), 29]:              0
Stats[(nil), 30]:              0
Stats[(nil), 31]:    0.702257322
