Numbers: 24500, pid: 7840 Space Used : 0 Time Stamp : 1533539914196
Time(microseconds): 732426.000000
Stats[(nil), 0]:      732298131
Stats[(nil), 1]:      732293252
Stats[(nil), 2]:             66
Stats[(nil), 3]:              1
Stats[(nil), 4]:              0
Stats[(nil), 5]:              0
Stats[(nil), 6]:           -nan
Stats[(nil), 7]:      875789552
Stats[(nil), 8]:     1726562463
Stats[(nil), 9]:           -nan
Stats[(nil), 10]:           1007
Stats[(nil), 11]:      157906553
Stats[(nil), 12]:          22689
Stats[(nil), 13]:           -nan
Stats[(nil), 14]:        1265910
Stats[(nil), 15]:       66721780
Stats[(nil), 16]:            903
Stats[(nil), 17]:        1595699
Stats[(nil), 18]:        4914521
Stats[(nil), 19]:          30145
Stats[(nil), 20]:           5193
Stats[(nil), 21]:            484
Stats[(nil), 22]:           2504
Stats[(nil), 23]:              0
Stats[(nil), 24]:              0
Stats[(nil), 25]:              0
Stats[(nil), 26]:              0
Stats[(nil), 27]:              0
Stats[(nil), 28]:              0
Stats[(nil), 29]:              0
Stats[(nil), 30]:              0
Stats[(nil), 31]:    0.736439369
