Numbers: 24500, pid: 7842 Space Used : 0 Time Stamp : 1533539914939
Time(microseconds): 736523.000000
Stats[(nil), 0]:      736395256
Stats[(nil), 1]:      736394615
Stats[(nil), 2]:             65
Stats[(nil), 3]:              1
Stats[(nil), 4]:              0
Stats[(nil), 5]:              0
Stats[(nil), 6]:           -nan
Stats[(nil), 7]:      891712737
Stats[(nil), 8]:     1736972153
Stats[(nil), 9]:           -nan
Stats[(nil), 10]:           1673
Stats[(nil), 11]:      155964421
Stats[(nil), 12]:          28903
Stats[(nil), 13]:           -nan
Stats[(nil), 14]:        1246958
Stats[(nil), 15]:       66091071
Stats[(nil), 16]:            863
Stats[(nil), 17]:        1617887
Stats[(nil), 18]:        4985640
Stats[(nil), 19]:          21142
Stats[(nil), 20]:           2737
Stats[(nil), 21]:             33
Stats[(nil), 22]:           1611
Stats[(nil), 23]:              0
Stats[(nil), 24]:              0
Stats[(nil), 25]:              0
Stats[(nil), 26]:              0
Stats[(nil), 27]:              0
Stats[(nil), 28]:              0
Stats[(nil), 29]:              0
Stats[(nil), 30]:              0
Stats[(nil), 31]:    0.740545699
