Numbers: 24500, pid: 7844 Space Used : 0 Time Stamp : 1533539915680
Time(microseconds): 733802.000000
Stats[(nil), 0]:      733747711
Stats[(nil), 1]:      733738657
Stats[(nil), 2]:             61
Stats[(nil), 3]:              0
Stats[(nil), 4]:              0
Stats[(nil), 5]:              0
Stats[(nil), 6]:           -nan
Stats[(nil), 7]:      885111243
Stats[(nil), 8]:     1718692077
Stats[(nil), 9]:           -nan
Stats[(nil), 10]:           5998
Stats[(nil), 11]:      158249566
Stats[(nil), 12]:          23224
Stats[(nil), 13]:           -nan
Stats[(nil), 14]:        1274262
Stats[(nil), 15]:       66303438
Stats[(nil), 16]:            919
Stats[(nil), 17]:        1577774
Stats[(nil), 18]:        4575479
Stats[(nil), 19]:          21004
Stats[(nil), 20]:           4140
Stats[(nil), 21]:            394
Stats[(nil), 22]:           5226
Stats[(nil), 23]:              0
Stats[(nil), 24]:              0
Stats[(nil), 25]:              0
Stats[(nil), 26]:              0
Stats[(nil), 27]:              0
Stats[(nil), 28]:              0
Stats[(nil), 29]:              0
Stats[(nil), 30]:              0
Stats[(nil), 31]:    0.738011361
