Numbers: 24500, pid: 7846 Space Used : 0 Time Stamp : 1533539916424
Time(microseconds): 737647.000000
Stats[(nil), 0]:      737661387
Stats[(nil), 1]:      737655046
Stats[(nil), 2]:             86
Stats[(nil), 3]:              0
Stats[(nil), 4]:              0
Stats[(nil), 5]:              0
Stats[(nil), 6]:           -nan
Stats[(nil), 7]:      897118477
Stats[(nil), 8]:     1733677810
Stats[(nil), 9]:           -nan
Stats[(nil), 10]:           5024
Stats[(nil), 11]:      158163218
Stats[(nil), 12]:          22045
Stats[(nil), 13]:           -nan
Stats[(nil), 14]:        1262176
Stats[(nil), 15]:       66424537
Stats[(nil), 16]:            986
Stats[(nil), 17]:        1541666
Stats[(nil), 18]:        5259282
Stats[(nil), 19]:          30145
Stats[(nil), 20]:           9674
Stats[(nil), 21]:            668
Stats[(nil), 22]:           8435
Stats[(nil), 23]:              0
Stats[(nil), 24]:              0
Stats[(nil), 25]:              0
Stats[(nil), 26]:              0
Stats[(nil), 27]:              0
Stats[(nil), 28]:              0
Stats[(nil), 29]:              0
Stats[(nil), 30]:              0
Stats[(nil), 31]:    0.742632321
