Numbers: 24500, pid: 7848 Space Used : 0 Time Stamp : 1533539917167
Time(microseconds): 736182.000000
Stats[(nil), 0]:      736103439
Stats[(nil), 1]:      736099082
Stats[(nil), 2]:             62
Stats[(nil), 3]:              0
Stats[(nil), 4]:              0
Stats[(nil), 5]:              0
Stats[(nil), 6]:           -nan
Stats[(nil), 7]:      890992311
Stats[(nil), 8]:     1742263643
Stats[(nil), 9]:           -nan
Stats[(nil), 10]:           2022
Stats[(nil), 11]:      158442169
Stats[(nil), 12]:          28874
Stats[(nil), 13]:           -nan
Stats[(nil), 14]:        1328768
Stats[(nil), 15]:       66106267
Stats[(nil), 16]:            870
Stats[(nil), 17]:        1539228
Stats[(nil), 18]:        5537582
Stats[(nil), 19]:          30296
Stats[(nil), 20]:          11571
Stats[(nil), 21]:            591
Stats[(nil), 22]:          18518
Stats[(nil), 23]:              0
Stats[(nil), 24]:              0
Stats[(nil), 25]:              0
Stats[(nil), 26]:              0
Stats[(nil), 27]:              0
Stats[(nil), 28]:              0
Stats[(nil), 29]:              0
Stats[(nil), 30]:              0
Stats[(nil), 31]:    0.740692495
