Numbers: 25000, pid: 7850 Space Used : 0 Time Stamp : 1533539917940
Time(microseconds): 766374.000000
Stats[(nil), 0]:      766411975
Stats[(nil), 1]:      766407686
Stats[(nil), 2]:             68
Stats[(nil), 3]:              1
Stats[(nil), 4]:              0
Stats[(nil), 5]:              0
Stats[(nil), 6]:           -nan
Stats[(nil), 7]:      978901284
Stats[(nil), 8]:     1908277460
Stats[(nil), 9]:           -nan
Stats[(nil), 10]:           1525
Stats[(nil), 11]:      170771867
Stats[(nil), 12]:          19918
Stats[(nil), 13]:           -nan
Stats[(nil), 14]:        1225249
Stats[(nil), 15]:       64382795
Stats[(nil), 16]:            832
Stats[(nil), 17]:        1610084
Stats[(nil), 18]:        4788134
Stats[(nil), 19]:          24111
Stats[(nil), 20]:           5593
Stats[(nil), 21]:            420
Stats[(nil), 22]:            689
Stats[(nil), 23]:              0
Stats[(nil), 24]:              0
Stats[(nil), 25]:              0
Stats[(nil), 26]:              0
Stats[(nil), 27]:              0
Stats[(nil), 28]:              0
Stats[(nil), 29]:              0
Stats[(nil), 30]:              0
Stats[(nil), 31]:    0.770892996
