Numbers: 25000, pid: 7858 Space Used : 0 Time Stamp : 1533539921027
Time(microseconds): 757040.000000
Stats[(nil), 0]:      756927537
Stats[(nil), 1]:      756925483
Stats[(nil), 2]:             64
Stats[(nil), 3]:              0
Stats[(nil), 4]:              0
Stats[(nil), 5]:              0
Stats[(nil), 6]:           -nan
Stats[(nil), 7]:      950747645
Stats[(nil), 8]:     1867729788
Stats[(nil), 9]:           -nan
Stats[(nil), 10]:           2165
Stats[(nil), 11]:      168270499
Stats[(nil), 12]:          21282
Stats[(nil), 13]:           -nan
Stats[(nil), 14]:        1273684
Stats[(nil), 15]:       66885173
Stats[(nil), 16]:            824
Stats[(nil), 17]:        1613047
Stats[(nil), 18]:        4925581
Stats[(nil), 19]:          25151
Stats[(nil), 20]:           2071
Stats[(nil), 21]:             85
Stats[(nil), 22]:           1125
Stats[(nil), 23]:              0
Stats[(nil), 24]:              0
Stats[(nil), 25]:              0
Stats[(nil), 26]:              0
Stats[(nil), 27]:              0
Stats[(nil), 28]:              0
Stats[(nil), 29]:              0
Stats[(nil), 30]:              0
Stats[(nil), 31]:    0.761022074
