Numbers: 25500, pid: 7860 Space Used : 0 Time Stamp : 1533539921821
Time(microseconds): 787417.000000
Stats[(nil), 0]:      787312254
Stats[(nil), 1]:      787307892
Stats[(nil), 2]:             89
Stats[(nil), 3]:              0
Stats[(nil), 4]:              0
Stats[(nil), 5]:              0
Stats[(nil), 6]:           -nan
Stats[(nil), 7]:      988410159
Stats[(nil), 8]:     1944623036
Stats[(nil), 9]:           -nan
Stats[(nil), 10]:           1722
Stats[(nil), 11]:      180592049
Stats[(nil), 12]:          26101
Stats[(nil), 13]:           -nan
Stats[(nil), 14]:        1386663
Stats[(nil), 15]:       68424124
Stats[(nil), 16]:           1317
Stats[(nil), 17]:        1615936
Stats[(nil), 18]:        4752766
Stats[(nil), 19]:          23859
Stats[(nil), 20]:           3518
Stats[(nil), 21]:            620
Stats[(nil), 22]:           3414
Stats[(nil), 23]:              0
Stats[(nil), 24]:              0
Stats[(nil), 25]:              0
Stats[(nil), 26]:              0
Stats[(nil), 27]:              0
Stats[(nil), 28]:              0
Stats[(nil), 29]:              0
Stats[(nil), 30]:              0
Stats[(nil), 31]:    0.791860938
