Numbers: 25500, pid: 7862 Space Used : 0 Time Stamp : 1533539922624
Time(microseconds): 796203.000000
Stats[(nil), 0]:      796024605
Stats[(nil), 1]:      796022708
Stats[(nil), 2]:             78
Stats[(nil), 3]:              1
Stats[(nil), 4]:              0
Stats[(nil), 5]:              0
Stats[(nil), 6]:           -nan
Stats[(nil), 7]:      971166549
Stats[(nil), 8]:     1904726774
Stats[(nil), 9]:           -nan
Stats[(nil), 10]:           3748
Stats[(nil), 11]:      176752751
Stats[(nil), 12]:          27259
Stats[(nil), 13]:           -nan
Stats[(nil), 14]:        1485908
Stats[(nil), 15]:       73289568
Stats[(nil), 16]:            921
Stats[(nil), 17]:        1576672
Stats[(nil), 18]:        4994558
Stats[(nil), 19]:          24732
Stats[(nil), 20]:           7273
Stats[(nil), 21]:            364
Stats[(nil), 22]:           4439
Stats[(nil), 23]:              0
Stats[(nil), 24]:              0
Stats[(nil), 25]:              0
Stats[(nil), 26]:              0
Stats[(nil), 27]:              0
Stats[(nil), 28]:              0
Stats[(nil), 29]:              0
Stats[(nil), 30]:              0
Stats[(nil), 31]:    0.800496114
