Numbers: 25500, pid: 7864 Space Used : 0 Time Stamp : 1533539923423
Time(microseconds): 792396.000000
Stats[(nil), 0]:      792266391
Stats[(nil), 1]:      792263555
Stats[(nil), 2]:             68
Stats[(nil), 3]:              0
Stats[(nil), 4]:              0
Stats[(nil), 5]:              0
Stats[(nil), 6]:           -nan
Stats[(nil), 7]:      987425320
Stats[(nil), 8]:     1919300383
Stats[(nil), 9]:           -nan
Stats[(nil), 10]:           3149
Stats[(nil), 11]:      178330197
Stats[(nil), 12]:          23571
Stats[(nil), 13]:           -nan
Stats[(nil), 14]:        1430937
Stats[(nil), 15]:       70936687
Stats[(nil), 16]:            752
Stats[(nil), 17]:        1611956
Stats[(nil), 18]:        4773061
Stats[(nil), 19]:          17708
Stats[(nil), 20]:           4319
Stats[(nil), 21]:            192
Stats[(nil), 22]:           6259
Stats[(nil), 23]:              0
Stats[(nil), 24]:              0
Stats[(nil), 25]:              0
Stats[(nil), 26]:              0
Stats[(nil), 27]:              0
Stats[(nil), 28]:              0
Stats[(nil), 29]:              0
Stats[(nil), 30]:              0
Stats[(nil), 31]:    0.796650393
