Numbers: 25500, pid: 7866 Space Used : 0 Time Stamp : 1533539924219
Time(microseconds): 788955.000000
Stats[(nil), 0]:      788833905
Stats[(nil), 1]:      788830745
Stats[(nil), 2]:             67
Stats[(nil), 3]:              0
Stats[(nil), 4]:              0
Stats[(nil), 5]:              0
Stats[(nil), 6]:           -nan
Stats[(nil), 7]:      989044633
Stats[(nil), 8]:     1944250171
Stats[(nil), 9]:           -nan
Stats[(nil), 10]:           2442
Stats[(nil), 11]:      179852828
Stats[(nil), 12]:          31761
Stats[(nil), 13]:           -nan
Stats[(nil), 14]:        1380023
Stats[(nil), 15]:       68910182
Stats[(nil), 16]:            943
Stats[(nil), 17]:        1629999
Stats[(nil), 18]:        4809025
Stats[(nil), 19]:          19316
Stats[(nil), 20]:           2498
Stats[(nil), 21]:            134
Stats[(nil), 22]:           1384
Stats[(nil), 23]:              0
Stats[(nil), 24]:              0
Stats[(nil), 25]:              0
Stats[(nil), 26]:              0
Stats[(nil), 27]:              0
Stats[(nil), 28]:              0
Stats[(nil), 29]:              0
Stats[(nil), 30]:              0
Stats[(nil), 31]:    0.793008204
