Numbers: 26000, pid: 7870 Space Used : 0 Time Stamp : 1533539925860
Time(microseconds): 829153.000000
Stats[(nil), 0]:      829036789
Stats[(nil), 1]:      829033752
Stats[(nil), 2]:             87
Stats[(nil), 3]:              1
Stats[(nil), 4]:              0
Stats[(nil), 5]:              0
Stats[(nil), 6]:           -nan
Stats[(nil), 7]:     1009008507
Stats[(nil), 8]:     1974123031
Stats[(nil), 9]:           -nan
Stats[(nil), 10]:           2596
Stats[(nil), 11]:      179789914
Stats[(nil), 12]:          23143
Stats[(nil), 13]:           -nan
Stats[(nil), 14]:        1591749
Stats[(nil), 15]:       73784192
Stats[(nil), 16]:           1213
Stats[(nil), 17]:        1794432
Stats[(nil), 18]:        5024871
Stats[(nil), 19]:          32699
Stats[(nil), 20]:           9835
Stats[(nil), 21]:           1033
Stats[(nil), 22]:          21520
Stats[(nil), 23]:              0
Stats[(nil), 24]:              0
Stats[(nil), 25]:              0
Stats[(nil), 26]:              0
Stats[(nil), 27]:              0
Stats[(nil), 28]:              0
Stats[(nil), 29]:              0
Stats[(nil), 30]:              0
Stats[(nil), 31]:    0.836090449
