Numbers: 26000, pid: 7873 Space Used : 0 Time Stamp : 1533539926699
Time(microseconds): 831831.000000
Stats[(nil), 0]:      831667602
Stats[(nil), 1]:      831664702
Stats[(nil), 2]:             76
Stats[(nil), 3]:              2
Stats[(nil), 4]:              0
Stats[(nil), 5]:              0
Stats[(nil), 6]:           -nan
Stats[(nil), 7]:      995041491
Stats[(nil), 8]:     1945151142
Stats[(nil), 9]:           -nan
Stats[(nil), 10]:           2173
Stats[(nil), 11]:      176874765
Stats[(nil), 12]:          32335
Stats[(nil), 13]:           -nan
Stats[(nil), 14]:        1480956
Stats[(nil), 15]:       74482432
Stats[(nil), 16]:           1244
Stats[(nil), 17]:        1824796
Stats[(nil), 18]:        5644656
Stats[(nil), 19]:          31510
Stats[(nil), 20]:           5153
Stats[(nil), 21]:            507
Stats[(nil), 22]:           3136
Stats[(nil), 23]:              0
Stats[(nil), 24]:              0
Stats[(nil), 25]:              0
Stats[(nil), 26]:              0
Stats[(nil), 27]:              0
Stats[(nil), 28]:              0
Stats[(nil), 29]:              0
Stats[(nil), 30]:              0
Stats[(nil), 31]:    0.836167309
