Numbers: 26000, pid: 7875 Space Used : 0 Time Stamp : 1533539927531
Time(microseconds): 824680.000000
Stats[(nil), 0]:      824564738
Stats[(nil), 1]:      824561146
Stats[(nil), 2]:             69
Stats[(nil), 3]:              0
Stats[(nil), 4]:              0
Stats[(nil), 5]:              0
Stats[(nil), 6]:           -nan
Stats[(nil), 7]:      994258928
Stats[(nil), 8]:     1940939473
Stats[(nil), 9]:           -nan
Stats[(nil), 10]:           2475
Stats[(nil), 11]:      178332975
Stats[(nil), 12]:          27319
Stats[(nil), 13]:           -nan
Stats[(nil), 14]:        1510222
Stats[(nil), 15]:       74947137
Stats[(nil), 16]:           1166
Stats[(nil), 17]:        1814704
Stats[(nil), 18]:        5727172
Stats[(nil), 19]:          35838
Stats[(nil), 20]:           6983
Stats[(nil), 21]:            283
Stats[(nil), 22]:           9391
Stats[(nil), 23]:              0
Stats[(nil), 24]:              0
Stats[(nil), 25]:              0
Stats[(nil), 26]:              0
Stats[(nil), 27]:              0
Stats[(nil), 28]:              0
Stats[(nil), 29]:              0
Stats[(nil), 30]:              0
Stats[(nil), 31]:    0.828918123
