Numbers: 26000, pid: 7877 Space Used : 0 Time Stamp : 1533539928360
Time(microseconds): 822987.000000
Stats[(nil), 0]:      822872879
Stats[(nil), 1]:      822869602
Stats[(nil), 2]:             70
Stats[(nil), 3]:              0
Stats[(nil), 4]:              0
Stats[(nil), 5]:              0
Stats[(nil), 6]:           -nan
Stats[(nil), 7]:      989870643
Stats[(nil), 8]:     1936489243
Stats[(nil), 9]:           -nan
Stats[(nil), 10]:           2081
Stats[(nil), 11]:      177653955
Stats[(nil), 12]:          27138
Stats[(nil), 13]:           -nan
Stats[(nil), 14]:        1520249
Stats[(nil), 15]:       74472746
Stats[(nil), 16]:           1232
Stats[(nil), 17]:        1813297
Stats[(nil), 18]:        5528230
Stats[(nil), 19]:          33158
Stats[(nil), 20]:           4255
Stats[(nil), 21]:            179
Stats[(nil), 22]:           2189
Stats[(nil), 23]:              0
Stats[(nil), 24]:              0
Stats[(nil), 25]:              0
Stats[(nil), 26]:              0
Stats[(nil), 27]:              0
Stats[(nil), 28]:              0
Stats[(nil), 29]:              0
Stats[(nil), 30]:              0
Stats[(nil), 31]:    0.827385077
