Numbers: 26000, pid: 7879 Space Used : 0 Time Stamp : 1533539929210
Time(microseconds): 843319.000000
Stats[(nil), 0]:      843186650
Stats[(nil), 1]:      843181681
Stats[(nil), 2]:             73
Stats[(nil), 3]:              3
Stats[(nil), 4]:              0
Stats[(nil), 5]:              0
Stats[(nil), 6]:           -nan
Stats[(nil), 7]:     1046752709
Stats[(nil), 8]:     2039297372
Stats[(nil), 9]:           -nan
Stats[(nil), 10]:           2441
Stats[(nil), 11]:      183774945
Stats[(nil), 12]:          22750
Stats[(nil), 13]:           -nan
Stats[(nil), 14]:        1395227
Stats[(nil), 15]:       68288231
Stats[(nil), 16]:           1114
Stats[(nil), 17]:        1692771
Stats[(nil), 18]:        5069336
Stats[(nil), 19]:          28068
Stats[(nil), 20]:           9933
Stats[(nil), 21]:            596
Stats[(nil), 22]:           6858
Stats[(nil), 23]:              0
Stats[(nil), 24]:              0
Stats[(nil), 25]:              0
Stats[(nil), 26]:              0
Stats[(nil), 27]:              0
Stats[(nil), 28]:              0
Stats[(nil), 29]:              0
Stats[(nil), 30]:              0
Stats[(nil), 31]:    0.847679535
