Numbers: 26500, pid: 7881 Space Used : 0 Time Stamp : 1533539930071
Time(microseconds): 852925.000000
Stats[(nil), 0]:      853052572
Stats[(nil), 1]:      853049352
Stats[(nil), 2]:             96
Stats[(nil), 3]:              0
Stats[(nil), 4]:              0
Stats[(nil), 5]:              0
Stats[(nil), 6]:           -nan
Stats[(nil), 7]:     1073518361
Stats[(nil), 8]:     2100101520
Stats[(nil), 9]:           -nan
Stats[(nil), 10]:           2911
Stats[(nil), 11]:      189518936
Stats[(nil), 12]:          34007
Stats[(nil), 13]:           -nan
Stats[(nil), 14]:        1506617
Stats[(nil), 15]:       74475687
Stats[(nil), 16]:           1217
Stats[(nil), 17]:        1798912
Stats[(nil), 18]:        5396438
Stats[(nil), 19]:          30705
Stats[(nil), 20]:           8472
Stats[(nil), 21]:           1235
Stats[(nil), 22]:           6826
Stats[(nil), 23]:              0
Stats[(nil), 24]:              0
Stats[(nil), 25]:              0
Stats[(nil), 26]:              0
Stats[(nil), 27]:              0
Stats[(nil), 28]:              0
Stats[(nil), 29]:              0
Stats[(nil), 30]:              0
Stats[(nil), 31]:    0.858053572
