Numbers: 26500, pid: 7883 Space Used : 0 Time Stamp : 1533539930933
Time(microseconds): 855341.000000
Stats[(nil), 0]:      855206251
Stats[(nil), 1]:      855204981
Stats[(nil), 2]:             72
Stats[(nil), 3]:              0
Stats[(nil), 4]:              0
Stats[(nil), 5]:              0
Stats[(nil), 6]:           -nan
Stats[(nil), 7]:     1079187385
Stats[(nil), 8]:     2093268033
Stats[(nil), 9]:           -nan
Stats[(nil), 10]:           2270
Stats[(nil), 11]:      188325168
Stats[(nil), 12]:          25195
Stats[(nil), 13]:           -nan
Stats[(nil), 14]:        1509968
Stats[(nil), 15]:       74607032
Stats[(nil), 16]:           1097
Stats[(nil), 17]:        1822215
Stats[(nil), 18]:        5148859
Stats[(nil), 19]:          25803
Stats[(nil), 20]:           3517
Stats[(nil), 21]:            114
Stats[(nil), 22]:           2451
Stats[(nil), 23]:              0
Stats[(nil), 24]:              0
Stats[(nil), 25]:              0
Stats[(nil), 26]:              0
Stats[(nil), 27]:              0
Stats[(nil), 28]:              0
Stats[(nil), 29]:              0
Stats[(nil), 30]:              0
Stats[(nil), 31]:    0.859741086
