Numbers: 26500, pid: 7885 Space Used : 0 Time Stamp : 1533539931801
Time(microseconds): 862052.000000
Stats[(nil), 0]:      861923539
Stats[(nil), 1]:      861919560
Stats[(nil), 2]:             74
Stats[(nil), 3]:              1
Stats[(nil), 4]:              0
Stats[(nil), 5]:              0
Stats[(nil), 6]:           -nan
Stats[(nil), 7]:     1082537776
Stats[(nil), 8]:     2099235345
Stats[(nil), 9]:           -nan
Stats[(nil), 10]:           1581
Stats[(nil), 11]:      189897619
Stats[(nil), 12]:          22041
Stats[(nil), 13]:           -nan
Stats[(nil), 14]:        1523179
Stats[(nil), 15]:       74633820
Stats[(nil), 16]:            880
Stats[(nil), 17]:        1756658
Stats[(nil), 18]:        5415835
Stats[(nil), 19]:          25974
Stats[(nil), 20]:          10145
Stats[(nil), 21]:            641
Stats[(nil), 22]:           7529
Stats[(nil), 23]:              0
Stats[(nil), 24]:              0
Stats[(nil), 25]:              0
Stats[(nil), 26]:              0
Stats[(nil), 27]:              0
Stats[(nil), 28]:              0
Stats[(nil), 29]:              0
Stats[(nil), 30]:              0
Stats[(nil), 31]:    0.866719595
