Numbers: 26500, pid: 7887 Space Used : 0 Time Stamp : 1533539932657
Time(microseconds): 849291.000000
Stats[(nil), 0]:      849150236
Stats[(nil), 1]:      849147799
Stats[(nil), 2]:             73
Stats[(nil), 3]:              0
Stats[(nil), 4]:              0
Stats[(nil), 5]:              0
Stats[(nil), 6]:           -nan
Stats[(nil), 7]:     1063069650
Stats[(nil), 8]:     2088864831
Stats[(nil), 9]:           -nan
Stats[(nil), 10]:           2136
Stats[(nil), 11]:      188336937
Stats[(nil), 12]:          27611
Stats[(nil), 13]:           -nan
Stats[(nil), 14]:        1499934
Stats[(nil), 15]:       75151655
Stats[(nil), 16]:           1078
Stats[(nil), 17]:        1790974
Stats[(nil), 18]:       10557788
Stats[(nil), 19]:          28626
Stats[(nil), 20]:           2606
Stats[(nil), 21]:            120
Stats[(nil), 22]:           2241
Stats[(nil), 23]:              0
Stats[(nil), 24]:              0
Stats[(nil), 25]:              0
Stats[(nil), 26]:              0
Stats[(nil), 27]:              0
Stats[(nil), 28]:              0
Stats[(nil), 29]:              0
Stats[(nil), 30]:              0
Stats[(nil), 31]:    0.853517451
