Numbers: 26500, pid: 7889 Space Used : 0 Time Stamp : 1533539933512
Time(microseconds): 849059.000000
Stats[(nil), 0]:      848929007
Stats[(nil), 1]:      848927519
Stats[(nil), 2]:             71
Stats[(nil), 3]:              0
Stats[(nil), 4]:              0
Stats[(nil), 5]:              0
Stats[(nil), 6]:           -nan
Stats[(nil), 7]:     1062386727
Stats[(nil), 8]:     2088003442
Stats[(nil), 9]:           -nan
Stats[(nil), 10]:           1818
Stats[(nil), 11]:      188269529
Stats[(nil), 12]:          26634
Stats[(nil), 13]:           -nan
Stats[(nil), 14]:        1500645
Stats[(nil), 15]:       75227483
Stats[(nil), 16]:            936
Stats[(nil), 17]:        1811828
Stats[(nil), 18]:        5674750
Stats[(nil), 19]:          25775
Stats[(nil), 20]:           3116
Stats[(nil), 21]:            496
Stats[(nil), 22]:           2554
Stats[(nil), 23]:              0
Stats[(nil), 24]:              0
Stats[(nil), 25]:              0
Stats[(nil), 26]:              0
Stats[(nil), 27]:              0
Stats[(nil), 28]:              0
Stats[(nil), 29]:              0
Stats[(nil), 30]:              0
Stats[(nil), 31]:    0.853492192
