Numbers: 27000, pid: 7891 Space Used : 0 Time Stamp : 1533539934400
Time(microseconds): 881504.000000
Stats[(nil), 0]:      881385304
Stats[(nil), 1]:      881382676
Stats[(nil), 2]:             75
Stats[(nil), 3]:              0
Stats[(nil), 4]:              0
Stats[(nil), 5]:              0
Stats[(nil), 6]:           -nan
Stats[(nil), 7]:     1109585429
Stats[(nil), 8]:     2190758686
Stats[(nil), 9]:           -nan
Stats[(nil), 10]:           2313
Stats[(nil), 11]:      201615574
Stats[(nil), 12]:          27259
Stats[(nil), 13]:           -nan
Stats[(nil), 14]:        1599982
Stats[(nil), 15]:       76489200
Stats[(nil), 16]:            914
Stats[(nil), 17]:        1810854
Stats[(nil), 18]:        5634971
Stats[(nil), 19]:          27478
Stats[(nil), 20]:           3963
Stats[(nil), 21]:            250
Stats[(nil), 22]:           1907
Stats[(nil), 23]:              0
Stats[(nil), 24]:              0
Stats[(nil), 25]:              0
Stats[(nil), 26]:              0
Stats[(nil), 27]:              0
Stats[(nil), 28]:              0
Stats[(nil), 29]:              0
Stats[(nil), 30]:              0
Stats[(nil), 31]:    0.885843140
