Numbers: 27000, pid: 7893 Space Used : 0 Time Stamp : 1533539935298
Time(microseconds): 890613.000000
Stats[(nil), 0]:      890556159
Stats[(nil), 1]:      890554492
Stats[(nil), 2]:             94
Stats[(nil), 3]:              0
Stats[(nil), 4]:              0
Stats[(nil), 5]:              0
Stats[(nil), 6]:           -nan
Stats[(nil), 7]:     1106870955
Stats[(nil), 8]:     2169585358
Stats[(nil), 9]:           -nan
Stats[(nil), 10]:           1958
Stats[(nil), 11]:      199879788
Stats[(nil), 12]:          26123
Stats[(nil), 13]:           -nan
Stats[(nil), 14]:        1747933
Stats[(nil), 15]:       79229365
Stats[(nil), 16]:           1070
Stats[(nil), 17]:        1788610
Stats[(nil), 18]:        5724791
Stats[(nil), 19]:          27262
Stats[(nil), 20]:          11501
Stats[(nil), 21]:            537
Stats[(nil), 22]:          11515
Stats[(nil), 23]:              0
Stats[(nil), 24]:              0
Stats[(nil), 25]:              0
Stats[(nil), 26]:              0
Stats[(nil), 27]:              0
Stats[(nil), 28]:              0
Stats[(nil), 29]:              0
Stats[(nil), 30]:              0
Stats[(nil), 31]:    0.896016612
