Numbers: 27000, pid: 7895 Space Used : 0 Time Stamp : 1533539936189
Time(microseconds): 884601.000000
Stats[(nil), 0]:      884474874
Stats[(nil), 1]:      884471763
Stats[(nil), 2]:             76
Stats[(nil), 3]:              0
Stats[(nil), 4]:              0
Stats[(nil), 5]:              0
Stats[(nil), 6]:           -nan
Stats[(nil), 7]:     1105550954
Stats[(nil), 8]:     2178001938
Stats[(nil), 9]:           -nan
Stats[(nil), 10]:           2438
Stats[(nil), 11]:      199705742
Stats[(nil), 12]:          23654
Stats[(nil), 13]:           -nan
Stats[(nil), 14]:        1645066
Stats[(nil), 15]:       78291893
Stats[(nil), 16]:            946
Stats[(nil), 17]:        1811536
Stats[(nil), 18]:        5336444
Stats[(nil), 19]:          23958
Stats[(nil), 20]:           4341
Stats[(nil), 21]:            595
Stats[(nil), 22]:            800
Stats[(nil), 23]:              0
Stats[(nil), 24]:              0
Stats[(nil), 25]:              0
Stats[(nil), 26]:              0
Stats[(nil), 27]:              0
Stats[(nil), 28]:              0
Stats[(nil), 29]:              0
Stats[(nil), 30]:              0
Stats[(nil), 31]:    0.888953462
