Numbers: 27000, pid: 7897 Space Used : 0 Time Stamp : 1533539937079
Time(microseconds): 881998.000000
Stats[(nil), 0]:      881880711
Stats[(nil), 1]:      881879817
Stats[(nil), 2]:             74
Stats[(nil), 3]:              0
Stats[(nil), 4]:              0
Stats[(nil), 5]:              0
Stats[(nil), 6]:           -nan
Stats[(nil), 7]:     1104612165
Stats[(nil), 8]:     2175985607
Stats[(nil), 9]:           -nan
Stats[(nil), 10]:           2023
Stats[(nil), 11]:      200359875
Stats[(nil), 12]:          22430
Stats[(nil), 13]:           -nan
Stats[(nil), 14]:        1613770
Stats[(nil), 15]:       77563731
Stats[(nil), 16]:            903
Stats[(nil), 17]:        1814476
Stats[(nil), 18]:        5262435
Stats[(nil), 19]:          20763
Stats[(nil), 20]:           3453
Stats[(nil), 21]:            157
Stats[(nil), 22]:           1342
Stats[(nil), 23]:              0
Stats[(nil), 24]:              0
Stats[(nil), 25]:              0
Stats[(nil), 26]:              0
Stats[(nil), 27]:              0
Stats[(nil), 28]:              0
Stats[(nil), 29]:              0
Stats[(nil), 30]:              0
Stats[(nil), 31]:    0.887014649
