Numbers: 27000, pid: 7899 Space Used : 0 Time Stamp : 1533539937964
Time(microseconds): 879305.000000
Stats[(nil), 0]:      879153263
Stats[(nil), 1]:      879152609
Stats[(nil), 2]:             75
Stats[(nil), 3]:              0
Stats[(nil), 4]:              0
Stats[(nil), 5]:              0
Stats[(nil), 6]:           -nan
Stats[(nil), 7]:     1104180012
Stats[(nil), 8]:     2179300923
Stats[(nil), 9]:           -nan
Stats[(nil), 10]:           1741
Stats[(nil), 11]:      201146023
Stats[(nil), 12]:          20384
Stats[(nil), 13]:           -nan
Stats[(nil), 14]:        1589554
Stats[(nil), 15]:       76594212
Stats[(nil), 16]:            896
Stats[(nil), 17]:        1815797
Stats[(nil), 18]:        5169979
Stats[(nil), 19]:          21986
Stats[(nil), 20]:           3662
Stats[(nil), 21]:             51
Stats[(nil), 22]:           1472
Stats[(nil), 23]:              0
Stats[(nil), 24]:              0
Stats[(nil), 25]:              0
Stats[(nil), 26]:              0
Stats[(nil), 27]:              0
Stats[(nil), 28]:              0
Stats[(nil), 29]:              0
Stats[(nil), 30]:              0
Stats[(nil), 31]:    0.883518075
