Numbers: 27500, pid: 7901 Space Used : 0 Time Stamp : 1533539938906
Time(microseconds): 934975.000000
Stats[(nil), 0]:      934831399
Stats[(nil), 1]:      934830051
Stats[(nil), 2]:             82
Stats[(nil), 3]:              2
Stats[(nil), 4]:              0
Stats[(nil), 5]:              0
Stats[(nil), 6]:           -nan
Stats[(nil), 7]:     1121735472
Stats[(nil), 8]:     2199691507
Stats[(nil), 9]:           -nan
Stats[(nil), 10]:           2011
Stats[(nil), 11]:      199219889
Stats[(nil), 12]:          36923
Stats[(nil), 13]:           -nan
Stats[(nil), 14]:        1783119
Stats[(nil), 15]:       82391848
Stats[(nil), 16]:           1302
Stats[(nil), 17]:        1930063
Stats[(nil), 18]:        7001529
Stats[(nil), 19]:          44915
Stats[(nil), 20]:          12900
Stats[(nil), 21]:            685
Stats[(nil), 22]:           6739
Stats[(nil), 23]:              0
Stats[(nil), 24]:              0
Stats[(nil), 25]:              0
Stats[(nil), 26]:              0
Stats[(nil), 27]:              0
Stats[(nil), 28]:              0
Stats[(nil), 29]:              0
Stats[(nil), 30]:              0
Stats[(nil), 31]:    0.939614839
