Numbers: 27500, pid: 7903 Space Used : 0 Time Stamp : 1533539939834
Time(microseconds): 920647.000000
Stats[(nil), 0]:      920498120
Stats[(nil), 1]:      920494962
Stats[(nil), 2]:             80
Stats[(nil), 3]:              1
Stats[(nil), 4]:              0
Stats[(nil), 5]:              0
Stats[(nil), 6]:           -nan
Stats[(nil), 7]:     1116525057
Stats[(nil), 8]:     2195489126
Stats[(nil), 9]:           -nan
Stats[(nil), 10]:           2339
Stats[(nil), 11]:      198531833
Stats[(nil), 12]:          29154
Stats[(nil), 13]:           -nan
Stats[(nil), 14]:        1703757
Stats[(nil), 15]:       81743543
Stats[(nil), 16]:           1335
Stats[(nil), 17]:        2017645
Stats[(nil), 18]:        6045710
Stats[(nil), 19]:          30518
Stats[(nil), 20]:           5586
Stats[(nil), 21]:            420
Stats[(nil), 22]:           2614
Stats[(nil), 23]:              0
Stats[(nil), 24]:              0
Stats[(nil), 25]:              0
Stats[(nil), 26]:              0
Stats[(nil), 27]:              0
Stats[(nil), 28]:              0
Stats[(nil), 29]:              0
Stats[(nil), 30]:              0
Stats[(nil), 31]:    0.925280326
