Numbers: 27500, pid: 7905 Space Used : 0 Time Stamp : 1533539940760
Time(microseconds): 919766.000000
Stats[(nil), 0]:      919652094
Stats[(nil), 1]:      919646517
Stats[(nil), 2]:             81
Stats[(nil), 3]:              0
Stats[(nil), 4]:              0
Stats[(nil), 5]:              0
Stats[(nil), 6]:           -nan
Stats[(nil), 7]:     1114227608
Stats[(nil), 8]:     2162785651
Stats[(nil), 9]:           -nan
Stats[(nil), 10]:           6856
Stats[(nil), 11]:      198172067
Stats[(nil), 12]:          33060
Stats[(nil), 13]:           -nan
Stats[(nil), 14]:        1720718
Stats[(nil), 15]:       83699528
Stats[(nil), 16]:           1090
Stats[(nil), 17]:        2032728
Stats[(nil), 18]:        6252488
Stats[(nil), 19]:          29550
Stats[(nil), 20]:           1993
Stats[(nil), 21]:            131
Stats[(nil), 22]:           1271
Stats[(nil), 23]:              0
Stats[(nil), 24]:              0
Stats[(nil), 25]:              0
Stats[(nil), 26]:              0
Stats[(nil), 27]:              0
Stats[(nil), 28]:              0
Stats[(nil), 29]:              0
Stats[(nil), 30]:              0
Stats[(nil), 31]:    0.924293970
