Numbers: 27500, pid: 7907 Space Used : 0 Time Stamp : 1533539941680
Time(microseconds): 913411.000000
Stats[(nil), 0]:      913285435
Stats[(nil), 1]:      913280386
Stats[(nil), 2]:             89
Stats[(nil), 3]:              0
Stats[(nil), 4]:              0
Stats[(nil), 5]:              0
Stats[(nil), 6]:           -nan
Stats[(nil), 7]:     1109218471
Stats[(nil), 8]:     2186181672
Stats[(nil), 9]:           -nan
Stats[(nil), 10]:           4106
Stats[(nil), 11]:      201636462
Stats[(nil), 12]:          33301
Stats[(nil), 13]:           -nan
Stats[(nil), 14]:        1738943
Stats[(nil), 15]:       83624030
Stats[(nil), 16]:           1059
Stats[(nil), 17]:        2033008
Stats[(nil), 18]:        5944348
Stats[(nil), 19]:          31804
Stats[(nil), 20]:           4300
Stats[(nil), 21]:            296
Stats[(nil), 22]:           2320
Stats[(nil), 23]:              0
Stats[(nil), 24]:              0
Stats[(nil), 25]:              0
Stats[(nil), 26]:              0
Stats[(nil), 27]:              0
Stats[(nil), 28]:              0
Stats[(nil), 29]:              0
Stats[(nil), 30]:              0
Stats[(nil), 31]:    0.918150730
