Numbers: 27500, pid: 7909 Space Used : 0 Time Stamp : 1533539942607
Time(microseconds): 920258.000000
Stats[(nil), 0]:      920098401
Stats[(nil), 1]:      920095792
Stats[(nil), 2]:             77
Stats[(nil), 3]:              1
Stats[(nil), 4]:              0
Stats[(nil), 5]:              0
Stats[(nil), 6]:           -nan
Stats[(nil), 7]:     1110123228
Stats[(nil), 8]:     2165580020
Stats[(nil), 9]:           -nan
Stats[(nil), 10]:           1595
Stats[(nil), 11]:      198880551
Stats[(nil), 12]:          28116
Stats[(nil), 13]:           -nan
Stats[(nil), 14]:        1726379
Stats[(nil), 15]:       83415523
Stats[(nil), 16]:           1113
Stats[(nil), 17]:        2017862
Stats[(nil), 18]:        5899650
Stats[(nil), 19]:          28672
Stats[(nil), 20]:           3461
Stats[(nil), 21]:            276
Stats[(nil), 22]:           2359
Stats[(nil), 23]:              0
Stats[(nil), 24]:              0
Stats[(nil), 25]:              0
Stats[(nil), 26]:              0
Stats[(nil), 27]:              0
Stats[(nil), 28]:              0
Stats[(nil), 29]:              0
Stats[(nil), 30]:              0
Stats[(nil), 31]:    0.924658366
