Numbers: 28000, pid: 7911 Space Used : 0 Time Stamp : 1533539943560
Time(microseconds): 946313.000000
Stats[(nil), 0]:      946154976
Stats[(nil), 1]:      946148331
Stats[(nil), 2]:             80
Stats[(nil), 3]:              0
Stats[(nil), 4]:              0
Stats[(nil), 5]:              0
Stats[(nil), 6]:           -nan
Stats[(nil), 7]:     1187772324
Stats[(nil), 8]:     2323932310
Stats[(nil), 9]:           -nan
Stats[(nil), 10]:           2962
Stats[(nil), 11]:      210654943
Stats[(nil), 12]:          26016
Stats[(nil), 13]:           -nan
Stats[(nil), 14]:        1749299
Stats[(nil), 15]:       83227737
Stats[(nil), 16]:           1232
Stats[(nil), 17]:        2022983
Stats[(nil), 18]:        5777925
Stats[(nil), 19]:          26016
Stats[(nil), 20]:           4542
Stats[(nil), 21]:            334
Stats[(nil), 22]:           3812
Stats[(nil), 23]:              0
Stats[(nil), 24]:              0
Stats[(nil), 25]:              0
Stats[(nil), 26]:              0
Stats[(nil), 27]:              0
Stats[(nil), 28]:              0
Stats[(nil), 29]:              0
Stats[(nil), 30]:              0
Stats[(nil), 31]:    0.950823524
