Numbers: 28000, pid: 7913 Space Used : 0 Time Stamp : 1533539944519
Time(microseconds): 951342.000000
Stats[(nil), 0]:      951197017
Stats[(nil), 1]:      951195477
Stats[(nil), 2]:             81
Stats[(nil), 3]:              1
Stats[(nil), 4]:              0
Stats[(nil), 5]:              0
Stats[(nil), 6]:           -nan
Stats[(nil), 7]:     1202611190
Stats[(nil), 8]:     2347838908
Stats[(nil), 9]:           -nan
Stats[(nil), 10]:           1538
Stats[(nil), 11]:      211812617
Stats[(nil), 12]:          35966
Stats[(nil), 13]:           -nan
Stats[(nil), 14]:        1777464
Stats[(nil), 15]:       82825928
Stats[(nil), 16]:           1056
Stats[(nil), 17]:        1976310
Stats[(nil), 18]:        6778943
Stats[(nil), 19]:          36977
Stats[(nil), 20]:           5751
Stats[(nil), 21]:            724
Stats[(nil), 22]:           3550
Stats[(nil), 23]:              0
Stats[(nil), 24]:              0
Stats[(nil), 25]:              0
Stats[(nil), 26]:              0
Stats[(nil), 27]:              0
Stats[(nil), 28]:              0
Stats[(nil), 29]:              0
Stats[(nil), 30]:              0
Stats[(nil), 31]:    0.955854124
