Numbers: 28000, pid: 7915 Space Used : 0 Time Stamp : 1533539945486
Time(microseconds): 959436.000000
Stats[(nil), 0]:      959275416
Stats[(nil), 1]:      959269963
Stats[(nil), 2]:             84
Stats[(nil), 3]:              1
Stats[(nil), 4]:              0
Stats[(nil), 5]:              0
Stats[(nil), 6]:           -nan
Stats[(nil), 7]:     1215057117
Stats[(nil), 8]:     2351354823
Stats[(nil), 9]:           -nan
Stats[(nil), 10]:           2112
Stats[(nil), 11]:      211388905
Stats[(nil), 12]:          32778
Stats[(nil), 13]:           -nan
Stats[(nil), 14]:        1714101
Stats[(nil), 15]:       82652799
Stats[(nil), 16]:           1113
Stats[(nil), 17]:        2018784
Stats[(nil), 18]:        6125996
Stats[(nil), 19]:          27947
Stats[(nil), 20]:           4074
Stats[(nil), 21]:            139
Stats[(nil), 22]:           2872
Stats[(nil), 23]:              0
Stats[(nil), 24]:              0
Stats[(nil), 25]:              0
Stats[(nil), 26]:              0
Stats[(nil), 27]:              0
Stats[(nil), 28]:              0
Stats[(nil), 29]:              0
Stats[(nil), 30]:              0
Stats[(nil), 31]:    0.964279072
