Numbers: 28000, pid: 7917 Space Used : 0 Time Stamp : 1533539946443
Time(microseconds): 949585.000000
Stats[(nil), 0]:      949511907
Stats[(nil), 1]:      949507684
Stats[(nil), 2]:             80
Stats[(nil), 3]:              0
Stats[(nil), 4]:              0
Stats[(nil), 5]:              0
Stats[(nil), 6]:           -nan
Stats[(nil), 7]:     1191788245
Stats[(nil), 8]:     2328214847
Stats[(nil), 9]:           -nan
Stats[(nil), 10]:           1287
Stats[(nil), 11]:      210990281
Stats[(nil), 12]:          29350
Stats[(nil), 13]:           -nan
Stats[(nil), 14]:        1736984
Stats[(nil), 15]:       83356170
Stats[(nil), 16]:           1178
Stats[(nil), 17]:        1978975
Stats[(nil), 18]:        6051436
Stats[(nil), 19]:          30657
Stats[(nil), 20]:           6068
Stats[(nil), 21]:            586
Stats[(nil), 22]:           2371
Stats[(nil), 23]:              0
Stats[(nil), 24]:              0
Stats[(nil), 25]:              0
Stats[(nil), 26]:              0
Stats[(nil), 27]:              0
Stats[(nil), 28]:              0
Stats[(nil), 29]:              0
Stats[(nil), 30]:              0
Stats[(nil), 31]:    0.954777330
