Numbers: 28000, pid: 7919 Space Used : 0 Time Stamp : 1533539947394
Time(microseconds): 944854.000000
Stats[(nil), 0]:      944712161
Stats[(nil), 1]:      944711181
Stats[(nil), 2]:             80
Stats[(nil), 3]:              0
Stats[(nil), 4]:              0
Stats[(nil), 5]:              0
Stats[(nil), 6]:           -nan
Stats[(nil), 7]:     1180982197
Stats[(nil), 8]:     2317362035
Stats[(nil), 9]:           -nan
Stats[(nil), 10]:           1638
Stats[(nil), 11]:      210107271
Stats[(nil), 12]:          29446
Stats[(nil), 13]:           -nan
Stats[(nil), 14]:        1749555
Stats[(nil), 15]:       83563805
Stats[(nil), 16]:           1195
Stats[(nil), 17]:        2046203
Stats[(nil), 18]:        5464018
Stats[(nil), 19]:          24293
Stats[(nil), 20]:           3367
Stats[(nil), 21]:            125
Stats[(nil), 22]:           2269
Stats[(nil), 23]:              0
Stats[(nil), 24]:              0
Stats[(nil), 25]:              0
Stats[(nil), 26]:              0
Stats[(nil), 27]:              0
Stats[(nil), 28]:              0
Stats[(nil), 29]:              0
Stats[(nil), 30]:              0
Stats[(nil), 31]:    0.949544270
