Numbers: 28500, pid: 7921 Space Used : 0 Time Stamp : 1533539948383
Time(microseconds): 982399.000000
Stats[(nil), 0]:      982226387
Stats[(nil), 1]:      982223977
Stats[(nil), 2]:             84
Stats[(nil), 3]:              0
Stats[(nil), 4]:              0
Stats[(nil), 5]:              0
Stats[(nil), 6]:           -nan
Stats[(nil), 7]:     1226087878
Stats[(nil), 8]:     2420879671
Stats[(nil), 9]:           -nan
Stats[(nil), 10]:           3073
Stats[(nil), 11]:      222617141
Stats[(nil), 12]:          30711
Stats[(nil), 13]:           -nan
Stats[(nil), 14]:        1917554
Stats[(nil), 15]:       87779138
Stats[(nil), 16]:           1365
Stats[(nil), 17]:        2015291
Stats[(nil), 18]:        6195616
Stats[(nil), 19]:          31827
Stats[(nil), 20]:           3859
Stats[(nil), 21]:            363
Stats[(nil), 22]:           2158
Stats[(nil), 23]:              0
Stats[(nil), 24]:              0
Stats[(nil), 25]:              0
Stats[(nil), 26]:              0
Stats[(nil), 27]:              0
Stats[(nil), 28]:              0
Stats[(nil), 29]:              0
Stats[(nil), 30]:              0
Stats[(nil), 31]:    0.986957960
