Numbers: 28500, pid: 7923 Space Used : 0 Time Stamp : 1533539949369
Time(microseconds): 979597.000000
Stats[(nil), 0]:      979457762
Stats[(nil), 1]:      979454676
Stats[(nil), 2]:             86
Stats[(nil), 3]:              0
Stats[(nil), 4]:              0
Stats[(nil), 5]:              0
Stats[(nil), 6]:           -nan
Stats[(nil), 7]:     1235150911
Stats[(nil), 8]:     2437940024
Stats[(nil), 9]:           -nan
Stats[(nil), 10]:           2085
Stats[(nil), 11]:      225032691
Stats[(nil), 12]:          28819
Stats[(nil), 13]:           -nan
Stats[(nil), 14]:        1852966
Stats[(nil), 15]:       85240869
Stats[(nil), 16]:           1410
Stats[(nil), 17]:        2011805
Stats[(nil), 18]:        6230759
Stats[(nil), 19]:          31510
Stats[(nil), 20]:           4947
Stats[(nil), 21]:            100
Stats[(nil), 22]:          11920
Stats[(nil), 23]:              0
Stats[(nil), 24]:              0
Stats[(nil), 25]:              0
Stats[(nil), 26]:              0
Stats[(nil), 27]:              0
Stats[(nil), 28]:              0
Stats[(nil), 29]:              0
Stats[(nil), 30]:              0
Stats[(nil), 31]:    0.984275962
