Numbers: 28500, pid: 7925 Space Used : 0 Time Stamp : 1533539950368
Time(microseconds): 992184.000000
Stats[(nil), 0]:      992062208
Stats[(nil), 1]:      992054566
Stats[(nil), 2]:             83
Stats[(nil), 3]:              1
Stats[(nil), 4]:              0
Stats[(nil), 5]:              0
Stats[(nil), 6]:           -nan
Stats[(nil), 7]:     1226234879
Stats[(nil), 8]:     2401705216
Stats[(nil), 9]:           -nan
Stats[(nil), 10]:           1549
Stats[(nil), 11]:      220957993
Stats[(nil), 12]:          25216
Stats[(nil), 13]:           -nan
Stats[(nil), 14]:        2036274
Stats[(nil), 15]:       90679729
Stats[(nil), 16]:           1316
Stats[(nil), 17]:        2008025
Stats[(nil), 18]:        6235777
Stats[(nil), 19]:          33167
Stats[(nil), 20]:           9184
Stats[(nil), 21]:            444
Stats[(nil), 22]:           3451
Stats[(nil), 23]:              0
Stats[(nil), 24]:              0
Stats[(nil), 25]:              0
Stats[(nil), 26]:              0
Stats[(nil), 27]:              0
Stats[(nil), 28]:              0
Stats[(nil), 29]:              0
Stats[(nil), 30]:              0
Stats[(nil), 31]:    0.997359176
