Numbers: 28500, pid: 7927 Space Used : 0 Time Stamp : 1533539951357
Time(microseconds): 981645.000000
Stats[(nil), 0]:      981465505
Stats[(nil), 1]:      981463461
Stats[(nil), 2]:             84
Stats[(nil), 3]:              0
Stats[(nil), 4]:              0
Stats[(nil), 5]:              0
Stats[(nil), 6]:           -nan
Stats[(nil), 7]:     1229942137
Stats[(nil), 8]:     2425918358
Stats[(nil), 9]:           -nan
Stats[(nil), 10]:           1383
Stats[(nil), 11]:      222943489
Stats[(nil), 12]:          20224
Stats[(nil), 13]:           -nan
Stats[(nil), 14]:        1891450
Stats[(nil), 15]:       87105546
Stats[(nil), 16]:            977
Stats[(nil), 17]:        2014353
Stats[(nil), 18]:        5750206
Stats[(nil), 19]:          23468
Stats[(nil), 20]:           5124
Stats[(nil), 21]:            465
Stats[(nil), 22]:           1724
Stats[(nil), 23]:              0
Stats[(nil), 24]:              0
Stats[(nil), 25]:              0
Stats[(nil), 26]:              0
Stats[(nil), 27]:              0
Stats[(nil), 28]:              0
Stats[(nil), 29]:              0
Stats[(nil), 30]:              0
Stats[(nil), 31]:    0.986228765
