Numbers: 28500, pid: 7929 Space Used : 0 Time Stamp : 1533539952359
Time(microseconds): 993232.000000
Stats[(nil), 0]:      993057270
Stats[(nil), 1]:      993056463
Stats[(nil), 2]:             95
Stats[(nil), 3]:              2
Stats[(nil), 4]:              0
Stats[(nil), 5]:              0
Stats[(nil), 6]:           -nan
Stats[(nil), 7]:     1219341400
Stats[(nil), 8]:     2373697412
Stats[(nil), 9]:           -nan
Stats[(nil), 10]:           2010
Stats[(nil), 11]:      220315122
Stats[(nil), 12]:          43962
Stats[(nil), 13]:           -nan
Stats[(nil), 14]:        1972506
Stats[(nil), 15]:       91003926
Stats[(nil), 16]:           1387
Stats[(nil), 17]:        2035071
Stats[(nil), 18]:        6126644
Stats[(nil), 19]:          26699
Stats[(nil), 20]:           5813
Stats[(nil), 21]:            361
Stats[(nil), 22]:           6149
Stats[(nil), 23]:              0
Stats[(nil), 24]:              0
Stats[(nil), 25]:              0
Stats[(nil), 26]:              0
Stats[(nil), 27]:              0
Stats[(nil), 28]:              0
Stats[(nil), 29]:              0
Stats[(nil), 30]:              0
Stats[(nil), 31]:    0.998932320
