Numbers: 29000, pid: 7931 Space Used : 0 Time Stamp : 1533539953393
Time(microseconds): 26900.000000
Stats[(nil), 0]:     1026772351
Stats[(nil), 1]:     1026770213
Stats[(nil), 2]:            102
Stats[(nil), 3]:              1
Stats[(nil), 4]:              0
Stats[(nil), 5]:              0
Stats[(nil), 6]:           -nan
Stats[(nil), 7]:     1250717717
Stats[(nil), 8]:     2447431015
Stats[(nil), 9]:           -nan
Stats[(nil), 10]:           3415
Stats[(nil), 11]:      221996784
Stats[(nil), 12]:          27085
Stats[(nil), 13]:           -nan
Stats[(nil), 14]:        1980666
Stats[(nil), 15]:       91319861
Stats[(nil), 16]:           1139
Stats[(nil), 17]:        2208644
Stats[(nil), 18]:        6614079
Stats[(nil), 19]:          31269
Stats[(nil), 20]:           6247
Stats[(nil), 21]:            238
Stats[(nil), 22]:           1658
Stats[(nil), 23]:              0
Stats[(nil), 24]:              0
Stats[(nil), 25]:              0
Stats[(nil), 26]:              0
Stats[(nil), 27]:              0
Stats[(nil), 28]:              0
Stats[(nil), 29]:              0
Stats[(nil), 30]:              0
Stats[(nil), 31]:    1.031909911
