Numbers: 29000, pid: 7933 Space Used : 0 Time Stamp : 1533539954419
Time(microseconds): 17747.000000
Stats[(nil), 0]:     1017656326
Stats[(nil), 1]:     1017655314
Stats[(nil), 2]:            115
Stats[(nil), 3]:              0
Stats[(nil), 4]:              0
Stats[(nil), 5]:              0
Stats[(nil), 6]:           -nan
Stats[(nil), 7]:     1255789140
Stats[(nil), 8]:     2449793405
Stats[(nil), 9]:           -nan
Stats[(nil), 10]:           2927
Stats[(nil), 11]:      221991668
Stats[(nil), 12]:          27577
Stats[(nil), 13]:           -nan
Stats[(nil), 14]:        1974821
Stats[(nil), 15]:       91127239
Stats[(nil), 16]:           1353
Stats[(nil), 17]:        2193508
Stats[(nil), 18]:       11485813
Stats[(nil), 19]:          35752
Stats[(nil), 20]:           7732
Stats[(nil), 21]:            610
Stats[(nil), 22]:           3692
Stats[(nil), 23]:              0
Stats[(nil), 24]:              0
Stats[(nil), 25]:              0
Stats[(nil), 26]:              0
Stats[(nil), 27]:              0
Stats[(nil), 28]:              0
Stats[(nil), 29]:              0
Stats[(nil), 30]:              0
Stats[(nil), 31]:    1.023313214
