Numbers: 29000, pid: 7935 Space Used : 0 Time Stamp : 1533539955456
Time(microseconds): 29221.000000
Stats[(nil), 0]:     1029012748
Stats[(nil), 1]:     1029009042
Stats[(nil), 2]:             88
Stats[(nil), 3]:              1
Stats[(nil), 4]:              0
Stats[(nil), 5]:              0
Stats[(nil), 6]:           -nan
Stats[(nil), 7]:     1254772826
Stats[(nil), 8]:     2450164374
Stats[(nil), 9]:           -nan
Stats[(nil), 10]:           2693
Stats[(nil), 11]:      225240069
Stats[(nil), 12]:          32667
Stats[(nil), 13]:           -nan
Stats[(nil), 14]:        1969136
Stats[(nil), 15]:       91590363
Stats[(nil), 16]:           1260
Stats[(nil), 17]:        2165418
Stats[(nil), 18]:        6702118
Stats[(nil), 19]:          31674
Stats[(nil), 20]:          11788
Stats[(nil), 21]:            990
Stats[(nil), 22]:           7291
Stats[(nil), 23]:              0
Stats[(nil), 24]:              0
Stats[(nil), 25]:              0
Stats[(nil), 26]:              0
Stats[(nil), 27]:              0
Stats[(nil), 28]:              0
Stats[(nil), 29]:              0
Stats[(nil), 30]:              0
Stats[(nil), 31]:    1.033946410
