Numbers: 29000, pid: 7938 Space Used : 0 Time Stamp : 1533539956484
Time(microseconds): 19878.000000
Stats[(nil), 0]:     1019727862
Stats[(nil), 1]:     1019727384
Stats[(nil), 2]:            119
Stats[(nil), 3]:              0
Stats[(nil), 4]:              0
Stats[(nil), 5]:              0
Stats[(nil), 6]:           -nan
Stats[(nil), 7]:     1250035635
Stats[(nil), 8]:     2450486113
Stats[(nil), 9]:           -nan
Stats[(nil), 10]:           1938
Stats[(nil), 11]:      222777346
Stats[(nil), 12]:          37276
Stats[(nil), 13]:           -nan
Stats[(nil), 14]:        1976022
Stats[(nil), 15]:       91803504
Stats[(nil), 16]:           1473
Stats[(nil), 17]:        2197863
Stats[(nil), 18]:        7216101
Stats[(nil), 19]:          42981
Stats[(nil), 20]:           8797
Stats[(nil), 21]:            539
Stats[(nil), 22]:           9556
Stats[(nil), 23]:              0
Stats[(nil), 24]:              0
Stats[(nil), 25]:              0
Stats[(nil), 26]:              0
Stats[(nil), 27]:              0
Stats[(nil), 28]:              0
Stats[(nil), 29]:              0
Stats[(nil), 30]:              0
Stats[(nil), 31]:    1.025540074
