Numbers: 29000, pid: 7940 Space Used : 0 Time Stamp : 1533539957528
Time(microseconds): 37726.000000
Stats[(nil), 0]:     1037513832
Stats[(nil), 1]:     1037506930
Stats[(nil), 2]:            110
Stats[(nil), 3]:              2
Stats[(nil), 4]:              0
Stats[(nil), 5]:              0
Stats[(nil), 6]:           -nan
Stats[(nil), 7]:     1299755777
Stats[(nil), 8]:     2531193970
Stats[(nil), 9]:           -nan
Stats[(nil), 10]:           6675
Stats[(nil), 11]:      228081424
Stats[(nil), 12]:          33097
Stats[(nil), 13]:           -nan
Stats[(nil), 14]:        1936984
Stats[(nil), 15]:       86817949
Stats[(nil), 16]:           1832
Stats[(nil), 17]:        2118051
Stats[(nil), 18]:        6803549
Stats[(nil), 19]:          46269
Stats[(nil), 20]:          14290
Stats[(nil), 21]:           1705
Stats[(nil), 22]:          10088
Stats[(nil), 23]:              0
Stats[(nil), 24]:              0
Stats[(nil), 25]:              0
Stats[(nil), 26]:              0
Stats[(nil), 27]:              0
Stats[(nil), 28]:              0
Stats[(nil), 29]:              0
Stats[(nil), 30]:              0
Stats[(nil), 31]:    1.043198652
