Numbers: 29500, pid: 7942 Space Used : 0 Time Stamp : 1533539958596
Time(microseconds): 58318.000000
Stats[(nil), 0]:     1058080113
Stats[(nil), 1]:     1058075416
Stats[(nil), 2]:            126
Stats[(nil), 3]:              0
Stats[(nil), 4]:              0
Stats[(nil), 5]:              0
Stats[(nil), 6]:           -nan
Stats[(nil), 7]:     1348310996
Stats[(nil), 8]:     2640049111
Stats[(nil), 9]:           -nan
Stats[(nil), 10]:           3834
Stats[(nil), 11]:      237834612
Stats[(nil), 12]:          25749
Stats[(nil), 13]:           -nan
Stats[(nil), 14]:        2039808
Stats[(nil), 15]:       90536868
Stats[(nil), 16]:           1742
Stats[(nil), 17]:        2208959
Stats[(nil), 18]:        6552840
Stats[(nil), 19]:          38524
Stats[(nil), 20]:           7480
Stats[(nil), 21]:            416
Stats[(nil), 22]:           2409
Stats[(nil), 23]:              0
Stats[(nil), 24]:              0
Stats[(nil), 25]:              0
Stats[(nil), 26]:              0
Stats[(nil), 27]:              0
Stats[(nil), 28]:              0
Stats[(nil), 29]:              0
Stats[(nil), 30]:              0
Stats[(nil), 31]:    1.064818549
