Numbers: 29500, pid: 7944 Space Used : 0 Time Stamp : 1533539959659
Time(microseconds): 56175.000000
Stats[(nil), 0]:     1056012205
Stats[(nil), 1]:     1056005805
Stats[(nil), 2]:             91
Stats[(nil), 3]:              0
Stats[(nil), 4]:              0
Stats[(nil), 5]:              0
Stats[(nil), 6]:           -nan
Stats[(nil), 7]:     1348998223
Stats[(nil), 8]:     2628291578
Stats[(nil), 9]:           -nan
Stats[(nil), 10]:           2214
Stats[(nil), 11]:      237077717
Stats[(nil), 12]:          33356
Stats[(nil), 13]:           -nan
Stats[(nil), 14]:        1975374
Stats[(nil), 15]:       91240972
Stats[(nil), 16]:           1613
Stats[(nil), 17]:        2230155
Stats[(nil), 18]:        6469600
Stats[(nil), 19]:          33025
Stats[(nil), 20]:           7702
Stats[(nil), 21]:            534
Stats[(nil), 22]:           4922
Stats[(nil), 23]:              0
Stats[(nil), 24]:              0
Stats[(nil), 25]:              0
Stats[(nil), 26]:              0
Stats[(nil), 27]:              0
Stats[(nil), 28]:              0
Stats[(nil), 29]:              0
Stats[(nil), 30]:              0
Stats[(nil), 31]:    1.061244652
