Numbers: 29500, pid: 7948 Space Used : 0 Time Stamp : 1533539961787
Time(microseconds): 56956.000000
Stats[(nil), 0]:     1056815287
Stats[(nil), 1]:     1056812385
Stats[(nil), 2]:             90
Stats[(nil), 3]:              0
Stats[(nil), 4]:              0
Stats[(nil), 5]:              0
Stats[(nil), 6]:           -nan
Stats[(nil), 7]:     1352843801
Stats[(nil), 8]:     2622602617
Stats[(nil), 9]:           -nan
Stats[(nil), 10]:           2693
Stats[(nil), 11]:      237038966
Stats[(nil), 12]:          23826
Stats[(nil), 13]:           -nan
Stats[(nil), 14]:        1977466
Stats[(nil), 15]:       91804981
Stats[(nil), 16]:           1014
Stats[(nil), 17]:        2217036
Stats[(nil), 18]:        6037616
Stats[(nil), 19]:          29005
Stats[(nil), 20]:           8901
Stats[(nil), 21]:            300
Stats[(nil), 22]:           8002
Stats[(nil), 23]:              0
Stats[(nil), 24]:              0
Stats[(nil), 25]:              0
Stats[(nil), 26]:              0
Stats[(nil), 27]:              0
Stats[(nil), 28]:              0
Stats[(nil), 29]:              0
Stats[(nil), 30]:              0
Stats[(nil), 31]:    1.061762333
