Numbers: 29500, pid: 7950 Space Used : 0 Time Stamp : 1533539962847
Time(microseconds): 50847.000000
Stats[(nil), 0]:     1050658263
Stats[(nil), 1]:     1050654635
Stats[(nil), 2]:             89
Stats[(nil), 3]:              0
Stats[(nil), 4]:              0
Stats[(nil), 5]:              0
Stats[(nil), 6]:           -nan
Stats[(nil), 7]:     1334136771
Stats[(nil), 8]:     2618499086
Stats[(nil), 9]:           -nan
Stats[(nil), 10]:           1356
Stats[(nil), 11]:      236211709
Stats[(nil), 12]:          32966
Stats[(nil), 13]:           -nan
Stats[(nil), 14]:        1975448
Stats[(nil), 15]:       91574019
Stats[(nil), 16]:           1217
Stats[(nil), 17]:        2249275
Stats[(nil), 18]:        5992398
Stats[(nil), 19]:          28049
Stats[(nil), 20]:           4791
Stats[(nil), 21]:            331
Stats[(nil), 22]:           3502
Stats[(nil), 23]:              0
Stats[(nil), 24]:              0
Stats[(nil), 25]:              0
Stats[(nil), 26]:              0
Stats[(nil), 27]:              0
Stats[(nil), 28]:              0
Stats[(nil), 29]:              0
Stats[(nil), 30]:              0
Stats[(nil), 31]:    1.056474406
