Numbers: 30000, pid: 7953 Space Used : 0 Time Stamp : 1533539963940
Time(microseconds): 85890.000000
Stats[(nil), 0]:     1085705200
Stats[(nil), 1]:     1085703740
Stats[(nil), 2]:             99
Stats[(nil), 3]:              0
Stats[(nil), 4]:              0
Stats[(nil), 5]:              0
Stats[(nil), 6]:           -nan
Stats[(nil), 7]:     1354360620
Stats[(nil), 8]:     2668100341
Stats[(nil), 9]:           -nan
Stats[(nil), 10]:           2427
Stats[(nil), 11]:      246106356
Stats[(nil), 12]:          33566
Stats[(nil), 13]:           -nan
Stats[(nil), 14]:        2228993
Stats[(nil), 15]:       98534224
Stats[(nil), 16]:           1259
Stats[(nil), 17]:        2250731
Stats[(nil), 18]:        5971755
Stats[(nil), 19]:          27187
Stats[(nil), 20]:           5837
Stats[(nil), 21]:            503
Stats[(nil), 22]:           3405
Stats[(nil), 23]:              0
Stats[(nil), 24]:              0
Stats[(nil), 25]:              0
Stats[(nil), 26]:              0
Stats[(nil), 27]:              0
Stats[(nil), 28]:              0
Stats[(nil), 29]:              0
Stats[(nil), 30]:              0
Stats[(nil), 31]:    1.090850279
