Numbers: 30000, pid: 7955 Space Used : 0 Time Stamp : 1533539965048
Time(microseconds): 99695.000000
Stats[(nil), 0]:     1099435517
Stats[(nil), 1]:     1099435096
Stats[(nil), 2]:            113
Stats[(nil), 3]:              1
Stats[(nil), 4]:              0
Stats[(nil), 5]:              0
Stats[(nil), 6]:           -nan
Stats[(nil), 7]:     1331316801
Stats[(nil), 8]:     2613340698
Stats[(nil), 9]:           -nan
Stats[(nil), 10]:           1754
Stats[(nil), 11]:      242386401
Stats[(nil), 12]:          42370
Stats[(nil), 13]:           -nan
Stats[(nil), 14]:        2216442
Stats[(nil), 15]:      101441114
Stats[(nil), 16]:           1457
Stats[(nil), 17]:        2418620
Stats[(nil), 18]:        7218448
Stats[(nil), 19]:          36382
Stats[(nil), 20]:           7386
Stats[(nil), 21]:            290
Stats[(nil), 22]:           3888
Stats[(nil), 23]:              0
Stats[(nil), 24]:              0
Stats[(nil), 25]:              0
Stats[(nil), 26]:              0
Stats[(nil), 27]:              0
Stats[(nil), 28]:              0
Stats[(nil), 29]:              0
Stats[(nil), 30]:              0
Stats[(nil), 31]:    1.104989048
