Numbers: 30000, pid: 7957 Space Used : 0 Time Stamp : 1533539966149
Time(microseconds): 90583.000000
Stats[(nil), 0]:     1090541511
Stats[(nil), 1]:     1090537805
Stats[(nil), 2]:            124
Stats[(nil), 3]:              0
Stats[(nil), 4]:              0
Stats[(nil), 5]:              0
Stats[(nil), 6]:           -nan
Stats[(nil), 7]:     1362732728
Stats[(nil), 8]:     2676967140
Stats[(nil), 9]:           -nan
Stats[(nil), 10]:           2224
Stats[(nil), 11]:      246496345
Stats[(nil), 12]:          34949
Stats[(nil), 13]:           -nan
Stats[(nil), 14]:        2218428
Stats[(nil), 15]:       98643138
Stats[(nil), 16]:           1123
Stats[(nil), 17]:        2215742
Stats[(nil), 18]:        6950965
Stats[(nil), 19]:          32437
Stats[(nil), 20]:           6680
Stats[(nil), 21]:            190
Stats[(nil), 22]:           8299
Stats[(nil), 23]:              0
Stats[(nil), 24]:              0
Stats[(nil), 25]:              0
Stats[(nil), 26]:              0
Stats[(nil), 27]:              0
Stats[(nil), 28]:              0
Stats[(nil), 29]:              0
Stats[(nil), 30]:              0
Stats[(nil), 31]:    1.097985827
