Numbers: 30000, pid: 7959 Space Used : 0 Time Stamp : 1533539967252
Time(microseconds): 94058.000000
Stats[(nil), 0]:     1093926035
Stats[(nil), 1]:     1093921648
Stats[(nil), 2]:             92
Stats[(nil), 3]:              0
Stats[(nil), 4]:              0
Stats[(nil), 5]:              0
Stats[(nil), 6]:           -nan
Stats[(nil), 7]:     1354418203
Stats[(nil), 8]:     2659437727
Stats[(nil), 9]:           -nan
Stats[(nil), 10]:           2430
Stats[(nil), 11]:      244643605
Stats[(nil), 12]:          34354
Stats[(nil), 13]:           -nan
Stats[(nil), 14]:        2227586
Stats[(nil), 15]:       98780752
Stats[(nil), 16]:           1455
Stats[(nil), 17]:        2271074
Stats[(nil), 18]:        6526520
Stats[(nil), 19]:          27786
Stats[(nil), 20]:           5245
Stats[(nil), 21]:            744
Stats[(nil), 22]:           2850
Stats[(nil), 23]:              0
Stats[(nil), 24]:              0
Stats[(nil), 25]:              0
Stats[(nil), 26]:              0
Stats[(nil), 27]:              0
Stats[(nil), 28]:              0
Stats[(nil), 29]:              0
Stats[(nil), 30]:              0
Stats[(nil), 31]:    1.100703565
