Numbers: 30500, pid: 7965 Space Used : 0 Time Stamp : 1533539970635
Time(microseconds): 137472.000000
Stats[(nil), 0]:     1137303557
Stats[(nil), 1]:     1137300152
Stats[(nil), 2]:             95
Stats[(nil), 3]:              1
Stats[(nil), 4]:              0
Stats[(nil), 5]:              0
Stats[(nil), 6]:           -nan
Stats[(nil), 7]:     1416359521
Stats[(nil), 8]:     2752420299
Stats[(nil), 9]:           -nan
Stats[(nil), 10]:           1752
Stats[(nil), 11]:      250098738
Stats[(nil), 12]:          35977
Stats[(nil), 13]:           -nan
Stats[(nil), 14]:        2237905
Stats[(nil), 15]:       99675280
Stats[(nil), 16]:           1452
Stats[(nil), 17]:        2377296
Stats[(nil), 18]:        7447279
Stats[(nil), 19]:          37872
Stats[(nil), 20]:          13755
Stats[(nil), 21]:            385
Stats[(nil), 22]:          11853
Stats[(nil), 23]:              0
Stats[(nil), 24]:              0
Stats[(nil), 25]:              0
Stats[(nil), 26]:              0
Stats[(nil), 27]:              0
Stats[(nil), 28]:              0
Stats[(nil), 29]:              0
Stats[(nil), 30]:              0
Stats[(nil), 31]:    1.142487940
