Numbers: 30500, pid: 7967 Space Used : 0 Time Stamp : 1533539971769
Time(microseconds): 125819.000000
Stats[(nil), 0]:     1125654808
Stats[(nil), 1]:     1125651146
Stats[(nil), 2]:            114
Stats[(nil), 3]:              0
Stats[(nil), 4]:              0
Stats[(nil), 5]:              0
Stats[(nil), 6]:           -nan
Stats[(nil), 7]:     1398755960
Stats[(nil), 8]:     2748296278
Stats[(nil), 9]:           -nan
Stats[(nil), 10]:           2378
Stats[(nil), 11]:      248609363
Stats[(nil), 12]:          42102
Stats[(nil), 13]:           -nan
Stats[(nil), 14]:        2219028
Stats[(nil), 15]:      100164229
Stats[(nil), 16]:           1522
Stats[(nil), 17]:        2433381
Stats[(nil), 18]:        6867581
Stats[(nil), 19]:          38675
Stats[(nil), 20]:           8863
Stats[(nil), 21]:            538
Stats[(nil), 22]:          14406
Stats[(nil), 23]:              0
Stats[(nil), 24]:              0
Stats[(nil), 25]:              0
Stats[(nil), 26]:              0
Stats[(nil), 27]:              0
Stats[(nil), 28]:              0
Stats[(nil), 29]:              0
Stats[(nil), 30]:              0
Stats[(nil), 31]:    1.131579680
