Numbers: 30500, pid: 7969 Space Used : 0 Time Stamp : 1533539972901
Time(microseconds): 124521.000000
Stats[(nil), 0]:     1124299803
Stats[(nil), 1]:     1124300469
Stats[(nil), 2]:             94
Stats[(nil), 3]:              0
Stats[(nil), 4]:              0
Stats[(nil), 5]:              0
Stats[(nil), 6]:           -nan
Stats[(nil), 7]:     1393944943
Stats[(nil), 8]:     2741062574
Stats[(nil), 9]:           -nan
Stats[(nil), 10]:           1745
Stats[(nil), 11]:      248257083
Stats[(nil), 12]:          42182
Stats[(nil), 13]:           -nan
Stats[(nil), 14]:        2219475
Stats[(nil), 15]:       99938903
Stats[(nil), 16]:           1302
Stats[(nil), 17]:        2452273
Stats[(nil), 18]:        6759210
Stats[(nil), 19]:          30978
Stats[(nil), 20]:           4070
Stats[(nil), 21]:            275
Stats[(nil), 22]:           2721
Stats[(nil), 23]:              0
Stats[(nil), 24]:              0
Stats[(nil), 25]:              0
Stats[(nil), 26]:              0
Stats[(nil), 27]:              0
Stats[(nil), 28]:              0
Stats[(nil), 29]:              0
Stats[(nil), 30]:              0
Stats[(nil), 31]:    1.129341499
