Numbers: 30500, pid: 7971 Space Used : 0 Time Stamp : 1533539974037
Time(microseconds): 128065.000000
Stats[(nil), 0]:     1127829480
Stats[(nil), 1]:     1127828371
Stats[(nil), 2]:            130
Stats[(nil), 3]:              0
Stats[(nil), 4]:              0
Stats[(nil), 5]:              0
Stats[(nil), 6]:           -nan
Stats[(nil), 7]:     1406133754
Stats[(nil), 8]:     2752189465
Stats[(nil), 9]:           -nan
Stats[(nil), 10]:           2932
Stats[(nil), 11]:      248783297
Stats[(nil), 12]:          40854
Stats[(nil), 13]:           -nan
Stats[(nil), 14]:        2205667
Stats[(nil), 15]:      100036871
Stats[(nil), 16]:           1531
Stats[(nil), 17]:        2416010
Stats[(nil), 18]:        7769134
Stats[(nil), 19]:          42579
Stats[(nil), 20]:           7975
Stats[(nil), 21]:             90
Stats[(nil), 22]:           6625
Stats[(nil), 23]:              0
Stats[(nil), 24]:              0
Stats[(nil), 25]:              0
Stats[(nil), 26]:              0
Stats[(nil), 27]:              0
Stats[(nil), 28]:              0
Stats[(nil), 29]:              0
Stats[(nil), 30]:              0
Stats[(nil), 31]:    1.133657911
