Numbers: 31000, pid: 7973 Space Used : 0 Time Stamp : 1533539975216
Time(microseconds): 171292.000000
Stats[(nil), 0]:     1171077711
Stats[(nil), 1]:     1171073167
Stats[(nil), 2]:            116
Stats[(nil), 3]:              0
Stats[(nil), 4]:              0
Stats[(nil), 5]:              0
Stats[(nil), 6]:           -nan
Stats[(nil), 7]:     1470522143
Stats[(nil), 8]:     2862932096
Stats[(nil), 9]:           -nan
Stats[(nil), 10]:           2548
Stats[(nil), 11]:      263139352
Stats[(nil), 12]:          36301
Stats[(nil), 13]:           -nan
Stats[(nil), 14]:        2354289
Stats[(nil), 15]:      103191255
Stats[(nil), 16]:           1497
Stats[(nil), 17]:        2416152
Stats[(nil), 18]:        7425848
Stats[(nil), 19]:          38580
Stats[(nil), 20]:           6110
Stats[(nil), 21]:            385
Stats[(nil), 22]:           7575
Stats[(nil), 23]:              0
Stats[(nil), 24]:              0
Stats[(nil), 25]:              0
Stats[(nil), 26]:              0
Stats[(nil), 27]:              0
Stats[(nil), 28]:              0
Stats[(nil), 29]:              0
Stats[(nil), 30]:              0
Stats[(nil), 31]:    1.176519611
