Numbers: 31000, pid: 7975 Space Used : 0 Time Stamp : 1533539976394
Time(microseconds): 171064.000000
Stats[(nil), 0]:     1170856903
Stats[(nil), 1]:     1170849402
Stats[(nil), 2]:             98
Stats[(nil), 3]:              0
Stats[(nil), 4]:              0
Stats[(nil), 5]:              0
Stats[(nil), 6]:           -nan
Stats[(nil), 7]:     1475535874
Stats[(nil), 8]:     2889237280
Stats[(nil), 9]:           -nan
Stats[(nil), 10]:           5378
Stats[(nil), 11]:      265638077
Stats[(nil), 12]:          33742
Stats[(nil), 13]:           -nan
Stats[(nil), 14]:        2326055
Stats[(nil), 15]:      101817638
Stats[(nil), 16]:           1473
Stats[(nil), 17]:        2381510
Stats[(nil), 18]:        7690527
Stats[(nil), 19]:          42105
Stats[(nil), 20]:          12461
Stats[(nil), 21]:           1744
Stats[(nil), 22]:          15087
Stats[(nil), 23]:              0
Stats[(nil), 24]:              0
Stats[(nil), 25]:              0
Stats[(nil), 26]:              0
Stats[(nil), 27]:              0
Stats[(nil), 28]:              0
Stats[(nil), 29]:              0
Stats[(nil), 30]:              0
Stats[(nil), 31]:    1.176162014
