Numbers: 31000, pid: 7979 Space Used : 0 Time Stamp : 1533539977577
Time(microseconds): 175155.000000
Stats[(nil), 0]:     1174942553
Stats[(nil), 1]:     1174939023
Stats[(nil), 2]:            103
Stats[(nil), 3]:              1
Stats[(nil), 4]:              0
Stats[(nil), 5]:              0
Stats[(nil), 6]:           -nan
Stats[(nil), 7]:     1466988460
Stats[(nil), 8]:     2885714677
Stats[(nil), 9]:           -nan
Stats[(nil), 10]:           2398
Stats[(nil), 11]:      267385902
Stats[(nil), 12]:          31589
Stats[(nil), 13]:           -nan
Stats[(nil), 14]:        2389532
Stats[(nil), 15]:      102752425
Stats[(nil), 16]:           1331
Stats[(nil), 17]:        2381480
Stats[(nil), 18]:        7257985
Stats[(nil), 19]:          36359
Stats[(nil), 20]:          11343
Stats[(nil), 21]:            432
Stats[(nil), 22]:           8151
Stats[(nil), 23]:              0
Stats[(nil), 24]:              0
Stats[(nil), 25]:              0
Stats[(nil), 26]:              0
Stats[(nil), 27]:              0
Stats[(nil), 28]:              0
Stats[(nil), 29]:              0
Stats[(nil), 30]:              0
Stats[(nil), 31]:    1.180300255
