Numbers: 31000, pid: 7981 Space Used : 0 Time Stamp : 1533539978749
Time(microseconds): 162877.000000
Stats[(nil), 0]:     1162832426
Stats[(nil), 1]:     1162827644
Stats[(nil), 2]:             97
Stats[(nil), 3]:              0
Stats[(nil), 4]:              0
Stats[(nil), 5]:              0
Stats[(nil), 6]:           -nan
Stats[(nil), 7]:     1475498581
Stats[(nil), 8]:     2903300775
Stats[(nil), 9]:           -nan
Stats[(nil), 10]:           2080
Stats[(nil), 11]:      263468467
Stats[(nil), 12]:          22236
Stats[(nil), 13]:           -nan
Stats[(nil), 14]:        2220928
Stats[(nil), 15]:       99971811
Stats[(nil), 16]:           1134
Stats[(nil), 17]:        2416626
Stats[(nil), 18]:        6905582
Stats[(nil), 19]:          28303
Stats[(nil), 20]:           6530
Stats[(nil), 21]:            434
Stats[(nil), 22]:           2567
Stats[(nil), 23]:              0
Stats[(nil), 24]:              0
Stats[(nil), 25]:              0
Stats[(nil), 26]:              0
Stats[(nil), 27]:              0
Stats[(nil), 28]:              0
Stats[(nil), 29]:              0
Stats[(nil), 30]:              0
Stats[(nil), 31]:    1.169353811
