Numbers: 31000, pid: 7983 Space Used : 0 Time Stamp : 1533539979937
Time(microseconds): 176821.000000
Stats[(nil), 0]:     1176594725
Stats[(nil), 1]:     1176592862
Stats[(nil), 2]:            118
Stats[(nil), 3]:              3
Stats[(nil), 4]:              0
Stats[(nil), 5]:              0
Stats[(nil), 6]:           -nan
Stats[(nil), 7]:     1470248548
Stats[(nil), 8]:     2882007325
Stats[(nil), 9]:           -nan
Stats[(nil), 10]:           1812
Stats[(nil), 11]:      266195424
Stats[(nil), 12]:          39781
Stats[(nil), 13]:           -nan
Stats[(nil), 14]:        2397616
Stats[(nil), 15]:      102713452
Stats[(nil), 16]:           1262
Stats[(nil), 17]:        2305207
Stats[(nil), 18]:        7227270
Stats[(nil), 19]:          33727
Stats[(nil), 20]:          10625
Stats[(nil), 21]:           1127
Stats[(nil), 22]:          26753
Stats[(nil), 23]:              0
Stats[(nil), 24]:              0
Stats[(nil), 25]:              0
Stats[(nil), 26]:              0
Stats[(nil), 27]:              0
Stats[(nil), 28]:              0
Stats[(nil), 29]:              0
Stats[(nil), 30]:              0
Stats[(nil), 31]:    1.185502170
