Numbers: 35000, pid: 11887 Space Used : 0 Time Stamp : 1533611647930
Time(microseconds): 8322.000000
Stats[(nil), 0]:        8460283
Stats[(nil), 1]:        8457786
Stats[(nil), 2]:              1
Stats[(nil), 3]:              0
Stats[(nil), 4]:              0
Stats[(nil), 5]:              0
Stats[(nil), 6]:              0
Stats[(nil), 7]:        6250955
Stats[(nil), 8]:       15948079
Stats[(nil), 9]:           5806
Stats[(nil), 10]:            349
Stats[(nil), 11]:        2281239
Stats[(nil), 12]:         186847
Stats[(nil), 13]:              0
Stats[(nil), 14]:              0
Stats[(nil), 15]:              0
Stats[(nil), 16]:              0
Stats[(nil), 17]:              0
Stats[(nil), 18]:              0
Stats[(nil), 19]:              0
Stats[(nil), 20]:              0
Stats[(nil), 21]:              0
Stats[(nil), 22]:              0
Stats[(nil), 23]:              0
Stats[(nil), 24]:              0
Stats[(nil), 25]:              0
Stats[(nil), 26]:              0
Stats[(nil), 27]:              0
Stats[(nil), 28]:              0
Stats[(nil), 29]:              0
Stats[(nil), 30]:              0
Stats[(nil), 31]:    0.015440855
