Numbers: 35000, pid: 11889 Space Used : 0 Time Stamp : 1533611647947
Time(microseconds): 8970.000000
Stats[(nil), 0]:        9063426
Stats[(nil), 1]:        9062200
Stats[(nil), 2]:              1
Stats[(nil), 3]:              0
Stats[(nil), 4]:              0
Stats[(nil), 5]:              0
Stats[(nil), 6]:              0
Stats[(nil), 7]:        5464870
Stats[(nil), 8]:       14562448
Stats[(nil), 9]:           2508
Stats[(nil), 10]:             82
Stats[(nil), 11]:        2278313
Stats[(nil), 12]:         186293
Stats[(nil), 13]:              0
Stats[(nil), 14]:              0
Stats[(nil), 15]:              0
Stats[(nil), 16]:              0
Stats[(nil), 17]:              0
Stats[(nil), 18]:              0
Stats[(nil), 19]:              0
Stats[(nil), 20]:              0
Stats[(nil), 21]:              0
Stats[(nil), 22]:              0
Stats[(nil), 23]:              0
Stats[(nil), 24]:              0
Stats[(nil), 25]:              0
Stats[(nil), 26]:              0
Stats[(nil), 27]:              0
Stats[(nil), 28]:              0
Stats[(nil), 29]:              0
Stats[(nil), 30]:              0
Stats[(nil), 31]:    0.015161779
