Numbers: 35000, pid: 11899 Space Used : 0 Time Stamp : 1533611648030
Time(microseconds): 8545.000000
Stats[(nil), 0]:        8633456
Stats[(nil), 1]:        8631261
Stats[(nil), 2]:              1
Stats[(nil), 3]:              0
Stats[(nil), 4]:              0
Stats[(nil), 5]:              0
Stats[(nil), 6]:              0
Stats[(nil), 7]:       15573941
Stats[(nil), 8]:           4584
Stats[(nil), 9]:            874
Stats[(nil), 10]:            500
Stats[(nil), 11]:        2277824
Stats[(nil), 12]:         192168
Stats[(nil), 13]:              0
Stats[(nil), 14]:           1281
Stats[(nil), 15]:              0
Stats[(nil), 16]:              0
Stats[(nil), 17]:              0
Stats[(nil), 18]:              0
Stats[(nil), 19]:              0
Stats[(nil), 20]:              0
Stats[(nil), 21]:              0
Stats[(nil), 22]:              0
Stats[(nil), 23]:              0
Stats[(nil), 24]:              0
Stats[(nil), 25]:              0
Stats[(nil), 26]:              0
Stats[(nil), 27]:              0
Stats[(nil), 28]:              0
Stats[(nil), 29]:              0
Stats[(nil), 30]:              0
Stats[(nil), 31]:    0.015012068
