Numbers: 35000, pid: 11895 Space Used : 0 Time Stamp : 1533611647996
Time(microseconds): 9301.000000
Stats[(nil), 0]:        9404154
Stats[(nil), 1]:        9403623
Stats[(nil), 2]:              1
Stats[(nil), 3]:              0
Stats[(nil), 4]:              0
Stats[(nil), 5]:              0
Stats[(nil), 6]:              0
Stats[(nil), 7]:        1867646
Stats[(nil), 8]:       11165796
Stats[(nil), 9]:           1812
Stats[(nil), 10]:            228
Stats[(nil), 11]:        2282500
Stats[(nil), 12]:         221615
Stats[(nil), 13]:              0
Stats[(nil), 14]:            868
Stats[(nil), 15]:              0
Stats[(nil), 16]:              0
Stats[(nil), 17]:              0
Stats[(nil), 18]:              0
Stats[(nil), 19]:              0
Stats[(nil), 20]:              0
Stats[(nil), 21]:              0
Stats[(nil), 22]:              0
Stats[(nil), 23]:              0
Stats[(nil), 24]:              0
Stats[(nil), 25]:              0
Stats[(nil), 26]:              0
Stats[(nil), 27]:              0
Stats[(nil), 28]:              0
Stats[(nil), 29]:              0
Stats[(nil), 30]:              0
Stats[(nil), 31]:    0.014872033
