Numbers: 35000, pid: 11893 Space Used : 0 Time Stamp : 1533611647979
Time(microseconds): 8434.000000
Stats[(nil), 0]:        8526327
Stats[(nil), 1]:        8525513
Stats[(nil), 2]:              1
Stats[(nil), 3]:              0
Stats[(nil), 4]:              0
Stats[(nil), 5]:              0
Stats[(nil), 6]:              0
Stats[(nil), 7]:        2535470
Stats[(nil), 8]:       21801021
Stats[(nil), 9]:           1800
Stats[(nil), 10]:             63
Stats[(nil), 11]:        2279947
Stats[(nil), 12]:         213849
Stats[(nil), 13]:              0
Stats[(nil), 14]:              0
Stats[(nil), 15]:              0
Stats[(nil), 16]:              0
Stats[(nil), 17]:              0
Stats[(nil), 18]:              0
Stats[(nil), 19]:              0
Stats[(nil), 20]:              0
Stats[(nil), 21]:              0
Stats[(nil), 22]:              0
Stats[(nil), 23]:              0
Stats[(nil), 24]:              0
Stats[(nil), 25]:              0
Stats[(nil), 26]:              0
Stats[(nil), 27]:              0
Stats[(nil), 28]:              0
Stats[(nil), 29]:              0
Stats[(nil), 30]:              0
Stats[(nil), 31]:    0.013240736
