Numbers: 35000, pid: 11891 Space Used : 0 Time Stamp : 1533611647963
Time(microseconds): 9265.000000
Stats[(nil), 0]:        9370623
Stats[(nil), 1]:        9369405
Stats[(nil), 2]:              0
Stats[(nil), 3]:              0
Stats[(nil), 4]:              0
Stats[(nil), 5]:              0
Stats[(nil), 6]:              0
Stats[(nil), 7]:        3951991
Stats[(nil), 8]:       13208671
Stats[(nil), 9]:           2157
Stats[(nil), 10]:             28
Stats[(nil), 11]:        2276314
Stats[(nil), 12]:         201521
Stats[(nil), 13]:              0
Stats[(nil), 14]:              0
Stats[(nil), 15]:              0
Stats[(nil), 16]:              0
Stats[(nil), 17]:              0
Stats[(nil), 18]:              0
Stats[(nil), 19]:              0
Stats[(nil), 20]:              0
Stats[(nil), 21]:              0
Stats[(nil), 22]:              0
Stats[(nil), 23]:              0
Stats[(nil), 24]:              0
Stats[(nil), 25]:              0
Stats[(nil), 26]:              0
Stats[(nil), 27]:              0
Stats[(nil), 28]:              0
Stats[(nil), 29]:              0
Stats[(nil), 30]:              0
Stats[(nil), 31]:    0.014728832
