Numbers: 2500, pid: 8255 Space Used : 0 Time Stamp : 1533540122145
Time(microseconds): 731.000000
Stats[(nil), 0]:         869296
Stats[(nil), 1]:         867900
Stats[(nil), 2]:              0
Stats[(nil), 3]:              0
Stats[(nil), 4]:              0
Stats[(nil), 5]:              0
Stats[(nil), 6]:              0
Stats[(nil), 7]:         265491
Stats[(nil), 8]:        1144211
Stats[(nil), 9]:           1019
Stats[(nil), 10]:            261
Stats[(nil), 11]:         125901
Stats[(nil), 12]:          11898
Stats[(nil), 13]:              0
Stats[(nil), 14]:              0
Stats[(nil), 15]:              0
Stats[(nil), 16]:              0
Stats[(nil), 17]:              0
Stats[(nil), 18]:              0
Stats[(nil), 19]:              0
Stats[(nil), 20]:              0
Stats[(nil), 21]:              0
Stats[(nil), 22]:              0
Stats[(nil), 23]:              0
Stats[(nil), 24]:              0
Stats[(nil), 25]:              0
Stats[(nil), 26]:              0
Stats[(nil), 27]:              0
Stats[(nil), 28]:              0
Stats[(nil), 29]:              0
Stats[(nil), 30]:              0
Stats[(nil), 31]:    0.001673208
