Numbers: 2500, pid: 8259 Space Used : 0 Time Stamp : 1533540122153
Time(microseconds): 663.000000
Stats[(nil), 0]:         791492
Stats[(nil), 1]:         790188
Stats[(nil), 2]:              0
Stats[(nil), 3]:              0
Stats[(nil), 4]:              0
Stats[(nil), 5]:              0
Stats[(nil), 6]:              0
Stats[(nil), 7]:         899775
Stats[(nil), 8]:        1145824
Stats[(nil), 9]:           1082
Stats[(nil), 10]:            188
Stats[(nil), 11]:         126180
Stats[(nil), 12]:           4734
Stats[(nil), 13]:              0
Stats[(nil), 14]:              0
Stats[(nil), 15]:              0
Stats[(nil), 16]:              0
Stats[(nil), 17]:              0
Stats[(nil), 18]:              0
Stats[(nil), 19]:              0
Stats[(nil), 20]:              0
Stats[(nil), 21]:              0
Stats[(nil), 22]:              0
Stats[(nil), 23]:              0
Stats[(nil), 24]:              0
Stats[(nil), 25]:              0
Stats[(nil), 26]:              0
Stats[(nil), 27]:              0
Stats[(nil), 28]:              0
Stats[(nil), 29]:              0
Stats[(nil), 30]:              0
Stats[(nil), 31]:    0.001548803
