Numbers: 3000, pid: 8263 Space Used : 0 Time Stamp : 1533540122161
Time(microseconds): 724.000000
Stats[(nil), 0]:         842377
Stats[(nil), 1]:         841103
Stats[(nil), 2]:              0
Stats[(nil), 3]:              0
Stats[(nil), 4]:              0
Stats[(nil), 5]:              0
Stats[(nil), 6]:              0
Stats[(nil), 7]:          87588
Stats[(nil), 8]:        1356438
Stats[(nil), 9]:           1097
Stats[(nil), 10]:            216
Stats[(nil), 11]:         145920
Stats[(nil), 12]:          17869
Stats[(nil), 13]:              0
Stats[(nil), 14]:              0
Stats[(nil), 15]:              0
Stats[(nil), 16]:              0
Stats[(nil), 17]:              0
Stats[(nil), 18]:              0
Stats[(nil), 19]:              0
Stats[(nil), 20]:              0
Stats[(nil), 21]:              0
Stats[(nil), 22]:              0
Stats[(nil), 23]:              0
Stats[(nil), 24]:              0
Stats[(nil), 25]:              0
Stats[(nil), 26]:              0
Stats[(nil), 27]:              0
Stats[(nil), 28]:              0
Stats[(nil), 29]:              0
Stats[(nil), 30]:              0
Stats[(nil), 31]:    0.001604912
