Numbers: 7500, pid: 8351 Space Used : 0 Time Stamp : 1533540122373
Time(microseconds): 2768.000000
Stats[(nil), 0]:        2947694
Stats[(nil), 1]:        2945961
Stats[(nil), 2]:              0
Stats[(nil), 3]:              0
Stats[(nil), 4]:              0
Stats[(nil), 5]:              0
Stats[(nil), 6]:              0
Stats[(nil), 7]:        2806752
Stats[(nil), 8]:        3780921
Stats[(nil), 9]:            957
Stats[(nil), 10]:            149
Stats[(nil), 11]:         412577
Stats[(nil), 12]:          15098
Stats[(nil), 13]:              0
Stats[(nil), 14]:              0
Stats[(nil), 15]:              0
Stats[(nil), 16]:              0
Stats[(nil), 17]:              0
Stats[(nil), 18]:              0
Stats[(nil), 19]:              0
Stats[(nil), 20]:              0
Stats[(nil), 21]:              0
Stats[(nil), 22]:              0
Stats[(nil), 23]:              0
Stats[(nil), 24]:              0
Stats[(nil), 25]:              0
Stats[(nil), 26]:              0
Stats[(nil), 27]:              0
Stats[(nil), 28]:              0
Stats[(nil), 29]:              0
Stats[(nil), 30]:              0
Stats[(nil), 31]:    0.004984764
