Numbers: 7500, pid: 8353 Space Used : 0 Time Stamp : 1533540122379
Time(microseconds): 2029.000000
Stats[(nil), 0]:        2142232
Stats[(nil), 1]:        2141255
Stats[(nil), 2]:              2
Stats[(nil), 3]:              0
Stats[(nil), 4]:              0
Stats[(nil), 5]:              0
Stats[(nil), 6]:              0
Stats[(nil), 7]:          10461
Stats[(nil), 8]:        3786503
Stats[(nil), 9]:           1154
Stats[(nil), 10]:            142
Stats[(nil), 11]:         413754
Stats[(nil), 12]:          47924
Stats[(nil), 13]:              0
Stats[(nil), 14]:              0
Stats[(nil), 15]:              0
Stats[(nil), 16]:              0
Stats[(nil), 17]:              0
Stats[(nil), 18]:              0
Stats[(nil), 19]:              0
Stats[(nil), 20]:              0
Stats[(nil), 21]:              0
Stats[(nil), 22]:              0
Stats[(nil), 23]:              0
Stats[(nil), 24]:              0
Stats[(nil), 25]:              0
Stats[(nil), 26]:              0
Stats[(nil), 27]:              0
Stats[(nil), 28]:              0
Stats[(nil), 29]:              0
Stats[(nil), 30]:              0
Stats[(nil), 31]:    0.003885835
