Numbers: 9000, pid: 8385 Space Used : 0 Time Stamp : 1533540122481
Time(microseconds): 2264.000000
Stats[(nil), 0]:        2357470
Stats[(nil), 1]:        2356902
Stats[(nil), 2]:              2
Stats[(nil), 3]:              0
Stats[(nil), 4]:              0
Stats[(nil), 5]:              0
Stats[(nil), 6]:              0
Stats[(nil), 7]:        4053227
Stats[(nil), 8]:        4561634
Stats[(nil), 9]:           1722
Stats[(nil), 10]:            200
Stats[(nil), 11]:         493098
Stats[(nil), 12]:          10790
Stats[(nil), 13]:              0
Stats[(nil), 14]:              0
Stats[(nil), 15]:              0
Stats[(nil), 16]:              0
Stats[(nil), 17]:              0
Stats[(nil), 18]:              0
Stats[(nil), 19]:              0
Stats[(nil), 20]:              0
Stats[(nil), 21]:              0
Stats[(nil), 22]:              0
Stats[(nil), 23]:              0
Stats[(nil), 24]:              0
Stats[(nil), 25]:              0
Stats[(nil), 26]:              0
Stats[(nil), 27]:              0
Stats[(nil), 28]:              0
Stats[(nil), 29]:              0
Stats[(nil), 30]:              0
Stats[(nil), 31]:    0.004125645
