Numbers: 10000, pid: 8405 Space Used : 0 Time Stamp : 1533540122555
Time(microseconds): 3157.000000
Stats[(nil), 0]:        3270917
Stats[(nil), 1]:        3271010
Stats[(nil), 2]:              0
Stats[(nil), 3]:              0
Stats[(nil), 4]:              0
Stats[(nil), 5]:              0
Stats[(nil), 6]:              0
Stats[(nil), 7]:        1350380
Stats[(nil), 8]:        5426459
Stats[(nil), 9]:           1443
Stats[(nil), 10]:            169
Stats[(nil), 11]:         576767
Stats[(nil), 12]:          53459
Stats[(nil), 13]:              0
Stats[(nil), 14]:              0
Stats[(nil), 15]:              0
Stats[(nil), 16]:              0
Stats[(nil), 17]:              0
Stats[(nil), 18]:              0
Stats[(nil), 19]:              0
Stats[(nil), 20]:              0
Stats[(nil), 21]:              0
Stats[(nil), 22]:              0
Stats[(nil), 23]:              0
Stats[(nil), 24]:              0
Stats[(nil), 25]:              0
Stats[(nil), 26]:              0
Stats[(nil), 27]:              0
Stats[(nil), 28]:              0
Stats[(nil), 29]:              0
Stats[(nil), 30]:              0
Stats[(nil), 31]:    0.005420531
