Numbers: 10500, pid: 8411 Space Used : 0 Time Stamp : 1533540122577
Time(microseconds): 3339.000000
Stats[(nil), 0]:        3463698
Stats[(nil), 1]:        3463168
Stats[(nil), 2]:              1
Stats[(nil), 3]:              0
Stats[(nil), 4]:              0
Stats[(nil), 5]:              0
Stats[(nil), 6]:              0
Stats[(nil), 7]:        5651601
Stats[(nil), 8]:        5566894
Stats[(nil), 9]:           1671
Stats[(nil), 10]:             60
Stats[(nil), 11]:         602435
Stats[(nil), 12]:           6339
Stats[(nil), 13]:              0
Stats[(nil), 14]:              0
Stats[(nil), 15]:              0
Stats[(nil), 16]:              0
Stats[(nil), 17]:              0
Stats[(nil), 18]:              0
Stats[(nil), 19]:              0
Stats[(nil), 20]:              0
Stats[(nil), 21]:              0
Stats[(nil), 22]:              0
Stats[(nil), 23]:              0
Stats[(nil), 24]:              0
Stats[(nil), 25]:              0
Stats[(nil), 26]:              0
Stats[(nil), 27]:              0
Stats[(nil), 28]:              0
Stats[(nil), 29]:              0
Stats[(nil), 30]:              0
Stats[(nil), 31]:    0.005860807
