Numbers: 11000, pid: 8421 Space Used : 0 Time Stamp : 1533540122615
Time(microseconds): 2969.000000
Stats[(nil), 0]:        3099221
Stats[(nil), 1]:        3098462
Stats[(nil), 2]:              1
Stats[(nil), 3]:              0
Stats[(nil), 4]:              0
Stats[(nil), 5]:              0
Stats[(nil), 6]:              0
Stats[(nil), 7]:        1819946
Stats[(nil), 8]:        6321639
Stats[(nil), 9]:           1418
Stats[(nil), 10]:            102
Stats[(nil), 11]:         657817
Stats[(nil), 12]:          55973
Stats[(nil), 13]:              0
Stats[(nil), 14]:              0
Stats[(nil), 15]:              0
Stats[(nil), 16]:              0
Stats[(nil), 17]:              0
Stats[(nil), 18]:              0
Stats[(nil), 19]:              0
Stats[(nil), 20]:              0
Stats[(nil), 21]:              0
Stats[(nil), 22]:              0
Stats[(nil), 23]:              0
Stats[(nil), 24]:              0
Stats[(nil), 25]:              0
Stats[(nil), 26]:              0
Stats[(nil), 27]:              0
Stats[(nil), 28]:              0
Stats[(nil), 29]:              0
Stats[(nil), 30]:              0
Stats[(nil), 31]:    0.005312812
