Numbers: 11000, pid: 8427 Space Used : 0 Time Stamp : 1533540122638
Time(microseconds): 3790.000000
Stats[(nil), 0]:        3903771
Stats[(nil), 1]:        3904219
Stats[(nil), 2]:              0
Stats[(nil), 3]:              0
Stats[(nil), 4]:              0
Stats[(nil), 5]:              0
Stats[(nil), 6]:              0
Stats[(nil), 7]:        4059163
Stats[(nil), 8]:        6328591
Stats[(nil), 9]:           1604
Stats[(nil), 10]:            426
Stats[(nil), 11]:         658947
Stats[(nil), 12]:          30315
Stats[(nil), 13]:              0
Stats[(nil), 14]:              0
Stats[(nil), 15]:              0
Stats[(nil), 16]:              0
Stats[(nil), 17]:              0
Stats[(nil), 18]:              0
Stats[(nil), 19]:              0
Stats[(nil), 20]:              0
Stats[(nil), 21]:              0
Stats[(nil), 22]:              0
Stats[(nil), 23]:              0
Stats[(nil), 24]:              0
Stats[(nil), 25]:              0
Stats[(nil), 26]:              0
Stats[(nil), 27]:              0
Stats[(nil), 28]:              0
Stats[(nil), 29]:              0
Stats[(nil), 30]:              0
Stats[(nil), 31]:    0.006481647
