Numbers: 12000, pid: 8445 Space Used : 0 Time Stamp : 1533540122735
Time(microseconds): 2967.000000
Stats[(nil), 0]:        3076332
Stats[(nil), 1]:        3075062
Stats[(nil), 2]:              0
Stats[(nil), 3]:              0
Stats[(nil), 4]:              0
Stats[(nil), 5]:              0
Stats[(nil), 6]:              0
Stats[(nil), 7]:         306739
Stats[(nil), 8]:        6822180
Stats[(nil), 9]:           1372
Stats[(nil), 10]:            328
Stats[(nil), 11]:         717933
Stats[(nil), 12]:          80669
Stats[(nil), 13]:              0
Stats[(nil), 14]:              0
Stats[(nil), 15]:              0
Stats[(nil), 16]:              0
Stats[(nil), 17]:              0
Stats[(nil), 18]:              0
Stats[(nil), 19]:              0
Stats[(nil), 20]:              0
Stats[(nil), 21]:              0
Stats[(nil), 22]:              0
Stats[(nil), 23]:              0
Stats[(nil), 24]:              0
Stats[(nil), 25]:              0
Stats[(nil), 26]:              0
Stats[(nil), 27]:              0
Stats[(nil), 28]:              0
Stats[(nil), 29]:              0
Stats[(nil), 30]:              0
Stats[(nil), 31]:    0.005064341
