Numbers: 12000, pid: 8449 Space Used : 0 Time Stamp : 1533540122751
Time(microseconds): 3490.000000
Stats[(nil), 0]:        3576816
Stats[(nil), 1]:        3576723
Stats[(nil), 2]:              1
Stats[(nil), 3]:              0
Stats[(nil), 4]:              0
Stats[(nil), 5]:              0
Stats[(nil), 6]:              0
Stats[(nil), 7]:        1597079
Stats[(nil), 8]:        6835312
Stats[(nil), 9]:           2447
Stats[(nil), 10]:            299
Stats[(nil), 11]:         720407
Stats[(nil), 12]:          66630
Stats[(nil), 13]:              0
Stats[(nil), 14]:              0
Stats[(nil), 15]:              0
Stats[(nil), 16]:              0
Stats[(nil), 17]:              0
Stats[(nil), 18]:              0
Stats[(nil), 19]:              0
Stats[(nil), 20]:              0
Stats[(nil), 21]:              0
Stats[(nil), 22]:              0
Stats[(nil), 23]:              0
Stats[(nil), 24]:              0
Stats[(nil), 25]:              0
Stats[(nil), 26]:              0
Stats[(nil), 27]:              0
Stats[(nil), 28]:              0
Stats[(nil), 29]:              0
Stats[(nil), 30]:              0
Stats[(nil), 31]:    0.005787596
