Numbers: 13000, pid: 8469 Space Used : 0 Time Stamp : 1533540122838
Time(microseconds): 3984.000000
Stats[(nil), 0]:        4066849
Stats[(nil), 1]:        4066552
Stats[(nil), 2]:              0
Stats[(nil), 3]:              0
Stats[(nil), 4]:              0
Stats[(nil), 5]:              0
Stats[(nil), 6]:              0
Stats[(nil), 7]:        5291749
Stats[(nil), 8]:        7056770
Stats[(nil), 9]:           1461
Stats[(nil), 10]:            102
Stats[(nil), 11]:         747836
Stats[(nil), 12]:          25899
Stats[(nil), 13]:              0
Stats[(nil), 14]:              0
Stats[(nil), 15]:              0
Stats[(nil), 16]:              0
Stats[(nil), 17]:              0
Stats[(nil), 18]:              0
Stats[(nil), 19]:              0
Stats[(nil), 20]:              0
Stats[(nil), 21]:              0
Stats[(nil), 22]:              0
Stats[(nil), 23]:              0
Stats[(nil), 24]:              0
Stats[(nil), 25]:              0
Stats[(nil), 26]:              0
Stats[(nil), 27]:              0
Stats[(nil), 28]:              0
Stats[(nil), 29]:              0
Stats[(nil), 30]:              0
Stats[(nil), 31]:    0.006024653
