Numbers: 13500, pid: 8475 Space Used : 0 Time Stamp : 1533540122864
Time(microseconds): 4412.000000
Stats[(nil), 0]:        4557264
Stats[(nil), 1]:        4556109
Stats[(nil), 2]:              0
Stats[(nil), 3]:              0
Stats[(nil), 4]:              0
Stats[(nil), 5]:              0
Stats[(nil), 6]:              0
Stats[(nil), 7]:        1374787
Stats[(nil), 8]:        7093597
Stats[(nil), 9]:           1032
Stats[(nil), 10]:             33
Stats[(nil), 11]:         757367
Stats[(nil), 12]:          74908
Stats[(nil), 13]:              0
Stats[(nil), 14]:              0
Stats[(nil), 15]:              0
Stats[(nil), 16]:              0
Stats[(nil), 17]:              0
Stats[(nil), 18]:              0
Stats[(nil), 19]:              0
Stats[(nil), 20]:              0
Stats[(nil), 21]:              0
Stats[(nil), 22]:              0
Stats[(nil), 23]:              0
Stats[(nil), 24]:              0
Stats[(nil), 25]:              0
Stats[(nil), 26]:              0
Stats[(nil), 27]:              0
Stats[(nil), 28]:              0
Stats[(nil), 29]:              0
Stats[(nil), 30]:              0
Stats[(nil), 31]:    0.007571457
