Numbers: 13500, pid: 8479 Space Used : 0 Time Stamp : 1533540122882
Time(microseconds): 4084.000000
Stats[(nil), 0]:        4221605
Stats[(nil), 1]:        4220088
Stats[(nil), 2]:              0
Stats[(nil), 3]:              0
Stats[(nil), 4]:              0
Stats[(nil), 5]:              0
Stats[(nil), 6]:              0
Stats[(nil), 7]:        5823499
Stats[(nil), 8]:        7091515
Stats[(nil), 9]:            785
Stats[(nil), 10]:             30
Stats[(nil), 11]:         756977
Stats[(nil), 12]:          20837
Stats[(nil), 13]:              0
Stats[(nil), 14]:              0
Stats[(nil), 15]:              0
Stats[(nil), 16]:              0
Stats[(nil), 17]:              0
Stats[(nil), 18]:              0
Stats[(nil), 19]:              0
Stats[(nil), 20]:              0
Stats[(nil), 21]:              0
Stats[(nil), 22]:              0
Stats[(nil), 23]:              0
Stats[(nil), 24]:              0
Stats[(nil), 25]:              0
Stats[(nil), 26]:              0
Stats[(nil), 27]:              0
Stats[(nil), 28]:              0
Stats[(nil), 29]:              0
Stats[(nil), 30]:              0
Stats[(nil), 31]:    0.006874101
