Numbers: 14000, pid: 8481 Space Used : 0 Time Stamp : 1533540122892
Time(microseconds): 4445.000000
Stats[(nil), 0]:        4621181
Stats[(nil), 1]:        4618379
Stats[(nil), 2]:              1
Stats[(nil), 3]:              0
Stats[(nil), 4]:              0
Stats[(nil), 5]:              0
Stats[(nil), 6]:              0
Stats[(nil), 7]:        2214381
Stats[(nil), 8]:        7706521
Stats[(nil), 9]:           1706
Stats[(nil), 10]:            353
Stats[(nil), 11]:         812469
Stats[(nil), 12]:          69264
Stats[(nil), 13]:              0
Stats[(nil), 14]:              0
Stats[(nil), 15]:              0
Stats[(nil), 16]:              0
Stats[(nil), 17]:              0
Stats[(nil), 18]:              0
Stats[(nil), 19]:              0
Stats[(nil), 20]:              0
Stats[(nil), 21]:              0
Stats[(nil), 22]:              0
Stats[(nil), 23]:              0
Stats[(nil), 24]:              0
Stats[(nil), 25]:              0
Stats[(nil), 26]:              0
Stats[(nil), 27]:              0
Stats[(nil), 28]:              0
Stats[(nil), 29]:              0
Stats[(nil), 30]:              0
Stats[(nil), 31]:    0.008159189
