Numbers: 14000, pid: 8487 Space Used : 0 Time Stamp : 1533540122919
Time(microseconds): 4061.000000
Stats[(nil), 0]:        4177093
Stats[(nil), 1]:        4176113
Stats[(nil), 2]:              0
Stats[(nil), 3]:              0
Stats[(nil), 4]:              0
Stats[(nil), 5]:              0
Stats[(nil), 6]:              0
Stats[(nil), 7]:        3408708
Stats[(nil), 8]:        7698312
Stats[(nil), 9]:           1177
Stats[(nil), 10]:             88
Stats[(nil), 11]:         810787
Stats[(nil), 12]:          54934
Stats[(nil), 13]:              0
Stats[(nil), 14]:              0
Stats[(nil), 15]:              0
Stats[(nil), 16]:              0
Stats[(nil), 17]:              0
Stats[(nil), 18]:              0
Stats[(nil), 19]:              0
Stats[(nil), 20]:              0
Stats[(nil), 21]:              0
Stats[(nil), 22]:              0
Stats[(nil), 23]:              0
Stats[(nil), 24]:              0
Stats[(nil), 25]:              0
Stats[(nil), 26]:              0
Stats[(nil), 27]:              0
Stats[(nil), 28]:              0
Stats[(nil), 29]:              0
Stats[(nil), 30]:              0
Stats[(nil), 31]:    0.006864191
