Numbers: 14500, pid: 8495 Space Used : 0 Time Stamp : 1533540122958
Time(microseconds): 4100.000000
Stats[(nil), 0]:        4235943
Stats[(nil), 1]:        4234490
Stats[(nil), 2]:              2
Stats[(nil), 3]:              0
Stats[(nil), 4]:              0
Stats[(nil), 5]:              0
Stats[(nil), 6]:              0
Stats[(nil), 7]:        6190954
Stats[(nil), 8]:        8107877
Stats[(nil), 9]:           2374
Stats[(nil), 10]:            328
Stats[(nil), 11]:         866728
Stats[(nil), 12]:          29924
Stats[(nil), 13]:              0
Stats[(nil), 14]:              0
Stats[(nil), 15]:              0
Stats[(nil), 16]:              0
Stats[(nil), 17]:              0
Stats[(nil), 18]:              0
Stats[(nil), 19]:              0
Stats[(nil), 20]:              0
Stats[(nil), 21]:              0
Stats[(nil), 22]:              0
Stats[(nil), 23]:              0
Stats[(nil), 24]:              0
Stats[(nil), 25]:              0
Stats[(nil), 26]:              0
Stats[(nil), 27]:              0
Stats[(nil), 28]:              0
Stats[(nil), 29]:              0
Stats[(nil), 30]:              0
Stats[(nil), 31]:    0.007345878
