Numbers: 15000, pid: 8507 Space Used : 0 Time Stamp : 1533540123014
Time(microseconds): 5663.000000
Stats[(nil), 0]:        5793402
Stats[(nil), 1]:        5791000
Stats[(nil), 2]:              1
Stats[(nil), 3]:              0
Stats[(nil), 4]:              0
Stats[(nil), 5]:              0
Stats[(nil), 6]:              0
Stats[(nil), 7]:        1461251
Stats[(nil), 8]:        6355785
Stats[(nil), 9]:           1508
Stats[(nil), 10]:            162
Stats[(nil), 11]:         859807
Stats[(nil), 12]:          87343
Stats[(nil), 13]:              0
Stats[(nil), 14]:              0
Stats[(nil), 15]:              0
Stats[(nil), 16]:              0
Stats[(nil), 17]:              0
Stats[(nil), 18]:              0
Stats[(nil), 19]:              0
Stats[(nil), 20]:              0
Stats[(nil), 21]:              0
Stats[(nil), 22]:              0
Stats[(nil), 23]:              0
Stats[(nil), 24]:              0
Stats[(nil), 25]:              0
Stats[(nil), 26]:              0
Stats[(nil), 27]:              0
Stats[(nil), 28]:              0
Stats[(nil), 29]:              0
Stats[(nil), 30]:              0
Stats[(nil), 31]:    0.008978529
