Numbers: 15500, pid: 8517 Space Used : 0 Time Stamp : 1533540123064
Time(microseconds): 5763.000000
Stats[(nil), 0]:        5926533
Stats[(nil), 1]:        5925299
Stats[(nil), 2]:              0
Stats[(nil), 3]:              0
Stats[(nil), 4]:              0
Stats[(nil), 5]:              0
Stats[(nil), 6]:              0
Stats[(nil), 7]:        3746749
Stats[(nil), 8]:        8874180
Stats[(nil), 9]:            998
Stats[(nil), 10]:             71
Stats[(nil), 11]:         930394
Stats[(nil), 12]:          62161
Stats[(nil), 13]:              0
Stats[(nil), 14]:              0
Stats[(nil), 15]:              0
Stats[(nil), 16]:              0
Stats[(nil), 17]:              0
Stats[(nil), 18]:              0
Stats[(nil), 19]:              0
Stats[(nil), 20]:              0
Stats[(nil), 21]:              0
Stats[(nil), 22]:              0
Stats[(nil), 23]:              0
Stats[(nil), 24]:              0
Stats[(nil), 25]:              0
Stats[(nil), 26]:              0
Stats[(nil), 27]:              0
Stats[(nil), 28]:              0
Stats[(nil), 29]:              0
Stats[(nil), 30]:              0
Stats[(nil), 31]:    0.009026437
