Numbers: 16000, pid: 8525 Space Used : 0 Time Stamp : 1533540123109
Time(microseconds): 5410.000000
Stats[(nil), 0]:        5576972
Stats[(nil), 1]:        5575073
Stats[(nil), 2]:              2
Stats[(nil), 3]:              0
Stats[(nil), 4]:              0
Stats[(nil), 5]:              0
Stats[(nil), 6]:              0
Stats[(nil), 7]:        1969005
Stats[(nil), 8]:        9068466
Stats[(nil), 9]:           2067
Stats[(nil), 10]:            288
Stats[(nil), 11]:         988411
Stats[(nil), 12]:          93640
Stats[(nil), 13]:              0
Stats[(nil), 14]:              0
Stats[(nil), 15]:              0
Stats[(nil), 16]:              0
Stats[(nil), 17]:              0
Stats[(nil), 18]:              0
Stats[(nil), 19]:              0
Stats[(nil), 20]:              0
Stats[(nil), 21]:              0
Stats[(nil), 22]:              0
Stats[(nil), 23]:              0
Stats[(nil), 24]:              0
Stats[(nil), 25]:              0
Stats[(nil), 26]:              0
Stats[(nil), 27]:              0
Stats[(nil), 28]:              0
Stats[(nil), 29]:              0
Stats[(nil), 30]:              0
Stats[(nil), 31]:    0.009139124
