Numbers: 16000, pid: 8527 Space Used : 0 Time Stamp : 1533540123119
Time(microseconds): 5209.000000
Stats[(nil), 0]:        5331413
Stats[(nil), 1]:        5330604
Stats[(nil), 2]:              0
Stats[(nil), 3]:              0
Stats[(nil), 4]:              0
Stats[(nil), 5]:              0
Stats[(nil), 6]:              0
Stats[(nil), 7]:        4921143
Stats[(nil), 8]:        9448081
Stats[(nil), 9]:           1269
Stats[(nil), 10]:            180
Stats[(nil), 11]:         983993
Stats[(nil), 12]:          56804
Stats[(nil), 13]:              0
Stats[(nil), 14]:              0
Stats[(nil), 15]:              0
Stats[(nil), 16]:              0
Stats[(nil), 17]:              0
Stats[(nil), 18]:              0
Stats[(nil), 19]:              0
Stats[(nil), 20]:              0
Stats[(nil), 21]:              0
Stats[(nil), 22]:              0
Stats[(nil), 23]:              0
Stats[(nil), 24]:              0
Stats[(nil), 25]:              0
Stats[(nil), 26]:              0
Stats[(nil), 27]:              0
Stats[(nil), 28]:              0
Stats[(nil), 29]:              0
Stats[(nil), 30]:              0
Stats[(nil), 31]:    0.008545087
