Numbers: 16500, pid: 8533 Space Used : 0 Time Stamp : 1533540123149
Time(microseconds): 4494.000000
Stats[(nil), 0]:        4618390
Stats[(nil), 1]:        4616829
Stats[(nil), 2]:              1
Stats[(nil), 3]:              0
Stats[(nil), 4]:              0
Stats[(nil), 5]:              0
Stats[(nil), 6]:              0
Stats[(nil), 7]:         578616
Stats[(nil), 8]:        9385862
Stats[(nil), 9]:           1695
Stats[(nil), 10]:            313
Stats[(nil), 11]:        1017410
Stats[(nil), 12]:         106700
Stats[(nil), 13]:              0
Stats[(nil), 14]:              0
Stats[(nil), 15]:              0
Stats[(nil), 16]:              0
Stats[(nil), 17]:              0
Stats[(nil), 18]:              0
Stats[(nil), 19]:              0
Stats[(nil), 20]:              0
Stats[(nil), 21]:              0
Stats[(nil), 22]:              0
Stats[(nil), 23]:              0
Stats[(nil), 24]:              0
Stats[(nil), 25]:              0
Stats[(nil), 26]:              0
Stats[(nil), 27]:              0
Stats[(nil), 28]:              0
Stats[(nil), 29]:              0
Stats[(nil), 30]:              0
Stats[(nil), 31]:    0.007503822
