Numbers: 17000, pid: 8541 Space Used : 0 Time Stamp : 1533540123191
Time(microseconds): 5658.000000
Stats[(nil), 0]:        5794295
Stats[(nil), 1]:        5793728
Stats[(nil), 2]:              0
Stats[(nil), 3]:              0
Stats[(nil), 4]:              0
Stats[(nil), 5]:              0
Stats[(nil), 6]:              0
Stats[(nil), 7]:        5709521
Stats[(nil), 8]:        9275387
Stats[(nil), 9]:           2525
Stats[(nil), 10]:            777
Stats[(nil), 11]:        1000970
Stats[(nil), 12]:          50212
Stats[(nil), 13]:              0
Stats[(nil), 14]:              0
Stats[(nil), 15]:              0
Stats[(nil), 16]:              0
Stats[(nil), 17]:              0
Stats[(nil), 18]:              0
Stats[(nil), 19]:              0
Stats[(nil), 20]:              0
Stats[(nil), 21]:              0
Stats[(nil), 22]:              0
Stats[(nil), 23]:              0
Stats[(nil), 24]:              0
Stats[(nil), 25]:              0
Stats[(nil), 26]:              0
Stats[(nil), 27]:              0
Stats[(nil), 28]:              0
Stats[(nil), 29]:              0
Stats[(nil), 30]:              0
Stats[(nil), 31]:    0.010658668
