Numbers: 17500, pid: 8557 Space Used : 0 Time Stamp : 1533540123277
Time(microseconds): 6157.000000
Stats[(nil), 0]:        6279981
Stats[(nil), 1]:        6278836
Stats[(nil), 2]:              2
Stats[(nil), 3]:              0
Stats[(nil), 4]:              0
Stats[(nil), 5]:              0
Stats[(nil), 6]:              0
Stats[(nil), 7]:        2571746
Stats[(nil), 8]:        8058337
Stats[(nil), 9]:           3424
Stats[(nil), 10]:            308
Stats[(nil), 11]:        1048645
Stats[(nil), 12]:          88762
Stats[(nil), 13]:              0
Stats[(nil), 14]:              0
Stats[(nil), 15]:              0
Stats[(nil), 16]:              0
Stats[(nil), 17]:              0
Stats[(nil), 18]:              0
Stats[(nil), 19]:              0
Stats[(nil), 20]:              0
Stats[(nil), 21]:              0
Stats[(nil), 22]:              0
Stats[(nil), 23]:              0
Stats[(nil), 24]:              0
Stats[(nil), 25]:              0
Stats[(nil), 26]:              0
Stats[(nil), 27]:              0
Stats[(nil), 28]:              0
Stats[(nil), 29]:              0
Stats[(nil), 30]:              0
Stats[(nil), 31]:    0.009753713
