Numbers: 18000, pid: 8561 Space Used : 0 Time Stamp : 1533540123301
Time(microseconds): 7484.000000
Stats[(nil), 0]:        7691647
Stats[(nil), 1]:        7688439
Stats[(nil), 2]:              1
Stats[(nil), 3]:              0
Stats[(nil), 4]:              0
Stats[(nil), 5]:              0
Stats[(nil), 6]:              0
Stats[(nil), 7]:        5475197
Stats[(nil), 8]:       10276710
Stats[(nil), 9]:           2926
Stats[(nil), 10]:            314
Stats[(nil), 11]:        1188455
Stats[(nil), 12]:          72402
Stats[(nil), 13]:              0
Stats[(nil), 14]:              0
Stats[(nil), 15]:              0
Stats[(nil), 16]:              0
Stats[(nil), 17]:              0
Stats[(nil), 18]:              0
Stats[(nil), 19]:              0
Stats[(nil), 20]:              0
Stats[(nil), 21]:              0
Stats[(nil), 22]:              0
Stats[(nil), 23]:              0
Stats[(nil), 24]:              0
Stats[(nil), 25]:              0
Stats[(nil), 26]:              0
Stats[(nil), 27]:              0
Stats[(nil), 28]:              0
Stats[(nil), 29]:              0
Stats[(nil), 30]:              0
Stats[(nil), 31]:    0.011070395
