Numbers: 18500, pid: 8573 Space Used : 0 Time Stamp : 1533540123363
Time(microseconds): 4698.000000
Stats[(nil), 0]:        4814443
Stats[(nil), 1]:        4813141
Stats[(nil), 2]:              0
Stats[(nil), 3]:              0
Stats[(nil), 4]:              0
Stats[(nil), 5]:              0
Stats[(nil), 6]:              0
Stats[(nil), 7]:        4379710
Stats[(nil), 8]:       10153327
Stats[(nil), 9]:           1155
Stats[(nil), 10]:            170
Stats[(nil), 11]:        1086071
Stats[(nil), 12]:          73270
Stats[(nil), 13]:              0
Stats[(nil), 14]:              0
Stats[(nil), 15]:              0
Stats[(nil), 16]:              0
Stats[(nil), 17]:              0
Stats[(nil), 18]:              0
Stats[(nil), 19]:              0
Stats[(nil), 20]:              0
Stats[(nil), 21]:              0
Stats[(nil), 22]:              0
Stats[(nil), 23]:              0
Stats[(nil), 24]:              0
Stats[(nil), 25]:              0
Stats[(nil), 26]:              0
Stats[(nil), 27]:              0
Stats[(nil), 28]:              0
Stats[(nil), 29]:              0
Stats[(nil), 30]:              0
Stats[(nil), 31]:    0.008438249
