Numbers: 19000, pid: 8583 Space Used : 0 Time Stamp : 1533540123417
Time(microseconds): 5319.000000
Stats[(nil), 0]:        5438437
Stats[(nil), 1]:        5433329
Stats[(nil), 2]:              2
Stats[(nil), 3]:              0
Stats[(nil), 4]:              0
Stats[(nil), 5]:              0
Stats[(nil), 6]:              0
Stats[(nil), 7]:        2231051
Stats[(nil), 8]:       10346095
Stats[(nil), 9]:           1876
Stats[(nil), 10]:            222
Stats[(nil), 11]:        1160914
Stats[(nil), 12]:         104553
Stats[(nil), 13]:              0
Stats[(nil), 14]:              0
Stats[(nil), 15]:              0
Stats[(nil), 16]:              0
Stats[(nil), 17]:              0
Stats[(nil), 18]:              0
Stats[(nil), 19]:              0
Stats[(nil), 20]:              0
Stats[(nil), 21]:              0
Stats[(nil), 22]:              0
Stats[(nil), 23]:              0
Stats[(nil), 24]:              0
Stats[(nil), 25]:              0
Stats[(nil), 26]:              0
Stats[(nil), 27]:              0
Stats[(nil), 28]:              0
Stats[(nil), 29]:              0
Stats[(nil), 30]:              0
Stats[(nil), 31]:    0.008946855
