Numbers: 19000, pid: 8585 Space Used : 0 Time Stamp : 1533540123429
Time(microseconds): 6123.000000
Stats[(nil), 0]:        6215735
Stats[(nil), 1]:        6214663
Stats[(nil), 2]:              3
Stats[(nil), 3]:              0
Stats[(nil), 4]:              0
Stats[(nil), 5]:              0
Stats[(nil), 6]:              0
Stats[(nil), 7]:        5182859
Stats[(nil), 8]:       10915028
Stats[(nil), 9]:           3037
Stats[(nil), 10]:            408
Stats[(nil), 11]:        1161580
Stats[(nil), 12]:          71413
Stats[(nil), 13]:              0
Stats[(nil), 14]:              0
Stats[(nil), 15]:              0
Stats[(nil), 16]:              0
Stats[(nil), 17]:              0
Stats[(nil), 18]:              0
Stats[(nil), 19]:              0
Stats[(nil), 20]:              0
Stats[(nil), 21]:              0
Stats[(nil), 22]:              0
Stats[(nil), 23]:              0
Stats[(nil), 24]:              0
Stats[(nil), 25]:              0
Stats[(nil), 26]:              0
Stats[(nil), 27]:              0
Stats[(nil), 28]:              0
Stats[(nil), 29]:              0
Stats[(nil), 30]:              0
Stats[(nil), 31]:    0.009474638
