Numbers: 19500, pid: 8593 Space Used : 0 Time Stamp : 1533540123476
Time(microseconds): 7171.000000
Stats[(nil), 0]:        7263554
Stats[(nil), 1]:        7262843
Stats[(nil), 2]:              1
Stats[(nil), 3]:              0
Stats[(nil), 4]:              0
Stats[(nil), 5]:              0
Stats[(nil), 6]:              0
Stats[(nil), 7]:         263595
Stats[(nil), 8]:        6068666
Stats[(nil), 9]:           2231
Stats[(nil), 10]:            168
Stats[(nil), 11]:        1141948
Stats[(nil), 12]:         134281
Stats[(nil), 13]:              0
Stats[(nil), 14]:              0
Stats[(nil), 15]:              0
Stats[(nil), 16]:              0
Stats[(nil), 17]:              0
Stats[(nil), 18]:              0
Stats[(nil), 19]:              0
Stats[(nil), 20]:              0
Stats[(nil), 21]:              0
Stats[(nil), 22]:              0
Stats[(nil), 23]:              0
Stats[(nil), 24]:              0
Stats[(nil), 25]:              0
Stats[(nil), 26]:              0
Stats[(nil), 27]:              0
Stats[(nil), 28]:              0
Stats[(nil), 29]:              0
Stats[(nil), 30]:              0
Stats[(nil), 31]:    0.010155394
