Numbers: 20000, pid: 8603 Space Used : 0 Time Stamp : 1533540123535
Time(microseconds): 4848.000000
Stats[(nil), 0]:        4956889
Stats[(nil), 1]:        4955747
Stats[(nil), 2]:              0
Stats[(nil), 3]:              0
Stats[(nil), 4]:              0
Stats[(nil), 5]:              0
Stats[(nil), 6]:              0
Stats[(nil), 7]:        5610340
Stats[(nil), 8]:       10956932
Stats[(nil), 9]:           1155
Stats[(nil), 10]:             62
Stats[(nil), 11]:        1171601
Stats[(nil), 12]:          70938
Stats[(nil), 13]:              0
Stats[(nil), 14]:              0
Stats[(nil), 15]:              0
Stats[(nil), 16]:              0
Stats[(nil), 17]:              0
Stats[(nil), 18]:              0
Stats[(nil), 19]:              0
Stats[(nil), 20]:              0
Stats[(nil), 21]:              0
Stats[(nil), 22]:              0
Stats[(nil), 23]:              0
Stats[(nil), 24]:              0
Stats[(nil), 25]:              0
Stats[(nil), 26]:              0
Stats[(nil), 27]:              0
Stats[(nil), 28]:              0
Stats[(nil), 29]:              0
Stats[(nil), 30]:              0
Stats[(nil), 31]:    0.009208282
