Numbers: 20000, pid: 8607 Space Used : 0 Time Stamp : 1533540123560
Time(microseconds): 6720.000000
Stats[(nil), 0]:        6829345
Stats[(nil), 1]:        6828763
Stats[(nil), 2]:              0
Stats[(nil), 3]:              0
Stats[(nil), 4]:              0
Stats[(nil), 5]:              0
Stats[(nil), 6]:              0
Stats[(nil), 7]:        5873116
Stats[(nil), 8]:       10966770
Stats[(nil), 9]:           2618
Stats[(nil), 10]:            353
Stats[(nil), 11]:        1173278
Stats[(nil), 12]:          70577
Stats[(nil), 13]:              0
Stats[(nil), 14]:              0
Stats[(nil), 15]:              0
Stats[(nil), 16]:              0
Stats[(nil), 17]:              0
Stats[(nil), 18]:              0
Stats[(nil), 19]:              0
Stats[(nil), 20]:              0
Stats[(nil), 21]:              0
Stats[(nil), 22]:              0
Stats[(nil), 23]:              0
Stats[(nil), 24]:              0
Stats[(nil), 25]:              0
Stats[(nil), 26]:              0
Stats[(nil), 27]:              0
Stats[(nil), 28]:              0
Stats[(nil), 29]:              0
Stats[(nil), 30]:              0
Stats[(nil), 31]:    0.010544153
