Numbers: 21000, pid: 8623 Space Used : 0 Time Stamp : 1533540123658
Time(microseconds): 7601.000000
Stats[(nil), 0]:        7790107
Stats[(nil), 1]:        7787125
Stats[(nil), 2]:              1
Stats[(nil), 3]:              0
Stats[(nil), 4]:              0
Stats[(nil), 5]:              0
Stats[(nil), 6]:              0
Stats[(nil), 7]:        3454338
Stats[(nil), 8]:        8776902
Stats[(nil), 9]:           2020
Stats[(nil), 10]:            443
Stats[(nil), 11]:        1250922
Stats[(nil), 12]:         103552
Stats[(nil), 13]:              0
Stats[(nil), 14]:              0
Stats[(nil), 15]:              0
Stats[(nil), 16]:              0
Stats[(nil), 17]:              0
Stats[(nil), 18]:              0
Stats[(nil), 19]:              0
Stats[(nil), 20]:              0
Stats[(nil), 21]:              0
Stats[(nil), 22]:              0
Stats[(nil), 23]:              0
Stats[(nil), 24]:              0
Stats[(nil), 25]:              0
Stats[(nil), 26]:              0
Stats[(nil), 27]:              0
Stats[(nil), 28]:              0
Stats[(nil), 29]:              0
Stats[(nil), 30]:              0
Stats[(nil), 31]:    0.013370043
