Numbers: 21000, pid: 8625 Space Used : 0 Time Stamp : 1533540123671
Time(microseconds): 8096.000000
Stats[(nil), 0]:        8175877
Stats[(nil), 1]:        8174689
Stats[(nil), 2]:              0
Stats[(nil), 3]:              0
Stats[(nil), 4]:              0
Stats[(nil), 5]:              0
Stats[(nil), 6]:              0
Stats[(nil), 7]:        4767504
Stats[(nil), 8]:        9043611
Stats[(nil), 9]:           1547
Stats[(nil), 10]:            376
Stats[(nil), 11]:        1246611
Stats[(nil), 12]:          85775
Stats[(nil), 13]:              0
Stats[(nil), 14]:              0
Stats[(nil), 15]:              0
Stats[(nil), 16]:              0
Stats[(nil), 17]:              0
Stats[(nil), 18]:              0
Stats[(nil), 19]:              0
Stats[(nil), 20]:              0
Stats[(nil), 21]:              0
Stats[(nil), 22]:              0
Stats[(nil), 23]:              0
Stats[(nil), 24]:              0
Stats[(nil), 25]:              0
Stats[(nil), 26]:              0
Stats[(nil), 27]:              0
Stats[(nil), 28]:              0
Stats[(nil), 29]:              0
Stats[(nil), 30]:              0
Stats[(nil), 31]:    0.011373903
