Numbers: 22000, pid: 8645 Space Used : 0 Time Stamp : 1533540123801
Time(microseconds): 8560.000000
Stats[(nil), 0]:        8657197
Stats[(nil), 1]:        8653826
Stats[(nil), 2]:              9
Stats[(nil), 3]:              0
Stats[(nil), 4]:              0
Stats[(nil), 5]:              0
Stats[(nil), 6]:              0
Stats[(nil), 7]:        1224604
Stats[(nil), 8]:        5964424
Stats[(nil), 9]:           2826
Stats[(nil), 10]:            614
Stats[(nil), 11]:        1281582
Stats[(nil), 12]:         142427
Stats[(nil), 13]:              0
Stats[(nil), 14]:            389
Stats[(nil), 15]:              0
Stats[(nil), 16]:              0
Stats[(nil), 17]:              0
Stats[(nil), 18]:              0
Stats[(nil), 19]:              0
Stats[(nil), 20]:              0
Stats[(nil), 21]:              0
Stats[(nil), 22]:              0
Stats[(nil), 23]:              0
Stats[(nil), 24]:              0
Stats[(nil), 25]:              0
Stats[(nil), 26]:              0
Stats[(nil), 27]:              0
Stats[(nil), 28]:              0
Stats[(nil), 29]:              0
Stats[(nil), 30]:              0
Stats[(nil), 31]:    0.012197237
