Numbers: 22500, pid: 8653 Space Used : 0 Time Stamp : 1533540123854
Time(microseconds): 6883.000000
Stats[(nil), 0]:        7085194
Stats[(nil), 1]:        7082118
Stats[(nil), 2]:              1
Stats[(nil), 3]:              0
Stats[(nil), 4]:              0
Stats[(nil), 5]:              0
Stats[(nil), 6]:              0
Stats[(nil), 7]:        1829114
Stats[(nil), 8]:        9790717
Stats[(nil), 9]:           2499
Stats[(nil), 10]:            249
Stats[(nil), 11]:        1389942
Stats[(nil), 12]:         131923
Stats[(nil), 13]:              0
Stats[(nil), 14]:              0
Stats[(nil), 15]:              0
Stats[(nil), 16]:              0
Stats[(nil), 17]:              0
Stats[(nil), 18]:              0
Stats[(nil), 19]:              0
Stats[(nil), 20]:              0
Stats[(nil), 21]:              0
Stats[(nil), 22]:              0
Stats[(nil), 23]:              0
Stats[(nil), 24]:              0
Stats[(nil), 25]:              0
Stats[(nil), 26]:              0
Stats[(nil), 27]:              0
Stats[(nil), 28]:              0
Stats[(nil), 29]:              0
Stats[(nil), 30]:              0
Stats[(nil), 31]:    0.013223733
