Numbers: 23000, pid: 8663 Space Used : 0 Time Stamp : 1533540123923
Time(microseconds): 7082.000000
Stats[(nil), 0]:        7242217
Stats[(nil), 1]:        7239735
Stats[(nil), 2]:              2
Stats[(nil), 3]:              0
Stats[(nil), 4]:              0
Stats[(nil), 5]:              0
Stats[(nil), 6]:              0
Stats[(nil), 7]:         958997
Stats[(nil), 8]:        8313769
Stats[(nil), 9]:           2162
Stats[(nil), 10]:            166
Stats[(nil), 11]:        1392388
Stats[(nil), 12]:         150510
Stats[(nil), 13]:              0
Stats[(nil), 14]:              0
Stats[(nil), 15]:              0
Stats[(nil), 16]:              0
Stats[(nil), 17]:              0
Stats[(nil), 18]:              0
Stats[(nil), 19]:              0
Stats[(nil), 20]:              0
Stats[(nil), 21]:              0
Stats[(nil), 22]:              0
Stats[(nil), 23]:              0
Stats[(nil), 24]:              0
Stats[(nil), 25]:              0
Stats[(nil), 26]:              0
Stats[(nil), 27]:              0
Stats[(nil), 28]:              0
Stats[(nil), 29]:              0
Stats[(nil), 30]:              0
Stats[(nil), 31]:    0.013108275
