Numbers: 23500, pid: 8677 Space Used : 0 Time Stamp : 1533540124021
Time(microseconds): 7578.000000
Stats[(nil), 0]:        7762414
Stats[(nil), 1]:        7759269
Stats[(nil), 2]:              4
Stats[(nil), 3]:              0
Stats[(nil), 4]:              0
Stats[(nil), 5]:              0
Stats[(nil), 6]:              0
Stats[(nil), 7]:        4363855
Stats[(nil), 8]:       12259815
Stats[(nil), 9]:           2970
Stats[(nil), 10]:            214
Stats[(nil), 11]:        1417549
Stats[(nil), 12]:         110974
Stats[(nil), 13]:              0
Stats[(nil), 14]:              0
Stats[(nil), 15]:              0
Stats[(nil), 16]:              0
Stats[(nil), 17]:              0
Stats[(nil), 18]:              0
Stats[(nil), 19]:              0
Stats[(nil), 20]:              0
Stats[(nil), 21]:              0
Stats[(nil), 22]:              0
Stats[(nil), 23]:              0
Stats[(nil), 24]:              0
Stats[(nil), 25]:              0
Stats[(nil), 26]:              0
Stats[(nil), 27]:              0
Stats[(nil), 28]:              0
Stats[(nil), 29]:              0
Stats[(nil), 30]:              0
Stats[(nil), 31]:    0.013416014
