Numbers: 23500, pid: 8679 Space Used : 0 Time Stamp : 1533540124036
Time(microseconds): 9155.000000
Stats[(nil), 0]:        9286371
Stats[(nil), 1]:        9285341
Stats[(nil), 2]:              0
Stats[(nil), 3]:              0
Stats[(nil), 4]:              0
Stats[(nil), 5]:              0
Stats[(nil), 6]:              0
Stats[(nil), 7]:        2401150
Stats[(nil), 8]:        7685457
Stats[(nil), 9]:           1579
Stats[(nil), 10]:             54
Stats[(nil), 11]:        1411501
Stats[(nil), 12]:         133022
Stats[(nil), 13]:              0
Stats[(nil), 14]:              0
Stats[(nil), 15]:              0
Stats[(nil), 16]:              0
Stats[(nil), 17]:              0
Stats[(nil), 18]:              0
Stats[(nil), 19]:              0
Stats[(nil), 20]:              0
Stats[(nil), 21]:              0
Stats[(nil), 22]:              0
Stats[(nil), 23]:              0
Stats[(nil), 24]:              0
Stats[(nil), 25]:              0
Stats[(nil), 26]:              0
Stats[(nil), 27]:              0
Stats[(nil), 28]:              0
Stats[(nil), 29]:              0
Stats[(nil), 30]:              0
Stats[(nil), 31]:    0.013471578
