Numbers: 24000, pid: 8685 Space Used : 0 Time Stamp : 1533540124074
Time(microseconds): 7623.000000
Stats[(nil), 0]:        7713334
Stats[(nil), 1]:        7711968
Stats[(nil), 2]:              1
Stats[(nil), 3]:              0
Stats[(nil), 4]:              0
Stats[(nil), 5]:              0
Stats[(nil), 6]:              0
Stats[(nil), 7]:        6268286
Stats[(nil), 8]:       11339034
Stats[(nil), 9]:           2305
Stats[(nil), 10]:            163
Stats[(nil), 11]:        1503529
Stats[(nil), 12]:          97843
Stats[(nil), 13]:              0
Stats[(nil), 14]:              0
Stats[(nil), 15]:              0
Stats[(nil), 16]:              0
Stats[(nil), 17]:              0
Stats[(nil), 18]:              0
Stats[(nil), 19]:              0
Stats[(nil), 20]:              0
Stats[(nil), 21]:              0
Stats[(nil), 22]:              0
Stats[(nil), 23]:              0
Stats[(nil), 24]:              0
Stats[(nil), 25]:              0
Stats[(nil), 26]:              0
Stats[(nil), 27]:              0
Stats[(nil), 28]:              0
Stats[(nil), 29]:              0
Stats[(nil), 30]:              0
Stats[(nil), 31]:    0.011101506
