Numbers: 24000, pid: 8687 Space Used : 0 Time Stamp : 1533540124090
Time(microseconds): 9966.000000
Stats[(nil), 0]:       10163877
Stats[(nil), 1]:       10161369
Stats[(nil), 2]:              2
Stats[(nil), 3]:              0
Stats[(nil), 4]:              0
Stats[(nil), 5]:              0
Stats[(nil), 6]:              0
Stats[(nil), 7]:         965168
Stats[(nil), 8]:        6131985
Stats[(nil), 9]:           1361
Stats[(nil), 10]:            127
Stats[(nil), 11]:        1504564
Stats[(nil), 12]:         158660
Stats[(nil), 13]:              0
Stats[(nil), 14]:           1589
Stats[(nil), 15]:              0
Stats[(nil), 16]:              0
Stats[(nil), 17]:              0
Stats[(nil), 18]:              0
Stats[(nil), 19]:              0
Stats[(nil), 20]:              0
Stats[(nil), 21]:              0
Stats[(nil), 22]:              0
Stats[(nil), 23]:              0
Stats[(nil), 24]:              0
Stats[(nil), 25]:              0
Stats[(nil), 26]:              0
Stats[(nil), 27]:              0
Stats[(nil), 28]:              0
Stats[(nil), 29]:              0
Stats[(nil), 30]:              0
Stats[(nil), 31]:    0.014198533
