Numbers: 24500, pid: 8697 Space Used : 0 Time Stamp : 1533540124155
Time(microseconds): 6291.000000
Stats[(nil), 0]:        6433025
Stats[(nil), 1]:        6431119
Stats[(nil), 2]:              1
Stats[(nil), 3]:              0
Stats[(nil), 4]:              0
Stats[(nil), 5]:              0
Stats[(nil), 6]:              0
Stats[(nil), 7]:          10663
Stats[(nil), 8]:         344956
Stats[(nil), 9]:           1499
Stats[(nil), 10]:             64
Stats[(nil), 11]:        1507033
Stats[(nil), 12]:         169919
Stats[(nil), 13]:              0
Stats[(nil), 14]:           1149
Stats[(nil), 15]:              0
Stats[(nil), 16]:              0
Stats[(nil), 17]:              0
Stats[(nil), 18]:              0
Stats[(nil), 19]:              0
Stats[(nil), 20]:              0
Stats[(nil), 21]:              0
Stats[(nil), 22]:              0
Stats[(nil), 23]:              0
Stats[(nil), 24]:              0
Stats[(nil), 25]:              0
Stats[(nil), 26]:              0
Stats[(nil), 27]:              0
Stats[(nil), 28]:              0
Stats[(nil), 29]:              0
Stats[(nil), 30]:              0
Stats[(nil), 31]:    0.011367088
