Numbers: 25000, pid: 8703 Space Used : 0 Time Stamp : 1533540124199
Time(microseconds): 8021.000000
Stats[(nil), 0]:        8121290
Stats[(nil), 1]:        8121187
Stats[(nil), 2]:              1
Stats[(nil), 3]:              0
Stats[(nil), 4]:              0
Stats[(nil), 5]:              0
Stats[(nil), 6]:              0
Stats[(nil), 7]:        4315991
Stats[(nil), 8]:       11783543
Stats[(nil), 9]:           2569
Stats[(nil), 10]:            285
Stats[(nil), 11]:        1623437
Stats[(nil), 12]:         131338
Stats[(nil), 13]:              0
Stats[(nil), 14]:              0
Stats[(nil), 15]:              0
Stats[(nil), 16]:              0
Stats[(nil), 17]:              0
Stats[(nil), 18]:              0
Stats[(nil), 19]:              0
Stats[(nil), 20]:              0
Stats[(nil), 21]:              0
Stats[(nil), 22]:              0
Stats[(nil), 23]:              0
Stats[(nil), 24]:              0
Stats[(nil), 25]:              0
Stats[(nil), 26]:              0
Stats[(nil), 27]:              0
Stats[(nil), 28]:              0
Stats[(nil), 29]:              0
Stats[(nil), 30]:              0
Stats[(nil), 31]:    0.012622914
