Numbers: 26000, pid: 8723 Space Used : 0 Time Stamp : 1533540124349
Time(microseconds): 8688.000000
Stats[(nil), 0]:        8813043
Stats[(nil), 1]:        8811505
Stats[(nil), 2]:              2
Stats[(nil), 3]:              0
Stats[(nil), 4]:              0
Stats[(nil), 5]:              0
Stats[(nil), 6]:              0
Stats[(nil), 7]:        1637954
Stats[(nil), 8]:        7230579
Stats[(nil), 9]:           3901
Stats[(nil), 10]:            499
Stats[(nil), 11]:        1692503
Stats[(nil), 12]:         165522
Stats[(nil), 13]:              0
Stats[(nil), 14]:              0
Stats[(nil), 15]:              0
Stats[(nil), 16]:              0
Stats[(nil), 17]:              0
Stats[(nil), 18]:              0
Stats[(nil), 19]:              0
Stats[(nil), 20]:              0
Stats[(nil), 21]:              0
Stats[(nil), 22]:              0
Stats[(nil), 23]:              0
Stats[(nil), 24]:              0
Stats[(nil), 25]:              0
Stats[(nil), 26]:              0
Stats[(nil), 27]:              0
Stats[(nil), 28]:              0
Stats[(nil), 29]:              0
Stats[(nil), 30]:              0
Stats[(nil), 31]:    0.013646512
