Numbers: 26000, pid: 8725 Space Used : 0 Time Stamp : 1533540124363
Time(microseconds): 8712.000000
Stats[(nil), 0]:        8814031
Stats[(nil), 1]:        8813067
Stats[(nil), 2]:              1
Stats[(nil), 3]:              0
Stats[(nil), 4]:              0
Stats[(nil), 5]:              0
Stats[(nil), 6]:              0
Stats[(nil), 7]:        4439340
Stats[(nil), 8]:        9757455
Stats[(nil), 9]:           3264
Stats[(nil), 10]:            503
Stats[(nil), 11]:        1690877
Stats[(nil), 12]:         134286
Stats[(nil), 13]:              0
Stats[(nil), 14]:              0
Stats[(nil), 15]:              0
Stats[(nil), 16]:              0
Stats[(nil), 17]:              0
Stats[(nil), 18]:              0
Stats[(nil), 19]:              0
Stats[(nil), 20]:              0
Stats[(nil), 21]:              0
Stats[(nil), 22]:              0
Stats[(nil), 23]:              0
Stats[(nil), 24]:              0
Stats[(nil), 25]:              0
Stats[(nil), 26]:              0
Stats[(nil), 27]:              0
Stats[(nil), 28]:              0
Stats[(nil), 29]:              0
Stats[(nil), 30]:              0
Stats[(nil), 31]:    0.012939839
