Numbers: 26500, pid: 8731 Space Used : 0 Time Stamp : 1533540124406
Time(microseconds): 9417.000000
Stats[(nil), 0]:        9509631
Stats[(nil), 1]:        9509585
Stats[(nil), 2]:              1
Stats[(nil), 3]:              0
Stats[(nil), 4]:              0
Stats[(nil), 5]:              0
Stats[(nil), 6]:              0
Stats[(nil), 7]:        1034870
Stats[(nil), 8]:        8139131
Stats[(nil), 9]:           2104
Stats[(nil), 10]:            298
Stats[(nil), 11]:        1684651
Stats[(nil), 12]:         172420
Stats[(nil), 13]:              0
Stats[(nil), 14]:           1815
Stats[(nil), 15]:              0
Stats[(nil), 16]:              0
Stats[(nil), 17]:              0
Stats[(nil), 18]:              0
Stats[(nil), 19]:              0
Stats[(nil), 20]:              0
Stats[(nil), 21]:              0
Stats[(nil), 22]:              0
Stats[(nil), 23]:              0
Stats[(nil), 24]:              0
Stats[(nil), 25]:              0
Stats[(nil), 26]:              0
Stats[(nil), 27]:              0
Stats[(nil), 28]:              0
Stats[(nil), 29]:              0
Stats[(nil), 30]:              0
Stats[(nil), 31]:    0.013793395
