Numbers: 26500, pid: 8733 Space Used : 0 Time Stamp : 1533540124421
Time(microseconds): 9961.000000
Stats[(nil), 0]:       10083905
Stats[(nil), 1]:       10080762
Stats[(nil), 2]:              1
Stats[(nil), 3]:              0
Stats[(nil), 4]:              0
Stats[(nil), 5]:              0
Stats[(nil), 6]:              0
Stats[(nil), 7]:        3001011
Stats[(nil), 8]:        8428562
Stats[(nil), 9]:           2209
Stats[(nil), 10]:            353
Stats[(nil), 11]:        1684916
Stats[(nil), 12]:         150613
Stats[(nil), 13]:              0
Stats[(nil), 14]:            847
Stats[(nil), 15]:              0
Stats[(nil), 16]:              0
Stats[(nil), 17]:              0
Stats[(nil), 18]:              0
Stats[(nil), 19]:              0
Stats[(nil), 20]:              0
Stats[(nil), 21]:              0
Stats[(nil), 22]:              0
Stats[(nil), 23]:              0
Stats[(nil), 24]:              0
Stats[(nil), 25]:              0
Stats[(nil), 26]:              0
Stats[(nil), 27]:              0
Stats[(nil), 28]:              0
Stats[(nil), 29]:              0
Stats[(nil), 30]:              0
Stats[(nil), 31]:    0.013955724
