Numbers: 27000, pid: 8741 Space Used : 0 Time Stamp : 1533540124483
Time(microseconds): 5947.000000
Stats[(nil), 0]:        6031306
Stats[(nil), 1]:        6030442
Stats[(nil), 2]:              1
Stats[(nil), 3]:              0
Stats[(nil), 4]:              0
Stats[(nil), 5]:              0
Stats[(nil), 6]:              0
Stats[(nil), 7]:        9767952
Stats[(nil), 8]:       15536549
Stats[(nil), 9]:           1633
Stats[(nil), 10]:             51
Stats[(nil), 11]:        1648034
Stats[(nil), 12]:          74815
Stats[(nil), 13]:              0
Stats[(nil), 14]:              0
Stats[(nil), 15]:              0
Stats[(nil), 16]:              0
Stats[(nil), 17]:              0
Stats[(nil), 18]:              0
Stats[(nil), 19]:              0
Stats[(nil), 20]:              0
Stats[(nil), 21]:              0
Stats[(nil), 22]:              0
Stats[(nil), 23]:              0
Stats[(nil), 24]:              0
Stats[(nil), 25]:              0
Stats[(nil), 26]:              0
Stats[(nil), 27]:              0
Stats[(nil), 28]:              0
Stats[(nil), 29]:              0
Stats[(nil), 30]:              0
Stats[(nil), 31]:    0.009752515
