Numbers: 27500, pid: 8755 Space Used : 0 Time Stamp : 1533540124594
Time(microseconds): 7914.000000
Stats[(nil), 0]:        8038498
Stats[(nil), 1]:        8036456
Stats[(nil), 2]:              0
Stats[(nil), 3]:              0
Stats[(nil), 4]:              0
Stats[(nil), 5]:              0
Stats[(nil), 6]:              0
Stats[(nil), 7]:        6257295
Stats[(nil), 8]:       14054723
Stats[(nil), 9]:           1827
Stats[(nil), 10]:             69
Stats[(nil), 11]:        1717407
Stats[(nil), 12]:         118361
Stats[(nil), 13]:              0
Stats[(nil), 14]:              0
Stats[(nil), 15]:              0
Stats[(nil), 16]:              0
Stats[(nil), 17]:              0
Stats[(nil), 18]:              0
Stats[(nil), 19]:              0
Stats[(nil), 20]:              0
Stats[(nil), 21]:              0
Stats[(nil), 22]:              0
Stats[(nil), 23]:              0
Stats[(nil), 24]:              0
Stats[(nil), 25]:              0
Stats[(nil), 26]:              0
Stats[(nil), 27]:              0
Stats[(nil), 28]:              0
Stats[(nil), 29]:              0
Stats[(nil), 30]:              0
Stats[(nil), 31]:    0.015255607
