Numbers: 28000, pid: 8763 Space Used : 0 Time Stamp : 1533540124650
Time(microseconds): 8044.000000
Stats[(nil), 0]:        8126530
Stats[(nil), 1]:        8125646
Stats[(nil), 2]:              3
Stats[(nil), 3]:              0
Stats[(nil), 4]:              0
Stats[(nil), 5]:              0
Stats[(nil), 6]:              0
Stats[(nil), 7]:        7894196
Stats[(nil), 8]:       15638493
Stats[(nil), 9]:           3661
Stats[(nil), 10]:            444
Stats[(nil), 11]:        1928748
Stats[(nil), 12]:         117711
Stats[(nil), 13]:              0
Stats[(nil), 14]:              0
Stats[(nil), 15]:              0
Stats[(nil), 16]:              0
Stats[(nil), 17]:              0
Stats[(nil), 18]:              0
Stats[(nil), 19]:              0
Stats[(nil), 20]:              0
Stats[(nil), 21]:              0
Stats[(nil), 22]:              0
Stats[(nil), 23]:              0
Stats[(nil), 24]:              0
Stats[(nil), 25]:              0
Stats[(nil), 26]:              0
Stats[(nil), 27]:              0
Stats[(nil), 28]:              0
Stats[(nil), 29]:              0
Stats[(nil), 30]:              0
Stats[(nil), 31]:    0.012022915
