Numbers: 28000, pid: 8765 Space Used : 0 Time Stamp : 1533540124666
Time(microseconds): 9542.000000
Stats[(nil), 0]:        9644067
Stats[(nil), 1]:        9643312
Stats[(nil), 2]:              1
Stats[(nil), 3]:              0
Stats[(nil), 4]:              0
Stats[(nil), 5]:              0
Stats[(nil), 6]:              0
Stats[(nil), 7]:         718457
Stats[(nil), 8]:        9423415
Stats[(nil), 9]:           2479
Stats[(nil), 10]:            282
Stats[(nil), 11]:        1928244
Stats[(nil), 12]:         188199
Stats[(nil), 13]:              0
Stats[(nil), 14]:           1120
Stats[(nil), 15]:              0
Stats[(nil), 16]:              0
Stats[(nil), 17]:              0
Stats[(nil), 18]:              0
Stats[(nil), 19]:              0
Stats[(nil), 20]:              0
Stats[(nil), 21]:              0
Stats[(nil), 22]:              0
Stats[(nil), 23]:              0
Stats[(nil), 24]:              0
Stats[(nil), 25]:              0
Stats[(nil), 26]:              0
Stats[(nil), 27]:              0
Stats[(nil), 28]:              0
Stats[(nil), 29]:              0
Stats[(nil), 30]:              0
Stats[(nil), 31]:    0.014047510
