Numbers: 28000, pid: 8769 Space Used : 0 Time Stamp : 1533540124694
Time(microseconds): 7587.000000
Stats[(nil), 0]:        7693511
Stats[(nil), 1]:        7692763
Stats[(nil), 2]:              0
Stats[(nil), 3]:              0
Stats[(nil), 4]:              0
Stats[(nil), 5]:              0
Stats[(nil), 6]:              0
Stats[(nil), 7]:        4468821
Stats[(nil), 8]:       14524185
Stats[(nil), 9]:           1696
Stats[(nil), 10]:             39
Stats[(nil), 11]:        1924400
Stats[(nil), 12]:         155721
Stats[(nil), 13]:              0
Stats[(nil), 14]:              0
Stats[(nil), 15]:              0
Stats[(nil), 16]:              0
Stats[(nil), 17]:              0
Stats[(nil), 18]:              0
Stats[(nil), 19]:              0
Stats[(nil), 20]:              0
Stats[(nil), 21]:              0
Stats[(nil), 22]:              0
Stats[(nil), 23]:              0
Stats[(nil), 24]:              0
Stats[(nil), 25]:              0
Stats[(nil), 26]:              0
Stats[(nil), 27]:              0
Stats[(nil), 28]:              0
Stats[(nil), 29]:              0
Stats[(nil), 30]:              0
Stats[(nil), 31]:    0.012781231
