Numbers: 28500, pid: 8777 Space Used : 0 Time Stamp : 1533540124794
Time(microseconds): 9396.000000
Stats[(nil), 0]:        9518468
Stats[(nil), 1]:        9516834
Stats[(nil), 2]:              1
Stats[(nil), 3]:              0
Stats[(nil), 4]:              0
Stats[(nil), 5]:              0
Stats[(nil), 6]:              0
Stats[(nil), 7]:        8125340
Stats[(nil), 8]:       13091889
Stats[(nil), 9]:           1275
Stats[(nil), 10]:             20
Stats[(nil), 11]:        1817143
Stats[(nil), 12]:         106216
Stats[(nil), 13]:              0
Stats[(nil), 14]:              0
Stats[(nil), 15]:              0
Stats[(nil), 16]:              0
Stats[(nil), 17]:              0
Stats[(nil), 18]:              0
Stats[(nil), 19]:              0
Stats[(nil), 20]:              0
Stats[(nil), 21]:              0
Stats[(nil), 22]:              0
Stats[(nil), 23]:              0
Stats[(nil), 24]:              0
Stats[(nil), 25]:              0
Stats[(nil), 26]:              0
Stats[(nil), 27]:              0
Stats[(nil), 28]:              0
Stats[(nil), 29]:              0
Stats[(nil), 30]:              0
Stats[(nil), 31]:    0.014536370
