Numbers: 28500, pid: 8779 Space Used : 0 Time Stamp : 1533540124810
Time(microseconds): 10570.000000
Stats[(nil), 0]:       10656609
Stats[(nil), 1]:       10655521
Stats[(nil), 2]:              1
Stats[(nil), 3]:              0
Stats[(nil), 4]:              0
Stats[(nil), 5]:              0
Stats[(nil), 6]:              0
Stats[(nil), 7]:        2701310
Stats[(nil), 8]:        7747969
Stats[(nil), 9]:           1412
Stats[(nil), 10]:             25
Stats[(nil), 11]:        1815096
Stats[(nil), 12]:         164094
Stats[(nil), 13]:              0
Stats[(nil), 14]:           1054
Stats[(nil), 15]:              0
Stats[(nil), 16]:              0
Stats[(nil), 17]:              0
Stats[(nil), 18]:              0
Stats[(nil), 19]:              0
Stats[(nil), 20]:              0
Stats[(nil), 21]:              0
Stats[(nil), 22]:              0
Stats[(nil), 23]:              0
Stats[(nil), 24]:              0
Stats[(nil), 25]:              0
Stats[(nil), 26]:              0
Stats[(nil), 27]:              0
Stats[(nil), 28]:              0
Stats[(nil), 29]:              0
Stats[(nil), 30]:              0
Stats[(nil), 31]:    0.014539726
