Numbers: 29000, pid: 8783 Space Used : 0 Time Stamp : 1533540124843
Time(microseconds): 9479.000000
Stats[(nil), 0]:        9620363
Stats[(nil), 1]:        9619534
Stats[(nil), 2]:              0
Stats[(nil), 3]:              0
Stats[(nil), 4]:              0
Stats[(nil), 5]:              0
Stats[(nil), 6]:              0
Stats[(nil), 7]:        6104421
Stats[(nil), 8]:       13078928
Stats[(nil), 9]:           2317
Stats[(nil), 10]:            261
Stats[(nil), 11]:        1818605
Stats[(nil), 12]:         135072
Stats[(nil), 13]:              0
Stats[(nil), 14]:              0
Stats[(nil), 15]:              0
Stats[(nil), 16]:              0
Stats[(nil), 17]:              0
Stats[(nil), 18]:              0
Stats[(nil), 19]:              0
Stats[(nil), 20]:              0
Stats[(nil), 21]:              0
Stats[(nil), 22]:              0
Stats[(nil), 23]:              0
Stats[(nil), 24]:              0
Stats[(nil), 25]:              0
Stats[(nil), 26]:              0
Stats[(nil), 27]:              0
Stats[(nil), 28]:              0
Stats[(nil), 29]:              0
Stats[(nil), 30]:              0
Stats[(nil), 31]:    0.015332014
