Numbers: 29000, pid: 8785 Space Used : 0 Time Stamp : 1533540124861
Time(microseconds): 10417.000000
Stats[(nil), 0]:       10623622
Stats[(nil), 1]:       10620412
Stats[(nil), 2]:              1
Stats[(nil), 3]:              0
Stats[(nil), 4]:              0
Stats[(nil), 5]:              0
Stats[(nil), 6]:              0
Stats[(nil), 7]:        3064613
Stats[(nil), 8]:        8024496
Stats[(nil), 9]:           2079
Stats[(nil), 10]:            122
Stats[(nil), 11]:        1820903
Stats[(nil), 12]:         165819
Stats[(nil), 13]:              0
Stats[(nil), 14]:            364
Stats[(nil), 15]:              0
Stats[(nil), 16]:              0
Stats[(nil), 17]:              0
Stats[(nil), 18]:              0
Stats[(nil), 19]:              0
Stats[(nil), 20]:              0
Stats[(nil), 21]:              0
Stats[(nil), 22]:              0
Stats[(nil), 23]:              0
Stats[(nil), 24]:              0
Stats[(nil), 25]:              0
Stats[(nil), 26]:              0
Stats[(nil), 27]:              0
Stats[(nil), 28]:              0
Stats[(nil), 29]:              0
Stats[(nil), 30]:              0
Stats[(nil), 31]:    0.015767848
