Numbers: 29500, pid: 8791 Space Used : 0 Time Stamp : 1533540124904
Time(microseconds): 6707.000000
Stats[(nil), 0]:        6786768
Stats[(nil), 1]:        6786445
Stats[(nil), 2]:              0
Stats[(nil), 3]:              0
Stats[(nil), 4]:              0
Stats[(nil), 5]:              0
Stats[(nil), 6]:              0
Stats[(nil), 7]:        8007010
Stats[(nil), 8]:       18352659
Stats[(nil), 9]:           1452
Stats[(nil), 10]:            138
Stats[(nil), 11]:        1928286
Stats[(nil), 12]:         111588
Stats[(nil), 13]:              0
Stats[(nil), 14]:              0
Stats[(nil), 15]:              0
Stats[(nil), 16]:              0
Stats[(nil), 17]:              0
Stats[(nil), 18]:              0
Stats[(nil), 19]:              0
Stats[(nil), 20]:              0
Stats[(nil), 21]:              0
Stats[(nil), 22]:              0
Stats[(nil), 23]:              0
Stats[(nil), 24]:              0
Stats[(nil), 25]:              0
Stats[(nil), 26]:              0
Stats[(nil), 27]:              0
Stats[(nil), 28]:              0
Stats[(nil), 29]:              0
Stats[(nil), 30]:              0
Stats[(nil), 31]:    0.010844549
