Numbers: 29500, pid: 8793 Space Used : 0 Time Stamp : 1533540124920
Time(microseconds): 8956.000000
Stats[(nil), 0]:        9026510
Stats[(nil), 1]:        9026199
Stats[(nil), 2]:              4
Stats[(nil), 3]:              0
Stats[(nil), 4]:              0
Stats[(nil), 5]:              0
Stats[(nil), 6]:              0
Stats[(nil), 7]:        3354267
Stats[(nil), 8]:       11305736
Stats[(nil), 9]:           4178
Stats[(nil), 10]:            753
Stats[(nil), 11]:        1935621
Stats[(nil), 12]:         163896
Stats[(nil), 13]:              0
Stats[(nil), 14]:              0
Stats[(nil), 15]:              0
Stats[(nil), 16]:              0
Stats[(nil), 17]:              0
Stats[(nil), 18]:              0
Stats[(nil), 19]:              0
Stats[(nil), 20]:              0
Stats[(nil), 21]:              0
Stats[(nil), 22]:              0
Stats[(nil), 23]:              0
Stats[(nil), 24]:              0
Stats[(nil), 25]:              0
Stats[(nil), 26]:              0
Stats[(nil), 27]:              0
Stats[(nil), 28]:              0
Stats[(nil), 29]:              0
Stats[(nil), 30]:              0
Stats[(nil), 31]:    0.013179728
