Numbers: 29500, pid: 8797 Space Used : 0 Time Stamp : 1533540124955
Time(microseconds): 9158.000000
Stats[(nil), 0]:        9334202
Stats[(nil), 1]:        9331913
Stats[(nil), 2]:              2
Stats[(nil), 3]:              0
Stats[(nil), 4]:              0
Stats[(nil), 5]:              0
Stats[(nil), 6]:              0
Stats[(nil), 7]:        3706660
Stats[(nil), 8]:       12434303
Stats[(nil), 9]:           2606
Stats[(nil), 10]:             80
Stats[(nil), 11]:        1932342
Stats[(nil), 12]:         159233
Stats[(nil), 13]:              0
Stats[(nil), 14]:              0
Stats[(nil), 15]:              0
Stats[(nil), 16]:              0
Stats[(nil), 17]:              0
Stats[(nil), 18]:              0
Stats[(nil), 19]:              0
Stats[(nil), 20]:              0
Stats[(nil), 21]:              0
Stats[(nil), 22]:              0
Stats[(nil), 23]:              0
Stats[(nil), 24]:              0
Stats[(nil), 25]:              0
Stats[(nil), 26]:              0
Stats[(nil), 27]:              0
Stats[(nil), 28]:              0
Stats[(nil), 29]:              0
Stats[(nil), 30]:              0
Stats[(nil), 31]:    0.015251246
