Numbers: 30000, pid: 8801 Space Used : 0 Time Stamp : 1533540124985
Time(microseconds): 8437.000000
Stats[(nil), 0]:        8513401
Stats[(nil), 1]:        8513292
Stats[(nil), 2]:              1
Stats[(nil), 3]:              0
Stats[(nil), 4]:              0
Stats[(nil), 5]:              0
Stats[(nil), 6]:              0
Stats[(nil), 7]:         240159
Stats[(nil), 8]:       10854299
Stats[(nil), 9]:           2910
Stats[(nil), 10]:            254
Stats[(nil), 11]:        1903800
Stats[(nil), 12]:         206029
Stats[(nil), 13]:              0
Stats[(nil), 14]:            445
Stats[(nil), 15]:              0
Stats[(nil), 16]:              0
Stats[(nil), 17]:              0
Stats[(nil), 18]:              0
Stats[(nil), 19]:              0
Stats[(nil), 20]:              0
Stats[(nil), 21]:              0
Stats[(nil), 22]:              0
Stats[(nil), 23]:              0
Stats[(nil), 24]:              0
Stats[(nil), 25]:              0
Stats[(nil), 26]:              0
Stats[(nil), 27]:              0
Stats[(nil), 28]:              0
Stats[(nil), 29]:              0
Stats[(nil), 30]:              0
Stats[(nil), 31]:    0.012774932
