Numbers: 30000, pid: 8803 Space Used : 0 Time Stamp : 1533540124998
Time(microseconds): 7060.000000
Stats[(nil), 0]:        7123489
Stats[(nil), 1]:        7123771
Stats[(nil), 2]:              1
Stats[(nil), 3]:              0
Stats[(nil), 4]:              0
Stats[(nil), 5]:              0
Stats[(nil), 6]:              0
Stats[(nil), 7]:        3692453
Stats[(nil), 8]:       14285208
Stats[(nil), 9]:           3125
Stats[(nil), 10]:            254
Stats[(nil), 11]:        1902701
Stats[(nil), 12]:         165161
Stats[(nil), 13]:              0
Stats[(nil), 14]:              0
Stats[(nil), 15]:              0
Stats[(nil), 16]:              0
Stats[(nil), 17]:              0
Stats[(nil), 18]:              0
Stats[(nil), 19]:              0
Stats[(nil), 20]:              0
Stats[(nil), 21]:              0
Stats[(nil), 22]:              0
Stats[(nil), 23]:              0
Stats[(nil), 24]:              0
Stats[(nil), 25]:              0
Stats[(nil), 26]:              0
Stats[(nil), 27]:              0
Stats[(nil), 28]:              0
Stats[(nil), 29]:              0
Stats[(nil), 30]:              0
Stats[(nil), 31]:    0.011346124
