Numbers: 30500, pid: 8815 Space Used : 0 Time Stamp : 1533540125097
Time(microseconds): 9432.000000
Stats[(nil), 0]:        9555088
Stats[(nil), 1]:        9553779
Stats[(nil), 2]:              1
Stats[(nil), 3]:              0
Stats[(nil), 4]:              0
Stats[(nil), 5]:              0
Stats[(nil), 6]:              0
Stats[(nil), 7]:        2884689
Stats[(nil), 8]:        9414990
Stats[(nil), 9]:           1986
Stats[(nil), 10]:             78
Stats[(nil), 11]:        2146290
Stats[(nil), 12]:         184452
Stats[(nil), 13]:              0
Stats[(nil), 14]:            345
Stats[(nil), 15]:              0
Stats[(nil), 16]:              0
Stats[(nil), 17]:              0
Stats[(nil), 18]:              0
Stats[(nil), 19]:              0
Stats[(nil), 20]:              0
Stats[(nil), 21]:              0
Stats[(nil), 22]:              0
Stats[(nil), 23]:              0
Stats[(nil), 24]:              0
Stats[(nil), 25]:              0
Stats[(nil), 26]:              0
Stats[(nil), 27]:              0
Stats[(nil), 28]:              0
Stats[(nil), 29]:              0
Stats[(nil), 30]:              0
Stats[(nil), 31]:    0.014772874
