Numbers: 30500, pid: 8817 Space Used : 0 Time Stamp : 1533540125114
Time(microseconds): 10270.000000
Stats[(nil), 0]:       10402985
Stats[(nil), 1]:       10403132
Stats[(nil), 2]:              1
Stats[(nil), 3]:              0
Stats[(nil), 4]:              0
Stats[(nil), 5]:              0
Stats[(nil), 6]:              0
Stats[(nil), 7]:        1398171
Stats[(nil), 8]:        9653524
Stats[(nil), 9]:           2564
Stats[(nil), 10]:            215
Stats[(nil), 11]:        2144240
Stats[(nil), 12]:         198462
Stats[(nil), 13]:              0
Stats[(nil), 14]:           1246
Stats[(nil), 15]:              0
Stats[(nil), 16]:              0
Stats[(nil), 17]:              0
Stats[(nil), 18]:              0
Stats[(nil), 19]:              0
Stats[(nil), 20]:              0
Stats[(nil), 21]:              0
Stats[(nil), 22]:              0
Stats[(nil), 23]:              0
Stats[(nil), 24]:              0
Stats[(nil), 25]:              0
Stats[(nil), 26]:              0
Stats[(nil), 27]:              0
Stats[(nil), 28]:              0
Stats[(nil), 29]:              0
Stats[(nil), 30]:              0
Stats[(nil), 31]:    0.014990279
