Numbers: 31000, pid: 8821 Space Used : 0 Time Stamp : 1533540125148
Time(microseconds): 10371.000000
Stats[(nil), 0]:       10485322
Stats[(nil), 1]:       10483971
Stats[(nil), 2]:              0
Stats[(nil), 3]:              0
Stats[(nil), 4]:              0
Stats[(nil), 5]:              0
Stats[(nil), 6]:              0
Stats[(nil), 7]:        7382127
Stats[(nil), 8]:       13848825
Stats[(nil), 9]:           1708
Stats[(nil), 10]:            223
Stats[(nil), 11]:        1990013
Stats[(nil), 12]:         132486
Stats[(nil), 13]:              0
Stats[(nil), 14]:              0
Stats[(nil), 15]:              0
Stats[(nil), 16]:              0
Stats[(nil), 17]:              0
Stats[(nil), 18]:              0
Stats[(nil), 19]:              0
Stats[(nil), 20]:              0
Stats[(nil), 21]:              0
Stats[(nil), 22]:              0
Stats[(nil), 23]:              0
Stats[(nil), 24]:              0
Stats[(nil), 25]:              0
Stats[(nil), 26]:              0
Stats[(nil), 27]:              0
Stats[(nil), 28]:              0
Stats[(nil), 29]:              0
Stats[(nil), 30]:              0
Stats[(nil), 31]:    0.015072675
