Numbers: 31000, pid: 8823 Space Used : 0 Time Stamp : 1533540125165
Time(microseconds): 10325.000000
Stats[(nil), 0]:       10408935
Stats[(nil), 1]:       10407706
Stats[(nil), 2]:              1
Stats[(nil), 3]:              0
Stats[(nil), 4]:              0
Stats[(nil), 5]:              0
Stats[(nil), 6]:              0
Stats[(nil), 7]:        2983507
Stats[(nil), 8]:       10304430
Stats[(nil), 9]:           2319
Stats[(nil), 10]:            111
Stats[(nil), 11]:        1994062
Stats[(nil), 12]:         180447
Stats[(nil), 13]:              0
Stats[(nil), 14]:            445
Stats[(nil), 15]:              0
Stats[(nil), 16]:              0
Stats[(nil), 17]:              0
Stats[(nil), 18]:              0
Stats[(nil), 19]:              0
Stats[(nil), 20]:              0
Stats[(nil), 21]:              0
Stats[(nil), 22]:              0
Stats[(nil), 23]:              0
Stats[(nil), 24]:              0
Stats[(nil), 25]:              0
Stats[(nil), 26]:              0
Stats[(nil), 27]:              0
Stats[(nil), 28]:              0
Stats[(nil), 29]:              0
Stats[(nil), 30]:              0
Stats[(nil), 31]:    0.014658347
