Numbers: 31000, pid: 8829 Space Used : 0 Time Stamp : 1533540125212
Time(microseconds): 6909.000000
Stats[(nil), 0]:        6998508
Stats[(nil), 1]:        6997742
Stats[(nil), 2]:              0
Stats[(nil), 3]:              0
Stats[(nil), 4]:              0
Stats[(nil), 5]:              0
Stats[(nil), 6]:              0
Stats[(nil), 7]:        8944207
Stats[(nil), 8]:       18800722
Stats[(nil), 9]:           1254
Stats[(nil), 10]:             29
Stats[(nil), 11]:        1989465
Stats[(nil), 12]:         113697
Stats[(nil), 13]:              0
Stats[(nil), 14]:              0
Stats[(nil), 15]:              0
Stats[(nil), 16]:              0
Stats[(nil), 17]:              0
Stats[(nil), 18]:              0
Stats[(nil), 19]:              0
Stats[(nil), 20]:              0
Stats[(nil), 21]:              0
Stats[(nil), 22]:              0
Stats[(nil), 23]:              0
Stats[(nil), 24]:              0
Stats[(nil), 25]:              0
Stats[(nil), 26]:              0
Stats[(nil), 27]:              0
Stats[(nil), 28]:              0
Stats[(nil), 29]:              0
Stats[(nil), 30]:              0
Stats[(nil), 31]:    0.011105459
