Numbers: 31500, pid: 8831 Space Used : 0 Time Stamp : 1533540125232
Time(microseconds): 11973.000000
Stats[(nil), 0]:       12145446
Stats[(nil), 1]:       12145481
Stats[(nil), 2]:              2
Stats[(nil), 3]:              1
Stats[(nil), 4]:              0
Stats[(nil), 5]:              0
Stats[(nil), 6]:              0
Stats[(nil), 7]:         917966
Stats[(nil), 8]:       12207718
Stats[(nil), 9]:           3854
Stats[(nil), 10]:            735
Stats[(nil), 11]:        2017434
Stats[(nil), 12]:         208950
Stats[(nil), 13]:              0
Stats[(nil), 14]:              0
Stats[(nil), 15]:              0
Stats[(nil), 16]:              0
Stats[(nil), 17]:              0
Stats[(nil), 18]:              0
Stats[(nil), 19]:              0
Stats[(nil), 20]:              0
Stats[(nil), 21]:              0
Stats[(nil), 22]:              0
Stats[(nil), 23]:              0
Stats[(nil), 24]:              0
Stats[(nil), 25]:              0
Stats[(nil), 26]:              0
Stats[(nil), 27]:              0
Stats[(nil), 28]:              0
Stats[(nil), 29]:              0
Stats[(nil), 30]:              0
Stats[(nil), 31]:    0.018808351
