Numbers: 31500, pid: 8835 Space Used : 0 Time Stamp : 1533540125264
Time(microseconds): 8568.000000
Stats[(nil), 0]:        8648553
Stats[(nil), 1]:        8647862
Stats[(nil), 2]:              0
Stats[(nil), 3]:              0
Stats[(nil), 4]:              0
Stats[(nil), 5]:              0
Stats[(nil), 6]:              0
Stats[(nil), 7]:        2527609
Stats[(nil), 8]:       13065489
Stats[(nil), 9]:           1736
Stats[(nil), 10]:             61
Stats[(nil), 11]:        2010567
Stats[(nil), 12]:         190112
Stats[(nil), 13]:              0
Stats[(nil), 14]:              0
Stats[(nil), 15]:              0
Stats[(nil), 16]:              0
Stats[(nil), 17]:              0
Stats[(nil), 18]:              0
Stats[(nil), 19]:              0
Stats[(nil), 20]:              0
Stats[(nil), 21]:              0
Stats[(nil), 22]:              0
Stats[(nil), 23]:              0
Stats[(nil), 24]:              0
Stats[(nil), 25]:              0
Stats[(nil), 26]:              0
Stats[(nil), 27]:              0
Stats[(nil), 28]:              0
Stats[(nil), 29]:              0
Stats[(nil), 30]:              0
Stats[(nil), 31]:    0.013027885
