Numbers: 31500, pid: 8837 Space Used : 0 Time Stamp : 1533540125278
Time(microseconds): 7281.000000
Stats[(nil), 0]:        7372236
Stats[(nil), 1]:        7371177
Stats[(nil), 2]:              1
Stats[(nil), 3]:              0
Stats[(nil), 4]:              0
Stats[(nil), 5]:              0
Stats[(nil), 6]:              0
Stats[(nil), 7]:        6438553
Stats[(nil), 8]:       16784123
Stats[(nil), 9]:           3065
Stats[(nil), 10]:            136
Stats[(nil), 11]:        2012893
Stats[(nil), 12]:         145519
Stats[(nil), 13]:              0
Stats[(nil), 14]:              0
Stats[(nil), 15]:              0
Stats[(nil), 16]:              0
Stats[(nil), 17]:              0
Stats[(nil), 18]:              0
Stats[(nil), 19]:              0
Stats[(nil), 20]:              0
Stats[(nil), 21]:              0
Stats[(nil), 22]:              0
Stats[(nil), 23]:              0
Stats[(nil), 24]:              0
Stats[(nil), 25]:              0
Stats[(nil), 26]:              0
Stats[(nil), 27]:              0
Stats[(nil), 28]:              0
Stats[(nil), 29]:              0
Stats[(nil), 30]:              0
Stats[(nil), 31]:    0.011658314
