Numbers: 32000, pid: 8847 Space Used : 0 Time Stamp : 1533540125362
Time(microseconds): 7953.000000
Stats[(nil), 0]:        8040020
Stats[(nil), 1]:        8039119
Stats[(nil), 2]:              1
Stats[(nil), 3]:              0
Stats[(nil), 4]:              0
Stats[(nil), 5]:              0
Stats[(nil), 6]:              0
Stats[(nil), 7]:        7452650
Stats[(nil), 8]:       16847770
Stats[(nil), 9]:           2254
Stats[(nil), 10]:            206
Stats[(nil), 11]:        2104631
Stats[(nil), 12]:         138604
Stats[(nil), 13]:              0
Stats[(nil), 14]:              0
Stats[(nil), 15]:              0
Stats[(nil), 16]:              0
Stats[(nil), 17]:              0
Stats[(nil), 18]:              0
Stats[(nil), 19]:              0
Stats[(nil), 20]:              0
Stats[(nil), 21]:              0
Stats[(nil), 22]:              0
Stats[(nil), 23]:              0
Stats[(nil), 24]:              0
Stats[(nil), 25]:              0
Stats[(nil), 26]:              0
Stats[(nil), 27]:              0
Stats[(nil), 28]:              0
Stats[(nil), 29]:              0
Stats[(nil), 30]:              0
Stats[(nil), 31]:    0.012361956
