Numbers: 32000, pid: 8849 Space Used : 0 Time Stamp : 1533540125380
Time(microseconds): 10378.000000
Stats[(nil), 0]:       10515399
Stats[(nil), 1]:       10513952
Stats[(nil), 2]:              1
Stats[(nil), 3]:              0
Stats[(nil), 4]:              0
Stats[(nil), 5]:              0
Stats[(nil), 6]:              0
Stats[(nil), 7]:        5523966
Stats[(nil), 8]:       10726489
Stats[(nil), 9]:           2097
Stats[(nil), 10]:             67
Stats[(nil), 11]:        2124280
Stats[(nil), 12]:         156412
Stats[(nil), 13]:              0
Stats[(nil), 14]:              0
Stats[(nil), 15]:              0
Stats[(nil), 16]:              0
Stats[(nil), 17]:              0
Stats[(nil), 18]:              0
Stats[(nil), 19]:              0
Stats[(nil), 20]:              0
Stats[(nil), 21]:              0
Stats[(nil), 22]:              0
Stats[(nil), 23]:              0
Stats[(nil), 24]:              0
Stats[(nil), 25]:              0
Stats[(nil), 26]:              0
Stats[(nil), 27]:              0
Stats[(nil), 28]:              0
Stats[(nil), 29]:              0
Stats[(nil), 30]:              0
Stats[(nil), 31]:    0.015686229
