Numbers: 32500, pid: 8851 Space Used : 0 Time Stamp : 1533540125399
Time(microseconds): 11649.000000
Stats[(nil), 0]:       11730888
Stats[(nil), 1]:       11730300
Stats[(nil), 2]:              1
Stats[(nil), 3]:              0
Stats[(nil), 4]:              0
Stats[(nil), 5]:              0
Stats[(nil), 6]:              0
Stats[(nil), 7]:        4766226
Stats[(nil), 8]:        9742550
Stats[(nil), 9]:           3009
Stats[(nil), 10]:            341
Stats[(nil), 11]:        2059876
Stats[(nil), 12]:         172122
Stats[(nil), 13]:              0
Stats[(nil), 14]:           1531
Stats[(nil), 15]:              0
Stats[(nil), 16]:              0
Stats[(nil), 17]:              0
Stats[(nil), 18]:              0
Stats[(nil), 19]:              0
Stats[(nil), 20]:              0
Stats[(nil), 21]:              0
Stats[(nil), 22]:              0
Stats[(nil), 23]:              0
Stats[(nil), 24]:              0
Stats[(nil), 25]:              0
Stats[(nil), 26]:              0
Stats[(nil), 27]:              0
Stats[(nil), 28]:              0
Stats[(nil), 29]:              0
Stats[(nil), 30]:              0
Stats[(nil), 31]:    0.016224255
