Numbers: 32500, pid: 8853 Space Used : 0 Time Stamp : 1533540125416
Time(microseconds): 10531.000000
Stats[(nil), 0]:       10615044
Stats[(nil), 1]:       10614072
Stats[(nil), 2]:              1
Stats[(nil), 3]:              0
Stats[(nil), 4]:              0
Stats[(nil), 5]:              0
Stats[(nil), 6]:              0
Stats[(nil), 7]:        7133553
Stats[(nil), 8]:       11747597
Stats[(nil), 9]:           2894
Stats[(nil), 10]:            398
Stats[(nil), 11]:        2054356
Stats[(nil), 12]:         148012
Stats[(nil), 13]:              0
Stats[(nil), 14]:              0
Stats[(nil), 15]:              0
Stats[(nil), 16]:              0
Stats[(nil), 17]:              0
Stats[(nil), 18]:              0
Stats[(nil), 19]:              0
Stats[(nil), 20]:              0
Stats[(nil), 21]:              0
Stats[(nil), 22]:              0
Stats[(nil), 23]:              0
Stats[(nil), 24]:              0
Stats[(nil), 25]:              0
Stats[(nil), 26]:              0
Stats[(nil), 27]:              0
Stats[(nil), 28]:              0
Stats[(nil), 29]:              0
Stats[(nil), 30]:              0
Stats[(nil), 31]:    0.015457358
