Numbers: 32500, pid: 8859 Space Used : 0 Time Stamp : 1533540125467
Time(microseconds): 9544.000000
Stats[(nil), 0]:        9674287
Stats[(nil), 1]:        9672573
Stats[(nil), 2]:              2
Stats[(nil), 3]:              0
Stats[(nil), 4]:              0
Stats[(nil), 5]:              0
Stats[(nil), 6]:              0
Stats[(nil), 7]:        6658293
Stats[(nil), 8]:       14928822
Stats[(nil), 9]:           2582
Stats[(nil), 10]:             40
Stats[(nil), 11]:        2055787
Stats[(nil), 12]:         150477
Stats[(nil), 13]:              0
Stats[(nil), 14]:              0
Stats[(nil), 15]:              0
Stats[(nil), 16]:              0
Stats[(nil), 17]:              0
Stats[(nil), 18]:              0
Stats[(nil), 19]:              0
Stats[(nil), 20]:              0
Stats[(nil), 21]:              0
Stats[(nil), 22]:              0
Stats[(nil), 23]:              0
Stats[(nil), 24]:              0
Stats[(nil), 25]:              0
Stats[(nil), 26]:              0
Stats[(nil), 27]:              0
Stats[(nil), 28]:              0
Stats[(nil), 29]:              0
Stats[(nil), 30]:              0
Stats[(nil), 31]:    0.015171667
