Numbers: 33000, pid: 8863 Space Used : 0 Time Stamp : 1533540125501
Time(microseconds): 9352.000000
Stats[(nil), 0]:        9431283
Stats[(nil), 1]:        9430534
Stats[(nil), 2]:              1
Stats[(nil), 3]:              0
Stats[(nil), 4]:              0
Stats[(nil), 5]:              0
Stats[(nil), 6]:              0
Stats[(nil), 7]:        2444989
Stats[(nil), 8]:       10886969
Stats[(nil), 9]:           3239
Stats[(nil), 10]:            710
Stats[(nil), 11]:        2184024
Stats[(nil), 12]:         201026
Stats[(nil), 13]:              0
Stats[(nil), 14]:            763
Stats[(nil), 15]:              0
Stats[(nil), 16]:              0
Stats[(nil), 17]:              0
Stats[(nil), 18]:              0
Stats[(nil), 19]:              0
Stats[(nil), 20]:              0
Stats[(nil), 21]:              0
Stats[(nil), 22]:              0
Stats[(nil), 23]:              0
Stats[(nil), 24]:              0
Stats[(nil), 25]:              0
Stats[(nil), 26]:              0
Stats[(nil), 27]:              0
Stats[(nil), 28]:              0
Stats[(nil), 29]:              0
Stats[(nil), 30]:              0
Stats[(nil), 31]:    0.013898349
