Numbers: 33000, pid: 8869 Space Used : 0 Time Stamp : 1533540125556
Time(microseconds): 10243.000000
Stats[(nil), 0]:       10314216
Stats[(nil), 1]:       10314246
Stats[(nil), 2]:              2
Stats[(nil), 3]:              0
Stats[(nil), 4]:              0
Stats[(nil), 5]:              0
Stats[(nil), 6]:              0
Stats[(nil), 7]:        7991775
Stats[(nil), 8]:       14794792
Stats[(nil), 9]:           2752
Stats[(nil), 10]:            213
Stats[(nil), 11]:        2178913
Stats[(nil), 12]:         141779
Stats[(nil), 13]:              0
Stats[(nil), 14]:              0
Stats[(nil), 15]:              0
Stats[(nil), 16]:              0
Stats[(nil), 17]:              0
Stats[(nil), 18]:              0
Stats[(nil), 19]:              0
Stats[(nil), 20]:              0
Stats[(nil), 21]:              0
Stats[(nil), 22]:              0
Stats[(nil), 23]:              0
Stats[(nil), 24]:              0
Stats[(nil), 25]:              0
Stats[(nil), 26]:              0
Stats[(nil), 27]:              0
Stats[(nil), 28]:              0
Stats[(nil), 29]:              0
Stats[(nil), 30]:              0
Stats[(nil), 31]:    0.014990902
