Numbers: 33500, pid: 8871 Space Used : 0 Time Stamp : 1533540125575
Time(microseconds): 11794.000000
Stats[(nil), 0]:       11877501
Stats[(nil), 1]:       11876700
Stats[(nil), 2]:              1
Stats[(nil), 3]:              0
Stats[(nil), 4]:              0
Stats[(nil), 5]:              0
Stats[(nil), 6]:              0
Stats[(nil), 7]:        5078395
Stats[(nil), 8]:       10836058
Stats[(nil), 9]:           3116
Stats[(nil), 10]:            289
Stats[(nil), 11]:        2288412
Stats[(nil), 12]:         187676
Stats[(nil), 13]:              0
Stats[(nil), 14]:           1428
Stats[(nil), 15]:              0
Stats[(nil), 16]:              0
Stats[(nil), 17]:              0
Stats[(nil), 18]:              0
Stats[(nil), 19]:              0
Stats[(nil), 20]:              0
Stats[(nil), 21]:              0
Stats[(nil), 22]:              0
Stats[(nil), 23]:              0
Stats[(nil), 24]:              0
Stats[(nil), 25]:              0
Stats[(nil), 26]:              0
Stats[(nil), 27]:              0
Stats[(nil), 28]:              0
Stats[(nil), 29]:              0
Stats[(nil), 30]:              0
Stats[(nil), 31]:    0.016496996
