Numbers: 33500, pid: 8873 Space Used : 0 Time Stamp : 1533540125591
Time(microseconds): 10040.000000
Stats[(nil), 0]:       10125161
Stats[(nil), 1]:       10124586
Stats[(nil), 2]:              2
Stats[(nil), 3]:              0
Stats[(nil), 4]:              0
Stats[(nil), 5]:              0
Stats[(nil), 6]:              0
Stats[(nil), 7]:        8281995
Stats[(nil), 8]:       15966517
Stats[(nil), 9]:           3637
Stats[(nil), 10]:            563
Stats[(nil), 11]:        2288305
Stats[(nil), 12]:         155370
Stats[(nil), 13]:              0
Stats[(nil), 14]:              0
Stats[(nil), 15]:              0
Stats[(nil), 16]:              0
Stats[(nil), 17]:              0
Stats[(nil), 18]:              0
Stats[(nil), 19]:              0
Stats[(nil), 20]:              0
Stats[(nil), 21]:              0
Stats[(nil), 22]:              0
Stats[(nil), 23]:              0
Stats[(nil), 24]:              0
Stats[(nil), 25]:              0
Stats[(nil), 26]:              0
Stats[(nil), 27]:              0
Stats[(nil), 28]:              0
Stats[(nil), 29]:              0
Stats[(nil), 30]:              0
Stats[(nil), 31]:    0.014765548
