Numbers: 33500, pid: 8877 Space Used : 0 Time Stamp : 1533540125630
Time(microseconds): 11108.000000
Stats[(nil), 0]:       11199237
Stats[(nil), 1]:       11197817
Stats[(nil), 2]:              1
Stats[(nil), 3]:              0
Stats[(nil), 4]:              0
Stats[(nil), 5]:              0
Stats[(nil), 6]:              0
Stats[(nil), 7]:        3931812
Stats[(nil), 8]:       10891530
Stats[(nil), 9]:           1596
Stats[(nil), 10]:            106
Stats[(nil), 11]:        2284886
Stats[(nil), 12]:         198104
Stats[(nil), 13]:              0
Stats[(nil), 14]:           1436
Stats[(nil), 15]:              0
Stats[(nil), 16]:              0
Stats[(nil), 17]:              0
Stats[(nil), 18]:              0
Stats[(nil), 19]:              0
Stats[(nil), 20]:              0
Stats[(nil), 21]:              0
Stats[(nil), 22]:              0
Stats[(nil), 23]:              0
Stats[(nil), 24]:              0
Stats[(nil), 25]:              0
Stats[(nil), 26]:              0
Stats[(nil), 27]:              0
Stats[(nil), 28]:              0
Stats[(nil), 29]:              0
Stats[(nil), 30]:              0
Stats[(nil), 31]:    0.015640742
