Numbers: 34000, pid: 8883 Space Used : 0 Time Stamp : 1533540125687
Time(microseconds): 10818.000000
Stats[(nil), 0]:       11094038
Stats[(nil), 1]:       11090656
Stats[(nil), 2]:              1
Stats[(nil), 3]:              0
Stats[(nil), 4]:              0
Stats[(nil), 5]:              0
Stats[(nil), 6]:              0
Stats[(nil), 7]:        1219917
Stats[(nil), 8]:        7035159
Stats[(nil), 9]:           2740
Stats[(nil), 10]:            479
Stats[(nil), 11]:        2376242
Stats[(nil), 12]:         229468
Stats[(nil), 13]:              0
Stats[(nil), 14]:           1416
Stats[(nil), 15]:              0
Stats[(nil), 16]:              0
Stats[(nil), 17]:              0
Stats[(nil), 18]:              0
Stats[(nil), 19]:              0
Stats[(nil), 20]:              0
Stats[(nil), 21]:              0
Stats[(nil), 22]:              0
Stats[(nil), 23]:              0
Stats[(nil), 24]:              0
Stats[(nil), 25]:              0
Stats[(nil), 26]:              0
Stats[(nil), 27]:              0
Stats[(nil), 28]:              0
Stats[(nil), 29]:              0
Stats[(nil), 30]:              0
Stats[(nil), 31]:    0.020286852
