Numbers: 34000, pid: 8885 Space Used : 0 Time Stamp : 1533540125706
Time(microseconds): 12529.000000
Stats[(nil), 0]:       12665504
Stats[(nil), 1]:       12664285
Stats[(nil), 2]:              1
Stats[(nil), 3]:              0
Stats[(nil), 4]:              0
Stats[(nil), 5]:              0
Stats[(nil), 6]:              0
Stats[(nil), 7]:        6117253
Stats[(nil), 8]:       12057023
Stats[(nil), 9]:           2484
Stats[(nil), 10]:             93
Stats[(nil), 11]:        2377311
Stats[(nil), 12]:         179238
Stats[(nil), 13]:              0
Stats[(nil), 14]:            722
Stats[(nil), 15]:              0
Stats[(nil), 16]:              0
Stats[(nil), 17]:              0
Stats[(nil), 18]:              0
Stats[(nil), 19]:              0
Stats[(nil), 20]:              0
Stats[(nil), 21]:              0
Stats[(nil), 22]:              0
Stats[(nil), 23]:              0
Stats[(nil), 24]:              0
Stats[(nil), 25]:              0
Stats[(nil), 26]:              0
Stats[(nil), 27]:              0
Stats[(nil), 28]:              0
Stats[(nil), 29]:              0
Stats[(nil), 30]:              0
Stats[(nil), 31]:    0.017490234
