Numbers: 34000, pid: 8887 Space Used : 0 Time Stamp : 1533540125725
Time(microseconds): 10337.000000
Stats[(nil), 0]:       10470286
Stats[(nil), 1]:       10468814
Stats[(nil), 2]:              2
Stats[(nil), 3]:              0
Stats[(nil), 4]:              0
Stats[(nil), 5]:              0
Stats[(nil), 6]:              0
Stats[(nil), 7]:        4445489
Stats[(nil), 8]:       13642458
Stats[(nil), 9]:           3976
Stats[(nil), 10]:            283
Stats[(nil), 11]:        2380890
Stats[(nil), 12]:         194161
Stats[(nil), 13]:              0
Stats[(nil), 14]:            363
Stats[(nil), 15]:              0
Stats[(nil), 16]:              0
Stats[(nil), 17]:              0
Stats[(nil), 18]:              0
Stats[(nil), 19]:              0
Stats[(nil), 20]:              0
Stats[(nil), 21]:              0
Stats[(nil), 22]:              0
Stats[(nil), 23]:              0
Stats[(nil), 24]:              0
Stats[(nil), 25]:              0
Stats[(nil), 26]:              0
Stats[(nil), 27]:              0
Stats[(nil), 28]:              0
Stats[(nil), 29]:              0
Stats[(nil), 30]:              0
Stats[(nil), 31]:    0.016569646
