Numbers: 34500, pid: 8893 Space Used : 0 Time Stamp : 1533540125784
Time(microseconds): 11529.000000
Stats[(nil), 0]:       11714903
Stats[(nil), 1]:       11711071
Stats[(nil), 2]:              3
Stats[(nil), 3]:              0
Stats[(nil), 4]:              0
Stats[(nil), 5]:              0
Stats[(nil), 6]:              0
Stats[(nil), 7]:         147169
Stats[(nil), 8]:        6672361
Stats[(nil), 9]:           1728
Stats[(nil), 10]:            370
Stats[(nil), 11]:        2311441
Stats[(nil), 12]:         234639
Stats[(nil), 13]:              0
Stats[(nil), 14]:           5602
Stats[(nil), 15]:              0
Stats[(nil), 16]:              0
Stats[(nil), 17]:              0
Stats[(nil), 18]:              0
Stats[(nil), 19]:              0
Stats[(nil), 20]:              0
Stats[(nil), 21]:              0
Stats[(nil), 22]:              0
Stats[(nil), 23]:              0
Stats[(nil), 24]:              0
Stats[(nil), 25]:              0
Stats[(nil), 26]:              0
Stats[(nil), 27]:              0
Stats[(nil), 28]:              0
Stats[(nil), 29]:              0
Stats[(nil), 30]:              0
Stats[(nil), 31]:    0.017156868
