Numbers: 34500, pid: 8897 Space Used : 0 Time Stamp : 1533540125841
Time(microseconds): 10289.000000
Stats[(nil), 0]:       10363175
Stats[(nil), 1]:       10362796
Stats[(nil), 2]:              1
Stats[(nil), 3]:              0
Stats[(nil), 4]:              0
Stats[(nil), 5]:              0
Stats[(nil), 6]:              0
Stats[(nil), 7]:        4431588
Stats[(nil), 8]:       12526349
Stats[(nil), 9]:           1975
Stats[(nil), 10]:            477
Stats[(nil), 11]:        2307404
Stats[(nil), 12]:         190168
Stats[(nil), 13]:              0
Stats[(nil), 14]:            674
Stats[(nil), 15]:              0
Stats[(nil), 16]:              0
Stats[(nil), 17]:              0
Stats[(nil), 18]:              0
Stats[(nil), 19]:              0
Stats[(nil), 20]:              0
Stats[(nil), 21]:              0
Stats[(nil), 22]:              0
Stats[(nil), 23]:              0
Stats[(nil), 24]:              0
Stats[(nil), 25]:              0
Stats[(nil), 26]:              0
Stats[(nil), 27]:              0
Stats[(nil), 28]:              0
Stats[(nil), 29]:              0
Stats[(nil), 30]:              0
Stats[(nil), 31]:    0.015067503
