Numbers: 35000, pid: 8903 Space Used : 0 Time Stamp : 1533540125893
Time(microseconds): 9386.000000
Stats[(nil), 0]:        9493535
Stats[(nil), 1]:        9491963
Stats[(nil), 2]:              1
Stats[(nil), 3]:              0
Stats[(nil), 4]:              0
Stats[(nil), 5]:              0
Stats[(nil), 6]:              0
Stats[(nil), 7]:        1510577
Stats[(nil), 8]:       10547669
Stats[(nil), 9]:           2289
Stats[(nil), 10]:            731
Stats[(nil), 11]:        2287828
Stats[(nil), 12]:         227728
Stats[(nil), 13]:              0
Stats[(nil), 14]:           1029
Stats[(nil), 15]:              0
Stats[(nil), 16]:              0
Stats[(nil), 17]:              0
Stats[(nil), 18]:              0
Stats[(nil), 19]:              0
Stats[(nil), 20]:              0
Stats[(nil), 21]:              0
Stats[(nil), 22]:              0
Stats[(nil), 23]:              0
Stats[(nil), 24]:              0
Stats[(nil), 25]:              0
Stats[(nil), 26]:              0
Stats[(nil), 27]:              0
Stats[(nil), 28]:              0
Stats[(nil), 29]:              0
Stats[(nil), 30]:              0
Stats[(nil), 31]:    0.014900335
