Numbers: 35000, pid: 8907 Space Used : 0 Time Stamp : 1533540125931
Time(microseconds): 10170.000000
Stats[(nil), 0]:       10254432
Stats[(nil), 1]:       10253041
Stats[(nil), 2]:              1
Stats[(nil), 3]:              0
Stats[(nil), 4]:              0
Stats[(nil), 5]:              0
Stats[(nil), 6]:              0
Stats[(nil), 7]:         505319
Stats[(nil), 8]:       11452079
Stats[(nil), 9]:           1616
Stats[(nil), 10]:             56
Stats[(nil), 11]:        2278997
Stats[(nil), 12]:         239777
Stats[(nil), 13]:              0
Stats[(nil), 14]:           1244
Stats[(nil), 15]:              0
Stats[(nil), 16]:              0
Stats[(nil), 17]:              0
Stats[(nil), 18]:              0
Stats[(nil), 19]:              0
Stats[(nil), 20]:              0
Stats[(nil), 21]:              0
Stats[(nil), 22]:              0
Stats[(nil), 23]:              0
Stats[(nil), 24]:              0
Stats[(nil), 25]:              0
Stats[(nil), 26]:              0
Stats[(nil), 27]:              0
Stats[(nil), 28]:              0
Stats[(nil), 29]:              0
Stats[(nil), 30]:              0
Stats[(nil), 31]:    0.014954424
