Numbers: 35500, pid: 8911 Space Used : 0 Time Stamp : 1533540125968
Time(microseconds): 11677.000000
Stats[(nil), 0]:       11752971
Stats[(nil), 1]:       11752673
Stats[(nil), 2]:              1
Stats[(nil), 3]:              0
Stats[(nil), 4]:              0
Stats[(nil), 5]:              0
Stats[(nil), 6]:              0
Stats[(nil), 7]:         339987
Stats[(nil), 8]:        5333871
Stats[(nil), 9]:           2749
Stats[(nil), 10]:            303
Stats[(nil), 11]:        2283435
Stats[(nil), 12]:         244558
Stats[(nil), 13]:              0
Stats[(nil), 14]:           1819
Stats[(nil), 15]:              0
Stats[(nil), 16]:              0
Stats[(nil), 17]:              0
Stats[(nil), 18]:              0
Stats[(nil), 19]:              0
Stats[(nil), 20]:              0
Stats[(nil), 21]:              0
Stats[(nil), 22]:              0
Stats[(nil), 23]:              0
Stats[(nil), 24]:              0
Stats[(nil), 25]:              0
Stats[(nil), 26]:              0
Stats[(nil), 27]:              0
Stats[(nil), 28]:              0
Stats[(nil), 29]:              0
Stats[(nil), 30]:              0
Stats[(nil), 31]:    0.016592256
