Numbers: 35500, pid: 8913 Space Used : 0 Time Stamp : 1533540125989
Time(microseconds): 10866.000000
Stats[(nil), 0]:       11040831
Stats[(nil), 1]:       11037953
Stats[(nil), 2]:              3
Stats[(nil), 3]:              0
Stats[(nil), 4]:              0
Stats[(nil), 5]:              0
Stats[(nil), 6]:              0
Stats[(nil), 7]:        3754394
Stats[(nil), 8]:        9686236
Stats[(nil), 9]:           3956
Stats[(nil), 10]:            653
Stats[(nil), 11]:        2294251
Stats[(nil), 12]:         208014
Stats[(nil), 13]:              0
Stats[(nil), 14]:            850
Stats[(nil), 15]:              0
Stats[(nil), 16]:              0
Stats[(nil), 17]:              0
Stats[(nil), 18]:              0
Stats[(nil), 19]:              0
Stats[(nil), 20]:              0
Stats[(nil), 21]:              0
Stats[(nil), 22]:              0
Stats[(nil), 23]:              0
Stats[(nil), 24]:              0
Stats[(nil), 25]:              0
Stats[(nil), 26]:              0
Stats[(nil), 27]:              0
Stats[(nil), 28]:              0
Stats[(nil), 29]:              0
Stats[(nil), 30]:              0
Stats[(nil), 31]:    0.018872982
