Numbers: 35500, pid: 8915 Space Used : 0 Time Stamp : 1533540126006
Time(microseconds): 9300.000000
Stats[(nil), 0]:        9390050
Stats[(nil), 1]:        9389117
Stats[(nil), 2]:              1
Stats[(nil), 3]:              0
Stats[(nil), 4]:              0
Stats[(nil), 5]:              0
Stats[(nil), 6]:              0
Stats[(nil), 7]:          10704
Stats[(nil), 8]:         861183
Stats[(nil), 9]:           2494
Stats[(nil), 10]:            273
Stats[(nil), 11]:        2284500
Stats[(nil), 12]:         247340
Stats[(nil), 13]:              0
Stats[(nil), 14]:           3073
Stats[(nil), 15]:         469524
Stats[(nil), 16]:              0
Stats[(nil), 17]:              0
Stats[(nil), 18]:              0
Stats[(nil), 19]:              0
Stats[(nil), 20]:              0
Stats[(nil), 21]:              0
Stats[(nil), 22]:              0
Stats[(nil), 23]:              0
Stats[(nil), 24]:              0
Stats[(nil), 25]:              0
Stats[(nil), 26]:              0
Stats[(nil), 27]:              0
Stats[(nil), 28]:              0
Stats[(nil), 29]:              0
Stats[(nil), 30]:              0
Stats[(nil), 31]:    0.014184107
