Numbers: 35500, pid: 8917 Space Used : 0 Time Stamp : 1533540126023
Time(microseconds): 8961.000000
Stats[(nil), 0]:        9056198
Stats[(nil), 1]:        9054779
Stats[(nil), 2]:              1
Stats[(nil), 3]:              0
Stats[(nil), 4]:              0
Stats[(nil), 5]:              0
Stats[(nil), 6]:              0
Stats[(nil), 7]:          10798
Stats[(nil), 8]:           4584
Stats[(nil), 9]:           1251
Stats[(nil), 10]:            147
Stats[(nil), 11]:        2283403
Stats[(nil), 12]:         247124
Stats[(nil), 13]:              0
Stats[(nil), 14]:           5494
Stats[(nil), 15]:         996393
Stats[(nil), 16]:              0
Stats[(nil), 17]:              0
Stats[(nil), 18]:              0
Stats[(nil), 19]:              0
Stats[(nil), 20]:              0
Stats[(nil), 21]:              0
Stats[(nil), 22]:              0
Stats[(nil), 23]:              0
Stats[(nil), 24]:              0
Stats[(nil), 25]:              0
Stats[(nil), 26]:              0
Stats[(nil), 27]:              0
Stats[(nil), 28]:              0
Stats[(nil), 29]:              0
Stats[(nil), 30]:              0
Stats[(nil), 31]:    0.014659394
