Numbers: 36500, pid: 8931 Space Used : 0 Time Stamp : 1533540126148
Time(microseconds): 12437.000000
Stats[(nil), 0]:       12514956
Stats[(nil), 1]:       12513888
Stats[(nil), 2]:              1
Stats[(nil), 3]:              0
Stats[(nil), 4]:              0
Stats[(nil), 5]:              0
Stats[(nil), 6]:              0
Stats[(nil), 7]:        2401904
Stats[(nil), 8]:        8687039
Stats[(nil), 9]:           3047
Stats[(nil), 10]:            721
Stats[(nil), 11]:        2439686
Stats[(nil), 12]:         225926
Stats[(nil), 13]:              0
Stats[(nil), 14]:           5361
Stats[(nil), 15]:              0
Stats[(nil), 16]:              0
Stats[(nil), 17]:              0
Stats[(nil), 18]:              0
Stats[(nil), 19]:              0
Stats[(nil), 20]:              0
Stats[(nil), 21]:              0
Stats[(nil), 22]:              0
Stats[(nil), 23]:              0
Stats[(nil), 24]:              0
Stats[(nil), 25]:              0
Stats[(nil), 26]:              0
Stats[(nil), 27]:              0
Stats[(nil), 28]:              0
Stats[(nil), 29]:              0
Stats[(nil), 30]:              0
Stats[(nil), 31]:    0.017443543
