Numbers: 36500, pid: 8933 Space Used : 0 Time Stamp : 1533540126167
Time(microseconds): 12215.000000
Stats[(nil), 0]:       12304328
Stats[(nil), 1]:       12302458
Stats[(nil), 2]:              2
Stats[(nil), 3]:              0
Stats[(nil), 4]:              0
Stats[(nil), 5]:              0
Stats[(nil), 6]:              0
Stats[(nil), 7]:        2807113
Stats[(nil), 8]:        9114277
Stats[(nil), 9]:           3310
Stats[(nil), 10]:            447
Stats[(nil), 11]:        2443185
Stats[(nil), 12]:         224648
Stats[(nil), 13]:              0
Stats[(nil), 14]:           3086
Stats[(nil), 15]:              0
Stats[(nil), 16]:              0
Stats[(nil), 17]:              0
Stats[(nil), 18]:              0
Stats[(nil), 19]:              0
Stats[(nil), 20]:              0
Stats[(nil), 21]:              0
Stats[(nil), 22]:              0
Stats[(nil), 23]:              0
Stats[(nil), 24]:              0
Stats[(nil), 25]:              0
Stats[(nil), 26]:              0
Stats[(nil), 27]:              0
Stats[(nil), 28]:              0
Stats[(nil), 29]:              0
Stats[(nil), 30]:              0
Stats[(nil), 31]:    0.017293742
