Numbers: 36500, pid: 8939 Space Used : 0 Time Stamp : 1533540126228
Time(microseconds): 12390.000000
Stats[(nil), 0]:       12482887
Stats[(nil), 1]:       12481874
Stats[(nil), 2]:              1
Stats[(nil), 3]:              0
Stats[(nil), 4]:              0
Stats[(nil), 5]:              0
Stats[(nil), 6]:              0
Stats[(nil), 7]:        3009984
Stats[(nil), 8]:        8660554
Stats[(nil), 9]:           1220
Stats[(nil), 10]:             44
Stats[(nil), 11]:        2439422
Stats[(nil), 12]:         217831
Stats[(nil), 13]:              0
Stats[(nil), 14]:           3718
Stats[(nil), 15]:              0
Stats[(nil), 16]:              0
Stats[(nil), 17]:              0
Stats[(nil), 18]:              0
Stats[(nil), 19]:              0
Stats[(nil), 20]:              0
Stats[(nil), 21]:              0
Stats[(nil), 22]:              0
Stats[(nil), 23]:              0
Stats[(nil), 24]:              0
Stats[(nil), 25]:              0
Stats[(nil), 26]:              0
Stats[(nil), 27]:              0
Stats[(nil), 28]:              0
Stats[(nil), 29]:              0
Stats[(nil), 30]:              0
Stats[(nil), 31]:    0.017300804
