Numbers: 37000, pid: 8941 Space Used : 0 Time Stamp : 1533540126246
Time(microseconds): 11215.000000
Stats[(nil), 0]:       11297893
Stats[(nil), 1]:       11297552
Stats[(nil), 2]:              1
Stats[(nil), 3]:              0
Stats[(nil), 4]:              0
Stats[(nil), 5]:              0
Stats[(nil), 6]:              0
Stats[(nil), 7]:        5305827
Stats[(nil), 8]:       11452625
Stats[(nil), 9]:           3570
Stats[(nil), 10]:            655
Stats[(nil), 11]:        2556787
Stats[(nil), 12]:         187925
Stats[(nil), 13]:              0
Stats[(nil), 14]:            780
Stats[(nil), 15]:              0
Stats[(nil), 16]:              0
Stats[(nil), 17]:              0
Stats[(nil), 18]:              0
Stats[(nil), 19]:              0
Stats[(nil), 20]:              0
Stats[(nil), 21]:              0
Stats[(nil), 22]:              0
Stats[(nil), 23]:              0
Stats[(nil), 24]:              0
Stats[(nil), 25]:              0
Stats[(nil), 26]:              0
Stats[(nil), 27]:              0
Stats[(nil), 28]:              0
Stats[(nil), 29]:              0
Stats[(nil), 30]:              0
Stats[(nil), 31]:    0.016318746
