Numbers: 37000, pid: 8943 Space Used : 0 Time Stamp : 1533540126266
Time(microseconds): 10692.000000
Stats[(nil), 0]:       10925207
Stats[(nil), 1]:       10921321
Stats[(nil), 2]:              2
Stats[(nil), 3]:              0
Stats[(nil), 4]:              0
Stats[(nil), 5]:              0
Stats[(nil), 6]:              0
Stats[(nil), 7]:        2148074
Stats[(nil), 8]:        9107056
Stats[(nil), 9]:           3245
Stats[(nil), 10]:            685
Stats[(nil), 11]:        2563805
Stats[(nil), 12]:         224753
Stats[(nil), 13]:              0
Stats[(nil), 14]:           1732
Stats[(nil), 15]:              0
Stats[(nil), 16]:              0
Stats[(nil), 17]:              0
Stats[(nil), 18]:              0
Stats[(nil), 19]:              0
Stats[(nil), 20]:              0
Stats[(nil), 21]:              0
Stats[(nil), 22]:              0
Stats[(nil), 23]:              0
Stats[(nil), 24]:              0
Stats[(nil), 25]:              0
Stats[(nil), 26]:              0
Stats[(nil), 27]:              0
Stats[(nil), 28]:              0
Stats[(nil), 29]:              0
Stats[(nil), 30]:              0
Stats[(nil), 31]:    0.017599517
