Numbers: 37000, pid: 8945 Space Used : 0 Time Stamp : 1533540126288
Time(microseconds): 11409.000000
Stats[(nil), 0]:       11551388
Stats[(nil), 1]:       11549045
Stats[(nil), 2]:              2
Stats[(nil), 3]:              0
Stats[(nil), 4]:              0
Stats[(nil), 5]:              0
Stats[(nil), 6]:              0
Stats[(nil), 7]:         550001
Stats[(nil), 8]:        7949227
Stats[(nil), 9]:           3036
Stats[(nil), 10]:            100
Stats[(nil), 11]:        2559541
Stats[(nil), 12]:         241408
Stats[(nil), 13]:              0
Stats[(nil), 14]:           1760
Stats[(nil), 15]:              0
Stats[(nil), 16]:              0
Stats[(nil), 17]:              0
Stats[(nil), 18]:              0
Stats[(nil), 19]:              0
Stats[(nil), 20]:              0
Stats[(nil), 21]:              0
Stats[(nil), 22]:              0
Stats[(nil), 23]:              0
Stats[(nil), 24]:              0
Stats[(nil), 25]:              0
Stats[(nil), 26]:              0
Stats[(nil), 27]:              0
Stats[(nil), 28]:              0
Stats[(nil), 29]:              0
Stats[(nil), 30]:              0
Stats[(nil), 31]:    0.019222953
