Numbers: 37000, pid: 8947 Space Used : 0 Time Stamp : 1533540126304
Time(microseconds): 9694.000000
Stats[(nil), 0]:        9771454
Stats[(nil), 1]:        9770507
Stats[(nil), 2]:              2
Stats[(nil), 3]:              0
Stats[(nil), 4]:              0
Stats[(nil), 5]:              0
Stats[(nil), 6]:              0
Stats[(nil), 7]:        6029077
Stats[(nil), 8]:       15858853
Stats[(nil), 9]:           2710
Stats[(nil), 10]:            305
Stats[(nil), 11]:        2556774
Stats[(nil), 12]:         183954
Stats[(nil), 13]:              0
Stats[(nil), 14]:              0
Stats[(nil), 15]:              0
Stats[(nil), 16]:              0
Stats[(nil), 17]:              0
Stats[(nil), 18]:              0
Stats[(nil), 19]:              0
Stats[(nil), 20]:              0
Stats[(nil), 21]:              0
Stats[(nil), 22]:              0
Stats[(nil), 23]:              0
Stats[(nil), 24]:              0
Stats[(nil), 25]:              0
Stats[(nil), 26]:              0
Stats[(nil), 27]:              0
Stats[(nil), 28]:              0
Stats[(nil), 29]:              0
Stats[(nil), 30]:              0
Stats[(nil), 31]:    0.014729732
