Numbers: 37000, pid: 8949 Space Used : 0 Time Stamp : 1533540126325
Time(microseconds): 11319.000000
Stats[(nil), 0]:       11439467
Stats[(nil), 1]:       11437791
Stats[(nil), 2]:              1
Stats[(nil), 3]:              0
Stats[(nil), 4]:              0
Stats[(nil), 5]:              0
Stats[(nil), 6]:              0
Stats[(nil), 7]:        6288486
Stats[(nil), 8]:       12798122
Stats[(nil), 9]:           3089
Stats[(nil), 10]:            315
Stats[(nil), 11]:        2559073
Stats[(nil), 12]:         182791
Stats[(nil), 13]:              0
Stats[(nil), 14]:            709
Stats[(nil), 15]:              0
Stats[(nil), 16]:              0
Stats[(nil), 17]:              0
Stats[(nil), 18]:              0
Stats[(nil), 19]:              0
Stats[(nil), 20]:              0
Stats[(nil), 21]:              0
Stats[(nil), 22]:              0
Stats[(nil), 23]:              0
Stats[(nil), 24]:              0
Stats[(nil), 25]:              0
Stats[(nil), 26]:              0
Stats[(nil), 27]:              0
Stats[(nil), 28]:              0
Stats[(nil), 29]:              0
Stats[(nil), 30]:              0
Stats[(nil), 31]:    0.017775204
