Numbers: 37500, pid: 8955 Space Used : 0 Time Stamp : 1533540126385
Time(microseconds): 10255.000000
Stats[(nil), 0]:       10371989
Stats[(nil), 1]:       10369853
Stats[(nil), 2]:              1
Stats[(nil), 3]:              0
Stats[(nil), 4]:              0
Stats[(nil), 5]:              0
Stats[(nil), 6]:              0
Stats[(nil), 7]:        4746974
Stats[(nil), 8]:       14638514
Stats[(nil), 9]:           2980
Stats[(nil), 10]:            527
Stats[(nil), 11]:        2576354
Stats[(nil), 12]:         221642
Stats[(nil), 13]:              0
Stats[(nil), 14]:            506
Stats[(nil), 15]:              0
Stats[(nil), 16]:              0
Stats[(nil), 17]:              0
Stats[(nil), 18]:              0
Stats[(nil), 19]:              0
Stats[(nil), 20]:              0
Stats[(nil), 21]:              0
Stats[(nil), 22]:              0
Stats[(nil), 23]:              0
Stats[(nil), 24]:              0
Stats[(nil), 25]:              0
Stats[(nil), 26]:              0
Stats[(nil), 27]:              0
Stats[(nil), 28]:              0
Stats[(nil), 29]:              0
Stats[(nil), 30]:              0
Stats[(nil), 31]:    0.016149423
