Numbers: 37500, pid: 8957 Space Used : 0 Time Stamp : 1533540126404
Time(microseconds): 11289.000000
Stats[(nil), 0]:       11377124
Stats[(nil), 1]:       11375913
Stats[(nil), 2]:              1
Stats[(nil), 3]:              0
Stats[(nil), 4]:              0
Stats[(nil), 5]:              0
Stats[(nil), 6]:              0
Stats[(nil), 7]:         719443
Stats[(nil), 8]:       10716189
Stats[(nil), 9]:           2064
Stats[(nil), 10]:             40
Stats[(nil), 11]:        2568157
Stats[(nil), 12]:         254755
Stats[(nil), 13]:              0
Stats[(nil), 14]:           2094
Stats[(nil), 15]:              0
Stats[(nil), 16]:              0
Stats[(nil), 17]:              0
Stats[(nil), 18]:              0
Stats[(nil), 19]:              0
Stats[(nil), 20]:              0
Stats[(nil), 21]:              0
Stats[(nil), 22]:              0
Stats[(nil), 23]:              0
Stats[(nil), 24]:              0
Stats[(nil), 25]:              0
Stats[(nil), 26]:              0
Stats[(nil), 27]:              0
Stats[(nil), 28]:              0
Stats[(nil), 29]:              0
Stats[(nil), 30]:              0
Stats[(nil), 31]:    0.016434849
