Numbers: 38000, pid: 8961 Space Used : 0 Time Stamp : 1533540126442
Time(microseconds): 12307.000000
Stats[(nil), 0]:       12533905
Stats[(nil), 1]:       12532101
Stats[(nil), 2]:              2
Stats[(nil), 3]:              0
Stats[(nil), 4]:              0
Stats[(nil), 5]:              0
Stats[(nil), 6]:              0
Stats[(nil), 7]:        4552883
Stats[(nil), 8]:       10441624
Stats[(nil), 9]:           4083
Stats[(nil), 10]:            584
Stats[(nil), 11]:        2665173
Stats[(nil), 12]:         219923
Stats[(nil), 13]:              0
Stats[(nil), 14]:            854
Stats[(nil), 15]:              0
Stats[(nil), 16]:              0
Stats[(nil), 17]:              0
Stats[(nil), 18]:              0
Stats[(nil), 19]:              0
Stats[(nil), 20]:              0
Stats[(nil), 21]:              0
Stats[(nil), 22]:              0
Stats[(nil), 23]:              0
Stats[(nil), 24]:              0
Stats[(nil), 25]:              0
Stats[(nil), 26]:              0
Stats[(nil), 27]:              0
Stats[(nil), 28]:              0
Stats[(nil), 29]:              0
Stats[(nil), 30]:              0
Stats[(nil), 31]:    0.020450040
