Numbers: 38000, pid: 8963 Space Used : 0 Time Stamp : 1533540126464
Time(microseconds): 11807.000000
Stats[(nil), 0]:       11994122
Stats[(nil), 1]:       11989931
Stats[(nil), 2]:              1
Stats[(nil), 3]:              0
Stats[(nil), 4]:              0
Stats[(nil), 5]:              0
Stats[(nil), 6]:              0
Stats[(nil), 7]:         563193
Stats[(nil), 8]:        8008002
Stats[(nil), 9]:           2064
Stats[(nil), 10]:            531
Stats[(nil), 11]:        2665898
Stats[(nil), 12]:         257181
Stats[(nil), 13]:              0
Stats[(nil), 14]:           3546
Stats[(nil), 15]:              0
Stats[(nil), 16]:              0
Stats[(nil), 17]:              0
Stats[(nil), 18]:              0
Stats[(nil), 19]:              0
Stats[(nil), 20]:              0
Stats[(nil), 21]:              0
Stats[(nil), 22]:              0
Stats[(nil), 23]:              0
Stats[(nil), 24]:              0
Stats[(nil), 25]:              0
Stats[(nil), 26]:              0
Stats[(nil), 27]:              0
Stats[(nil), 28]:              0
Stats[(nil), 29]:              0
Stats[(nil), 30]:              0
Stats[(nil), 31]:    0.019201290
