Numbers: 38000, pid: 8965 Space Used : 0 Time Stamp : 1533540126486
Time(microseconds): 11231.000000
Stats[(nil), 0]:       11401162
Stats[(nil), 1]:       11398950
Stats[(nil), 2]:              1
Stats[(nil), 3]:              0
Stats[(nil), 4]:              0
Stats[(nil), 5]:              0
Stats[(nil), 6]:              0
Stats[(nil), 7]:        2120178
Stats[(nil), 8]:        8822779
Stats[(nil), 9]:           2721
Stats[(nil), 10]:             94
Stats[(nil), 11]:        2663353
Stats[(nil), 12]:         242737
Stats[(nil), 13]:              0
Stats[(nil), 14]:           1204
Stats[(nil), 15]:              0
Stats[(nil), 16]:              0
Stats[(nil), 17]:              0
Stats[(nil), 18]:              0
Stats[(nil), 19]:              0
Stats[(nil), 20]:              0
Stats[(nil), 21]:              0
Stats[(nil), 22]:              0
Stats[(nil), 23]:              0
Stats[(nil), 24]:              0
Stats[(nil), 25]:              0
Stats[(nil), 26]:              0
Stats[(nil), 27]:              0
Stats[(nil), 28]:              0
Stats[(nil), 29]:              0
Stats[(nil), 30]:              0
Stats[(nil), 31]:    0.020220409
