Numbers: 38000, pid: 8967 Space Used : 0 Time Stamp : 1533540126505
Time(microseconds): 11667.000000
Stats[(nil), 0]:       11799787
Stats[(nil), 1]:       11798269
Stats[(nil), 2]:              1
Stats[(nil), 3]:              0
Stats[(nil), 4]:              0
Stats[(nil), 5]:              0
Stats[(nil), 6]:              0
Stats[(nil), 7]:        5590460
Stats[(nil), 8]:       14705094
Stats[(nil), 9]:           2687
Stats[(nil), 10]:             77
Stats[(nil), 11]:        2662933
Stats[(nil), 12]:         207213
Stats[(nil), 13]:              0
Stats[(nil), 14]:            623
Stats[(nil), 15]:              0
Stats[(nil), 16]:              0
Stats[(nil), 17]:              0
Stats[(nil), 18]:              0
Stats[(nil), 19]:              0
Stats[(nil), 20]:              0
Stats[(nil), 21]:              0
Stats[(nil), 22]:              0
Stats[(nil), 23]:              0
Stats[(nil), 24]:              0
Stats[(nil), 25]:              0
Stats[(nil), 26]:              0
Stats[(nil), 27]:              0
Stats[(nil), 28]:              0
Stats[(nil), 29]:              0
Stats[(nil), 30]:              0
Stats[(nil), 31]:    0.017300615
