Numbers: 38500, pid: 8975 Space Used : 0 Time Stamp : 1533540126586
Time(microseconds): 11978.000000
Stats[(nil), 0]:       12181446
Stats[(nil), 1]:       12178697
Stats[(nil), 2]:              1
Stats[(nil), 3]:              0
Stats[(nil), 4]:              0
Stats[(nil), 5]:              0
Stats[(nil), 6]:              0
Stats[(nil), 7]:        3067733
Stats[(nil), 8]:       11349669
Stats[(nil), 9]:           3037
Stats[(nil), 10]:            223
Stats[(nil), 11]:        2543128
Stats[(nil), 12]:         235598
Stats[(nil), 13]:              0
Stats[(nil), 14]:            906
Stats[(nil), 15]:              0
Stats[(nil), 16]:              0
Stats[(nil), 17]:              0
Stats[(nil), 18]:              0
Stats[(nil), 19]:              0
Stats[(nil), 20]:              0
Stats[(nil), 21]:              0
Stats[(nil), 22]:              0
Stats[(nil), 23]:              0
Stats[(nil), 24]:              0
Stats[(nil), 25]:              0
Stats[(nil), 26]:              0
Stats[(nil), 27]:              0
Stats[(nil), 28]:              0
Stats[(nil), 29]:              0
Stats[(nil), 30]:              0
Stats[(nil), 31]:    0.018389397
