Numbers: 38500, pid: 8980 Space Used : 0 Time Stamp : 1533540126620
Time(microseconds): 9349.000000
Stats[(nil), 0]:        9435886
Stats[(nil), 1]:        9435364
Stats[(nil), 2]:              1
Stats[(nil), 3]:              0
Stats[(nil), 4]:              0
Stats[(nil), 5]:              0
Stats[(nil), 6]:              0
Stats[(nil), 7]:        4518283
Stats[(nil), 8]:       15218683
Stats[(nil), 9]:           2141
Stats[(nil), 10]:             36
Stats[(nil), 11]:        2539543
Stats[(nil), 12]:         218105
Stats[(nil), 13]:              0
Stats[(nil), 14]:              0
Stats[(nil), 15]:              0
Stats[(nil), 16]:              0
Stats[(nil), 17]:              0
Stats[(nil), 18]:              0
Stats[(nil), 19]:              0
Stats[(nil), 20]:              0
Stats[(nil), 21]:              0
Stats[(nil), 22]:              0
Stats[(nil), 23]:              0
Stats[(nil), 24]:              0
Stats[(nil), 25]:              0
Stats[(nil), 26]:              0
Stats[(nil), 27]:              0
Stats[(nil), 28]:              0
Stats[(nil), 29]:              0
Stats[(nil), 30]:              0
Stats[(nil), 31]:    0.014510846
