Numbers: 39500, pid: 8992 Space Used : 0 Time Stamp : 1533540126745
Time(microseconds): 10497.000000
Stats[(nil), 0]:       10603702
Stats[(nil), 1]:       10602258
Stats[(nil), 2]:              1
Stats[(nil), 3]:              0
Stats[(nil), 4]:              0
Stats[(nil), 5]:              0
Stats[(nil), 6]:              0
Stats[(nil), 7]:        4739739
Stats[(nil), 8]:       13159960
Stats[(nil), 9]:           2512
Stats[(nil), 10]:            257
Stats[(nil), 11]:        2544849
Stats[(nil), 12]:         222539
Stats[(nil), 13]:              0
Stats[(nil), 14]:            709
Stats[(nil), 15]:              0
Stats[(nil), 16]:              0
Stats[(nil), 17]:              0
Stats[(nil), 18]:              0
Stats[(nil), 19]:              0
Stats[(nil), 20]:              0
Stats[(nil), 21]:              0
Stats[(nil), 22]:              0
Stats[(nil), 23]:              0
Stats[(nil), 24]:              0
Stats[(nil), 25]:              0
Stats[(nil), 26]:              0
Stats[(nil), 27]:              0
Stats[(nil), 28]:              0
Stats[(nil), 29]:              0
Stats[(nil), 30]:              0
Stats[(nil), 31]:    0.016088750
