Numbers: 39500, pid: 8996 Space Used : 0 Time Stamp : 1533540126787
Time(microseconds): 11571.000000
Stats[(nil), 0]:       11740972
Stats[(nil), 1]:       11738343
Stats[(nil), 2]:              1
Stats[(nil), 3]:              0
Stats[(nil), 4]:              0
Stats[(nil), 5]:              0
Stats[(nil), 6]:              0
Stats[(nil), 7]:        1967881
Stats[(nil), 8]:        8951852
Stats[(nil), 9]:           2503
Stats[(nil), 10]:            285
Stats[(nil), 11]:        2540961
Stats[(nil), 12]:         252300
Stats[(nil), 13]:              0
Stats[(nil), 14]:           2795
Stats[(nil), 15]:              0
Stats[(nil), 16]:              0
Stats[(nil), 17]:              0
Stats[(nil), 18]:              0
Stats[(nil), 19]:              0
Stats[(nil), 20]:              0
Stats[(nil), 21]:              0
Stats[(nil), 22]:              0
Stats[(nil), 23]:              0
Stats[(nil), 24]:              0
Stats[(nil), 25]:              0
Stats[(nil), 26]:              0
Stats[(nil), 27]:              0
Stats[(nil), 28]:              0
Stats[(nil), 29]:              0
Stats[(nil), 30]:              0
Stats[(nil), 31]:    0.020203764
