Numbers: 40000, pid: 9002 Space Used : 0 Time Stamp : 1533540126843
Time(microseconds): 11222.000000
Stats[(nil), 0]:       11322788
Stats[(nil), 1]:       11321847
Stats[(nil), 2]:              4
Stats[(nil), 3]:              0
Stats[(nil), 4]:              0
Stats[(nil), 5]:              0
Stats[(nil), 6]:              0
Stats[(nil), 7]:        1716405
Stats[(nil), 8]:       11243531
Stats[(nil), 9]:           3352
Stats[(nil), 10]:            918
Stats[(nil), 11]:        2861907
Stats[(nil), 12]:         257798
Stats[(nil), 13]:              0
Stats[(nil), 14]:           1877
Stats[(nil), 15]:              0
Stats[(nil), 16]:              0
Stats[(nil), 17]:              0
Stats[(nil), 18]:              0
Stats[(nil), 19]:              0
Stats[(nil), 20]:              0
Stats[(nil), 21]:              0
Stats[(nil), 22]:              0
Stats[(nil), 23]:              0
Stats[(nil), 24]:              0
Stats[(nil), 25]:              0
Stats[(nil), 26]:              0
Stats[(nil), 27]:              0
Stats[(nil), 28]:              0
Stats[(nil), 29]:              0
Stats[(nil), 30]:              0
Stats[(nil), 31]:    0.017536567
