Numbers: 40000, pid: 9004 Space Used : 0 Time Stamp : 1533540126865
Time(microseconds): 14269.000000
Stats[(nil), 0]:       14354326
Stats[(nil), 1]:       14353117
Stats[(nil), 2]:              1
Stats[(nil), 3]:              0
Stats[(nil), 4]:              0
Stats[(nil), 5]:              0
Stats[(nil), 6]:              0
Stats[(nil), 7]:        3832427
Stats[(nil), 8]:        8906063
Stats[(nil), 9]:           3350
Stats[(nil), 10]:            756
Stats[(nil), 11]:        2856534
Stats[(nil), 12]:         239885
Stats[(nil), 13]:              0
Stats[(nil), 14]:           4001
Stats[(nil), 15]:         333066
Stats[(nil), 16]:              0
Stats[(nil), 17]:              0
Stats[(nil), 18]:              0
Stats[(nil), 19]:              0
Stats[(nil), 20]:              0
Stats[(nil), 21]:              0
Stats[(nil), 22]:              0
Stats[(nil), 23]:              0
Stats[(nil), 24]:              0
Stats[(nil), 25]:              0
Stats[(nil), 26]:              0
Stats[(nil), 27]:              0
Stats[(nil), 28]:              0
Stats[(nil), 29]:              0
Stats[(nil), 30]:              0
Stats[(nil), 31]:    0.019742571
