Numbers: 40000, pid: 9006 Space Used : 0 Time Stamp : 1533540126887
Time(microseconds): 11659.000000
Stats[(nil), 0]:       11816438
Stats[(nil), 1]:       11814001
Stats[(nil), 2]:              1
Stats[(nil), 3]:              0
Stats[(nil), 4]:              0
Stats[(nil), 5]:              0
Stats[(nil), 6]:              0
Stats[(nil), 7]:        2810079
Stats[(nil), 8]:       10028551
Stats[(nil), 9]:           2315
Stats[(nil), 10]:            101
Stats[(nil), 11]:        2858236
Stats[(nil), 12]:         245169
Stats[(nil), 13]:              0
Stats[(nil), 14]:           1084
Stats[(nil), 15]:              0
Stats[(nil), 16]:              0
Stats[(nil), 17]:              0
Stats[(nil), 18]:              0
Stats[(nil), 19]:              0
Stats[(nil), 20]:              0
Stats[(nil), 21]:              0
Stats[(nil), 22]:              0
Stats[(nil), 23]:              0
Stats[(nil), 24]:              0
Stats[(nil), 25]:              0
Stats[(nil), 26]:              0
Stats[(nil), 27]:              0
Stats[(nil), 28]:              0
Stats[(nil), 29]:              0
Stats[(nil), 30]:              0
Stats[(nil), 31]:    0.019581342
