Numbers: 40000, pid: 9008 Space Used : 0 Time Stamp : 1533540126905
Time(microseconds): 11015.000000
Stats[(nil), 0]:       11104544
Stats[(nil), 1]:       11103383
Stats[(nil), 2]:              1
Stats[(nil), 3]:              0
Stats[(nil), 4]:              0
Stats[(nil), 5]:              0
Stats[(nil), 6]:              0
Stats[(nil), 7]:          11008
Stats[(nil), 8]:           4584
Stats[(nil), 9]:           1020
Stats[(nil), 10]:             62
Stats[(nil), 11]:        2772877
Stats[(nil), 12]:         269426
Stats[(nil), 13]:              0
Stats[(nil), 14]:          11175
Stats[(nil), 15]:        2034451
Stats[(nil), 16]:             56
Stats[(nil), 17]:              0
Stats[(nil), 18]:              0
Stats[(nil), 19]:              0
Stats[(nil), 20]:              0
Stats[(nil), 21]:              0
Stats[(nil), 22]:              0
Stats[(nil), 23]:              0
Stats[(nil), 24]:              0
Stats[(nil), 25]:              0
Stats[(nil), 26]:              0
Stats[(nil), 27]:              0
Stats[(nil), 28]:              0
Stats[(nil), 29]:              0
Stats[(nil), 30]:              0
Stats[(nil), 31]:    0.016730114
