Numbers: 40000, pid: 9010 Space Used : 0 Time Stamp : 1533540126924
Time(microseconds): 11177.000000
Stats[(nil), 0]:       11273262
Stats[(nil), 1]:       11271217
Stats[(nil), 2]:              1
Stats[(nil), 3]:              0
Stats[(nil), 4]:              0
Stats[(nil), 5]:              0
Stats[(nil), 6]:              0
Stats[(nil), 7]:       10229785
Stats[(nil), 8]:       17123098
Stats[(nil), 9]:           2153
Stats[(nil), 10]:            114
Stats[(nil), 11]:        2854485
Stats[(nil), 12]:         166697
Stats[(nil), 13]:              0
Stats[(nil), 14]:              0
Stats[(nil), 15]:              0
Stats[(nil), 16]:              0
Stats[(nil), 17]:              0
Stats[(nil), 18]:              0
Stats[(nil), 19]:              0
Stats[(nil), 20]:              0
Stats[(nil), 21]:              0
Stats[(nil), 22]:              0
Stats[(nil), 23]:              0
Stats[(nil), 24]:              0
Stats[(nil), 25]:              0
Stats[(nil), 26]:              0
Stats[(nil), 27]:              0
Stats[(nil), 28]:              0
Stats[(nil), 29]:              0
Stats[(nil), 30]:              0
Stats[(nil), 31]:    0.016647913
